[0.053s] Invoking command in '/home/ubuntu/Desktop/RS2/build/turtlebot3_bringup': AMENT_PREFIX_PATH=/home/ubuntu/Desktop/RS2/install/turtlebot3_node:/home/ubuntu/Desktop/RS2/install/turtlebot3_msgs:/home/ubuntu/Desktop/RS2/install/turtlebot3_description:/home/ubuntu/Desktop/RS2/install/dynamixel_sdk:${AMENT_PREFIX_PATH} CMAKE_PREFIX_PATH=/home/ubuntu/Desktop/RS2/install/turtlebot3_node:/home/ubuntu/Desktop/RS2/install/turtlebot3_msgs:/home/ubuntu/Desktop/RS2/install/turtlebot3_description:/home/ubuntu/Desktop/RS2/install/dynamixel_sdk:/opt/ros/humble LD_LIBRARY_PATH=/home/ubuntu/Desktop/RS2/install/turtlebot3_msgs/lib:/home/ubuntu/Desktop/RS2/install/dynamixel_sdk/lib:${LD_LIBRARY_PATH} PYTHONPATH=/home/ubuntu/Desktop/RS2/install/turtlebot3_msgs/local/lib/python3.10/dist-packages:${PYTHONPATH} /usr/bin/cmake /home/ubuntu/Desktop/RS2/turtlebot3/turtlebot3_bringup -DCMAKE_INSTALL_PREFIX=/home/ubuntu/Desktop/RS2/install/turtlebot3_bringup
[0.070s] -- Found ament_cmake: 1.3.11 (/opt/ros/humble/share/ament_cmake/cmake)
[0.179s] -- Override CMake install command with custom implementation using symlinks instead of copying resources
[0.241s] -- Configuring done
[0.246s] -- Generating done
[0.252s] -- Build files have been written to: /home/ubuntu/Desktop/RS2/build/turtlebot3_bringup
[0.254s] Invoked command in '/home/ubuntu/Desktop/RS2/build/turtlebot3_bringup' returned '0': AMENT_PREFIX_PATH=/home/ubuntu/Desktop/RS2/install/turtlebot3_node:/home/ubuntu/Desktop/RS2/install/turtlebot3_msgs:/home/ubuntu/Desktop/RS2/install/turtlebot3_description:/home/ubuntu/Desktop/RS2/install/dynamixel_sdk:${AMENT_PREFIX_PATH} CMAKE_PREFIX_PATH=/home/ubuntu/Desktop/RS2/install/turtlebot3_node:/home/ubuntu/Desktop/RS2/install/turtlebot3_msgs:/home/ubuntu/Desktop/RS2/install/turtlebot3_description:/home/ubuntu/Desktop/RS2/install/dynamixel_sdk:/opt/ros/humble LD_LIBRARY_PATH=/home/ubuntu/Desktop/RS2/install/turtlebot3_msgs/lib:/home/ubuntu/Desktop/RS2/install/dynamixel_sdk/lib:${LD_LIBRARY_PATH} PYTHONPATH=/home/ubuntu/Desktop/RS2/install/turtlebot3_msgs/local/lib/python3.10/dist-packages:${PYTHONPATH} /usr/bin/cmake /home/ubuntu/Desktop/RS2/turtlebot3/turtlebot3_bringup -DCMAKE_INSTALL_PREFIX=/home/ubuntu/Desktop/RS2/install/turtlebot3_bringup
[0.255s] Invoking command in '/home/ubuntu/Desktop/RS2/build/turtlebot3_bringup': AMENT_PREFIX_PATH=/home/ubuntu/Desktop/RS2/install/turtlebot3_node:/home/ubuntu/Desktop/RS2/install/turtlebot3_msgs:/home/ubuntu/Desktop/RS2/install/turtlebot3_description:/home/ubuntu/Desktop/RS2/install/dynamixel_sdk:${AMENT_PREFIX_PATH} CMAKE_PREFIX_PATH=/home/ubuntu/Desktop/RS2/install/turtlebot3_node:/home/ubuntu/Desktop/RS2/install/turtlebot3_msgs:/home/ubuntu/Desktop/RS2/install/turtlebot3_description:/home/ubuntu/Desktop/RS2/install/dynamixel_sdk:/opt/ros/humble LD_LIBRARY_PATH=/home/ubuntu/Desktop/RS2/install/turtlebot3_msgs/lib:/home/ubuntu/Desktop/RS2/install/dynamixel_sdk/lib:${LD_LIBRARY_PATH} PYTHONPATH=/home/ubuntu/Desktop/RS2/install/turtlebot3_msgs/local/lib/python3.10/dist-packages:${PYTHONPATH} /usr/bin/cmake --build /home/ubuntu/Desktop/RS2/build/turtlebot3_bringup -- -j2 -l2
[0.296s] Invoked command in '/home/ubuntu/Desktop/RS2/build/turtlebot3_bringup' returned '0': AMENT_PREFIX_PATH=/home/ubuntu/Desktop/RS2/install/turtlebot3_node:/home/ubuntu/Desktop/RS2/install/turtlebot3_msgs:/home/ubuntu/Desktop/RS2/install/turtlebot3_description:/home/ubuntu/Desktop/RS2/install/dynamixel_sdk:${AMENT_PREFIX_PATH} CMAKE_PREFIX_PATH=/home/ubuntu/Desktop/RS2/install/turtlebot3_node:/home/ubuntu/Desktop/RS2/install/turtlebot3_msgs:/home/ubuntu/Desktop/RS2/install/turtlebot3_description:/home/ubuntu/Desktop/RS2/install/dynamixel_sdk:/opt/ros/humble LD_LIBRARY_PATH=/home/ubuntu/Desktop/RS2/install/turtlebot3_msgs/lib:/home/ubuntu/Desktop/RS2/install/dynamixel_sdk/lib:${LD_LIBRARY_PATH} PYTHONPATH=/home/ubuntu/Desktop/RS2/install/turtlebot3_msgs/local/lib/python3.10/dist-packages:${PYTHONPATH} /usr/bin/cmake --build /home/ubuntu/Desktop/RS2/build/turtlebot3_bringup -- -j2 -l2
[0.296s] Invoking command in '/home/ubuntu/Desktop/RS2/build/turtlebot3_bringup': AMENT_PREFIX_PATH=/home/ubuntu/Desktop/RS2/install/turtlebot3_node:/home/ubuntu/Desktop/RS2/install/turtlebot3_msgs:/home/ubuntu/Desktop/RS2/install/turtlebot3_description:/home/ubuntu/Desktop/RS2/install/dynamixel_sdk:${AMENT_PREFIX_PATH} CMAKE_PREFIX_PATH=/home/ubuntu/Desktop/RS2/install/turtlebot3_node:/home/ubuntu/Desktop/RS2/install/turtlebot3_msgs:/home/ubuntu/Desktop/RS2/install/turtlebot3_description:/home/ubuntu/Desktop/RS2/install/dynamixel_sdk:/opt/ros/humble LD_LIBRARY_PATH=/home/ubuntu/Desktop/RS2/install/turtlebot3_msgs/lib:/home/ubuntu/Desktop/RS2/install/dynamixel_sdk/lib:${LD_LIBRARY_PATH} PYTHONPATH=/home/ubuntu/Desktop/RS2/install/turtlebot3_msgs/local/lib/python3.10/dist-packages:${PYTHONPATH} /usr/bin/cmake --install /home/ubuntu/Desktop/RS2/build/turtlebot3_bringup
[0.303s] -- Install configuration: ""
[0.303s] -- Execute custom install script
[0.304s] -- Up-to-date symlink: /home/ubuntu/Desktop/RS2/install/turtlebot3_bringup/share/turtlebot3_bringup/launch/robot.launch.py
[0.304s] -- Up-to-date symlink: /home/ubuntu/Desktop/RS2/install/turtlebot3_bringup/share/turtlebot3_bringup/launch/rviz2.launch.py
[0.304s] -- Up-to-date symlink: /home/ubuntu/Desktop/RS2/install/turtlebot3_bringup/share/turtlebot3_bringup/launch/turtlebot3_state_publisher.launch.py
[0.305s] -- Up-to-date symlink: /home/ubuntu/Desktop/RS2/install/turtlebot3_bringup/share/turtlebot3_bringup/param/burger.yaml
[0.305s] -- Up-to-date symlink: /home/ubuntu/Desktop/RS2/install/turtlebot3_bringup/share/turtlebot3_bringup/param/waffle.yaml
[0.305s] -- Up-to-date symlink: /home/ubuntu/Desktop/RS2/install/turtlebot3_bringup/share/turtlebot3_bringup/param/waffle_pi.yaml
[0.305s] -- Up-to-date symlink: /home/ubuntu/Desktop/RS2/install/turtlebot3_bringup/share/turtlebot3_bringup/script/99-turtlebot3-cdc.rules
[0.306s] -- Up-to-date symlink: /home/ubuntu/Desktop/RS2/install/turtlebot3_bringup/share/turtlebot3_bringup/script/create_udev_rules
[0.306s] -- Up-to-date symlink: /home/ubuntu/Desktop/RS2/install/turtlebot3_bringup/share/ament_index/resource_index/package_run_dependencies/turtlebot3_bringup
[0.306s] -- Up-to-date symlink: /home/ubuntu/Desktop/RS2/install/turtlebot3_bringup/share/ament_index/resource_index/parent_prefix_path/turtlebot3_bringup
[0.306s] -- Up-to-date symlink: /home/ubuntu/Desktop/RS2/install/turtlebot3_bringup/share/turtlebot3_bringup/environment/ament_prefix_path.sh
[0.307s] -- Up-to-date symlink: /home/ubuntu/Desktop/RS2/install/turtlebot3_bringup/share/turtlebot3_bringup/environment/ament_prefix_path.dsv
[0.307s] -- Up-to-date symlink: /home/ubuntu/Desktop/RS2/install/turtlebot3_bringup/share/turtlebot3_bringup/environment/path.sh
[0.307s] -- Up-to-date symlink: /home/ubuntu/Desktop/RS2/install/turtlebot3_bringup/share/turtlebot3_bringup/environment/path.dsv
[0.307s] -- Up-to-date symlink: /home/ubuntu/Desktop/RS2/install/turtlebot3_bringup/share/turtlebot3_bringup/local_setup.bash
[0.308s] -- Up-to-date symlink: /home/ubuntu/Desktop/RS2/install/turtlebot3_bringup/share/turtlebot3_bringup/local_setup.sh
[0.308s] -- Up-to-date symlink: /home/ubuntu/Desktop/RS2/install/turtlebot3_bringup/share/turtlebot3_bringup/local_setup.zsh
[0.308s] -- Up-to-date symlink: /home/ubuntu/Desktop/RS2/install/turtlebot3_bringup/share/turtlebot3_bringup/local_setup.dsv
[0.308s] -- Symlinking: /home/ubuntu/Desktop/RS2/install/turtlebot3_bringup/share/turtlebot3_bringup/package.dsv
[0.319s] -- Up-to-date symlink: /home/ubuntu/Desktop/RS2/install/turtlebot3_bringup/share/ament_index/resource_index/packages/turtlebot3_bringup
[0.319s] -- Up-to-date symlink: /home/ubuntu/Desktop/RS2/install/turtlebot3_bringup/share/turtlebot3_bringup/cmake/turtlebot3_bringupConfig.cmake
[0.320s] -- Up-to-date symlink: /home/ubuntu/Desktop/RS2/install/turtlebot3_bringup/share/turtlebot3_bringup/cmake/turtlebot3_bringupConfig-version.cmake
[0.320s] -- Up-to-date symlink: /home/ubuntu/Desktop/RS2/install/turtlebot3_bringup/share/turtlebot3_bringup/package.xml
[0.325s] Invoked command in '/home/ubuntu/Desktop/RS2/build/turtlebot3_bringup' returned '0': AMENT_PREFIX_PATH=/home/ubuntu/Desktop/RS2/install/turtlebot3_node:/home/ubuntu/Desktop/RS2/install/turtlebot3_msgs:/home/ubuntu/Desktop/RS2/install/turtlebot3_description:/home/ubuntu/Desktop/RS2/install/dynamixel_sdk:${AMENT_PREFIX_PATH} CMAKE_PREFIX_PATH=/home/ubuntu/Desktop/RS2/install/turtlebot3_node:/home/ubuntu/Desktop/RS2/install/turtlebot3_msgs:/home/ubuntu/Desktop/RS2/install/turtlebot3_description:/home/ubuntu/Desktop/RS2/install/dynamixel_sdk:/opt/ros/humble LD_LIBRARY_PATH=/home/ubuntu/Desktop/RS2/install/turtlebot3_msgs/lib:/home/ubuntu/Desktop/RS2/install/dynamixel_sdk/lib:${LD_LIBRARY_PATH} PYTHONPATH=/home/ubuntu/Desktop/RS2/install/turtlebot3_msgs/local/lib/python3.10/dist-packages:${PYTHONPATH} /usr/bin/cmake --install /home/ubuntu/Desktop/RS2/build/turtlebot3_bringup
