[0.140s] DEBUG:colcon:Command line arguments: ['/usr/bin/colcon', 'build']
[0.140s] DEBUG:colcon:Parsed command line arguments: Namespace(log_base=None, log_level=None, verb_name='build', build_base='build', install_base='install', merge_install=False, symlink_install=False, test_result_base=None, continue_on_error=False, executor='parallel', parallel_workers=8, event_handlers=None, ignore_user_meta=False, metas=['./colcon.meta'], base_paths=['.'], packages_ignore=None, packages_ignore_regex=None, paths=None, packages_up_to=None, packages_up_to_regex=None, packages_above=None, packages_above_and_dependencies=None, packages_above_depth=None, packages_select_by_dep=None, packages_skip_by_dep=None, packages_skip_up_to=None, packages_select_build_failed=False, packages_skip_build_finished=False, packages_select_test_failures=False, packages_skip_test_passed=False, packages_select=None, packages_skip=None, packages_select_regex=None, packages_skip_regex=None, packages_start=None, packages_end=None, allow_overriding=[], cmake_args=None, cmake_target=None, cmake_target_skip_unavailable=False, cmake_clean_cache=False, cmake_clean_first=False, cmake_force_configure=False, ament_cmake_args=None, catkin_cmake_args=None, catkin_skip_building_tests=False, mixin_files=None, mixin=None, verb_parser=<colcon_mixin.mixin.mixin_argument.MixinArgumentDecorator object at 0x7f22e5e93f40>, verb_extension=<colcon_core.verb.build.BuildVerb object at 0x7f22e5e939d0>, main=<bound method BuildVerb.main of <colcon_core.verb.build.BuildVerb object at 0x7f22e5e939d0>>, mixin_verb=('build',))
[0.197s] Level 1:colcon.colcon_core.package_discovery:discover_packages(colcon_meta) check parameters
[0.197s] Level 1:colcon.colcon_core.package_discovery:discover_packages(recursive) check parameters
[0.197s] Level 1:colcon.colcon_core.package_discovery:discover_packages(ignore) check parameters
[0.197s] Level 1:colcon.colcon_core.package_discovery:discover_packages(path) check parameters
[0.197s] Level 1:colcon.colcon_core.package_discovery:discover_packages(colcon_meta) discover
[0.198s] Level 1:colcon.colcon_core.package_discovery:discover_packages(recursive) discover
[0.198s] INFO:colcon.colcon_core.package_discovery:Crawling recursively for packages in '/home/katie/turtlebot3_ws'
[0.198s] Level 1:colcon.colcon_core.package_identification:_identify(.) by extensions ['ignore', 'ignore_ament_install']
[0.198s] Level 1:colcon.colcon_core.package_identification:_identify(.) by extension 'ignore'
[0.198s] Level 1:colcon.colcon_core.package_identification:_identify(.) by extension 'ignore_ament_install'
[0.198s] Level 1:colcon.colcon_core.package_identification:_identify(.) by extensions ['colcon_pkg']
[0.198s] Level 1:colcon.colcon_core.package_identification:_identify(.) by extension 'colcon_pkg'
[0.198s] Level 1:colcon.colcon_core.package_identification:_identify(.) by extensions ['colcon_meta']
[0.198s] Level 1:colcon.colcon_core.package_identification:_identify(.) by extension 'colcon_meta'
[0.198s] Level 1:colcon.colcon_core.package_identification:_identify(.) by extensions ['ros']
[0.198s] Level 1:colcon.colcon_core.package_identification:_identify(.) by extension 'ros'
[0.214s] Level 1:colcon.colcon_core.package_identification:_identify(.) by extensions ['cmake', 'python']
[0.214s] Level 1:colcon.colcon_core.package_identification:_identify(.) by extension 'cmake'
[0.214s] Level 1:colcon.colcon_core.package_identification:_identify(.) by extension 'python'
[0.214s] Level 1:colcon.colcon_core.package_identification:_identify(.) by extensions ['python_setup_py']
[0.214s] Level 1:colcon.colcon_core.package_identification:_identify(.) by extension 'python_setup_py'
[0.215s] Level 1:colcon.colcon_core.package_identification:_identify(book_database) by extensions ['ignore', 'ignore_ament_install']
[0.215s] Level 1:colcon.colcon_core.package_identification:_identify(book_database) by extension 'ignore'
[0.215s] Level 1:colcon.colcon_core.package_identification:_identify(book_database) by extension 'ignore_ament_install'
[0.215s] Level 1:colcon.colcon_core.package_identification:_identify(book_database) by extensions ['colcon_pkg']
[0.215s] Level 1:colcon.colcon_core.package_identification:_identify(book_database) by extension 'colcon_pkg'
[0.215s] Level 1:colcon.colcon_core.package_identification:_identify(book_database) by extensions ['colcon_meta']
[0.215s] Level 1:colcon.colcon_core.package_identification:_identify(book_database) by extension 'colcon_meta'
[0.215s] Level 1:colcon.colcon_core.package_identification:_identify(book_database) by extensions ['ros']
[0.215s] Level 1:colcon.colcon_core.package_identification:_identify(book_database) by extension 'ros'
[0.220s] DEBUG:colcon.colcon_core.package_identification:Package 'book_database' with type 'ros.ament_cmake' and name 'book_database'
[0.220s] Level 1:colcon.colcon_core.package_identification:_identify(build) by extensions ['ignore', 'ignore_ament_install']
[0.220s] Level 1:colcon.colcon_core.package_identification:_identify(build) by extension 'ignore'
[0.220s] Level 1:colcon.colcon_core.package_identification:_identify(build) ignored
[0.221s] Level 1:colcon.colcon_core.package_identification:_identify(install) by extensions ['ignore', 'ignore_ament_install']
[0.221s] Level 1:colcon.colcon_core.package_identification:_identify(install) by extension 'ignore'
[0.221s] Level 1:colcon.colcon_core.package_identification:_identify(install) ignored
[0.221s] Level 1:colcon.colcon_core.package_identification:_identify(kane_gui) by extensions ['ignore', 'ignore_ament_install']
[0.221s] Level 1:colcon.colcon_core.package_identification:_identify(kane_gui) by extension 'ignore'
[0.221s] Level 1:colcon.colcon_core.package_identification:_identify(kane_gui) by extension 'ignore_ament_install'
[0.221s] Level 1:colcon.colcon_core.package_identification:_identify(kane_gui) by extensions ['colcon_pkg']
[0.221s] Level 1:colcon.colcon_core.package_identification:_identify(kane_gui) by extension 'colcon_pkg'
[0.221s] Level 1:colcon.colcon_core.package_identification:_identify(kane_gui) by extensions ['colcon_meta']
[0.221s] Level 1:colcon.colcon_core.package_identification:_identify(kane_gui) by extension 'colcon_meta'
[0.221s] Level 1:colcon.colcon_core.package_identification:_identify(kane_gui) by extensions ['ros']
[0.221s] Level 1:colcon.colcon_core.package_identification:_identify(kane_gui) by extension 'ros'
[0.222s] DEBUG:colcon.colcon_core.package_identification:Package 'kane_gui' with type 'ros.ament_cmake' and name 'gallery_database'
[0.223s] Level 1:colcon.colcon_core.package_identification:_identify(log) by extensions ['ignore', 'ignore_ament_install']
[0.223s] Level 1:colcon.colcon_core.package_identification:_identify(log) by extension 'ignore'
[0.223s] Level 1:colcon.colcon_core.package_identification:_identify(log) ignored
[0.223s] Level 1:colcon.colcon_core.package_identification:_identify(src) by extensions ['ignore', 'ignore_ament_install']
[0.223s] Level 1:colcon.colcon_core.package_identification:_identify(src) by extension 'ignore'
[0.223s] Level 1:colcon.colcon_core.package_identification:_identify(src) by extension 'ignore_ament_install'
[0.223s] Level 1:colcon.colcon_core.package_identification:_identify(src) by extensions ['colcon_pkg']
[0.223s] Level 1:colcon.colcon_core.package_identification:_identify(src) by extension 'colcon_pkg'
[0.223s] Level 1:colcon.colcon_core.package_identification:_identify(src) by extensions ['colcon_meta']
[0.223s] Level 1:colcon.colcon_core.package_identification:_identify(src) by extension 'colcon_meta'
[0.223s] Level 1:colcon.colcon_core.package_identification:_identify(src) by extensions ['ros']
[0.223s] Level 1:colcon.colcon_core.package_identification:_identify(src) by extension 'ros'
[0.224s] Level 1:colcon.colcon_core.package_identification:_identify(src) by extensions ['cmake', 'python']
[0.224s] Level 1:colcon.colcon_core.package_identification:_identify(src) by extension 'cmake'
[0.224s] Level 1:colcon.colcon_core.package_identification:_identify(src) by extension 'python'
[0.224s] Level 1:colcon.colcon_core.package_identification:_identify(src) by extensions ['python_setup_py']
[0.224s] Level 1:colcon.colcon_core.package_identification:_identify(src) by extension 'python_setup_py'
[0.224s] Level 1:colcon.colcon_core.package_identification:_identify(src/install) by extensions ['ignore', 'ignore_ament_install']
[0.224s] Level 1:colcon.colcon_core.package_identification:_identify(src/install) by extension 'ignore'
[0.224s] Level 1:colcon.colcon_core.package_identification:_identify(src/install) by extension 'ignore_ament_install'
[0.224s] Level 1:colcon.colcon_core.package_identification:_identify(src/install) by extensions ['colcon_pkg']
[0.224s] Level 1:colcon.colcon_core.package_identification:_identify(src/install) by extension 'colcon_pkg'
[0.224s] Level 1:colcon.colcon_core.package_identification:_identify(src/install) by extensions ['colcon_meta']
[0.224s] Level 1:colcon.colcon_core.package_identification:_identify(src/install) by extension 'colcon_meta'
[0.224s] Level 1:colcon.colcon_core.package_identification:_identify(src/install) by extensions ['ros']
[0.224s] Level 1:colcon.colcon_core.package_identification:_identify(src/install) by extension 'ros'
[0.224s] Level 1:colcon.colcon_core.package_identification:_identify(src/install) by extensions ['cmake', 'python']
[0.224s] Level 1:colcon.colcon_core.package_identification:_identify(src/install) by extension 'cmake'
[0.225s] Level 1:colcon.colcon_core.package_identification:_identify(src/install) by extension 'python'
[0.225s] Level 1:colcon.colcon_core.package_identification:_identify(src/install) by extensions ['python_setup_py']
[0.225s] Level 1:colcon.colcon_core.package_identification:_identify(src/install) by extension 'python_setup_py'
[0.225s] Level 1:colcon.colcon_core.package_identification:_identify(src/install/move_pepper) by extensions ['ignore', 'ignore_ament_install']
[0.225s] Level 1:colcon.colcon_core.package_identification:_identify(src/install/move_pepper) by extension 'ignore'
[0.225s] Level 1:colcon.colcon_core.package_identification:_identify(src/install/move_pepper) by extension 'ignore_ament_install'
[0.225s] Level 1:colcon.colcon_core.package_identification:_identify(src/install/move_pepper) by extensions ['colcon_pkg']
[0.225s] Level 1:colcon.colcon_core.package_identification:_identify(src/install/move_pepper) by extension 'colcon_pkg'
[0.225s] Level 1:colcon.colcon_core.package_identification:_identify(src/install/move_pepper) by extensions ['colcon_meta']
[0.225s] Level 1:colcon.colcon_core.package_identification:_identify(src/install/move_pepper) by extension 'colcon_meta'
[0.225s] Level 1:colcon.colcon_core.package_identification:_identify(src/install/move_pepper) by extensions ['ros']
[0.225s] Level 1:colcon.colcon_core.package_identification:_identify(src/install/move_pepper) by extension 'ros'
[0.225s] Level 1:colcon.colcon_core.package_identification:_identify(src/install/move_pepper) by extensions ['cmake', 'python']
[0.225s] Level 1:colcon.colcon_core.package_identification:_identify(src/install/move_pepper) by extension 'cmake'
[0.225s] Level 1:colcon.colcon_core.package_identification:_identify(src/install/move_pepper) by extension 'python'
[0.226s] Level 1:colcon.colcon_core.package_identification:_identify(src/install/move_pepper) by extensions ['python_setup_py']
[0.226s] Level 1:colcon.colcon_core.package_identification:_identify(src/install/move_pepper) by extension 'python_setup_py'
[0.226s] Level 1:colcon.colcon_core.package_identification:_identify(src/install/move_pepper/share) by extensions ['ignore', 'ignore_ament_install']
[0.226s] Level 1:colcon.colcon_core.package_identification:_identify(src/install/move_pepper/share) by extension 'ignore'
[0.226s] Level 1:colcon.colcon_core.package_identification:_identify(src/install/move_pepper/share) by extension 'ignore_ament_install'
[0.226s] Level 1:colcon.colcon_core.package_identification:_identify(src/install/move_pepper/share) by extensions ['colcon_pkg']
[0.226s] Level 1:colcon.colcon_core.package_identification:_identify(src/install/move_pepper/share) by extension 'colcon_pkg'
[0.226s] Level 1:colcon.colcon_core.package_identification:_identify(src/install/move_pepper/share) by extensions ['colcon_meta']
[0.226s] Level 1:colcon.colcon_core.package_identification:_identify(src/install/move_pepper/share) by extension 'colcon_meta'
[0.226s] Level 1:colcon.colcon_core.package_identification:_identify(src/install/move_pepper/share) by extensions ['ros']
[0.226s] Level 1:colcon.colcon_core.package_identification:_identify(src/install/move_pepper/share) by extension 'ros'
[0.226s] Level 1:colcon.colcon_core.package_identification:_identify(src/install/move_pepper/share) by extensions ['cmake', 'python']
[0.226s] Level 1:colcon.colcon_core.package_identification:_identify(src/install/move_pepper/share) by extension 'cmake'
[0.226s] Level 1:colcon.colcon_core.package_identification:_identify(src/install/move_pepper/share) by extension 'python'
[0.226s] Level 1:colcon.colcon_core.package_identification:_identify(src/install/move_pepper/share) by extensions ['python_setup_py']
[0.226s] Level 1:colcon.colcon_core.package_identification:_identify(src/install/move_pepper/share) by extension 'python_setup_py'
[0.227s] Level 1:colcon.colcon_core.package_identification:_identify(src/install/move_pepper/share/move_pepper) by extensions ['ignore', 'ignore_ament_install']
[0.227s] Level 1:colcon.colcon_core.package_identification:_identify(src/install/move_pepper/share/move_pepper) by extension 'ignore'
[0.227s] Level 1:colcon.colcon_core.package_identification:_identify(src/install/move_pepper/share/move_pepper) by extension 'ignore_ament_install'
[0.227s] Level 1:colcon.colcon_core.package_identification:_identify(src/install/move_pepper/share/move_pepper) by extensions ['colcon_pkg']
[0.227s] Level 1:colcon.colcon_core.package_identification:_identify(src/install/move_pepper/share/move_pepper) by extension 'colcon_pkg'
[0.227s] Level 1:colcon.colcon_core.package_identification:_identify(src/install/move_pepper/share/move_pepper) by extensions ['colcon_meta']
[0.227s] Level 1:colcon.colcon_core.package_identification:_identify(src/install/move_pepper/share/move_pepper) by extension 'colcon_meta'
[0.227s] Level 1:colcon.colcon_core.package_identification:_identify(src/install/move_pepper/share/move_pepper) by extensions ['ros']
[0.227s] Level 1:colcon.colcon_core.package_identification:_identify(src/install/move_pepper/share/move_pepper) by extension 'ros'
[0.227s] Level 1:colcon.colcon_core.package_identification:_identify(src/install/move_pepper/share/move_pepper) by extensions ['cmake', 'python']
[0.227s] Level 1:colcon.colcon_core.package_identification:_identify(src/install/move_pepper/share/move_pepper) by extension 'cmake'
[0.227s] Level 1:colcon.colcon_core.package_identification:_identify(src/install/move_pepper/share/move_pepper) by extension 'python'
[0.227s] Level 1:colcon.colcon_core.package_identification:_identify(src/install/move_pepper/share/move_pepper) by extensions ['python_setup_py']
[0.227s] Level 1:colcon.colcon_core.package_identification:_identify(src/install/move_pepper/share/move_pepper) by extension 'python_setup_py'
[0.227s] Level 1:colcon.colcon_core.package_identification:_identify(src/install/move_pepper/share/move_pepper/__pycache__) by extensions ['ignore', 'ignore_ament_install']
[0.228s] Level 1:colcon.colcon_core.package_identification:_identify(src/install/move_pepper/share/move_pepper/__pycache__) by extension 'ignore'
[0.228s] Level 1:colcon.colcon_core.package_identification:_identify(src/install/move_pepper/share/move_pepper/__pycache__) by extension 'ignore_ament_install'
[0.228s] Level 1:colcon.colcon_core.package_identification:_identify(src/install/move_pepper/share/move_pepper/__pycache__) by extensions ['colcon_pkg']
[0.228s] Level 1:colcon.colcon_core.package_identification:_identify(src/install/move_pepper/share/move_pepper/__pycache__) by extension 'colcon_pkg'
[0.228s] Level 1:colcon.colcon_core.package_identification:_identify(src/install/move_pepper/share/move_pepper/__pycache__) by extensions ['colcon_meta']
[0.228s] Level 1:colcon.colcon_core.package_identification:_identify(src/install/move_pepper/share/move_pepper/__pycache__) by extension 'colcon_meta'
[0.228s] Level 1:colcon.colcon_core.package_identification:_identify(src/install/move_pepper/share/move_pepper/__pycache__) by extensions ['ros']
[0.228s] Level 1:colcon.colcon_core.package_identification:_identify(src/install/move_pepper/share/move_pepper/__pycache__) by extension 'ros'
[0.228s] Level 1:colcon.colcon_core.package_identification:_identify(src/install/move_pepper/share/move_pepper/__pycache__) by extensions ['cmake', 'python']
[0.228s] Level 1:colcon.colcon_core.package_identification:_identify(src/install/move_pepper/share/move_pepper/__pycache__) by extension 'cmake'
[0.228s] Level 1:colcon.colcon_core.package_identification:_identify(src/install/move_pepper/share/move_pepper/__pycache__) by extension 'python'
[0.228s] Level 1:colcon.colcon_core.package_identification:_identify(src/install/move_pepper/share/move_pepper/__pycache__) by extensions ['python_setup_py']
[0.228s] Level 1:colcon.colcon_core.package_identification:_identify(src/install/move_pepper/share/move_pepper/__pycache__) by extension 'python_setup_py'
[0.228s] Level 1:colcon.colcon_core.package_identification:_identify(src/install/turtlebot3_gazebo) by extensions ['ignore', 'ignore_ament_install']
[0.229s] Level 1:colcon.colcon_core.package_identification:_identify(src/install/turtlebot3_gazebo) by extension 'ignore'
[0.229s] Level 1:colcon.colcon_core.package_identification:_identify(src/install/turtlebot3_gazebo) by extension 'ignore_ament_install'
[0.229s] Level 1:colcon.colcon_core.package_identification:_identify(src/install/turtlebot3_gazebo) by extensions ['colcon_pkg']
[0.229s] Level 1:colcon.colcon_core.package_identification:_identify(src/install/turtlebot3_gazebo) by extension 'colcon_pkg'
[0.229s] Level 1:colcon.colcon_core.package_identification:_identify(src/install/turtlebot3_gazebo) by extensions ['colcon_meta']
[0.229s] Level 1:colcon.colcon_core.package_identification:_identify(src/install/turtlebot3_gazebo) by extension 'colcon_meta'
[0.229s] Level 1:colcon.colcon_core.package_identification:_identify(src/install/turtlebot3_gazebo) by extensions ['ros']
[0.229s] Level 1:colcon.colcon_core.package_identification:_identify(src/install/turtlebot3_gazebo) by extension 'ros'
[0.229s] Level 1:colcon.colcon_core.package_identification:_identify(src/install/turtlebot3_gazebo) by extensions ['cmake', 'python']
[0.229s] Level 1:colcon.colcon_core.package_identification:_identify(src/install/turtlebot3_gazebo) by extension 'cmake'
[0.229s] Level 1:colcon.colcon_core.package_identification:_identify(src/install/turtlebot3_gazebo) by extension 'python'
[0.229s] Level 1:colcon.colcon_core.package_identification:_identify(src/install/turtlebot3_gazebo) by extensions ['python_setup_py']
[0.229s] Level 1:colcon.colcon_core.package_identification:_identify(src/install/turtlebot3_gazebo) by extension 'python_setup_py'
[0.229s] Level 1:colcon.colcon_core.package_identification:_identify(src/install/turtlebot3_gazebo/share) by extensions ['ignore', 'ignore_ament_install']
[0.229s] Level 1:colcon.colcon_core.package_identification:_identify(src/install/turtlebot3_gazebo/share) by extension 'ignore'
[0.229s] Level 1:colcon.colcon_core.package_identification:_identify(src/install/turtlebot3_gazebo/share) by extension 'ignore_ament_install'
[0.230s] Level 1:colcon.colcon_core.package_identification:_identify(src/install/turtlebot3_gazebo/share) by extensions ['colcon_pkg']
[0.230s] Level 1:colcon.colcon_core.package_identification:_identify(src/install/turtlebot3_gazebo/share) by extension 'colcon_pkg'
[0.230s] Level 1:colcon.colcon_core.package_identification:_identify(src/install/turtlebot3_gazebo/share) by extensions ['colcon_meta']
[0.230s] Level 1:colcon.colcon_core.package_identification:_identify(src/install/turtlebot3_gazebo/share) by extension 'colcon_meta'
[0.230s] Level 1:colcon.colcon_core.package_identification:_identify(src/install/turtlebot3_gazebo/share) by extensions ['ros']
[0.230s] Level 1:colcon.colcon_core.package_identification:_identify(src/install/turtlebot3_gazebo/share) by extension 'ros'
[0.230s] Level 1:colcon.colcon_core.package_identification:_identify(src/install/turtlebot3_gazebo/share) by extensions ['cmake', 'python']
[0.230s] Level 1:colcon.colcon_core.package_identification:_identify(src/install/turtlebot3_gazebo/share) by extension 'cmake'
[0.230s] Level 1:colcon.colcon_core.package_identification:_identify(src/install/turtlebot3_gazebo/share) by extension 'python'
[0.230s] Level 1:colcon.colcon_core.package_identification:_identify(src/install/turtlebot3_gazebo/share) by extensions ['python_setup_py']
[0.230s] Level 1:colcon.colcon_core.package_identification:_identify(src/install/turtlebot3_gazebo/share) by extension 'python_setup_py'
[0.230s] Level 1:colcon.colcon_core.package_identification:_identify(src/install/turtlebot3_gazebo/share/turtlebot3_gazebo) by extensions ['ignore', 'ignore_ament_install']
[0.230s] Level 1:colcon.colcon_core.package_identification:_identify(src/install/turtlebot3_gazebo/share/turtlebot3_gazebo) by extension 'ignore'
[0.230s] Level 1:colcon.colcon_core.package_identification:_identify(src/install/turtlebot3_gazebo/share/turtlebot3_gazebo) by extension 'ignore_ament_install'
[0.230s] Level 1:colcon.colcon_core.package_identification:_identify(src/install/turtlebot3_gazebo/share/turtlebot3_gazebo) by extensions ['colcon_pkg']
[0.230s] Level 1:colcon.colcon_core.package_identification:_identify(src/install/turtlebot3_gazebo/share/turtlebot3_gazebo) by extension 'colcon_pkg'
[0.230s] Level 1:colcon.colcon_core.package_identification:_identify(src/install/turtlebot3_gazebo/share/turtlebot3_gazebo) by extensions ['colcon_meta']
[0.230s] Level 1:colcon.colcon_core.package_identification:_identify(src/install/turtlebot3_gazebo/share/turtlebot3_gazebo) by extension 'colcon_meta'
[0.231s] Level 1:colcon.colcon_core.package_identification:_identify(src/install/turtlebot3_gazebo/share/turtlebot3_gazebo) by extensions ['ros']
[0.231s] Level 1:colcon.colcon_core.package_identification:_identify(src/install/turtlebot3_gazebo/share/turtlebot3_gazebo) by extension 'ros'
[0.231s] Level 1:colcon.colcon_core.package_identification:_identify(src/install/turtlebot3_gazebo/share/turtlebot3_gazebo) by extensions ['cmake', 'python']
[0.231s] Level 1:colcon.colcon_core.package_identification:_identify(src/install/turtlebot3_gazebo/share/turtlebot3_gazebo) by extension 'cmake'
[0.231s] Level 1:colcon.colcon_core.package_identification:_identify(src/install/turtlebot3_gazebo/share/turtlebot3_gazebo) by extension 'python'
[0.231s] Level 1:colcon.colcon_core.package_identification:_identify(src/install/turtlebot3_gazebo/share/turtlebot3_gazebo) by extensions ['python_setup_py']
[0.231s] Level 1:colcon.colcon_core.package_identification:_identify(src/install/turtlebot3_gazebo/share/turtlebot3_gazebo) by extension 'python_setup_py'
[0.231s] Level 1:colcon.colcon_core.package_identification:_identify(src/install/turtlebot3_gazebo/share/turtlebot3_gazebo/launch) by extensions ['ignore', 'ignore_ament_install']
[0.231s] Level 1:colcon.colcon_core.package_identification:_identify(src/install/turtlebot3_gazebo/share/turtlebot3_gazebo/launch) by extension 'ignore'
[0.231s] Level 1:colcon.colcon_core.package_identification:_identify(src/install/turtlebot3_gazebo/share/turtlebot3_gazebo/launch) by extension 'ignore_ament_install'
[0.231s] Level 1:colcon.colcon_core.package_identification:_identify(src/install/turtlebot3_gazebo/share/turtlebot3_gazebo/launch) by extensions ['colcon_pkg']
[0.231s] Level 1:colcon.colcon_core.package_identification:_identify(src/install/turtlebot3_gazebo/share/turtlebot3_gazebo/launch) by extension 'colcon_pkg'
[0.231s] Level 1:colcon.colcon_core.package_identification:_identify(src/install/turtlebot3_gazebo/share/turtlebot3_gazebo/launch) by extensions ['colcon_meta']
[0.231s] Level 1:colcon.colcon_core.package_identification:_identify(src/install/turtlebot3_gazebo/share/turtlebot3_gazebo/launch) by extension 'colcon_meta'
[0.231s] Level 1:colcon.colcon_core.package_identification:_identify(src/install/turtlebot3_gazebo/share/turtlebot3_gazebo/launch) by extensions ['ros']
[0.231s] Level 1:colcon.colcon_core.package_identification:_identify(src/install/turtlebot3_gazebo/share/turtlebot3_gazebo/launch) by extension 'ros'
[0.231s] Level 1:colcon.colcon_core.package_identification:_identify(src/install/turtlebot3_gazebo/share/turtlebot3_gazebo/launch) by extensions ['cmake', 'python']
[0.232s] Level 1:colcon.colcon_core.package_identification:_identify(src/install/turtlebot3_gazebo/share/turtlebot3_gazebo/launch) by extension 'cmake'
[0.232s] Level 1:colcon.colcon_core.package_identification:_identify(src/install/turtlebot3_gazebo/share/turtlebot3_gazebo/launch) by extension 'python'
[0.232s] Level 1:colcon.colcon_core.package_identification:_identify(src/install/turtlebot3_gazebo/share/turtlebot3_gazebo/launch) by extensions ['python_setup_py']
[0.232s] Level 1:colcon.colcon_core.package_identification:_identify(src/install/turtlebot3_gazebo/share/turtlebot3_gazebo/launch) by extension 'python_setup_py'
[0.232s] Level 1:colcon.colcon_core.package_identification:_identify(src/install/turtlebot3_gazebo/share/turtlebot3_gazebo/launch/__pycache__) by extensions ['ignore', 'ignore_ament_install']
[0.232s] Level 1:colcon.colcon_core.package_identification:_identify(src/install/turtlebot3_gazebo/share/turtlebot3_gazebo/launch/__pycache__) by extension 'ignore'
[0.232s] Level 1:colcon.colcon_core.package_identification:_identify(src/install/turtlebot3_gazebo/share/turtlebot3_gazebo/launch/__pycache__) by extension 'ignore_ament_install'
[0.232s] Level 1:colcon.colcon_core.package_identification:_identify(src/install/turtlebot3_gazebo/share/turtlebot3_gazebo/launch/__pycache__) by extensions ['colcon_pkg']
[0.232s] Level 1:colcon.colcon_core.package_identification:_identify(src/install/turtlebot3_gazebo/share/turtlebot3_gazebo/launch/__pycache__) by extension 'colcon_pkg'
[0.232s] Level 1:colcon.colcon_core.package_identification:_identify(src/install/turtlebot3_gazebo/share/turtlebot3_gazebo/launch/__pycache__) by extensions ['colcon_meta']
[0.232s] Level 1:colcon.colcon_core.package_identification:_identify(src/install/turtlebot3_gazebo/share/turtlebot3_gazebo/launch/__pycache__) by extension 'colcon_meta'
[0.232s] Level 1:colcon.colcon_core.package_identification:_identify(src/install/turtlebot3_gazebo/share/turtlebot3_gazebo/launch/__pycache__) by extensions ['ros']
[0.232s] Level 1:colcon.colcon_core.package_identification:_identify(src/install/turtlebot3_gazebo/share/turtlebot3_gazebo/launch/__pycache__) by extension 'ros'
[0.232s] Level 1:colcon.colcon_core.package_identification:_identify(src/install/turtlebot3_gazebo/share/turtlebot3_gazebo/launch/__pycache__) by extensions ['cmake', 'python']
[0.232s] Level 1:colcon.colcon_core.package_identification:_identify(src/install/turtlebot3_gazebo/share/turtlebot3_gazebo/launch/__pycache__) by extension 'cmake'
[0.232s] Level 1:colcon.colcon_core.package_identification:_identify(src/install/turtlebot3_gazebo/share/turtlebot3_gazebo/launch/__pycache__) by extension 'python'
[0.232s] Level 1:colcon.colcon_core.package_identification:_identify(src/install/turtlebot3_gazebo/share/turtlebot3_gazebo/launch/__pycache__) by extensions ['python_setup_py']
[0.232s] Level 1:colcon.colcon_core.package_identification:_identify(src/install/turtlebot3_gazebo/share/turtlebot3_gazebo/launch/__pycache__) by extension 'python_setup_py'
[0.233s] Level 1:colcon.colcon_core.package_identification:_identify(src/install/turtlebot3_gazebo/share/turtlebot3_gazebo/worlds) by extensions ['ignore', 'ignore_ament_install']
[0.233s] Level 1:colcon.colcon_core.package_identification:_identify(src/install/turtlebot3_gazebo/share/turtlebot3_gazebo/worlds) by extension 'ignore'
[0.233s] Level 1:colcon.colcon_core.package_identification:_identify(src/install/turtlebot3_gazebo/share/turtlebot3_gazebo/worlds) by extension 'ignore_ament_install'
[0.233s] Level 1:colcon.colcon_core.package_identification:_identify(src/install/turtlebot3_gazebo/share/turtlebot3_gazebo/worlds) by extensions ['colcon_pkg']
[0.233s] Level 1:colcon.colcon_core.package_identification:_identify(src/install/turtlebot3_gazebo/share/turtlebot3_gazebo/worlds) by extension 'colcon_pkg'
[0.233s] Level 1:colcon.colcon_core.package_identification:_identify(src/install/turtlebot3_gazebo/share/turtlebot3_gazebo/worlds) by extensions ['colcon_meta']
[0.233s] Level 1:colcon.colcon_core.package_identification:_identify(src/install/turtlebot3_gazebo/share/turtlebot3_gazebo/worlds) by extension 'colcon_meta'
[0.233s] Level 1:colcon.colcon_core.package_identification:_identify(src/install/turtlebot3_gazebo/share/turtlebot3_gazebo/worlds) by extensions ['ros']
[0.233s] Level 1:colcon.colcon_core.package_identification:_identify(src/install/turtlebot3_gazebo/share/turtlebot3_gazebo/worlds) by extension 'ros'
[0.233s] Level 1:colcon.colcon_core.package_identification:_identify(src/install/turtlebot3_gazebo/share/turtlebot3_gazebo/worlds) by extensions ['cmake', 'python']
[0.233s] Level 1:colcon.colcon_core.package_identification:_identify(src/install/turtlebot3_gazebo/share/turtlebot3_gazebo/worlds) by extension 'cmake'
[0.233s] Level 1:colcon.colcon_core.package_identification:_identify(src/install/turtlebot3_gazebo/share/turtlebot3_gazebo/worlds) by extension 'python'
[0.233s] Level 1:colcon.colcon_core.package_identification:_identify(src/install/turtlebot3_gazebo/share/turtlebot3_gazebo/worlds) by extensions ['python_setup_py']
[0.233s] Level 1:colcon.colcon_core.package_identification:_identify(src/install/turtlebot3_gazebo/share/turtlebot3_gazebo/worlds) by extension 'python_setup_py'
[0.233s] Level 1:colcon.colcon_core.package_identification:_identify(src/move_pepper) by extensions ['ignore', 'ignore_ament_install']
[0.234s] Level 1:colcon.colcon_core.package_identification:_identify(src/move_pepper) by extension 'ignore'
[0.234s] Level 1:colcon.colcon_core.package_identification:_identify(src/move_pepper) by extension 'ignore_ament_install'
[0.234s] Level 1:colcon.colcon_core.package_identification:_identify(src/move_pepper) by extensions ['colcon_pkg']
[0.234s] Level 1:colcon.colcon_core.package_identification:_identify(src/move_pepper) by extension 'colcon_pkg'
[0.234s] Level 1:colcon.colcon_core.package_identification:_identify(src/move_pepper) by extensions ['colcon_meta']
[0.234s] Level 1:colcon.colcon_core.package_identification:_identify(src/move_pepper) by extension 'colcon_meta'
[0.234s] Level 1:colcon.colcon_core.package_identification:_identify(src/move_pepper) by extensions ['ros']
[0.234s] Level 1:colcon.colcon_core.package_identification:_identify(src/move_pepper) by extension 'ros'
[0.235s] DEBUG:colcon.colcon_core.package_identification:Package 'src/move_pepper' with type 'ros.ament_python' and name 'move_pepper'
[0.235s] Level 1:colcon.colcon_core.package_identification:_identify(src/pepper_autonomy) by extensions ['ignore', 'ignore_ament_install']
[0.235s] Level 1:colcon.colcon_core.package_identification:_identify(src/pepper_autonomy) by extension 'ignore'
[0.235s] Level 1:colcon.colcon_core.package_identification:_identify(src/pepper_autonomy) by extension 'ignore_ament_install'
[0.235s] Level 1:colcon.colcon_core.package_identification:_identify(src/pepper_autonomy) by extensions ['colcon_pkg']
[0.235s] Level 1:colcon.colcon_core.package_identification:_identify(src/pepper_autonomy) by extension 'colcon_pkg'
[0.235s] Level 1:colcon.colcon_core.package_identification:_identify(src/pepper_autonomy) by extensions ['colcon_meta']
[0.235s] Level 1:colcon.colcon_core.package_identification:_identify(src/pepper_autonomy) by extension 'colcon_meta'
[0.235s] Level 1:colcon.colcon_core.package_identification:_identify(src/pepper_autonomy) by extensions ['ros']
[0.235s] Level 1:colcon.colcon_core.package_identification:_identify(src/pepper_autonomy) by extension 'ros'
[0.236s] DEBUG:colcon.colcon_core.package_identification:Package 'src/pepper_autonomy' with type 'ros.ament_cmake' and name 'pepper_autonomy'
[0.237s] Level 1:colcon.colcon_core.package_identification:_identify(src/turtlebot3) by extensions ['ignore', 'ignore_ament_install']
[0.237s] Level 1:colcon.colcon_core.package_identification:_identify(src/turtlebot3) by extension 'ignore'
[0.237s] Level 1:colcon.colcon_core.package_identification:_identify(src/turtlebot3) by extension 'ignore_ament_install'
[0.237s] Level 1:colcon.colcon_core.package_identification:_identify(src/turtlebot3) by extensions ['colcon_pkg']
[0.237s] Level 1:colcon.colcon_core.package_identification:_identify(src/turtlebot3) by extension 'colcon_pkg'
[0.237s] Level 1:colcon.colcon_core.package_identification:_identify(src/turtlebot3) by extensions ['colcon_meta']
[0.237s] Level 1:colcon.colcon_core.package_identification:_identify(src/turtlebot3) by extension 'colcon_meta'
[0.237s] Level 1:colcon.colcon_core.package_identification:_identify(src/turtlebot3) by extensions ['ros']
[0.237s] Level 1:colcon.colcon_core.package_identification:_identify(src/turtlebot3) by extension 'ros'
[0.237s] Level 1:colcon.colcon_core.package_identification:_identify(src/turtlebot3) by extensions ['cmake', 'python']
[0.237s] Level 1:colcon.colcon_core.package_identification:_identify(src/turtlebot3) by extension 'cmake'
[0.237s] Level 1:colcon.colcon_core.package_identification:_identify(src/turtlebot3) by extension 'python'
[0.237s] Level 1:colcon.colcon_core.package_identification:_identify(src/turtlebot3) by extensions ['python_setup_py']
[0.237s] Level 1:colcon.colcon_core.package_identification:_identify(src/turtlebot3) by extension 'python_setup_py'
[0.237s] Level 1:colcon.colcon_core.package_identification:_identify(src/turtlebot3/turtlebot3) by extensions ['ignore', 'ignore_ament_install']
[0.237s] Level 1:colcon.colcon_core.package_identification:_identify(src/turtlebot3/turtlebot3) by extension 'ignore'
[0.237s] Level 1:colcon.colcon_core.package_identification:_identify(src/turtlebot3/turtlebot3) by extension 'ignore_ament_install'
[0.238s] Level 1:colcon.colcon_core.package_identification:_identify(src/turtlebot3/turtlebot3) by extensions ['colcon_pkg']
[0.238s] Level 1:colcon.colcon_core.package_identification:_identify(src/turtlebot3/turtlebot3) by extension 'colcon_pkg'
[0.238s] Level 1:colcon.colcon_core.package_identification:_identify(src/turtlebot3/turtlebot3) by extensions ['colcon_meta']
[0.238s] Level 1:colcon.colcon_core.package_identification:_identify(src/turtlebot3/turtlebot3) by extension 'colcon_meta'
[0.238s] Level 1:colcon.colcon_core.package_identification:_identify(src/turtlebot3/turtlebot3) by extensions ['ros']
[0.238s] Level 1:colcon.colcon_core.package_identification:_identify(src/turtlebot3/turtlebot3) by extension 'ros'
[0.238s] Level 1:colcon.colcon_core.package_identification:_identify(src/turtlebot3/turtlebot3) by extensions ['cmake', 'python']
[0.238s] Level 1:colcon.colcon_core.package_identification:_identify(src/turtlebot3/turtlebot3) by extension 'cmake'
[0.238s] Level 1:colcon.colcon_core.package_identification:_identify(src/turtlebot3/turtlebot3) by extension 'python'
[0.238s] Level 1:colcon.colcon_core.package_identification:_identify(src/turtlebot3/turtlebot3) by extensions ['python_setup_py']
[0.238s] Level 1:colcon.colcon_core.package_identification:_identify(src/turtlebot3/turtlebot3) by extension 'python_setup_py'
[0.238s] Level 1:colcon.colcon_core.package_identification:_identify(src/turtlebot3/turtlebot3_msgs) by extensions ['ignore', 'ignore_ament_install']
[0.238s] Level 1:colcon.colcon_core.package_identification:_identify(src/turtlebot3/turtlebot3_msgs) by extension 'ignore'
[0.238s] Level 1:colcon.colcon_core.package_identification:_identify(src/turtlebot3/turtlebot3_msgs) by extension 'ignore_ament_install'
[0.238s] Level 1:colcon.colcon_core.package_identification:_identify(src/turtlebot3/turtlebot3_msgs) by extensions ['colcon_pkg']
[0.238s] Level 1:colcon.colcon_core.package_identification:_identify(src/turtlebot3/turtlebot3_msgs) by extension 'colcon_pkg'
[0.238s] Level 1:colcon.colcon_core.package_identification:_identify(src/turtlebot3/turtlebot3_msgs) by extensions ['colcon_meta']
[0.238s] Level 1:colcon.colcon_core.package_identification:_identify(src/turtlebot3/turtlebot3_msgs) by extension 'colcon_meta'
[0.239s] Level 1:colcon.colcon_core.package_identification:_identify(src/turtlebot3/turtlebot3_msgs) by extensions ['ros']
[0.239s] Level 1:colcon.colcon_core.package_identification:_identify(src/turtlebot3/turtlebot3_msgs) by extension 'ros'
[0.239s] Level 1:colcon.colcon_core.package_identification:_identify(src/turtlebot3/turtlebot3_msgs) by extensions ['cmake', 'python']
[0.239s] Level 1:colcon.colcon_core.package_identification:_identify(src/turtlebot3/turtlebot3_msgs) by extension 'cmake'
[0.239s] Level 1:colcon.colcon_core.package_identification:_identify(src/turtlebot3/turtlebot3_msgs) by extension 'python'
[0.239s] Level 1:colcon.colcon_core.package_identification:_identify(src/turtlebot3/turtlebot3_msgs) by extensions ['python_setup_py']
[0.239s] Level 1:colcon.colcon_core.package_identification:_identify(src/turtlebot3/turtlebot3_msgs) by extension 'python_setup_py'
[0.239s] Level 1:colcon.colcon_core.package_identification:_identify(src/turtlebot3/turtlebot3_simulations) by extensions ['ignore', 'ignore_ament_install']
[0.239s] Level 1:colcon.colcon_core.package_identification:_identify(src/turtlebot3/turtlebot3_simulations) by extension 'ignore'
[0.239s] Level 1:colcon.colcon_core.package_identification:_identify(src/turtlebot3/turtlebot3_simulations) by extension 'ignore_ament_install'
[0.239s] Level 1:colcon.colcon_core.package_identification:_identify(src/turtlebot3/turtlebot3_simulations) by extensions ['colcon_pkg']
[0.239s] Level 1:colcon.colcon_core.package_identification:_identify(src/turtlebot3/turtlebot3_simulations) by extension 'colcon_pkg'
[0.239s] Level 1:colcon.colcon_core.package_identification:_identify(src/turtlebot3/turtlebot3_simulations) by extensions ['colcon_meta']
[0.239s] Level 1:colcon.colcon_core.package_identification:_identify(src/turtlebot3/turtlebot3_simulations) by extension 'colcon_meta'
[0.239s] Level 1:colcon.colcon_core.package_identification:_identify(src/turtlebot3/turtlebot3_simulations) by extensions ['ros']
[0.239s] Level 1:colcon.colcon_core.package_identification:_identify(src/turtlebot3/turtlebot3_simulations) by extension 'ros'
[0.239s] Level 1:colcon.colcon_core.package_identification:_identify(src/turtlebot3/turtlebot3_simulations) by extensions ['cmake', 'python']
[0.239s] Level 1:colcon.colcon_core.package_identification:_identify(src/turtlebot3/turtlebot3_simulations) by extension 'cmake'
[0.240s] Level 1:colcon.colcon_core.package_identification:_identify(src/turtlebot3/turtlebot3_simulations) by extension 'python'
[0.240s] Level 1:colcon.colcon_core.package_identification:_identify(src/turtlebot3/turtlebot3_simulations) by extensions ['python_setup_py']
[0.240s] Level 1:colcon.colcon_core.package_identification:_identify(src/turtlebot3/turtlebot3_simulations) by extension 'python_setup_py'
[0.240s] Level 1:colcon.colcon_core.package_identification:_identify(src/utils) by extensions ['ignore', 'ignore_ament_install']
[0.240s] Level 1:colcon.colcon_core.package_identification:_identify(src/utils) by extension 'ignore'
[0.240s] Level 1:colcon.colcon_core.package_identification:_identify(src/utils) by extension 'ignore_ament_install'
[0.240s] Level 1:colcon.colcon_core.package_identification:_identify(src/utils) by extensions ['colcon_pkg']
[0.240s] Level 1:colcon.colcon_core.package_identification:_identify(src/utils) by extension 'colcon_pkg'
[0.240s] Level 1:colcon.colcon_core.package_identification:_identify(src/utils) by extensions ['colcon_meta']
[0.240s] Level 1:colcon.colcon_core.package_identification:_identify(src/utils) by extension 'colcon_meta'
[0.240s] Level 1:colcon.colcon_core.package_identification:_identify(src/utils) by extensions ['ros']
[0.240s] Level 1:colcon.colcon_core.package_identification:_identify(src/utils) by extension 'ros'
[0.240s] Level 1:colcon.colcon_core.package_identification:_identify(src/utils) by extensions ['cmake', 'python']
[0.240s] Level 1:colcon.colcon_core.package_identification:_identify(src/utils) by extension 'cmake'
[0.240s] Level 1:colcon.colcon_core.package_identification:_identify(src/utils) by extension 'python'
[0.240s] Level 1:colcon.colcon_core.package_identification:_identify(src/utils) by extensions ['python_setup_py']
[0.240s] Level 1:colcon.colcon_core.package_identification:_identify(src/utils) by extension 'python_setup_py'
[0.241s] Level 1:colcon.colcon_core.package_identification:_identify(src/utils/DynamixelSDK) by extensions ['ignore', 'ignore_ament_install']
[0.241s] Level 1:colcon.colcon_core.package_identification:_identify(src/utils/DynamixelSDK) by extension 'ignore'
[0.241s] Level 1:colcon.colcon_core.package_identification:_identify(src/utils/DynamixelSDK) by extension 'ignore_ament_install'
[0.241s] Level 1:colcon.colcon_core.package_identification:_identify(src/utils/DynamixelSDK) by extensions ['colcon_pkg']
[0.241s] Level 1:colcon.colcon_core.package_identification:_identify(src/utils/DynamixelSDK) by extension 'colcon_pkg'
[0.241s] Level 1:colcon.colcon_core.package_identification:_identify(src/utils/DynamixelSDK) by extensions ['colcon_meta']
[0.241s] Level 1:colcon.colcon_core.package_identification:_identify(src/utils/DynamixelSDK) by extension 'colcon_meta'
[0.241s] Level 1:colcon.colcon_core.package_identification:_identify(src/utils/DynamixelSDK) by extensions ['ros']
[0.241s] Level 1:colcon.colcon_core.package_identification:_identify(src/utils/DynamixelSDK) by extension 'ros'
[0.241s] Level 1:colcon.colcon_core.package_identification:_identify(src/utils/DynamixelSDK) by extensions ['cmake', 'python']
[0.241s] Level 1:colcon.colcon_core.package_identification:_identify(src/utils/DynamixelSDK) by extension 'cmake'
[0.241s] Level 1:colcon.colcon_core.package_identification:_identify(src/utils/DynamixelSDK) by extension 'python'
[0.241s] Level 1:colcon.colcon_core.package_identification:_identify(src/utils/DynamixelSDK) by extensions ['python_setup_py']
[0.241s] Level 1:colcon.colcon_core.package_identification:_identify(src/utils/DynamixelSDK) by extension 'python_setup_py'
[0.241s] Level 1:colcon.colcon_core.package_identification:_identify(src/utils/hls_lfcd_lds_driver) by extensions ['ignore', 'ignore_ament_install']
[0.241s] Level 1:colcon.colcon_core.package_identification:_identify(src/utils/hls_lfcd_lds_driver) by extension 'ignore'
[0.241s] Level 1:colcon.colcon_core.package_identification:_identify(src/utils/hls_lfcd_lds_driver) by extension 'ignore_ament_install'
[0.242s] Level 1:colcon.colcon_core.package_identification:_identify(src/utils/hls_lfcd_lds_driver) by extensions ['colcon_pkg']
[0.242s] Level 1:colcon.colcon_core.package_identification:_identify(src/utils/hls_lfcd_lds_driver) by extension 'colcon_pkg'
[0.242s] Level 1:colcon.colcon_core.package_identification:_identify(src/utils/hls_lfcd_lds_driver) by extensions ['colcon_meta']
[0.242s] Level 1:colcon.colcon_core.package_identification:_identify(src/utils/hls_lfcd_lds_driver) by extension 'colcon_meta'
[0.242s] Level 1:colcon.colcon_core.package_identification:_identify(src/utils/hls_lfcd_lds_driver) by extensions ['ros']
[0.242s] Level 1:colcon.colcon_core.package_identification:_identify(src/utils/hls_lfcd_lds_driver) by extension 'ros'
[0.242s] Level 1:colcon.colcon_core.package_identification:_identify(src/utils/hls_lfcd_lds_driver) by extensions ['cmake', 'python']
[0.242s] Level 1:colcon.colcon_core.package_identification:_identify(src/utils/hls_lfcd_lds_driver) by extension 'cmake'
[0.242s] Level 1:colcon.colcon_core.package_identification:_identify(src/utils/hls_lfcd_lds_driver) by extension 'python'
[0.242s] Level 1:colcon.colcon_core.package_identification:_identify(src/utils/hls_lfcd_lds_driver) by extensions ['python_setup_py']
[0.242s] Level 1:colcon.colcon_core.package_identification:_identify(src/utils/hls_lfcd_lds_driver) by extension 'python_setup_py'
[0.242s] Level 1:colcon.colcon_core.package_discovery:discover_packages(recursive) using defaults
[0.242s] Level 1:colcon.colcon_core.package_discovery:discover_packages(ignore) discover
[0.242s] Level 1:colcon.colcon_core.package_discovery:discover_packages(ignore) using defaults
[0.242s] Level 1:colcon.colcon_core.package_discovery:discover_packages(path) discover
[0.242s] Level 1:colcon.colcon_core.package_discovery:discover_packages(path) using defaults
[0.268s] Level 1:colcon.colcon_core.package_discovery:discover_packages(prefix_path) check parameters
[0.268s] Level 1:colcon.colcon_core.package_discovery:discover_packages(prefix_path) discover
[0.271s] DEBUG:colcon.colcon_installed_package_information.package_discovery:Found 4 installed packages in /home/katie/turtlebot3_ws/install
[0.273s] DEBUG:colcon.colcon_installed_package_information.package_discovery:Found 416 installed packages in /opt/ros/humble
[0.276s] Level 1:colcon.colcon_core.package_discovery:discover_packages(prefix_path) using defaults
[0.335s] Level 5:colcon.colcon_core.verb:set package 'book_database' build argument 'cmake_args' from command line to 'None'
[0.335s] Level 5:colcon.colcon_core.verb:set package 'book_database' build argument 'cmake_target' from command line to 'None'
[0.335s] Level 5:colcon.colcon_core.verb:set package 'book_database' build argument 'cmake_target_skip_unavailable' from command line to 'False'
[0.335s] Level 5:colcon.colcon_core.verb:set package 'book_database' build argument 'cmake_clean_cache' from command line to 'False'
[0.335s] Level 5:colcon.colcon_core.verb:set package 'book_database' build argument 'cmake_clean_first' from command line to 'False'
[0.335s] Level 5:colcon.colcon_core.verb:set package 'book_database' build argument 'cmake_force_configure' from command line to 'False'
[0.335s] Level 5:colcon.colcon_core.verb:set package 'book_database' build argument 'ament_cmake_args' from command line to 'None'
[0.335s] Level 5:colcon.colcon_core.verb:set package 'book_database' build argument 'catkin_cmake_args' from command line to 'None'
[0.335s] Level 5:colcon.colcon_core.verb:set package 'book_database' build argument 'catkin_skip_building_tests' from command line to 'False'
[0.335s] DEBUG:colcon.colcon_core.verb:Building package 'book_database' with the following arguments: {'ament_cmake_args': None, 'build_base': '/home/katie/turtlebot3_ws/build/book_database', 'catkin_cmake_args': None, 'catkin_skip_building_tests': False, 'cmake_args': None, 'cmake_clean_cache': False, 'cmake_clean_first': False, 'cmake_force_configure': False, 'cmake_target': None, 'cmake_target_skip_unavailable': False, 'install_base': '/home/katie/turtlebot3_ws/install/book_database', 'merge_install': False, 'path': '/home/katie/turtlebot3_ws/book_database', 'symlink_install': False, 'test_result_base': None}
[0.336s] Level 5:colcon.colcon_core.verb:set package 'gallery_database' build argument 'cmake_args' from command line to 'None'
[0.336s] Level 5:colcon.colcon_core.verb:set package 'gallery_database' build argument 'cmake_target' from command line to 'None'
[0.336s] Level 5:colcon.colcon_core.verb:set package 'gallery_database' build argument 'cmake_target_skip_unavailable' from command line to 'False'
[0.336s] Level 5:colcon.colcon_core.verb:set package 'gallery_database' build argument 'cmake_clean_cache' from command line to 'False'
[0.336s] Level 5:colcon.colcon_core.verb:set package 'gallery_database' build argument 'cmake_clean_first' from command line to 'False'
[0.336s] Level 5:colcon.colcon_core.verb:set package 'gallery_database' build argument 'cmake_force_configure' from command line to 'False'
[0.336s] Level 5:colcon.colcon_core.verb:set package 'gallery_database' build argument 'ament_cmake_args' from command line to 'None'
[0.336s] Level 5:colcon.colcon_core.verb:set package 'gallery_database' build argument 'catkin_cmake_args' from command line to 'None'
[0.336s] Level 5:colcon.colcon_core.verb:set package 'gallery_database' build argument 'catkin_skip_building_tests' from command line to 'False'
[0.336s] DEBUG:colcon.colcon_core.verb:Building package 'gallery_database' with the following arguments: {'ament_cmake_args': None, 'build_base': '/home/katie/turtlebot3_ws/build/gallery_database', 'catkin_cmake_args': None, 'catkin_skip_building_tests': False, 'cmake_args': None, 'cmake_clean_cache': False, 'cmake_clean_first': False, 'cmake_force_configure': False, 'cmake_target': None, 'cmake_target_skip_unavailable': False, 'install_base': '/home/katie/turtlebot3_ws/install/gallery_database', 'merge_install': False, 'path': '/home/katie/turtlebot3_ws/kane_gui', 'symlink_install': False, 'test_result_base': None}
[0.336s] Level 5:colcon.colcon_core.verb:set package 'move_pepper' build argument 'cmake_args' from command line to 'None'
[0.336s] Level 5:colcon.colcon_core.verb:set package 'move_pepper' build argument 'cmake_target' from command line to 'None'
[0.336s] Level 5:colcon.colcon_core.verb:set package 'move_pepper' build argument 'cmake_target_skip_unavailable' from command line to 'False'
[0.336s] Level 5:colcon.colcon_core.verb:set package 'move_pepper' build argument 'cmake_clean_cache' from command line to 'False'
[0.336s] Level 5:colcon.colcon_core.verb:set package 'move_pepper' build argument 'cmake_clean_first' from command line to 'False'
[0.336s] Level 5:colcon.colcon_core.verb:set package 'move_pepper' build argument 'cmake_force_configure' from command line to 'False'
[0.336s] Level 5:colcon.colcon_core.verb:set package 'move_pepper' build argument 'ament_cmake_args' from command line to 'None'
[0.336s] Level 5:colcon.colcon_core.verb:set package 'move_pepper' build argument 'catkin_cmake_args' from command line to 'None'
[0.336s] Level 5:colcon.colcon_core.verb:set package 'move_pepper' build argument 'catkin_skip_building_tests' from command line to 'False'
[0.337s] DEBUG:colcon.colcon_core.verb:Building package 'move_pepper' with the following arguments: {'ament_cmake_args': None, 'build_base': '/home/katie/turtlebot3_ws/build/move_pepper', 'catkin_cmake_args': None, 'catkin_skip_building_tests': False, 'cmake_args': None, 'cmake_clean_cache': False, 'cmake_clean_first': False, 'cmake_force_configure': False, 'cmake_target': None, 'cmake_target_skip_unavailable': False, 'install_base': '/home/katie/turtlebot3_ws/install/move_pepper', 'merge_install': False, 'path': '/home/katie/turtlebot3_ws/src/move_pepper', 'symlink_install': False, 'test_result_base': None}
[0.337s] Level 5:colcon.colcon_core.verb:set package 'pepper_autonomy' build argument 'cmake_args' from command line to 'None'
[0.337s] Level 5:colcon.colcon_core.verb:set package 'pepper_autonomy' build argument 'cmake_target' from command line to 'None'
[0.337s] Level 5:colcon.colcon_core.verb:set package 'pepper_autonomy' build argument 'cmake_target_skip_unavailable' from command line to 'False'
[0.337s] Level 5:colcon.colcon_core.verb:set package 'pepper_autonomy' build argument 'cmake_clean_cache' from command line to 'False'
[0.337s] Level 5:colcon.colcon_core.verb:set package 'pepper_autonomy' build argument 'cmake_clean_first' from command line to 'False'
[0.337s] Level 5:colcon.colcon_core.verb:set package 'pepper_autonomy' build argument 'cmake_force_configure' from command line to 'False'
[0.337s] Level 5:colcon.colcon_core.verb:set package 'pepper_autonomy' build argument 'ament_cmake_args' from command line to 'None'
[0.337s] Level 5:colcon.colcon_core.verb:set package 'pepper_autonomy' build argument 'catkin_cmake_args' from command line to 'None'
[0.337s] Level 5:colcon.colcon_core.verb:set package 'pepper_autonomy' build argument 'catkin_skip_building_tests' from command line to 'False'
[0.337s] DEBUG:colcon.colcon_core.verb:Building package 'pepper_autonomy' with the following arguments: {'ament_cmake_args': None, 'build_base': '/home/katie/turtlebot3_ws/build/pepper_autonomy', 'catkin_cmake_args': None, 'catkin_skip_building_tests': False, 'cmake_args': None, 'cmake_clean_cache': False, 'cmake_clean_first': False, 'cmake_force_configure': False, 'cmake_target': None, 'cmake_target_skip_unavailable': False, 'install_base': '/home/katie/turtlebot3_ws/install/pepper_autonomy', 'merge_install': False, 'path': '/home/katie/turtlebot3_ws/src/pepper_autonomy', 'symlink_install': False, 'test_result_base': None}
[0.337s] INFO:colcon.colcon_core.executor:Executing jobs using 'parallel' executor
[0.338s] DEBUG:colcon.colcon_parallel_executor.executor.parallel:run_until_complete
[0.339s] INFO:colcon.colcon_ros.task.ament_cmake.build:Building ROS package in '/home/katie/turtlebot3_ws/book_database' with build type 'ament_cmake'
[0.339s] INFO:colcon.colcon_cmake.task.cmake.build:Building CMake package in '/home/katie/turtlebot3_ws/book_database'
[0.343s] INFO:colcon.colcon_core.plugin_system:Skipping extension 'colcon_core.shell.bat': Not used on non-Windows systems
[0.343s] INFO:colcon.colcon_core.shell:Skip shell extension 'powershell' for command environment: Not usable outside of PowerShell
[0.344s] DEBUG:colcon.colcon_core.shell:Skip shell extension 'dsv' for command environment
[0.349s] INFO:colcon.colcon_ros.task.ament_cmake.build:Building ROS package in '/home/katie/turtlebot3_ws/kane_gui' with build type 'ament_cmake'
[0.349s] INFO:colcon.colcon_cmake.task.cmake.build:Building CMake package in '/home/katie/turtlebot3_ws/kane_gui'
[0.349s] INFO:colcon.colcon_core.shell:Skip shell extension 'powershell' for command environment: Not usable outside of PowerShell
[0.349s] DEBUG:colcon.colcon_core.shell:Skip shell extension 'dsv' for command environment
[0.354s] INFO:colcon.colcon_ros.task.ament_python.build:Building ROS package in '/home/katie/turtlebot3_ws/src/move_pepper' with build type 'ament_python'
[0.354s] Level 1:colcon.colcon_core.shell:create_environment_hook('move_pepper', 'ament_prefix_path')
[0.355s] INFO:colcon.colcon_core.shell:Creating environment hook '/home/katie/turtlebot3_ws/install/move_pepper/share/move_pepper/hook/ament_prefix_path.ps1'
[0.356s] INFO:colcon.colcon_core.shell:Creating environment descriptor '/home/katie/turtlebot3_ws/install/move_pepper/share/move_pepper/hook/ament_prefix_path.dsv'
[0.356s] INFO:colcon.colcon_core.shell:Creating environment hook '/home/katie/turtlebot3_ws/install/move_pepper/share/move_pepper/hook/ament_prefix_path.sh'
[0.357s] INFO:colcon.colcon_core.shell:Skip shell extension 'powershell' for command environment: Not usable outside of PowerShell
[0.357s] DEBUG:colcon.colcon_core.shell:Skip shell extension 'dsv' for command environment
[0.362s] INFO:colcon.colcon_ros.task.ament_cmake.build:Building ROS package in '/home/katie/turtlebot3_ws/src/pepper_autonomy' with build type 'ament_cmake'
[0.362s] INFO:colcon.colcon_cmake.task.cmake.build:Building CMake package in '/home/katie/turtlebot3_ws/src/pepper_autonomy'
[0.362s] INFO:colcon.colcon_core.shell:Skip shell extension 'powershell' for command environment: Not usable outside of PowerShell
[0.362s] DEBUG:colcon.colcon_core.shell:Skip shell extension 'dsv' for command environment
[0.379s] DEBUG:colcon.colcon_core.event_handler.log_command:Invoking command in '/home/katie/turtlebot3_ws/build/book_database': CMAKE_PREFIX_PATH=${CMAKE_PREFIX_PATH}:/home/katie/turtlebot3_ws/install/move_pepper:/opt/ros/humble /usr/bin/cmake --build /home/katie/turtlebot3_ws/build/book_database -- -j8 -l8
[0.383s] DEBUG:colcon.colcon_core.event_handler.log_command:Invoking command in '/home/katie/turtlebot3_ws/build/gallery_database': CMAKE_PREFIX_PATH=${CMAKE_PREFIX_PATH}:/home/katie/turtlebot3_ws/install/move_pepper:/opt/ros/humble /usr/bin/cmake --build /home/katie/turtlebot3_ws/build/gallery_database -- -j8 -l8
[0.701s] INFO:colcon.colcon_core.task.python.build:Building Python package in '/home/katie/turtlebot3_ws/src/move_pepper'
[0.702s] INFO:colcon.colcon_core.shell:Skip shell extension 'powershell' for command environment: Not usable outside of PowerShell
[0.702s] DEBUG:colcon.colcon_core.shell:Skip shell extension 'dsv' for command environment
[0.718s] DEBUG:colcon.colcon_core.event_handler.log_command:Invoked command in '/home/katie/turtlebot3_ws/build/gallery_database' returned '0': CMAKE_PREFIX_PATH=${CMAKE_PREFIX_PATH}:/home/katie/turtlebot3_ws/install/move_pepper:/opt/ros/humble /usr/bin/cmake --build /home/katie/turtlebot3_ws/build/gallery_database -- -j8 -l8
[0.748s] DEBUG:colcon.colcon_core.event_handler.log_command:Invoking command in '/home/katie/turtlebot3_ws/build/gallery_database': CMAKE_PREFIX_PATH=${CMAKE_PREFIX_PATH}:/home/katie/turtlebot3_ws/install/move_pepper:/opt/ros/humble /usr/bin/cmake --install /home/katie/turtlebot3_ws/build/gallery_database
[0.761s] DEBUG:colcon.colcon_core.event_handler.log_command:Invoking command in '/home/katie/turtlebot3_ws/build/pepper_autonomy': CMAKE_PREFIX_PATH=${CMAKE_PREFIX_PATH}:/home/katie/turtlebot3_ws/install/move_pepper:/opt/ros/humble /usr/bin/cmake --build /home/katie/turtlebot3_ws/build/pepper_autonomy -- -j8 -l8
[0.796s] DEBUG:colcon.colcon_core.event_handler.log_command:Invoked command in '/home/katie/turtlebot3_ws/build/book_database' returned '0': CMAKE_PREFIX_PATH=${CMAKE_PREFIX_PATH}:/home/katie/turtlebot3_ws/install/move_pepper:/opt/ros/humble /usr/bin/cmake --build /home/katie/turtlebot3_ws/build/book_database -- -j8 -l8
[0.796s] Level 1:colcon.colcon_core.environment:create_environment_scripts_only(gallery_database)
[0.797s] DEBUG:colcon.colcon_core.event_handler.log_command:Invoking command in '/home/katie/turtlebot3_ws/build/book_database': CMAKE_PREFIX_PATH=${CMAKE_PREFIX_PATH}:/home/katie/turtlebot3_ws/install/move_pepper:/opt/ros/humble /usr/bin/cmake --install /home/katie/turtlebot3_ws/build/book_database
[0.798s] DEBUG:colcon.colcon_core.event_handler.log_command:Invoked command in '/home/katie/turtlebot3_ws/build/gallery_database' returned '0': CMAKE_PREFIX_PATH=${CMAKE_PREFIX_PATH}:/home/katie/turtlebot3_ws/install/move_pepper:/opt/ros/humble /usr/bin/cmake --install /home/katie/turtlebot3_ws/build/gallery_database
[0.802s] Level 1:colcon.colcon_core.environment:checking '/home/katie/turtlebot3_ws/install/gallery_database' for CMake module files
[0.802s] Level 1:colcon.colcon_core.environment:checking '/home/katie/turtlebot3_ws/install/gallery_database' for CMake config files
[0.803s] Level 1:colcon.colcon_core.shell:create_environment_hook('gallery_database', 'cmake_prefix_path')
[0.803s] INFO:colcon.colcon_core.shell:Creating environment hook '/home/katie/turtlebot3_ws/install/gallery_database/share/gallery_database/hook/cmake_prefix_path.ps1'
[0.804s] INFO:colcon.colcon_core.shell:Creating environment descriptor '/home/katie/turtlebot3_ws/install/gallery_database/share/gallery_database/hook/cmake_prefix_path.dsv'
[0.805s] INFO:colcon.colcon_core.shell:Creating environment hook '/home/katie/turtlebot3_ws/install/gallery_database/share/gallery_database/hook/cmake_prefix_path.sh'
[0.807s] Level 1:colcon.colcon_core.environment:checking '/home/katie/turtlebot3_ws/install/gallery_database/lib'
[0.808s] Level 1:colcon.colcon_core.environment:checking '/home/katie/turtlebot3_ws/install/gallery_database/bin'
[0.808s] Level 1:colcon.colcon_core.environment:checking '/home/katie/turtlebot3_ws/install/gallery_database/lib/pkgconfig/gallery_database.pc'
[0.808s] Level 1:colcon.colcon_core.environment:checking '/home/katie/turtlebot3_ws/install/gallery_database/lib/python3.10/site-packages'
[0.809s] Level 1:colcon.colcon_core.environment:checking '/home/katie/turtlebot3_ws/install/gallery_database/bin'
[0.809s] INFO:colcon.colcon_core.shell:Creating package script '/home/katie/turtlebot3_ws/install/gallery_database/share/gallery_database/package.ps1'
[0.811s] INFO:colcon.colcon_core.shell:Creating package descriptor '/home/katie/turtlebot3_ws/install/gallery_database/share/gallery_database/package.dsv'
[0.812s] INFO:colcon.colcon_core.shell:Creating package script '/home/katie/turtlebot3_ws/install/gallery_database/share/gallery_database/package.sh'
[0.814s] INFO:colcon.colcon_core.shell:Creating package script '/home/katie/turtlebot3_ws/install/gallery_database/share/gallery_database/package.bash'
[0.815s] INFO:colcon.colcon_core.shell:Creating package script '/home/katie/turtlebot3_ws/install/gallery_database/share/gallery_database/package.zsh'
[0.817s] Level 1:colcon.colcon_core.environment:create_file_with_runtime_dependencies(/home/katie/turtlebot3_ws/install/gallery_database/share/colcon-core/packages/gallery_database)
[0.818s] Level 1:colcon.colcon_core.environment:create_environment_scripts_only(gallery_database)
[0.818s] Level 1:colcon.colcon_core.environment:checking '/home/katie/turtlebot3_ws/install/gallery_database' for CMake module files
[0.818s] Level 1:colcon.colcon_core.environment:checking '/home/katie/turtlebot3_ws/install/gallery_database' for CMake config files
[0.819s] Level 1:colcon.colcon_core.shell:create_environment_hook('gallery_database', 'cmake_prefix_path')
[0.819s] INFO:colcon.colcon_core.shell:Creating environment hook '/home/katie/turtlebot3_ws/install/gallery_database/share/gallery_database/hook/cmake_prefix_path.ps1'
[0.820s] INFO:colcon.colcon_core.shell:Creating environment descriptor '/home/katie/turtlebot3_ws/install/gallery_database/share/gallery_database/hook/cmake_prefix_path.dsv'
[0.820s] INFO:colcon.colcon_core.shell:Creating environment hook '/home/katie/turtlebot3_ws/install/gallery_database/share/gallery_database/hook/cmake_prefix_path.sh'
[0.821s] Level 1:colcon.colcon_core.environment:checking '/home/katie/turtlebot3_ws/install/gallery_database/lib'
[0.821s] Level 1:colcon.colcon_core.environment:checking '/home/katie/turtlebot3_ws/install/gallery_database/bin'
[0.821s] Level 1:colcon.colcon_core.environment:checking '/home/katie/turtlebot3_ws/install/gallery_database/lib/pkgconfig/gallery_database.pc'
[0.821s] Level 1:colcon.colcon_core.environment:checking '/home/katie/turtlebot3_ws/install/gallery_database/lib/python3.10/site-packages'
[0.822s] Level 1:colcon.colcon_core.environment:checking '/home/katie/turtlebot3_ws/install/gallery_database/bin'
[0.822s] INFO:colcon.colcon_core.shell:Creating package script '/home/katie/turtlebot3_ws/install/gallery_database/share/gallery_database/package.ps1'
[0.823s] INFO:colcon.colcon_core.shell:Creating package descriptor '/home/katie/turtlebot3_ws/install/gallery_database/share/gallery_database/package.dsv'
[0.824s] INFO:colcon.colcon_core.shell:Creating package script '/home/katie/turtlebot3_ws/install/gallery_database/share/gallery_database/package.sh'
[0.824s] INFO:colcon.colcon_core.shell:Creating package script '/home/katie/turtlebot3_ws/install/gallery_database/share/gallery_database/package.bash'
[0.825s] INFO:colcon.colcon_core.shell:Creating package script '/home/katie/turtlebot3_ws/install/gallery_database/share/gallery_database/package.zsh'
[0.825s] Level 1:colcon.colcon_core.environment:create_file_with_runtime_dependencies(/home/katie/turtlebot3_ws/install/gallery_database/share/colcon-core/packages/gallery_database)
[0.827s] Level 1:colcon.colcon_core.environment:create_environment_scripts_only(book_database)
[0.827s] Level 1:colcon.colcon_core.environment:checking '/home/katie/turtlebot3_ws/install/book_database' for CMake module files
[0.828s] DEBUG:colcon.colcon_core.event_handler.log_command:Invoked command in '/home/katie/turtlebot3_ws/build/book_database' returned '0': CMAKE_PREFIX_PATH=${CMAKE_PREFIX_PATH}:/home/katie/turtlebot3_ws/install/move_pepper:/opt/ros/humble /usr/bin/cmake --install /home/katie/turtlebot3_ws/build/book_database
[0.829s] Level 1:colcon.colcon_core.environment:checking '/home/katie/turtlebot3_ws/install/book_database' for CMake config files
[0.829s] Level 1:colcon.colcon_core.shell:create_environment_hook('book_database', 'cmake_prefix_path')
[0.829s] INFO:colcon.colcon_core.shell:Creating environment hook '/home/katie/turtlebot3_ws/install/book_database/share/book_database/hook/cmake_prefix_path.ps1'
[0.830s] INFO:colcon.colcon_core.shell:Creating environment descriptor '/home/katie/turtlebot3_ws/install/book_database/share/book_database/hook/cmake_prefix_path.dsv'
[0.831s] INFO:colcon.colcon_core.shell:Creating environment hook '/home/katie/turtlebot3_ws/install/book_database/share/book_database/hook/cmake_prefix_path.sh'
[0.831s] Level 1:colcon.colcon_core.environment:checking '/home/katie/turtlebot3_ws/install/book_database/lib'
[0.831s] Level 1:colcon.colcon_core.environment:checking '/home/katie/turtlebot3_ws/install/book_database/bin'
[0.831s] Level 1:colcon.colcon_core.environment:checking '/home/katie/turtlebot3_ws/install/book_database/lib/pkgconfig/book_database.pc'
[0.832s] Level 1:colcon.colcon_core.environment:checking '/home/katie/turtlebot3_ws/install/book_database/lib/python3.10/site-packages'
[0.832s] Level 1:colcon.colcon_core.environment:checking '/home/katie/turtlebot3_ws/install/book_database/bin'
[0.832s] INFO:colcon.colcon_core.shell:Creating package script '/home/katie/turtlebot3_ws/install/book_database/share/book_database/package.ps1'
[0.833s] INFO:colcon.colcon_core.shell:Creating package descriptor '/home/katie/turtlebot3_ws/install/book_database/share/book_database/package.dsv'
[0.834s] INFO:colcon.colcon_core.shell:Creating package script '/home/katie/turtlebot3_ws/install/book_database/share/book_database/package.sh'
[0.834s] INFO:colcon.colcon_core.shell:Creating package script '/home/katie/turtlebot3_ws/install/book_database/share/book_database/package.bash'
[0.835s] INFO:colcon.colcon_core.shell:Creating package script '/home/katie/turtlebot3_ws/install/book_database/share/book_database/package.zsh'
[0.835s] Level 1:colcon.colcon_core.environment:create_file_with_runtime_dependencies(/home/katie/turtlebot3_ws/install/book_database/share/colcon-core/packages/book_database)
[0.836s] Level 1:colcon.colcon_core.environment:create_environment_scripts_only(book_database)
[0.837s] Level 1:colcon.colcon_core.environment:checking '/home/katie/turtlebot3_ws/install/book_database' for CMake module files
[0.837s] Level 1:colcon.colcon_core.environment:checking '/home/katie/turtlebot3_ws/install/book_database' for CMake config files
[0.837s] Level 1:colcon.colcon_core.shell:create_environment_hook('book_database', 'cmake_prefix_path')
[0.838s] INFO:colcon.colcon_core.shell:Creating environment hook '/home/katie/turtlebot3_ws/install/book_database/share/book_database/hook/cmake_prefix_path.ps1'
[0.838s] INFO:colcon.colcon_core.shell:Creating environment descriptor '/home/katie/turtlebot3_ws/install/book_database/share/book_database/hook/cmake_prefix_path.dsv'
[0.839s] INFO:colcon.colcon_core.shell:Creating environment hook '/home/katie/turtlebot3_ws/install/book_database/share/book_database/hook/cmake_prefix_path.sh'
[0.840s] Level 1:colcon.colcon_core.environment:checking '/home/katie/turtlebot3_ws/install/book_database/lib'
[0.840s] Level 1:colcon.colcon_core.environment:checking '/home/katie/turtlebot3_ws/install/book_database/bin'
[0.840s] Level 1:colcon.colcon_core.environment:checking '/home/katie/turtlebot3_ws/install/book_database/lib/pkgconfig/book_database.pc'
[0.841s] Level 1:colcon.colcon_core.environment:checking '/home/katie/turtlebot3_ws/install/book_database/lib/python3.10/site-packages'
[0.841s] Level 1:colcon.colcon_core.environment:checking '/home/katie/turtlebot3_ws/install/book_database/bin'
[0.841s] INFO:colcon.colcon_core.shell:Creating package script '/home/katie/turtlebot3_ws/install/book_database/share/book_database/package.ps1'
[0.842s] INFO:colcon.colcon_core.shell:Creating package descriptor '/home/katie/turtlebot3_ws/install/book_database/share/book_database/package.dsv'
[0.843s] INFO:colcon.colcon_core.shell:Creating package script '/home/katie/turtlebot3_ws/install/book_database/share/book_database/package.sh'
[0.844s] INFO:colcon.colcon_core.shell:Creating package script '/home/katie/turtlebot3_ws/install/book_database/share/book_database/package.bash'
[0.844s] INFO:colcon.colcon_core.shell:Creating package script '/home/katie/turtlebot3_ws/install/book_database/share/book_database/package.zsh'
[0.845s] Level 1:colcon.colcon_core.environment:create_file_with_runtime_dependencies(/home/katie/turtlebot3_ws/install/book_database/share/colcon-core/packages/book_database)
[1.670s] DEBUG:colcon.colcon_core.event_handler.log_command:Invoking command in '/home/katie/turtlebot3_ws/src/move_pepper': PYTHONPATH=/home/katie/turtlebot3_ws/build/move_pepper/prefix_override:/usr/lib/python3/dist-packages/colcon_core/task/python/colcon_distutils_commands:/home/katie/turtlebot3_ws/install/move_pepper/lib/python3.10/site-packages:${PYTHONPATH} /usr/bin/python3 -W ignore:setup.py install is deprecated -W ignore:easy_install command is deprecated setup.py egg_info --egg-base ../../build/move_pepper build --build-base /home/katie/turtlebot3_ws/build/move_pepper/build install --record /home/katie/turtlebot3_ws/build/move_pepper/install.log --single-version-externally-managed install_data
[2.420s] Level 1:colcon.colcon_core.environment:checking '/home/katie/turtlebot3_ws/install/move_pepper' for CMake module files
[2.421s] DEBUG:colcon.colcon_core.event_handler.log_command:Invoked command in '/home/katie/turtlebot3_ws/src/move_pepper' returned '0': PYTHONPATH=/home/katie/turtlebot3_ws/build/move_pepper/prefix_override:/usr/lib/python3/dist-packages/colcon_core/task/python/colcon_distutils_commands:/home/katie/turtlebot3_ws/install/move_pepper/lib/python3.10/site-packages:${PYTHONPATH} /usr/bin/python3 -W ignore:setup.py install is deprecated -W ignore:easy_install command is deprecated setup.py egg_info --egg-base ../../build/move_pepper build --build-base /home/katie/turtlebot3_ws/build/move_pepper/build install --record /home/katie/turtlebot3_ws/build/move_pepper/install.log --single-version-externally-managed install_data
[2.422s] Level 1:colcon.colcon_core.environment:checking '/home/katie/turtlebot3_ws/install/move_pepper' for CMake config files
[2.423s] Level 1:colcon.colcon_core.environment:checking '/home/katie/turtlebot3_ws/install/move_pepper/lib'
[2.423s] Level 1:colcon.colcon_core.environment:checking '/home/katie/turtlebot3_ws/install/move_pepper/bin'
[2.423s] Level 1:colcon.colcon_core.environment:checking '/home/katie/turtlebot3_ws/install/move_pepper/lib/pkgconfig/move_pepper.pc'
[2.423s] Level 1:colcon.colcon_core.environment:checking '/home/katie/turtlebot3_ws/install/move_pepper/lib/python3.10/site-packages'
[2.423s] Level 1:colcon.colcon_core.shell:create_environment_hook('move_pepper', 'pythonpath')
[2.424s] INFO:colcon.colcon_core.shell:Creating environment hook '/home/katie/turtlebot3_ws/install/move_pepper/share/move_pepper/hook/pythonpath.ps1'
[2.424s] INFO:colcon.colcon_core.shell:Creating environment descriptor '/home/katie/turtlebot3_ws/install/move_pepper/share/move_pepper/hook/pythonpath.dsv'
[2.425s] INFO:colcon.colcon_core.shell:Creating environment hook '/home/katie/turtlebot3_ws/install/move_pepper/share/move_pepper/hook/pythonpath.sh'
[2.426s] Level 1:colcon.colcon_core.environment:checking '/home/katie/turtlebot3_ws/install/move_pepper/bin'
[2.426s] Level 1:colcon.colcon_core.environment:create_environment_scripts_only(move_pepper)
[2.426s] INFO:colcon.colcon_core.shell:Creating package script '/home/katie/turtlebot3_ws/install/move_pepper/share/move_pepper/package.ps1'
[2.427s] INFO:colcon.colcon_core.shell:Creating package descriptor '/home/katie/turtlebot3_ws/install/move_pepper/share/move_pepper/package.dsv'
[2.427s] INFO:colcon.colcon_core.shell:Creating package script '/home/katie/turtlebot3_ws/install/move_pepper/share/move_pepper/package.sh'
[2.428s] INFO:colcon.colcon_core.shell:Creating package script '/home/katie/turtlebot3_ws/install/move_pepper/share/move_pepper/package.bash'
[2.428s] INFO:colcon.colcon_core.shell:Creating package script '/home/katie/turtlebot3_ws/install/move_pepper/share/move_pepper/package.zsh'
[2.429s] Level 1:colcon.colcon_core.environment:create_file_with_runtime_dependencies(/home/katie/turtlebot3_ws/install/move_pepper/share/colcon-core/packages/move_pepper)
[11.035s] DEBUG:colcon.colcon_core.event_handler.log_command:Invoked command in '/home/katie/turtlebot3_ws/build/pepper_autonomy' returned '0': CMAKE_PREFIX_PATH=${CMAKE_PREFIX_PATH}:/home/katie/turtlebot3_ws/install/move_pepper:/opt/ros/humble /usr/bin/cmake --build /home/katie/turtlebot3_ws/build/pepper_autonomy -- -j8 -l8
[11.037s] DEBUG:colcon.colcon_core.event_handler.log_command:Invoking command in '/home/katie/turtlebot3_ws/build/pepper_autonomy': CMAKE_PREFIX_PATH=${CMAKE_PREFIX_PATH}:/home/katie/turtlebot3_ws/install/move_pepper:/opt/ros/humble /usr/bin/cmake --install /home/katie/turtlebot3_ws/build/pepper_autonomy
[11.062s] Level 1:colcon.colcon_core.environment:create_environment_scripts_only(pepper_autonomy)
[11.063s] Level 1:colcon.colcon_core.environment:checking '/home/katie/turtlebot3_ws/install/pepper_autonomy' for CMake module files
[11.064s] Level 1:colcon.colcon_core.environment:checking '/home/katie/turtlebot3_ws/install/pepper_autonomy' for CMake config files
[11.066s] DEBUG:colcon.colcon_core.event_handler.log_command:Invoked command in '/home/katie/turtlebot3_ws/build/pepper_autonomy' returned '0': CMAKE_PREFIX_PATH=${CMAKE_PREFIX_PATH}:/home/katie/turtlebot3_ws/install/move_pepper:/opt/ros/humble /usr/bin/cmake --install /home/katie/turtlebot3_ws/build/pepper_autonomy
[11.067s] Level 1:colcon.colcon_core.shell:create_environment_hook('pepper_autonomy', 'cmake_prefix_path')
[11.067s] INFO:colcon.colcon_core.shell:Creating environment hook '/home/katie/turtlebot3_ws/install/pepper_autonomy/share/pepper_autonomy/hook/cmake_prefix_path.ps1'
[11.069s] INFO:colcon.colcon_core.shell:Creating environment descriptor '/home/katie/turtlebot3_ws/install/pepper_autonomy/share/pepper_autonomy/hook/cmake_prefix_path.dsv'
[11.070s] INFO:colcon.colcon_core.shell:Creating environment hook '/home/katie/turtlebot3_ws/install/pepper_autonomy/share/pepper_autonomy/hook/cmake_prefix_path.sh'
[11.072s] Level 1:colcon.colcon_core.environment:checking '/home/katie/turtlebot3_ws/install/pepper_autonomy/lib'
[11.072s] Level 1:colcon.colcon_core.environment:checking '/home/katie/turtlebot3_ws/install/pepper_autonomy/bin'
[11.072s] Level 1:colcon.colcon_core.environment:checking '/home/katie/turtlebot3_ws/install/pepper_autonomy/lib/pkgconfig/pepper_autonomy.pc'
[11.073s] Level 1:colcon.colcon_core.environment:checking '/home/katie/turtlebot3_ws/install/pepper_autonomy/lib/python3.10/site-packages'
[11.073s] Level 1:colcon.colcon_core.environment:checking '/home/katie/turtlebot3_ws/install/pepper_autonomy/bin'
[11.074s] INFO:colcon.colcon_core.shell:Creating package script '/home/katie/turtlebot3_ws/install/pepper_autonomy/share/pepper_autonomy/package.ps1'
[11.076s] INFO:colcon.colcon_core.shell:Creating package descriptor '/home/katie/turtlebot3_ws/install/pepper_autonomy/share/pepper_autonomy/package.dsv'
[11.077s] INFO:colcon.colcon_core.shell:Creating package script '/home/katie/turtlebot3_ws/install/pepper_autonomy/share/pepper_autonomy/package.sh'
[11.078s] INFO:colcon.colcon_core.shell:Creating package script '/home/katie/turtlebot3_ws/install/pepper_autonomy/share/pepper_autonomy/package.bash'
[11.080s] INFO:colcon.colcon_core.shell:Creating package script '/home/katie/turtlebot3_ws/install/pepper_autonomy/share/pepper_autonomy/package.zsh'
[11.081s] Level 1:colcon.colcon_core.environment:create_file_with_runtime_dependencies(/home/katie/turtlebot3_ws/install/pepper_autonomy/share/colcon-core/packages/pepper_autonomy)
[11.083s] Level 1:colcon.colcon_core.environment:create_environment_scripts_only(pepper_autonomy)
[11.083s] Level 1:colcon.colcon_core.environment:checking '/home/katie/turtlebot3_ws/install/pepper_autonomy' for CMake module files
[11.085s] Level 1:colcon.colcon_core.environment:checking '/home/katie/turtlebot3_ws/install/pepper_autonomy' for CMake config files
[11.086s] Level 1:colcon.colcon_core.shell:create_environment_hook('pepper_autonomy', 'cmake_prefix_path')
[11.087s] INFO:colcon.colcon_core.shell:Creating environment hook '/home/katie/turtlebot3_ws/install/pepper_autonomy/share/pepper_autonomy/hook/cmake_prefix_path.ps1'
[11.088s] INFO:colcon.colcon_core.shell:Creating environment descriptor '/home/katie/turtlebot3_ws/install/pepper_autonomy/share/pepper_autonomy/hook/cmake_prefix_path.dsv'
[11.089s] INFO:colcon.colcon_core.shell:Creating environment hook '/home/katie/turtlebot3_ws/install/pepper_autonomy/share/pepper_autonomy/hook/cmake_prefix_path.sh'
[11.090s] Level 1:colcon.colcon_core.environment:checking '/home/katie/turtlebot3_ws/install/pepper_autonomy/lib'
[11.091s] Level 1:colcon.colcon_core.environment:checking '/home/katie/turtlebot3_ws/install/pepper_autonomy/bin'
[11.091s] Level 1:colcon.colcon_core.environment:checking '/home/katie/turtlebot3_ws/install/pepper_autonomy/lib/pkgconfig/pepper_autonomy.pc'
[11.092s] Level 1:colcon.colcon_core.environment:checking '/home/katie/turtlebot3_ws/install/pepper_autonomy/lib/python3.10/site-packages'
[11.092s] Level 1:colcon.colcon_core.environment:checking '/home/katie/turtlebot3_ws/install/pepper_autonomy/bin'
[11.093s] INFO:colcon.colcon_core.shell:Creating package script '/home/katie/turtlebot3_ws/install/pepper_autonomy/share/pepper_autonomy/package.ps1'
[11.095s] INFO:colcon.colcon_core.shell:Creating package descriptor '/home/katie/turtlebot3_ws/install/pepper_autonomy/share/pepper_autonomy/package.dsv'
[11.096s] INFO:colcon.colcon_core.shell:Creating package script '/home/katie/turtlebot3_ws/install/pepper_autonomy/share/pepper_autonomy/package.sh'
[11.097s] INFO:colcon.colcon_core.shell:Creating package script '/home/katie/turtlebot3_ws/install/pepper_autonomy/share/pepper_autonomy/package.bash'
[11.098s] INFO:colcon.colcon_core.shell:Creating package script '/home/katie/turtlebot3_ws/install/pepper_autonomy/share/pepper_autonomy/package.zsh'
[11.100s] Level 1:colcon.colcon_core.environment:create_file_with_runtime_dependencies(/home/katie/turtlebot3_ws/install/pepper_autonomy/share/colcon-core/packages/pepper_autonomy)
[11.100s] DEBUG:colcon.colcon_parallel_executor.executor.parallel:closing loop
[11.101s] DEBUG:colcon.colcon_parallel_executor.executor.parallel:loop closed
[11.101s] DEBUG:colcon.colcon_parallel_executor.executor.parallel:run_until_complete finished with '0'
[11.102s] DEBUG:colcon.colcon_core.event_reactor:joining thread
[11.110s] INFO:colcon.colcon_core.plugin_system:Skipping extension 'colcon_notification.desktop_notification.terminal_notifier': Not used on non-Darwin systems
[11.110s] INFO:colcon.colcon_core.plugin_system:Skipping extension 'colcon_notification.desktop_notification.win32': Not used on non-Windows systems
[11.110s] INFO:colcon.colcon_notification.desktop_notification:Sending desktop notification using 'notify2'
[11.138s] DEBUG:colcon.colcon_core.event_reactor:joined thread
[11.139s] INFO:colcon.colcon_core.shell:Creating prefix script '/home/katie/turtlebot3_ws/install/local_setup.ps1'
[11.143s] INFO:colcon.colcon_core.shell:Creating prefix util module '/home/katie/turtlebot3_ws/install/_local_setup_util_ps1.py'
[11.149s] INFO:colcon.colcon_core.shell:Creating prefix chain script '/home/katie/turtlebot3_ws/install/setup.ps1'
[11.152s] INFO:colcon.colcon_core.shell:Creating prefix script '/home/katie/turtlebot3_ws/install/local_setup.sh'
[11.155s] INFO:colcon.colcon_core.shell:Creating prefix util module '/home/katie/turtlebot3_ws/install/_local_setup_util_sh.py'
[11.156s] INFO:colcon.colcon_core.shell:Creating prefix chain script '/home/katie/turtlebot3_ws/install/setup.sh'
[11.160s] INFO:colcon.colcon_core.shell:Creating prefix script '/home/katie/turtlebot3_ws/install/local_setup.bash'
[11.162s] INFO:colcon.colcon_core.shell:Creating prefix chain script '/home/katie/turtlebot3_ws/install/setup.bash'
[11.166s] INFO:colcon.colcon_core.shell:Creating prefix script '/home/katie/turtlebot3_ws/install/local_setup.zsh'
[11.168s] INFO:colcon.colcon_core.shell:Creating prefix chain script '/home/katie/turtlebot3_ws/install/setup.zsh'
