[0.040s] Invoking command in '/home/ubuntu/Desktop/RS2/build/turtlebot3_navigation2': CMAKE_PREFIX_PATH=/opt/ros/humble /usr/bin/cmake /home/ubuntu/Desktop/RS2/turtlebot3/turtlebot3_navigation2 -DCMAKE_INSTALL_PREFIX=/home/ubuntu/Desktop/RS2/install/turtlebot3_navigation2
[0.064s] -- Found ament_cmake: 1.3.11 (/opt/ros/humble/share/ament_cmake/cmake)
[0.223s] -- Override CMake install command with custom implementation using symlinks instead of copying resources
[0.354s] -- Configuring done
[0.364s] -- Generating done
[0.365s] -- Build files have been written to: /home/ubuntu/Desktop/RS2/build/turtlebot3_navigation2
[0.372s] Invoked command in '/home/ubuntu/Desktop/RS2/build/turtlebot3_navigation2' returned '0': CMAKE_PREFIX_PATH=/opt/ros/humble /usr/bin/cmake /home/ubuntu/Desktop/RS2/turtlebot3/turtlebot3_navigation2 -DCMAKE_INSTALL_PREFIX=/home/ubuntu/Desktop/RS2/install/turtlebot3_navigation2
[0.372s] Invoking command in '/home/ubuntu/Desktop/RS2/build/turtlebot3_navigation2': CMAKE_PREFIX_PATH=/opt/ros/humble /usr/bin/cmake --build /home/ubuntu/Desktop/RS2/build/turtlebot3_navigation2 -- -j2 -l2
[0.452s] Invoked command in '/home/ubuntu/Desktop/RS2/build/turtlebot3_navigation2' returned '0': CMAKE_PREFIX_PATH=/opt/ros/humble /usr/bin/cmake --build /home/ubuntu/Desktop/RS2/build/turtlebot3_navigation2 -- -j2 -l2
[0.466s] Invoking command in '/home/ubuntu/Desktop/RS2/build/turtlebot3_navigation2': CMAKE_PREFIX_PATH=/opt/ros/humble /usr/bin/cmake --install /home/ubuntu/Desktop/RS2/build/turtlebot3_navigation2
[0.488s] -- Install configuration: ""
[0.491s] -- Execute custom install script
[0.491s] -- Up-to-date symlink: /home/ubuntu/Desktop/RS2/install/turtlebot3_navigation2/share/turtlebot3_navigation2/launch/navigation2.launch.py
[0.491s] -- Up-to-date symlink: /home/ubuntu/Desktop/RS2/install/turtlebot3_navigation2/share/turtlebot3_navigation2/map/map.pgm
[0.492s] -- Up-to-date symlink: /home/ubuntu/Desktop/RS2/install/turtlebot3_navigation2/share/turtlebot3_navigation2/map/map.yaml
[0.492s] -- Up-to-date symlink: /home/ubuntu/Desktop/RS2/install/turtlebot3_navigation2/share/turtlebot3_navigation2/param/burger.yaml
[0.492s] -- Up-to-date symlink: /home/ubuntu/Desktop/RS2/install/turtlebot3_navigation2/share/turtlebot3_navigation2/param/waffle.yaml
[0.500s] -- Up-to-date symlink: /home/ubuntu/Desktop/RS2/install/turtlebot3_navigation2/share/turtlebot3_navigation2/param/waffle_pi.yaml
[0.500s] -- Up-to-date symlink: /home/ubuntu/Desktop/RS2/install/turtlebot3_navigation2/share/turtlebot3_navigation2/rviz/tb3_navigation2.rviz
[0.500s] -- Up-to-date symlink: /home/ubuntu/Desktop/RS2/install/turtlebot3_navigation2/share/ament_index/resource_index/package_run_dependencies/turtlebot3_navigation2
[0.500s] -- Up-to-date symlink: /home/ubuntu/Desktop/RS2/install/turtlebot3_navigation2/share/ament_index/resource_index/parent_prefix_path/turtlebot3_navigation2
[0.500s] -- Up-to-date symlink: /home/ubuntu/Desktop/RS2/install/turtlebot3_navigation2/share/turtlebot3_navigation2/environment/ament_prefix_path.sh
[0.500s] -- Up-to-date symlink: /home/ubuntu/Desktop/RS2/install/turtlebot3_navigation2/share/turtlebot3_navigation2/environment/ament_prefix_path.dsv
[0.500s] -- Up-to-date symlink: /home/ubuntu/Desktop/RS2/install/turtlebot3_navigation2/share/turtlebot3_navigation2/environment/path.sh
[0.500s] -- Up-to-date symlink: /home/ubuntu/Desktop/RS2/install/turtlebot3_navigation2/share/turtlebot3_navigation2/environment/path.dsv
[0.500s] -- Up-to-date symlink: /home/ubuntu/Desktop/RS2/install/turtlebot3_navigation2/share/turtlebot3_navigation2/local_setup.bash
[0.500s] -- Up-to-date symlink: /home/ubuntu/Desktop/RS2/install/turtlebot3_navigation2/share/turtlebot3_navigation2/local_setup.sh
[0.500s] -- Up-to-date symlink: /home/ubuntu/Desktop/RS2/install/turtlebot3_navigation2/share/turtlebot3_navigation2/local_setup.zsh
[0.500s] -- Up-to-date symlink: /home/ubuntu/Desktop/RS2/install/turtlebot3_navigation2/share/turtlebot3_navigation2/local_setup.dsv
[0.500s] -- Symlinking: /home/ubuntu/Desktop/RS2/install/turtlebot3_navigation2/share/turtlebot3_navigation2/package.dsv
[0.545s] -- Up-to-date symlink: /home/ubuntu/Desktop/RS2/install/turtlebot3_navigation2/share/ament_index/resource_index/packages/turtlebot3_navigation2
[0.551s] -- Up-to-date symlink: /home/ubuntu/Desktop/RS2/install/turtlebot3_navigation2/share/turtlebot3_navigation2/cmake/turtlebot3_navigation2Config.cmake
[0.551s] -- Up-to-date symlink: /home/ubuntu/Desktop/RS2/install/turtlebot3_navigation2/share/turtlebot3_navigation2/cmake/turtlebot3_navigation2Config-version.cmake
[0.551s] -- Up-to-date symlink: /home/ubuntu/Desktop/RS2/install/turtlebot3_navigation2/share/turtlebot3_navigation2/package.xml
[0.555s] Invoked command in '/home/ubuntu/Desktop/RS2/build/turtlebot3_navigation2' returned '0': CMAKE_PREFIX_PATH=/opt/ros/humble /usr/bin/cmake --install /home/ubuntu/Desktop/RS2/build/turtlebot3_navigation2
