[0.023s] Invoking command in '/home/ubuntu/Desktop/RS2/build/turtlebot3_simulations': AMENT_PREFIX_PATH=/home/ubuntu/Desktop/RS2/install/turtlebot3_fake_node:/home/ubuntu/Desktop/RS2/install/turtlebot3_msgs:/home/ubuntu/Desktop/RS2/install/turtlebot3_gazebo:${AMENT_PREFIX_PATH} CMAKE_PREFIX_PATH=/home/ubuntu/Desktop/RS2/install/turtlebot3_fake_node:/home/ubuntu/Desktop/RS2/install/turtlebot3_msgs:/home/ubuntu/Desktop/RS2/install/turtlebot3_gazebo:/opt/ros/humble LD_LIBRARY_PATH=/home/ubuntu/Desktop/RS2/install/turtlebot3_msgs/lib:${LD_LIBRARY_PATH} PYTHONPATH=/home/ubuntu/Desktop/RS2/install/turtlebot3_msgs/local/lib/python3.10/dist-packages:${PYTHONPATH} /usr/bin/cmake /home/ubuntu/Desktop/RS2/src/turtlebot3_simulations/turtlebot3_simulations -DCMAKE_INSTALL_PREFIX=/home/ubuntu/Desktop/RS2/install/turtlebot3_simulations
[0.036s] -- Found ament_cmake: 1.3.11 (/opt/ros/humble/share/ament_cmake/cmake)
[0.143s] -- Override CMake install command with custom implementation using symlinks instead of copying resources
[0.204s] -- Configuring done
[0.208s] -- Generating done
[0.214s] -- Build files have been written to: /home/ubuntu/Desktop/RS2/build/turtlebot3_simulations
[0.215s] Invoked command in '/home/ubuntu/Desktop/RS2/build/turtlebot3_simulations' returned '0': AMENT_PREFIX_PATH=/home/ubuntu/Desktop/RS2/install/turtlebot3_fake_node:/home/ubuntu/Desktop/RS2/install/turtlebot3_msgs:/home/ubuntu/Desktop/RS2/install/turtlebot3_gazebo:${AMENT_PREFIX_PATH} CMAKE_PREFIX_PATH=/home/ubuntu/Desktop/RS2/install/turtlebot3_fake_node:/home/ubuntu/Desktop/RS2/install/turtlebot3_msgs:/home/ubuntu/Desktop/RS2/install/turtlebot3_gazebo:/opt/ros/humble LD_LIBRARY_PATH=/home/ubuntu/Desktop/RS2/install/turtlebot3_msgs/lib:${LD_LIBRARY_PATH} PYTHONPATH=/home/ubuntu/Desktop/RS2/install/turtlebot3_msgs/local/lib/python3.10/dist-packages:${PYTHONPATH} /usr/bin/cmake /home/ubuntu/Desktop/RS2/src/turtlebot3_simulations/turtlebot3_simulations -DCMAKE_INSTALL_PREFIX=/home/ubuntu/Desktop/RS2/install/turtlebot3_simulations
[0.216s] Invoking command in '/home/ubuntu/Desktop/RS2/build/turtlebot3_simulations': AMENT_PREFIX_PATH=/home/ubuntu/Desktop/RS2/install/turtlebot3_fake_node:/home/ubuntu/Desktop/RS2/install/turtlebot3_msgs:/home/ubuntu/Desktop/RS2/install/turtlebot3_gazebo:${AMENT_PREFIX_PATH} CMAKE_PREFIX_PATH=/home/ubuntu/Desktop/RS2/install/turtlebot3_fake_node:/home/ubuntu/Desktop/RS2/install/turtlebot3_msgs:/home/ubuntu/Desktop/RS2/install/turtlebot3_gazebo:/opt/ros/humble LD_LIBRARY_PATH=/home/ubuntu/Desktop/RS2/install/turtlebot3_msgs/lib:${LD_LIBRARY_PATH} PYTHONPATH=/home/ubuntu/Desktop/RS2/install/turtlebot3_msgs/local/lib/python3.10/dist-packages:${PYTHONPATH} /usr/bin/cmake --build /home/ubuntu/Desktop/RS2/build/turtlebot3_simulations -- -j2 -l2
[0.244s] Invoked command in '/home/ubuntu/Desktop/RS2/build/turtlebot3_simulations' returned '0': AMENT_PREFIX_PATH=/home/ubuntu/Desktop/RS2/install/turtlebot3_fake_node:/home/ubuntu/Desktop/RS2/install/turtlebot3_msgs:/home/ubuntu/Desktop/RS2/install/turtlebot3_gazebo:${AMENT_PREFIX_PATH} CMAKE_PREFIX_PATH=/home/ubuntu/Desktop/RS2/install/turtlebot3_fake_node:/home/ubuntu/Desktop/RS2/install/turtlebot3_msgs:/home/ubuntu/Desktop/RS2/install/turtlebot3_gazebo:/opt/ros/humble LD_LIBRARY_PATH=/home/ubuntu/Desktop/RS2/install/turtlebot3_msgs/lib:${LD_LIBRARY_PATH} PYTHONPATH=/home/ubuntu/Desktop/RS2/install/turtlebot3_msgs/local/lib/python3.10/dist-packages:${PYTHONPATH} /usr/bin/cmake --build /home/ubuntu/Desktop/RS2/build/turtlebot3_simulations -- -j2 -l2
[0.245s] Invoking command in '/home/ubuntu/Desktop/RS2/build/turtlebot3_simulations': AMENT_PREFIX_PATH=/home/ubuntu/Desktop/RS2/install/turtlebot3_fake_node:/home/ubuntu/Desktop/RS2/install/turtlebot3_msgs:/home/ubuntu/Desktop/RS2/install/turtlebot3_gazebo:${AMENT_PREFIX_PATH} CMAKE_PREFIX_PATH=/home/ubuntu/Desktop/RS2/install/turtlebot3_fake_node:/home/ubuntu/Desktop/RS2/install/turtlebot3_msgs:/home/ubuntu/Desktop/RS2/install/turtlebot3_gazebo:/opt/ros/humble LD_LIBRARY_PATH=/home/ubuntu/Desktop/RS2/install/turtlebot3_msgs/lib:${LD_LIBRARY_PATH} PYTHONPATH=/home/ubuntu/Desktop/RS2/install/turtlebot3_msgs/local/lib/python3.10/dist-packages:${PYTHONPATH} /usr/bin/cmake --install /home/ubuntu/Desktop/RS2/build/turtlebot3_simulations
[0.252s] -- Install configuration: ""
[0.252s] -- Execute custom install script
[0.252s] -- Up-to-date symlink: /home/ubuntu/Desktop/RS2/install/turtlebot3_simulations/share/ament_index/resource_index/package_run_dependencies/turtlebot3_simulations
[0.252s] -- Up-to-date symlink: /home/ubuntu/Desktop/RS2/install/turtlebot3_simulations/share/ament_index/resource_index/parent_prefix_path/turtlebot3_simulations
[0.252s] -- Up-to-date symlink: /home/ubuntu/Desktop/RS2/install/turtlebot3_simulations/share/turtlebot3_simulations/environment/ament_prefix_path.sh
[0.252s] -- Up-to-date symlink: /home/ubuntu/Desktop/RS2/install/turtlebot3_simulations/share/turtlebot3_simulations/environment/ament_prefix_path.dsv
[0.252s] -- Up-to-date symlink: /home/ubuntu/Desktop/RS2/install/turtlebot3_simulations/share/turtlebot3_simulations/environment/path.sh
[0.253s] -- Up-to-date symlink: /home/ubuntu/Desktop/RS2/install/turtlebot3_simulations/share/turtlebot3_simulations/environment/path.dsv
[0.253s] -- Up-to-date symlink: /home/ubuntu/Desktop/RS2/install/turtlebot3_simulations/share/turtlebot3_simulations/local_setup.bash
[0.253s] -- Up-to-date symlink: /home/ubuntu/Desktop/RS2/install/turtlebot3_simulations/share/turtlebot3_simulations/local_setup.sh
[0.253s] -- Up-to-date symlink: /home/ubuntu/Desktop/RS2/install/turtlebot3_simulations/share/turtlebot3_simulations/local_setup.zsh
[0.253s] -- Up-to-date symlink: /home/ubuntu/Desktop/RS2/install/turtlebot3_simulations/share/turtlebot3_simulations/local_setup.dsv
[0.253s] -- Symlinking: /home/ubuntu/Desktop/RS2/install/turtlebot3_simulations/share/turtlebot3_simulations/package.dsv
[0.261s] -- Up-to-date symlink: /home/ubuntu/Desktop/RS2/install/turtlebot3_simulations/share/ament_index/resource_index/packages/turtlebot3_simulations
[0.261s] -- Up-to-date symlink: /home/ubuntu/Desktop/RS2/install/turtlebot3_simulations/share/turtlebot3_simulations/cmake/turtlebot3_simulationsConfig.cmake
[0.261s] -- Up-to-date symlink: /home/ubuntu/Desktop/RS2/install/turtlebot3_simulations/share/turtlebot3_simulations/cmake/turtlebot3_simulationsConfig-version.cmake
[0.261s] -- Up-to-date symlink: /home/ubuntu/Desktop/RS2/install/turtlebot3_simulations/share/turtlebot3_simulations/package.xml
[0.262s] Invoked command in '/home/ubuntu/Desktop/RS2/build/turtlebot3_simulations' returned '0': AMENT_PREFIX_PATH=/home/ubuntu/Desktop/RS2/install/turtlebot3_fake_node:/home/ubuntu/Desktop/RS2/install/turtlebot3_msgs:/home/ubuntu/Desktop/RS2/install/turtlebot3_gazebo:${AMENT_PREFIX_PATH} CMAKE_PREFIX_PATH=/home/ubuntu/Desktop/RS2/install/turtlebot3_fake_node:/home/ubuntu/Desktop/RS2/install/turtlebot3_msgs:/home/ubuntu/Desktop/RS2/install/turtlebot3_gazebo:/opt/ros/humble LD_LIBRARY_PATH=/home/ubuntu/Desktop/RS2/install/turtlebot3_msgs/lib:${LD_LIBRARY_PATH} PYTHONPATH=/home/ubuntu/Desktop/RS2/install/turtlebot3_msgs/local/lib/python3.10/dist-packages:${PYTHONPATH} /usr/bin/cmake --install /home/ubuntu/Desktop/RS2/build/turtlebot3_simulations
