[0.052s] Invoking command in '/home/ubuntu/Desktop/RS2/build/dynamixel_sdk_examples': AMENT_PREFIX_PATH=/home/ubuntu/Desktop/RS2/install/dynamixel_sdk_custom_interfaces:/home/ubuntu/Desktop/RS2/install/dynamixel_sdk:${AMENT_PREFIX_PATH} CMAKE_PREFIX_PATH=/home/ubuntu/Desktop/RS2/install/dynamixel_sdk_custom_interfaces:/home/ubuntu/Desktop/RS2/install/dynamixel_sdk:/opt/ros/humble LD_LIBRARY_PATH=/home/ubuntu/Desktop/RS2/install/dynamixel_sdk_custom_interfaces/lib:/home/ubuntu/Desktop/RS2/install/dynamixel_sdk/lib:${LD_LIBRARY_PATH} PYTHONPATH=/home/ubuntu/Desktop/RS2/install/dynamixel_sdk_custom_interfaces/local/lib/python3.10/dist-packages:${PYTHONPATH} /usr/bin/cmake --build /home/ubuntu/Desktop/RS2/build/dynamixel_sdk_examples -- -j2 -l2
[0.139s] [35m[1mConsolidate compiler generated dependencies of target read_write_node[0m
[0.159s] [100%] Built target read_write_node
[0.172s] Invoked command in '/home/ubuntu/Desktop/RS2/build/dynamixel_sdk_examples' returned '0': AMENT_PREFIX_PATH=/home/ubuntu/Desktop/RS2/install/dynamixel_sdk_custom_interfaces:/home/ubuntu/Desktop/RS2/install/dynamixel_sdk:${AMENT_PREFIX_PATH} CMAKE_PREFIX_PATH=/home/ubuntu/Desktop/RS2/install/dynamixel_sdk_custom_interfaces:/home/ubuntu/Desktop/RS2/install/dynamixel_sdk:/opt/ros/humble LD_LIBRARY_PATH=/home/ubuntu/Desktop/RS2/install/dynamixel_sdk_custom_interfaces/lib:/home/ubuntu/Desktop/RS2/install/dynamixel_sdk/lib:${LD_LIBRARY_PATH} PYTHONPATH=/home/ubuntu/Desktop/RS2/install/dynamixel_sdk_custom_interfaces/local/lib/python3.10/dist-packages:${PYTHONPATH} /usr/bin/cmake --build /home/ubuntu/Desktop/RS2/build/dynamixel_sdk_examples -- -j2 -l2
[0.177s] Invoking command in '/home/ubuntu/Desktop/RS2/build/dynamixel_sdk_examples': AMENT_PREFIX_PATH=/home/ubuntu/Desktop/RS2/install/dynamixel_sdk_custom_interfaces:/home/ubuntu/Desktop/RS2/install/dynamixel_sdk:${AMENT_PREFIX_PATH} CMAKE_PREFIX_PATH=/home/ubuntu/Desktop/RS2/install/dynamixel_sdk_custom_interfaces:/home/ubuntu/Desktop/RS2/install/dynamixel_sdk:/opt/ros/humble LD_LIBRARY_PATH=/home/ubuntu/Desktop/RS2/install/dynamixel_sdk_custom_interfaces/lib:/home/ubuntu/Desktop/RS2/install/dynamixel_sdk/lib:${LD_LIBRARY_PATH} PYTHONPATH=/home/ubuntu/Desktop/RS2/install/dynamixel_sdk_custom_interfaces/local/lib/python3.10/dist-packages:${PYTHONPATH} /usr/bin/cmake --install /home/ubuntu/Desktop/RS2/build/dynamixel_sdk_examples
[0.186s] -- Install configuration: ""
[0.187s] -- Execute custom install script
[0.189s] -- Up-to-date symlink: /home/ubuntu/Desktop/RS2/install/dynamixel_sdk_examples/lib/dynamixel_sdk_examples/read_write_node
[0.203s] -- Up-to-date symlink: /home/ubuntu/Desktop/RS2/install/dynamixel_sdk_examples/share/ament_index/resource_index/package_run_dependencies/dynamixel_sdk_examples
[0.203s] -- Up-to-date symlink: /home/ubuntu/Desktop/RS2/install/dynamixel_sdk_examples/share/ament_index/resource_index/parent_prefix_path/dynamixel_sdk_examples
[0.206s] -- Up-to-date symlink: /home/ubuntu/Desktop/RS2/install/dynamixel_sdk_examples/share/dynamixel_sdk_examples/environment/ament_prefix_path.sh
[0.207s] -- Up-to-date symlink: /home/ubuntu/Desktop/RS2/install/dynamixel_sdk_examples/share/dynamixel_sdk_examples/environment/ament_prefix_path.dsv
[0.207s] -- Up-to-date symlink: /home/ubuntu/Desktop/RS2/install/dynamixel_sdk_examples/share/dynamixel_sdk_examples/environment/path.sh
[0.208s] -- Up-to-date symlink: /home/ubuntu/Desktop/RS2/install/dynamixel_sdk_examples/share/dynamixel_sdk_examples/environment/path.dsv
[0.209s] -- Up-to-date symlink: /home/ubuntu/Desktop/RS2/install/dynamixel_sdk_examples/share/dynamixel_sdk_examples/local_setup.bash
[0.209s] -- Up-to-date symlink: /home/ubuntu/Desktop/RS2/install/dynamixel_sdk_examples/share/dynamixel_sdk_examples/local_setup.sh
[0.212s] -- Up-to-date symlink: /home/ubuntu/Desktop/RS2/install/dynamixel_sdk_examples/share/dynamixel_sdk_examples/local_setup.zsh
[0.213s] -- Up-to-date symlink: /home/ubuntu/Desktop/RS2/install/dynamixel_sdk_examples/share/dynamixel_sdk_examples/local_setup.dsv
[0.213s] -- Symlinking: /home/ubuntu/Desktop/RS2/install/dynamixel_sdk_examples/share/dynamixel_sdk_examples/package.dsv
[0.229s] -- Up-to-date symlink: /home/ubuntu/Desktop/RS2/install/dynamixel_sdk_examples/share/ament_index/resource_index/packages/dynamixel_sdk_examples
[0.231s] -- Up-to-date symlink: /home/ubuntu/Desktop/RS2/install/dynamixel_sdk_examples/share/dynamixel_sdk_examples/cmake/dynamixel_sdk_examplesConfig.cmake
[0.231s] -- Up-to-date symlink: /home/ubuntu/Desktop/RS2/install/dynamixel_sdk_examples/share/dynamixel_sdk_examples/cmake/dynamixel_sdk_examplesConfig-version.cmake
[0.232s] -- Up-to-date symlink: /home/ubuntu/Desktop/RS2/install/dynamixel_sdk_examples/share/dynamixel_sdk_examples/package.xml
[0.233s] Invoked command in '/home/ubuntu/Desktop/RS2/build/dynamixel_sdk_examples' returned '0': AMENT_PREFIX_PATH=/home/ubuntu/Desktop/RS2/install/dynamixel_sdk_custom_interfaces:/home/ubuntu/Desktop/RS2/install/dynamixel_sdk:${AMENT_PREFIX_PATH} CMAKE_PREFIX_PATH=/home/ubuntu/Desktop/RS2/install/dynamixel_sdk_custom_interfaces:/home/ubuntu/Desktop/RS2/install/dynamixel_sdk:/opt/ros/humble LD_LIBRARY_PATH=/home/ubuntu/Desktop/RS2/install/dynamixel_sdk_custom_interfaces/lib:/home/ubuntu/Desktop/RS2/install/dynamixel_sdk/lib:${LD_LIBRARY_PATH} PYTHONPATH=/home/ubuntu/Desktop/RS2/install/dynamixel_sdk_custom_interfaces/local/lib/python3.10/dist-packages:${PYTHONPATH} /usr/bin/cmake --install /home/ubuntu/Desktop/RS2/build/dynamixel_sdk_examples
