[0.042s] Invoking command in '/home/ubuntu/Desktop/RS2/build/turtlebot3_simulations': AMENT_PREFIX_PATH=/home/ubuntu/Desktop/RS2/install/turtlebot3_fake_node:/home/ubuntu/Desktop/RS2/install/turtlebot3_msgs:/home/ubuntu/Desktop/RS2/install/turtlebot3_gazebo:${AMENT_PREFIX_PATH} CMAKE_PREFIX_PATH=/home/ubuntu/Desktop/RS2/install/turtlebot3_fake_node:/home/ubuntu/Desktop/RS2/install/turtlebot3_msgs:/home/ubuntu/Desktop/RS2/install/turtlebot3_gazebo:/opt/ros/humble LD_LIBRARY_PATH=/home/ubuntu/Desktop/RS2/install/turtlebot3_msgs/lib:${LD_LIBRARY_PATH} PYTHONPATH=/home/ubuntu/Desktop/RS2/install/turtlebot3_msgs/local/lib/python3.10/dist-packages:${PYTHONPATH} /usr/bin/cmake /home/ubuntu/Desktop/RS2/src/turtlebot3_simulations/turtlebot3_simulations -DAMENT_CMAKE_SYMLINK_INSTALL=1 -DCMAKE_INSTALL_PREFIX=/home/ubuntu/Desktop/RS2/install/turtlebot3_simulations
[0.100s] -- The C compiler identification is GNU 11.4.0
[0.188s] -- The CXX compiler identification is GNU 11.4.0
[0.202s] -- Detecting C compiler ABI info
[0.293s] -- Detecting C compiler ABI info - done
[0.306s] -- Check for working C compiler: /usr/bin/cc - skipped
[0.307s] -- Detecting C compile features
[0.307s] -- Detecting C compile features - done
[0.311s] -- Detecting CXX compiler ABI info
[0.447s] -- Detecting CXX compiler ABI info - done
[0.475s] -- Check for working CXX compiler: /usr/bin/c++ - skipped
[0.476s] -- Detecting CXX compile features
[0.477s] -- Detecting CXX compile features - done
[0.484s] -- Found ament_cmake: 1.3.11 (/opt/ros/humble/share/ament_cmake/cmake)
[0.675s] -- Found Python3: /usr/bin/python3 (found version "3.10.12") found components: Interpreter 
[0.728s] -- Override CMake install command with custom implementation using symlinks instead of copying resources
[0.813s] -- Configuring done
[0.815s] -- Generating done
[0.816s] -- Build files have been written to: /home/ubuntu/Desktop/RS2/build/turtlebot3_simulations
[0.820s] Invoked command in '/home/ubuntu/Desktop/RS2/build/turtlebot3_simulations' returned '0': AMENT_PREFIX_PATH=/home/ubuntu/Desktop/RS2/install/turtlebot3_fake_node:/home/ubuntu/Desktop/RS2/install/turtlebot3_msgs:/home/ubuntu/Desktop/RS2/install/turtlebot3_gazebo:${AMENT_PREFIX_PATH} CMAKE_PREFIX_PATH=/home/ubuntu/Desktop/RS2/install/turtlebot3_fake_node:/home/ubuntu/Desktop/RS2/install/turtlebot3_msgs:/home/ubuntu/Desktop/RS2/install/turtlebot3_gazebo:/opt/ros/humble LD_LIBRARY_PATH=/home/ubuntu/Desktop/RS2/install/turtlebot3_msgs/lib:${LD_LIBRARY_PATH} PYTHONPATH=/home/ubuntu/Desktop/RS2/install/turtlebot3_msgs/local/lib/python3.10/dist-packages:${PYTHONPATH} /usr/bin/cmake /home/ubuntu/Desktop/RS2/src/turtlebot3_simulations/turtlebot3_simulations -DAMENT_CMAKE_SYMLINK_INSTALL=1 -DCMAKE_INSTALL_PREFIX=/home/ubuntu/Desktop/RS2/install/turtlebot3_simulations
[0.820s] Invoking command in '/home/ubuntu/Desktop/RS2/build/turtlebot3_simulations': AMENT_PREFIX_PATH=/home/ubuntu/Desktop/RS2/install/turtlebot3_fake_node:/home/ubuntu/Desktop/RS2/install/turtlebot3_msgs:/home/ubuntu/Desktop/RS2/install/turtlebot3_gazebo:${AMENT_PREFIX_PATH} CMAKE_PREFIX_PATH=/home/ubuntu/Desktop/RS2/install/turtlebot3_fake_node:/home/ubuntu/Desktop/RS2/install/turtlebot3_msgs:/home/ubuntu/Desktop/RS2/install/turtlebot3_gazebo:/opt/ros/humble LD_LIBRARY_PATH=/home/ubuntu/Desktop/RS2/install/turtlebot3_msgs/lib:${LD_LIBRARY_PATH} PYTHONPATH=/home/ubuntu/Desktop/RS2/install/turtlebot3_msgs/local/lib/python3.10/dist-packages:${PYTHONPATH} /usr/bin/cmake --build /home/ubuntu/Desktop/RS2/build/turtlebot3_simulations -- -j2 -l2
[0.852s] Invoked command in '/home/ubuntu/Desktop/RS2/build/turtlebot3_simulations' returned '0': AMENT_PREFIX_PATH=/home/ubuntu/Desktop/RS2/install/turtlebot3_fake_node:/home/ubuntu/Desktop/RS2/install/turtlebot3_msgs:/home/ubuntu/Desktop/RS2/install/turtlebot3_gazebo:${AMENT_PREFIX_PATH} CMAKE_PREFIX_PATH=/home/ubuntu/Desktop/RS2/install/turtlebot3_fake_node:/home/ubuntu/Desktop/RS2/install/turtlebot3_msgs:/home/ubuntu/Desktop/RS2/install/turtlebot3_gazebo:/opt/ros/humble LD_LIBRARY_PATH=/home/ubuntu/Desktop/RS2/install/turtlebot3_msgs/lib:${LD_LIBRARY_PATH} PYTHONPATH=/home/ubuntu/Desktop/RS2/install/turtlebot3_msgs/local/lib/python3.10/dist-packages:${PYTHONPATH} /usr/bin/cmake --build /home/ubuntu/Desktop/RS2/build/turtlebot3_simulations -- -j2 -l2
[0.852s] Invoking command in '/home/ubuntu/Desktop/RS2/build/turtlebot3_simulations': AMENT_PREFIX_PATH=/home/ubuntu/Desktop/RS2/install/turtlebot3_fake_node:/home/ubuntu/Desktop/RS2/install/turtlebot3_msgs:/home/ubuntu/Desktop/RS2/install/turtlebot3_gazebo:${AMENT_PREFIX_PATH} CMAKE_PREFIX_PATH=/home/ubuntu/Desktop/RS2/install/turtlebot3_fake_node:/home/ubuntu/Desktop/RS2/install/turtlebot3_msgs:/home/ubuntu/Desktop/RS2/install/turtlebot3_gazebo:/opt/ros/humble LD_LIBRARY_PATH=/home/ubuntu/Desktop/RS2/install/turtlebot3_msgs/lib:${LD_LIBRARY_PATH} PYTHONPATH=/home/ubuntu/Desktop/RS2/install/turtlebot3_msgs/local/lib/python3.10/dist-packages:${PYTHONPATH} /usr/bin/cmake --install /home/ubuntu/Desktop/RS2/build/turtlebot3_simulations
[0.864s] -- Install configuration: ""
[0.865s] -- Execute custom install script
[0.865s] -- Symlinking: /home/ubuntu/Desktop/RS2/install/turtlebot3_simulations/share/ament_index/resource_index/package_run_dependencies/turtlebot3_simulations
[0.880s] -- Symlinking: /home/ubuntu/Desktop/RS2/install/turtlebot3_simulations/share/ament_index/resource_index/parent_prefix_path/turtlebot3_simulations
[0.892s] -- Symlinking: /home/ubuntu/Desktop/RS2/install/turtlebot3_simulations/share/turtlebot3_simulations/environment/ament_prefix_path.sh
[0.909s] -- Symlinking: /home/ubuntu/Desktop/RS2/install/turtlebot3_simulations/share/turtlebot3_simulations/environment/ament_prefix_path.dsv
[0.916s] -- Symlinking: /home/ubuntu/Desktop/RS2/install/turtlebot3_simulations/share/turtlebot3_simulations/environment/path.sh
[0.922s] -- Symlinking: /home/ubuntu/Desktop/RS2/install/turtlebot3_simulations/share/turtlebot3_simulations/environment/path.dsv
[0.929s] -- Symlinking: /home/ubuntu/Desktop/RS2/install/turtlebot3_simulations/share/turtlebot3_simulations/local_setup.bash
[0.935s] -- Symlinking: /home/ubuntu/Desktop/RS2/install/turtlebot3_simulations/share/turtlebot3_simulations/local_setup.sh
[0.941s] -- Symlinking: /home/ubuntu/Desktop/RS2/install/turtlebot3_simulations/share/turtlebot3_simulations/local_setup.zsh
[0.947s] -- Symlinking: /home/ubuntu/Desktop/RS2/install/turtlebot3_simulations/share/turtlebot3_simulations/local_setup.dsv
[0.954s] -- Symlinking: /home/ubuntu/Desktop/RS2/install/turtlebot3_simulations/share/turtlebot3_simulations/package.dsv
[0.966s] -- Symlinking: /home/ubuntu/Desktop/RS2/install/turtlebot3_simulations/share/ament_index/resource_index/packages/turtlebot3_simulations
[0.983s] -- Symlinking: /home/ubuntu/Desktop/RS2/install/turtlebot3_simulations/share/turtlebot3_simulations/cmake/turtlebot3_simulationsConfig.cmake
[0.993s] -- Symlinking: /home/ubuntu/Desktop/RS2/install/turtlebot3_simulations/share/turtlebot3_simulations/cmake/turtlebot3_simulationsConfig-version.cmake
[1.000s] -- Symlinking: /home/ubuntu/Desktop/RS2/install/turtlebot3_simulations/share/turtlebot3_simulations/package.xml
[1.011s] Invoked command in '/home/ubuntu/Desktop/RS2/build/turtlebot3_simulations' returned '0': AMENT_PREFIX_PATH=/home/ubuntu/Desktop/RS2/install/turtlebot3_fake_node:/home/ubuntu/Desktop/RS2/install/turtlebot3_msgs:/home/ubuntu/Desktop/RS2/install/turtlebot3_gazebo:${AMENT_PREFIX_PATH} CMAKE_PREFIX_PATH=/home/ubuntu/Desktop/RS2/install/turtlebot3_fake_node:/home/ubuntu/Desktop/RS2/install/turtlebot3_msgs:/home/ubuntu/Desktop/RS2/install/turtlebot3_gazebo:/opt/ros/humble LD_LIBRARY_PATH=/home/ubuntu/Desktop/RS2/install/turtlebot3_msgs/lib:${LD_LIBRARY_PATH} PYTHONPATH=/home/ubuntu/Desktop/RS2/install/turtlebot3_msgs/local/lib/python3.10/dist-packages:${PYTHONPATH} /usr/bin/cmake --install /home/ubuntu/Desktop/RS2/build/turtlebot3_simulations
