[0.025s] Invoking command in '/home/ubuntu/Desktop/RS2/build/dynamixel_sdk': CMAKE_PREFIX_PATH=/opt/ros/humble /usr/bin/cmake /home/ubuntu/Desktop/RS2/DynamixelSDK/dynamixel_sdk -DCMAKE_INSTALL_PREFIX=/home/ubuntu/Desktop/RS2/install/dynamixel_sdk
[0.038s] -- Found ament_cmake: 1.3.11 (/opt/ros/humble/share/ament_cmake/cmake)
[0.182s] -- Override CMake install command with custom implementation using symlinks instead of copying resources
[0.288s] -- Configuring done
[0.305s] -- Generating done
[0.308s] -- Build files have been written to: /home/ubuntu/Desktop/RS2/build/dynamixel_sdk
[0.315s] Invoked command in '/home/ubuntu/Desktop/RS2/build/dynamixel_sdk' returned '0': CMAKE_PREFIX_PATH=/opt/ros/humble /usr/bin/cmake /home/ubuntu/Desktop/RS2/DynamixelSDK/dynamixel_sdk -DCMAKE_INSTALL_PREFIX=/home/ubuntu/Desktop/RS2/install/dynamixel_sdk
[0.316s] Invoking command in '/home/ubuntu/Desktop/RS2/build/dynamixel_sdk': CMAKE_PREFIX_PATH=/opt/ros/humble /usr/bin/cmake --build /home/ubuntu/Desktop/RS2/build/dynamixel_sdk -- -j2 -l2
[0.354s] [35m[1mConsolidate compiler generated dependencies of target dynamixel_sdk[0m
[0.368s] [100%] Built target dynamixel_sdk
[0.376s] Invoked command in '/home/ubuntu/Desktop/RS2/build/dynamixel_sdk' returned '0': CMAKE_PREFIX_PATH=/opt/ros/humble /usr/bin/cmake --build /home/ubuntu/Desktop/RS2/build/dynamixel_sdk -- -j2 -l2
[0.384s] Invoking command in '/home/ubuntu/Desktop/RS2/build/dynamixel_sdk': CMAKE_PREFIX_PATH=/opt/ros/humble /usr/bin/cmake --install /home/ubuntu/Desktop/RS2/build/dynamixel_sdk
[0.390s] -- Install configuration: ""
[0.392s] -- Execute custom install script
[0.392s] -- Up-to-date symlink: /home/ubuntu/Desktop/RS2/install/dynamixel_sdk/include//dynamixel_sdk/dynamixel_sdk.h
[0.393s] -- Up-to-date symlink: /home/ubuntu/Desktop/RS2/install/dynamixel_sdk/include//dynamixel_sdk/group_bulk_read.h
[0.393s] -- Up-to-date symlink: /home/ubuntu/Desktop/RS2/install/dynamixel_sdk/include//dynamixel_sdk/group_bulk_write.h
[0.393s] -- Up-to-date symlink: /home/ubuntu/Desktop/RS2/install/dynamixel_sdk/include//dynamixel_sdk/group_sync_read.h
[0.393s] -- Up-to-date symlink: /home/ubuntu/Desktop/RS2/install/dynamixel_sdk/include//dynamixel_sdk/group_sync_write.h
[0.394s] -- Up-to-date symlink: /home/ubuntu/Desktop/RS2/install/dynamixel_sdk/include//dynamixel_sdk/packet_handler.h
[0.394s] -- Up-to-date symlink: /home/ubuntu/Desktop/RS2/install/dynamixel_sdk/include//dynamixel_sdk/port_handler.h
[0.394s] -- Up-to-date symlink: /home/ubuntu/Desktop/RS2/install/dynamixel_sdk/include//dynamixel_sdk/port_handler_arduino.h
[0.394s] -- Up-to-date symlink: /home/ubuntu/Desktop/RS2/install/dynamixel_sdk/include//dynamixel_sdk/port_handler_linux.h
[0.395s] -- Up-to-date symlink: /home/ubuntu/Desktop/RS2/install/dynamixel_sdk/include//dynamixel_sdk/port_handler_mac.h
[0.395s] -- Up-to-date symlink: /home/ubuntu/Desktop/RS2/install/dynamixel_sdk/include//dynamixel_sdk/port_handler_windows.h
[0.395s] -- Up-to-date symlink: /home/ubuntu/Desktop/RS2/install/dynamixel_sdk/include//dynamixel_sdk/protocol1_packet_handler.h
[0.395s] -- Up-to-date symlink: /home/ubuntu/Desktop/RS2/install/dynamixel_sdk/include//dynamixel_sdk/protocol2_packet_handler.h
[0.396s] -- Up-to-date symlink: /home/ubuntu/Desktop/RS2/install/dynamixel_sdk/lib/libdynamixel_sdk.so
[0.396s] -- Up-to-date symlink: /home/ubuntu/Desktop/RS2/install/dynamixel_sdk/share/dynamixel_sdk/environment/library_path.sh
[0.396s] -- Up-to-date symlink: /home/ubuntu/Desktop/RS2/install/dynamixel_sdk/share/dynamixel_sdk/environment/library_path.dsv
[0.396s] -- Up-to-date symlink: /home/ubuntu/Desktop/RS2/install/dynamixel_sdk/share/ament_index/resource_index/package_run_dependencies/dynamixel_sdk
[0.397s] -- Up-to-date symlink: /home/ubuntu/Desktop/RS2/install/dynamixel_sdk/share/ament_index/resource_index/parent_prefix_path/dynamixel_sdk
[0.397s] -- Up-to-date symlink: /home/ubuntu/Desktop/RS2/install/dynamixel_sdk/share/dynamixel_sdk/environment/ament_prefix_path.sh
[0.397s] -- Up-to-date symlink: /home/ubuntu/Desktop/RS2/install/dynamixel_sdk/share/dynamixel_sdk/environment/ament_prefix_path.dsv
[0.410s] -- Up-to-date symlink: /home/ubuntu/Desktop/RS2/install/dynamixel_sdk/share/dynamixel_sdk/environment/path.sh
[0.410s] -- Up-to-date symlink: /home/ubuntu/Desktop/RS2/install/dynamixel_sdk/share/dynamixel_sdk/environment/path.dsv
[0.410s] -- Up-to-date symlink: /home/ubuntu/Desktop/RS2/install/dynamixel_sdk/share/dynamixel_sdk/local_setup.bash
[0.411s] -- Up-to-date symlink: /home/ubuntu/Desktop/RS2/install/dynamixel_sdk/share/dynamixel_sdk/local_setup.sh
[0.411s] -- Up-to-date symlink: /home/ubuntu/Desktop/RS2/install/dynamixel_sdk/share/dynamixel_sdk/local_setup.zsh
[0.411s] -- Up-to-date symlink: /home/ubuntu/Desktop/RS2/install/dynamixel_sdk/share/dynamixel_sdk/local_setup.dsv
[0.411s] -- Symlinking: /home/ubuntu/Desktop/RS2/install/dynamixel_sdk/share/dynamixel_sdk/package.dsv
[0.419s] -- Up-to-date symlink: /home/ubuntu/Desktop/RS2/install/dynamixel_sdk/share/ament_index/resource_index/packages/dynamixel_sdk
[0.419s] -- Up-to-date symlink: /home/ubuntu/Desktop/RS2/install/dynamixel_sdk/share/dynamixel_sdk/cmake/ament_cmake_export_include_directories-extras.cmake
[0.419s] -- Up-to-date symlink: /home/ubuntu/Desktop/RS2/install/dynamixel_sdk/share/dynamixel_sdk/cmake/ament_cmake_export_libraries-extras.cmake
[0.419s] -- Up-to-date symlink: /home/ubuntu/Desktop/RS2/install/dynamixel_sdk/share/dynamixel_sdk/cmake/dynamixel_sdkConfig.cmake
[0.419s] -- Up-to-date symlink: /home/ubuntu/Desktop/RS2/install/dynamixel_sdk/share/dynamixel_sdk/cmake/dynamixel_sdkConfig-version.cmake
[0.419s] -- Up-to-date symlink: /home/ubuntu/Desktop/RS2/install/dynamixel_sdk/share/dynamixel_sdk/package.xml
[0.430s] Invoked command in '/home/ubuntu/Desktop/RS2/build/dynamixel_sdk' returned '0': CMAKE_PREFIX_PATH=/opt/ros/humble /usr/bin/cmake --install /home/ubuntu/Desktop/RS2/build/dynamixel_sdk
