[0.027s] Invoking command in '/home/ubuntu/Desktop/RS2/build/turtlebot3_msgs': CMAKE_PREFIX_PATH=/opt/ros/humble /usr/bin/cmake --build /home/ubuntu/Desktop/RS2/build/turtlebot3_msgs -- -j2 -l2
[0.162s] [  1%] Built target turtlebot3_msgs__cpp
[0.179s] [35m[1mConsolidate compiler generated dependencies of target turtlebot3_msgs__rosidl_generator_c[0m
[0.190s] [  1%] Built target ament_cmake_python_symlink_turtlebot3_msgs
[0.212s] [ 12%] Built target turtlebot3_msgs__rosidl_generator_c
[0.219s] [35m[1mConsolidate compiler generated dependencies of target turtlebot3_msgs__rosidl_typesupport_cpp[0m
[0.248s] [ 23%] Built target turtlebot3_msgs__rosidl_typesupport_cpp
[0.255s] [35m[1mConsolidate compiler generated dependencies of target turtlebot3_msgs__rosidl_typesupport_fastrtps_cpp[0m
[0.273s] [ 35%] Built target turtlebot3_msgs__rosidl_typesupport_fastrtps_cpp
[0.276s] [35m[1mConsolidate compiler generated dependencies of target turtlebot3_msgs__rosidl_typesupport_introspection_c[0m
[0.293s] [ 46%] Built target turtlebot3_msgs__rosidl_typesupport_introspection_c
[0.295s] [35m[1mConsolidate compiler generated dependencies of target turtlebot3_msgs__rosidl_typesupport_c[0m
[0.308s] [ 57%] Built target turtlebot3_msgs__rosidl_typesupport_c
[0.330s] [35m[1mConsolidate compiler generated dependencies of target turtlebot3_msgs__rosidl_typesupport_introspection_cpp[0m
[0.372s] [ 69%] Built target turtlebot3_msgs__rosidl_typesupport_introspection_cpp
[0.416s] [35m[1mConsolidate compiler generated dependencies of target turtlebot3_msgs__rosidl_typesupport_fastrtps_c[0m
[0.464s] [ 80%] Built target turtlebot3_msgs__rosidl_typesupport_fastrtps_c
[0.529s] [ 80%] Built target turtlebot3_msgs
[0.571s] [ 81%] Built target turtlebot3_msgs__py
[0.608s] [35m[1mConsolidate compiler generated dependencies of target turtlebot3_msgs__rosidl_generator_py[0m
[0.672s] [ 91%] Built target turtlebot3_msgs__rosidl_generator_py
[0.703s] running egg_info
[0.703s] writing turtlebot3_msgs.egg-info/PKG-INFO
[0.704s] writing dependency_links to turtlebot3_msgs.egg-info/dependency_links.txt
[0.704s] writing top-level names to turtlebot3_msgs.egg-info/top_level.txt
[0.704s] [35m[1mConsolidate compiler generated dependencies of target turtlebot3_msgs__rosidl_typesupport_fastrtps_c__pyext[0m
[0.720s] reading manifest file 'turtlebot3_msgs.egg-info/SOURCES.txt'
[0.720s] writing manifest file 'turtlebot3_msgs.egg-info/SOURCES.txt'
[0.729s] [ 94%] Built target turtlebot3_msgs__rosidl_typesupport_fastrtps_c__pyext
[0.760s] [35m[1mConsolidate compiler generated dependencies of target turtlebot3_msgs__rosidl_typesupport_introspection_c__pyext[0m
[0.772s] [ 94%] Built target ament_cmake_python_build_turtlebot3_msgs_egg
[0.787s] [ 97%] Built target turtlebot3_msgs__rosidl_typesupport_introspection_c__pyext
[0.796s] [35m[1mConsolidate compiler generated dependencies of target turtlebot3_msgs__rosidl_typesupport_c__pyext[0m
[0.808s] [100%] Built target turtlebot3_msgs__rosidl_typesupport_c__pyext
[0.844s] Invoked command in '/home/ubuntu/Desktop/RS2/build/turtlebot3_msgs' returned '0': CMAKE_PREFIX_PATH=/opt/ros/humble /usr/bin/cmake --build /home/ubuntu/Desktop/RS2/build/turtlebot3_msgs -- -j2 -l2
[0.851s] Invoking command in '/home/ubuntu/Desktop/RS2/build/turtlebot3_msgs': CMAKE_PREFIX_PATH=/opt/ros/humble /usr/bin/cmake --install /home/ubuntu/Desktop/RS2/build/turtlebot3_msgs
[0.863s] -- Install configuration: ""
[0.865s] -- Execute custom install script
[0.868s] -- Up-to-date symlink: /home/ubuntu/Desktop/RS2/install/turtlebot3_msgs/share/ament_index/resource_index/rosidl_interfaces/turtlebot3_msgs
[0.871s] -- Up-to-date symlink: /home/ubuntu/Desktop/RS2/install/turtlebot3_msgs/include/turtlebot3_msgs/turtlebot3_msgs/action/detail/patrol__functions.h
[0.872s] -- Up-to-date symlink: /home/ubuntu/Desktop/RS2/install/turtlebot3_msgs/include/turtlebot3_msgs/turtlebot3_msgs/action/detail/patrol__struct.h
[0.874s] -- Up-to-date symlink: /home/ubuntu/Desktop/RS2/install/turtlebot3_msgs/include/turtlebot3_msgs/turtlebot3_msgs/action/detail/patrol__type_support.h
[0.874s] -- Up-to-date symlink: /home/ubuntu/Desktop/RS2/install/turtlebot3_msgs/include/turtlebot3_msgs/turtlebot3_msgs/action/patrol.h
[0.875s] -- Up-to-date symlink: /home/ubuntu/Desktop/RS2/install/turtlebot3_msgs/include/turtlebot3_msgs/turtlebot3_msgs/msg/detail/sensor_state__functions.h
[0.876s] -- Up-to-date symlink: /home/ubuntu/Desktop/RS2/install/turtlebot3_msgs/include/turtlebot3_msgs/turtlebot3_msgs/msg/detail/sensor_state__struct.h
[0.876s] -- Up-to-date symlink: /home/ubuntu/Desktop/RS2/install/turtlebot3_msgs/include/turtlebot3_msgs/turtlebot3_msgs/msg/detail/sensor_state__type_support.h
[0.877s] -- Up-to-date symlink: /home/ubuntu/Desktop/RS2/install/turtlebot3_msgs/include/turtlebot3_msgs/turtlebot3_msgs/msg/detail/sound__functions.h
[0.877s] -- Up-to-date symlink: /home/ubuntu/Desktop/RS2/install/turtlebot3_msgs/include/turtlebot3_msgs/turtlebot3_msgs/msg/detail/sound__struct.h
[0.878s] -- Up-to-date symlink: /home/ubuntu/Desktop/RS2/install/turtlebot3_msgs/include/turtlebot3_msgs/turtlebot3_msgs/msg/detail/sound__type_support.h
[0.878s] -- Up-to-date symlink: /home/ubuntu/Desktop/RS2/install/turtlebot3_msgs/include/turtlebot3_msgs/turtlebot3_msgs/msg/detail/version_info__functions.h
[0.879s] -- Up-to-date symlink: /home/ubuntu/Desktop/RS2/install/turtlebot3_msgs/include/turtlebot3_msgs/turtlebot3_msgs/msg/detail/version_info__struct.h
[0.880s] -- Up-to-date symlink: /home/ubuntu/Desktop/RS2/install/turtlebot3_msgs/include/turtlebot3_msgs/turtlebot3_msgs/msg/detail/version_info__type_support.h
[0.881s] -- Up-to-date symlink: /home/ubuntu/Desktop/RS2/install/turtlebot3_msgs/include/turtlebot3_msgs/turtlebot3_msgs/msg/rosidl_generator_c__visibility_control.h
[0.881s] -- Up-to-date symlink: /home/ubuntu/Desktop/RS2/install/turtlebot3_msgs/include/turtlebot3_msgs/turtlebot3_msgs/msg/sensor_state.h
[0.882s] -- Up-to-date symlink: /home/ubuntu/Desktop/RS2/install/turtlebot3_msgs/include/turtlebot3_msgs/turtlebot3_msgs/msg/sound.h
[0.883s] -- Up-to-date symlink: /home/ubuntu/Desktop/RS2/install/turtlebot3_msgs/include/turtlebot3_msgs/turtlebot3_msgs/msg/version_info.h
[0.884s] -- Up-to-date symlink: /home/ubuntu/Desktop/RS2/install/turtlebot3_msgs/include/turtlebot3_msgs/turtlebot3_msgs/srv/detail/dqn__functions.h
[0.885s] -- Up-to-date symlink: /home/ubuntu/Desktop/RS2/install/turtlebot3_msgs/include/turtlebot3_msgs/turtlebot3_msgs/srv/detail/dqn__struct.h
[0.885s] -- Up-to-date symlink: /home/ubuntu/Desktop/RS2/install/turtlebot3_msgs/include/turtlebot3_msgs/turtlebot3_msgs/srv/detail/dqn__type_support.h
[0.886s] -- Up-to-date symlink: /home/ubuntu/Desktop/RS2/install/turtlebot3_msgs/include/turtlebot3_msgs/turtlebot3_msgs/srv/detail/sound__functions.h
[0.887s] -- Up-to-date symlink: /home/ubuntu/Desktop/RS2/install/turtlebot3_msgs/include/turtlebot3_msgs/turtlebot3_msgs/srv/detail/sound__struct.h
[0.887s] -- Up-to-date symlink: /home/ubuntu/Desktop/RS2/install/turtlebot3_msgs/include/turtlebot3_msgs/turtlebot3_msgs/srv/detail/sound__type_support.h
[0.888s] -- Up-to-date symlink: /home/ubuntu/Desktop/RS2/install/turtlebot3_msgs/include/turtlebot3_msgs/turtlebot3_msgs/srv/dqn.h
[0.889s] -- Up-to-date symlink: /home/ubuntu/Desktop/RS2/install/turtlebot3_msgs/include/turtlebot3_msgs/turtlebot3_msgs/srv/sound.h
[0.890s] -- Up-to-date symlink: /home/ubuntu/Desktop/RS2/install/turtlebot3_msgs/share/turtlebot3_msgs/environment/library_path.sh
[0.891s] -- Up-to-date symlink: /home/ubuntu/Desktop/RS2/install/turtlebot3_msgs/share/turtlebot3_msgs/environment/library_path.dsv
[0.892s] -- Up-to-date symlink: /home/ubuntu/Desktop/RS2/install/turtlebot3_msgs/include/turtlebot3_msgs/turtlebot3_msgs/action/detail/patrol__rosidl_typesupport_fastrtps_c.h
[0.892s] -- Up-to-date symlink: /home/ubuntu/Desktop/RS2/install/turtlebot3_msgs/include/turtlebot3_msgs/turtlebot3_msgs/msg/detail/sensor_state__rosidl_typesupport_fastrtps_c.h
[0.893s] -- Up-to-date symlink: /home/ubuntu/Desktop/RS2/install/turtlebot3_msgs/include/turtlebot3_msgs/turtlebot3_msgs/msg/detail/sound__rosidl_typesupport_fastrtps_c.h
[0.894s] -- Up-to-date symlink: /home/ubuntu/Desktop/RS2/install/turtlebot3_msgs/include/turtlebot3_msgs/turtlebot3_msgs/msg/detail/version_info__rosidl_typesupport_fastrtps_c.h
[0.894s] -- Up-to-date symlink: /home/ubuntu/Desktop/RS2/install/turtlebot3_msgs/include/turtlebot3_msgs/turtlebot3_msgs/msg/rosidl_typesupport_fastrtps_c__visibility_control.h
[0.895s] -- Up-to-date symlink: /home/ubuntu/Desktop/RS2/install/turtlebot3_msgs/include/turtlebot3_msgs/turtlebot3_msgs/srv/detail/dqn__rosidl_typesupport_fastrtps_c.h
[0.895s] -- Up-to-date symlink: /home/ubuntu/Desktop/RS2/install/turtlebot3_msgs/include/turtlebot3_msgs/turtlebot3_msgs/srv/detail/sound__rosidl_typesupport_fastrtps_c.h
[0.896s] -- Up-to-date symlink: /home/ubuntu/Desktop/RS2/install/turtlebot3_msgs/include/turtlebot3_msgs/turtlebot3_msgs/action/detail/patrol__builder.hpp
[0.897s] -- Up-to-date symlink: /home/ubuntu/Desktop/RS2/install/turtlebot3_msgs/include/turtlebot3_msgs/turtlebot3_msgs/action/detail/patrol__struct.hpp
[0.898s] -- Up-to-date symlink: /home/ubuntu/Desktop/RS2/install/turtlebot3_msgs/include/turtlebot3_msgs/turtlebot3_msgs/action/detail/patrol__traits.hpp
[0.898s] -- Up-to-date symlink: /home/ubuntu/Desktop/RS2/install/turtlebot3_msgs/include/turtlebot3_msgs/turtlebot3_msgs/action/detail/patrol__type_support.hpp
[0.899s] -- Up-to-date symlink: /home/ubuntu/Desktop/RS2/install/turtlebot3_msgs/include/turtlebot3_msgs/turtlebot3_msgs/action/patrol.hpp
[0.900s] -- Up-to-date symlink: /home/ubuntu/Desktop/RS2/install/turtlebot3_msgs/include/turtlebot3_msgs/turtlebot3_msgs/msg/detail/sensor_state__builder.hpp
[0.900s] -- Up-to-date symlink: /home/ubuntu/Desktop/RS2/install/turtlebot3_msgs/include/turtlebot3_msgs/turtlebot3_msgs/msg/detail/sensor_state__struct.hpp
[0.901s] -- Up-to-date symlink: /home/ubuntu/Desktop/RS2/install/turtlebot3_msgs/include/turtlebot3_msgs/turtlebot3_msgs/msg/detail/sensor_state__traits.hpp
[0.902s] -- Up-to-date symlink: /home/ubuntu/Desktop/RS2/install/turtlebot3_msgs/include/turtlebot3_msgs/turtlebot3_msgs/msg/detail/sensor_state__type_support.hpp
[0.902s] -- Up-to-date symlink: /home/ubuntu/Desktop/RS2/install/turtlebot3_msgs/include/turtlebot3_msgs/turtlebot3_msgs/msg/detail/sound__builder.hpp
[0.903s] -- Up-to-date symlink: /home/ubuntu/Desktop/RS2/install/turtlebot3_msgs/include/turtlebot3_msgs/turtlebot3_msgs/msg/detail/sound__struct.hpp
[0.904s] -- Up-to-date symlink: /home/ubuntu/Desktop/RS2/install/turtlebot3_msgs/include/turtlebot3_msgs/turtlebot3_msgs/msg/detail/sound__traits.hpp
[0.904s] -- Up-to-date symlink: /home/ubuntu/Desktop/RS2/install/turtlebot3_msgs/include/turtlebot3_msgs/turtlebot3_msgs/msg/detail/sound__type_support.hpp
[0.905s] -- Up-to-date symlink: /home/ubuntu/Desktop/RS2/install/turtlebot3_msgs/include/turtlebot3_msgs/turtlebot3_msgs/msg/detail/version_info__builder.hpp
[0.906s] -- Up-to-date symlink: /home/ubuntu/Desktop/RS2/install/turtlebot3_msgs/include/turtlebot3_msgs/turtlebot3_msgs/msg/detail/version_info__struct.hpp
[0.906s] -- Up-to-date symlink: /home/ubuntu/Desktop/RS2/install/turtlebot3_msgs/include/turtlebot3_msgs/turtlebot3_msgs/msg/detail/version_info__traits.hpp
[0.907s] -- Up-to-date symlink: /home/ubuntu/Desktop/RS2/install/turtlebot3_msgs/include/turtlebot3_msgs/turtlebot3_msgs/msg/detail/version_info__type_support.hpp
[0.908s] -- Up-to-date symlink: /home/ubuntu/Desktop/RS2/install/turtlebot3_msgs/include/turtlebot3_msgs/turtlebot3_msgs/msg/rosidl_generator_cpp__visibility_control.hpp
[0.908s] -- Up-to-date symlink: /home/ubuntu/Desktop/RS2/install/turtlebot3_msgs/include/turtlebot3_msgs/turtlebot3_msgs/msg/sensor_state.hpp
[0.909s] -- Up-to-date symlink: /home/ubuntu/Desktop/RS2/install/turtlebot3_msgs/include/turtlebot3_msgs/turtlebot3_msgs/msg/sound.hpp
[0.909s] -- Up-to-date symlink: /home/ubuntu/Desktop/RS2/install/turtlebot3_msgs/include/turtlebot3_msgs/turtlebot3_msgs/msg/version_info.hpp
[0.910s] -- Up-to-date symlink: /home/ubuntu/Desktop/RS2/install/turtlebot3_msgs/include/turtlebot3_msgs/turtlebot3_msgs/srv/detail/dqn__builder.hpp
[0.910s] -- Up-to-date symlink: /home/ubuntu/Desktop/RS2/install/turtlebot3_msgs/include/turtlebot3_msgs/turtlebot3_msgs/srv/detail/dqn__struct.hpp
[0.911s] -- Up-to-date symlink: /home/ubuntu/Desktop/RS2/install/turtlebot3_msgs/include/turtlebot3_msgs/turtlebot3_msgs/srv/detail/dqn__traits.hpp
[0.911s] -- Up-to-date symlink: /home/ubuntu/Desktop/RS2/install/turtlebot3_msgs/include/turtlebot3_msgs/turtlebot3_msgs/srv/detail/dqn__type_support.hpp
[0.912s] -- Up-to-date symlink: /home/ubuntu/Desktop/RS2/install/turtlebot3_msgs/include/turtlebot3_msgs/turtlebot3_msgs/srv/detail/sound__builder.hpp
[0.912s] -- Up-to-date symlink: /home/ubuntu/Desktop/RS2/install/turtlebot3_msgs/include/turtlebot3_msgs/turtlebot3_msgs/srv/detail/sound__struct.hpp
[0.913s] -- Up-to-date symlink: /home/ubuntu/Desktop/RS2/install/turtlebot3_msgs/include/turtlebot3_msgs/turtlebot3_msgs/srv/detail/sound__traits.hpp
[0.913s] -- Up-to-date symlink: /home/ubuntu/Desktop/RS2/install/turtlebot3_msgs/include/turtlebot3_msgs/turtlebot3_msgs/srv/detail/sound__type_support.hpp
[0.914s] -- Up-to-date symlink: /home/ubuntu/Desktop/RS2/install/turtlebot3_msgs/include/turtlebot3_msgs/turtlebot3_msgs/srv/dqn.hpp
[0.914s] -- Up-to-date symlink: /home/ubuntu/Desktop/RS2/install/turtlebot3_msgs/include/turtlebot3_msgs/turtlebot3_msgs/srv/sound.hpp
[0.915s] -- Up-to-date symlink: /home/ubuntu/Desktop/RS2/install/turtlebot3_msgs/include/turtlebot3_msgs/turtlebot3_msgs/action/detail/patrol__rosidl_typesupport_fastrtps_cpp.hpp
[0.916s] -- Up-to-date symlink: /home/ubuntu/Desktop/RS2/install/turtlebot3_msgs/include/turtlebot3_msgs/turtlebot3_msgs/msg/detail/sensor_state__rosidl_typesupport_fastrtps_cpp.hpp
[0.916s] -- Up-to-date symlink: /home/ubuntu/Desktop/RS2/install/turtlebot3_msgs/include/turtlebot3_msgs/turtlebot3_msgs/msg/detail/sound__rosidl_typesupport_fastrtps_cpp.hpp
[0.917s] -- Up-to-date symlink: /home/ubuntu/Desktop/RS2/install/turtlebot3_msgs/include/turtlebot3_msgs/turtlebot3_msgs/msg/detail/version_info__rosidl_typesupport_fastrtps_cpp.hpp
[0.917s] -- Up-to-date symlink: /home/ubuntu/Desktop/RS2/install/turtlebot3_msgs/include/turtlebot3_msgs/turtlebot3_msgs/msg/rosidl_typesupport_fastrtps_cpp__visibility_control.h
[0.918s] -- Up-to-date symlink: /home/ubuntu/Desktop/RS2/install/turtlebot3_msgs/include/turtlebot3_msgs/turtlebot3_msgs/srv/detail/dqn__rosidl_typesupport_fastrtps_cpp.hpp
[0.918s] -- Up-to-date symlink: /home/ubuntu/Desktop/RS2/install/turtlebot3_msgs/include/turtlebot3_msgs/turtlebot3_msgs/srv/detail/sound__rosidl_typesupport_fastrtps_cpp.hpp
[0.919s] -- Up-to-date symlink: /home/ubuntu/Desktop/RS2/install/turtlebot3_msgs/include/turtlebot3_msgs/turtlebot3_msgs/action/detail/patrol__rosidl_typesupport_introspection_c.h
[0.920s] -- Up-to-date symlink: /home/ubuntu/Desktop/RS2/install/turtlebot3_msgs/include/turtlebot3_msgs/turtlebot3_msgs/msg/detail/sensor_state__rosidl_typesupport_introspection_c.h
[0.920s] -- Up-to-date symlink: /home/ubuntu/Desktop/RS2/install/turtlebot3_msgs/include/turtlebot3_msgs/turtlebot3_msgs/msg/detail/sound__rosidl_typesupport_introspection_c.h
[0.921s] -- Up-to-date symlink: /home/ubuntu/Desktop/RS2/install/turtlebot3_msgs/include/turtlebot3_msgs/turtlebot3_msgs/msg/detail/version_info__rosidl_typesupport_introspection_c.h
[0.922s] -- Up-to-date symlink: /home/ubuntu/Desktop/RS2/install/turtlebot3_msgs/include/turtlebot3_msgs/turtlebot3_msgs/msg/rosidl_typesupport_introspection_c__visibility_control.h
[0.922s] -- Up-to-date symlink: /home/ubuntu/Desktop/RS2/install/turtlebot3_msgs/include/turtlebot3_msgs/turtlebot3_msgs/srv/detail/dqn__rosidl_typesupport_introspection_c.h
[0.923s] -- Up-to-date symlink: /home/ubuntu/Desktop/RS2/install/turtlebot3_msgs/include/turtlebot3_msgs/turtlebot3_msgs/srv/detail/sound__rosidl_typesupport_introspection_c.h
[0.924s] -- Up-to-date symlink: /home/ubuntu/Desktop/RS2/install/turtlebot3_msgs/include/turtlebot3_msgs/turtlebot3_msgs/action/detail/patrol__rosidl_typesupport_introspection_cpp.hpp
[0.924s] -- Up-to-date symlink: /home/ubuntu/Desktop/RS2/install/turtlebot3_msgs/include/turtlebot3_msgs/turtlebot3_msgs/msg/detail/sensor_state__rosidl_typesupport_introspection_cpp.hpp
[0.925s] -- Up-to-date symlink: /home/ubuntu/Desktop/RS2/install/turtlebot3_msgs/include/turtlebot3_msgs/turtlebot3_msgs/msg/detail/sound__rosidl_typesupport_introspection_cpp.hpp
[0.925s] -- Up-to-date symlink: /home/ubuntu/Desktop/RS2/install/turtlebot3_msgs/include/turtlebot3_msgs/turtlebot3_msgs/msg/detail/version_info__rosidl_typesupport_introspection_cpp.hpp
[0.926s] -- Up-to-date symlink: /home/ubuntu/Desktop/RS2/install/turtlebot3_msgs/include/turtlebot3_msgs/turtlebot3_msgs/srv/detail/dqn__rosidl_typesupport_introspection_cpp.hpp
[0.933s] -- Up-to-date symlink: /home/ubuntu/Desktop/RS2/install/turtlebot3_msgs/include/turtlebot3_msgs/turtlebot3_msgs/srv/detail/sound__rosidl_typesupport_introspection_cpp.hpp
[0.934s] -- Up-to-date symlink: /home/ubuntu/Desktop/RS2/install/turtlebot3_msgs/share/turtlebot3_msgs/environment/pythonpath.sh
[0.936s] -- Up-to-date symlink: /home/ubuntu/Desktop/RS2/install/turtlebot3_msgs/share/turtlebot3_msgs/environment/pythonpath.dsv
[0.938s] -- Up-to-date symlink: /home/ubuntu/Desktop/RS2/install/turtlebot3_msgs/local/lib/python3.10/dist-packages/turtlebot3_msgs-2.2.3-py3.10.egg-info/PKG-INFO
[0.939s] -- Up-to-date symlink: /home/ubuntu/Desktop/RS2/install/turtlebot3_msgs/local/lib/python3.10/dist-packages/turtlebot3_msgs-2.2.3-py3.10.egg-info/SOURCES.txt
[0.939s] -- Up-to-date symlink: /home/ubuntu/Desktop/RS2/install/turtlebot3_msgs/local/lib/python3.10/dist-packages/turtlebot3_msgs-2.2.3-py3.10.egg-info/dependency_links.txt
[0.940s] -- Up-to-date symlink: /home/ubuntu/Desktop/RS2/install/turtlebot3_msgs/local/lib/python3.10/dist-packages/turtlebot3_msgs-2.2.3-py3.10.egg-info/top_level.txt
[0.941s] -- Up-to-date symlink: /home/ubuntu/Desktop/RS2/install/turtlebot3_msgs/local/lib/python3.10/dist-packages/turtlebot3_msgs/__init__.py
[0.942s] -- Up-to-date symlink: /home/ubuntu/Desktop/RS2/install/turtlebot3_msgs/local/lib/python3.10/dist-packages/turtlebot3_msgs/_turtlebot3_msgs_s.ep.rosidl_typesupport_c.c
[0.946s] -- Up-to-date symlink: /home/ubuntu/Desktop/RS2/install/turtlebot3_msgs/local/lib/python3.10/dist-packages/turtlebot3_msgs/_turtlebot3_msgs_s.ep.rosidl_typesupport_fastrtps_c.c
[0.946s] -- Up-to-date symlink: /home/ubuntu/Desktop/RS2/install/turtlebot3_msgs/local/lib/python3.10/dist-packages/turtlebot3_msgs/_turtlebot3_msgs_s.ep.rosidl_typesupport_introspection_c.c
[0.946s] -- Up-to-date symlink: /home/ubuntu/Desktop/RS2/install/turtlebot3_msgs/local/lib/python3.10/dist-packages/turtlebot3_msgs/action/__init__.py
[0.946s] -- Up-to-date symlink: /home/ubuntu/Desktop/RS2/install/turtlebot3_msgs/local/lib/python3.10/dist-packages/turtlebot3_msgs/action/_patrol.py
[0.946s] -- Up-to-date symlink: /home/ubuntu/Desktop/RS2/install/turtlebot3_msgs/local/lib/python3.10/dist-packages/turtlebot3_msgs/action/_patrol_s.c
[0.947s] -- Up-to-date symlink: /home/ubuntu/Desktop/RS2/install/turtlebot3_msgs/local/lib/python3.10/dist-packages/turtlebot3_msgs/libturtlebot3_msgs__rosidl_generator_py.so
[0.947s] -- Up-to-date symlink: /home/ubuntu/Desktop/RS2/install/turtlebot3_msgs/local/lib/python3.10/dist-packages/turtlebot3_msgs/msg/__init__.py
[0.947s] -- Up-to-date symlink: /home/ubuntu/Desktop/RS2/install/turtlebot3_msgs/local/lib/python3.10/dist-packages/turtlebot3_msgs/msg/_sensor_state.py
[0.948s] -- Up-to-date symlink: /home/ubuntu/Desktop/RS2/install/turtlebot3_msgs/local/lib/python3.10/dist-packages/turtlebot3_msgs/msg/_sensor_state_s.c
[0.950s] -- Up-to-date symlink: /home/ubuntu/Desktop/RS2/install/turtlebot3_msgs/local/lib/python3.10/dist-packages/turtlebot3_msgs/msg/_sound.py
[0.951s] -- Up-to-date symlink: /home/ubuntu/Desktop/RS2/install/turtlebot3_msgs/local/lib/python3.10/dist-packages/turtlebot3_msgs/msg/_sound_s.c
[0.952s] -- Up-to-date symlink: /home/ubuntu/Desktop/RS2/install/turtlebot3_msgs/local/lib/python3.10/dist-packages/turtlebot3_msgs/msg/_version_info.py
[0.953s] -- Up-to-date symlink: /home/ubuntu/Desktop/RS2/install/turtlebot3_msgs/local/lib/python3.10/dist-packages/turtlebot3_msgs/msg/_version_info_s.c
[0.954s] -- Up-to-date symlink: /home/ubuntu/Desktop/RS2/install/turtlebot3_msgs/local/lib/python3.10/dist-packages/turtlebot3_msgs/srv/__init__.py
[0.955s] -- Up-to-date symlink: /home/ubuntu/Desktop/RS2/install/turtlebot3_msgs/local/lib/python3.10/dist-packages/turtlebot3_msgs/srv/_dqn.py
[0.955s] -- Up-to-date symlink: /home/ubuntu/Desktop/RS2/install/turtlebot3_msgs/local/lib/python3.10/dist-packages/turtlebot3_msgs/srv/_dqn_s.c
[0.956s] -- Up-to-date symlink: /home/ubuntu/Desktop/RS2/install/turtlebot3_msgs/local/lib/python3.10/dist-packages/turtlebot3_msgs/srv/_sound.py
[0.957s] -- Up-to-date symlink: /home/ubuntu/Desktop/RS2/install/turtlebot3_msgs/local/lib/python3.10/dist-packages/turtlebot3_msgs/srv/_sound_s.c
[0.957s] -- Up-to-date symlink: /home/ubuntu/Desktop/RS2/install/turtlebot3_msgs/local/lib/python3.10/dist-packages/turtlebot3_msgs/turtlebot3_msgs_s__rosidl_typesupport_c.cpython-310-x86_64-linux-gnu.so
[0.957s] -- Up-to-date symlink: /home/ubuntu/Desktop/RS2/install/turtlebot3_msgs/local/lib/python3.10/dist-packages/turtlebot3_msgs/turtlebot3_msgs_s__rosidl_typesupport_fastrtps_c.cpython-310-x86_64-linux-gnu.so
[0.958s] -- Up-to-date symlink: /home/ubuntu/Desktop/RS2/install/turtlebot3_msgs/local/lib/python3.10/dist-packages/turtlebot3_msgs/turtlebot3_msgs_s__rosidl_typesupport_introspection_c.cpython-310-x86_64-linux-gnu.so
[0.959s] -- Up-to-date symlink: /home/ubuntu/Desktop/RS2/install/turtlebot3_msgs/local/lib/python3.10/dist-packages/turtlebot3_msgs/turtlebot3_msgs_s__rosidl_typesupport_fastrtps_c.cpython-310-x86_64-linux-gnu.so
[0.960s] -- Up-to-date symlink: /home/ubuntu/Desktop/RS2/install/turtlebot3_msgs/local/lib/python3.10/dist-packages/turtlebot3_msgs/turtlebot3_msgs_s__rosidl_typesupport_introspection_c.cpython-310-x86_64-linux-gnu.so
[0.960s] -- Up-to-date symlink: /home/ubuntu/Desktop/RS2/install/turtlebot3_msgs/local/lib/python3.10/dist-packages/turtlebot3_msgs/turtlebot3_msgs_s__rosidl_typesupport_c.cpython-310-x86_64-linux-gnu.so
[0.961s] -- Up-to-date symlink: /home/ubuntu/Desktop/RS2/install/turtlebot3_msgs/share/turtlebot3_msgs/msg/SensorState.idl
[0.962s] -- Up-to-date symlink: /home/ubuntu/Desktop/RS2/install/turtlebot3_msgs/share/turtlebot3_msgs/msg/Sound.idl
[0.963s] -- Up-to-date symlink: /home/ubuntu/Desktop/RS2/install/turtlebot3_msgs/share/turtlebot3_msgs/msg/VersionInfo.idl
[0.963s] -- Up-to-date symlink: /home/ubuntu/Desktop/RS2/install/turtlebot3_msgs/share/turtlebot3_msgs/srv/Sound.idl
[0.964s] -- Up-to-date symlink: /home/ubuntu/Desktop/RS2/install/turtlebot3_msgs/share/turtlebot3_msgs/srv/Dqn.idl
[0.965s] -- Up-to-date symlink: /home/ubuntu/Desktop/RS2/install/turtlebot3_msgs/share/turtlebot3_msgs/action/Patrol.idl
[0.966s] -- Up-to-date symlink: /home/ubuntu/Desktop/RS2/install/turtlebot3_msgs/share/turtlebot3_msgs/msg/SensorState.msg
[0.966s] -- Up-to-date symlink: /home/ubuntu/Desktop/RS2/install/turtlebot3_msgs/share/turtlebot3_msgs/msg/Sound.msg
[0.966s] -- Up-to-date symlink: /home/ubuntu/Desktop/RS2/install/turtlebot3_msgs/share/turtlebot3_msgs/msg/VersionInfo.msg
[0.967s] -- Up-to-date symlink: /home/ubuntu/Desktop/RS2/install/turtlebot3_msgs/share/turtlebot3_msgs/srv/Sound.srv
[0.967s] -- Up-to-date symlink: /home/ubuntu/Desktop/RS2/install/turtlebot3_msgs/share/turtlebot3_msgs/srv/Sound_Request.msg
[0.969s] -- Up-to-date symlink: /home/ubuntu/Desktop/RS2/install/turtlebot3_msgs/share/turtlebot3_msgs/srv/Sound_Response.msg
[0.970s] -- Up-to-date symlink: /home/ubuntu/Desktop/RS2/install/turtlebot3_msgs/share/turtlebot3_msgs/srv/Dqn.srv
[0.971s] -- Up-to-date symlink: /home/ubuntu/Desktop/RS2/install/turtlebot3_msgs/share/turtlebot3_msgs/srv/Dqn_Request.msg
[0.974s] -- Up-to-date symlink: /home/ubuntu/Desktop/RS2/install/turtlebot3_msgs/share/turtlebot3_msgs/srv/Dqn_Response.msg
[0.975s] -- Up-to-date symlink: /home/ubuntu/Desktop/RS2/install/turtlebot3_msgs/share/turtlebot3_msgs/action/Patrol.action
[0.976s] -- Up-to-date symlink: /home/ubuntu/Desktop/RS2/install/turtlebot3_msgs/share/ament_index/resource_index/package_run_dependencies/turtlebot3_msgs
[0.977s] -- Up-to-date symlink: /home/ubuntu/Desktop/RS2/install/turtlebot3_msgs/share/ament_index/resource_index/parent_prefix_path/turtlebot3_msgs
[0.978s] -- Up-to-date symlink: /home/ubuntu/Desktop/RS2/install/turtlebot3_msgs/share/turtlebot3_msgs/environment/ament_prefix_path.sh
[0.978s] -- Up-to-date symlink: /home/ubuntu/Desktop/RS2/install/turtlebot3_msgs/share/turtlebot3_msgs/environment/ament_prefix_path.dsv
[0.979s] -- Up-to-date symlink: /home/ubuntu/Desktop/RS2/install/turtlebot3_msgs/share/turtlebot3_msgs/environment/path.sh
[0.984s] -- Up-to-date symlink: /home/ubuntu/Desktop/RS2/install/turtlebot3_msgs/share/turtlebot3_msgs/environment/path.dsv
[0.985s] -- Up-to-date symlink: /home/ubuntu/Desktop/RS2/install/turtlebot3_msgs/share/turtlebot3_msgs/local_setup.bash
[0.986s] -- Up-to-date symlink: /home/ubuntu/Desktop/RS2/install/turtlebot3_msgs/share/turtlebot3_msgs/local_setup.sh
[0.990s] -- Up-to-date symlink: /home/ubuntu/Desktop/RS2/install/turtlebot3_msgs/share/turtlebot3_msgs/local_setup.zsh
[0.993s] -- Up-to-date symlink: /home/ubuntu/Desktop/RS2/install/turtlebot3_msgs/share/turtlebot3_msgs/local_setup.dsv
[0.993s] -- Symlinking: /home/ubuntu/Desktop/RS2/install/turtlebot3_msgs/share/turtlebot3_msgs/package.dsv
[1.021s] -- Up-to-date symlink: /home/ubuntu/Desktop/RS2/install/turtlebot3_msgs/share/ament_index/resource_index/packages/turtlebot3_msgs
[1.021s] -- Up-to-date symlink: /home/ubuntu/Desktop/RS2/install/turtlebot3_msgs/share/turtlebot3_msgs/cmake/rosidl_cmake-extras.cmake
[1.021s] -- Up-to-date symlink: /home/ubuntu/Desktop/RS2/install/turtlebot3_msgs/share/turtlebot3_msgs/cmake/ament_cmake_export_dependencies-extras.cmake
[1.021s] -- Up-to-date symlink: /home/ubuntu/Desktop/RS2/install/turtlebot3_msgs/share/turtlebot3_msgs/cmake/ament_cmake_export_include_directories-extras.cmake
[1.021s] -- Up-to-date symlink: /home/ubuntu/Desktop/RS2/install/turtlebot3_msgs/share/turtlebot3_msgs/cmake/ament_cmake_export_libraries-extras.cmake
[1.021s] -- Up-to-date symlink: /home/ubuntu/Desktop/RS2/install/turtlebot3_msgs/share/turtlebot3_msgs/cmake/ament_cmake_export_targets-extras.cmake
[1.021s] -- Up-to-date symlink: /home/ubuntu/Desktop/RS2/install/turtlebot3_msgs/share/turtlebot3_msgs/cmake/rosidl_cmake_export_typesupport_targets-extras.cmake
[1.021s] -- Up-to-date symlink: /home/ubuntu/Desktop/RS2/install/turtlebot3_msgs/share/turtlebot3_msgs/cmake/rosidl_cmake_export_typesupport_libraries-extras.cmake
[1.021s] -- Up-to-date symlink: /home/ubuntu/Desktop/RS2/install/turtlebot3_msgs/share/turtlebot3_msgs/cmake/turtlebot3_msgsConfig.cmake
[1.021s] -- Up-to-date symlink: /home/ubuntu/Desktop/RS2/install/turtlebot3_msgs/share/turtlebot3_msgs/cmake/turtlebot3_msgsConfig-version.cmake
[1.022s] -- Up-to-date symlink: /home/ubuntu/Desktop/RS2/install/turtlebot3_msgs/share/turtlebot3_msgs/package.xml
[1.033s] -- Up-to-date: /home/ubuntu/Desktop/RS2/install/turtlebot3_msgs/lib/libturtlebot3_msgs__rosidl_generator_c.so
[1.033s] -- Up-to-date: /home/ubuntu/Desktop/RS2/install/turtlebot3_msgs/lib/libturtlebot3_msgs__rosidl_typesupport_fastrtps_c.so
[1.040s] -- Up-to-date: /home/ubuntu/Desktop/RS2/install/turtlebot3_msgs/lib/libturtlebot3_msgs__rosidl_typesupport_fastrtps_cpp.so
[1.041s] -- Up-to-date: /home/ubuntu/Desktop/RS2/install/turtlebot3_msgs/lib/libturtlebot3_msgs__rosidl_typesupport_introspection_c.so
[1.043s] -- Up-to-date: /home/ubuntu/Desktop/RS2/install/turtlebot3_msgs/lib/libturtlebot3_msgs__rosidl_typesupport_c.so
[1.052s] -- Up-to-date: /home/ubuntu/Desktop/RS2/install/turtlebot3_msgs/lib/libturtlebot3_msgs__rosidl_typesupport_introspection_cpp.so
[1.052s] -- Up-to-date: /home/ubuntu/Desktop/RS2/install/turtlebot3_msgs/lib/libturtlebot3_msgs__rosidl_typesupport_cpp.so
[1.112s] Listing '/home/ubuntu/Desktop/RS2/install/turtlebot3_msgs/local/lib/python3.10/dist-packages/turtlebot3_msgs'...
[1.112s] Listing '/home/ubuntu/Desktop/RS2/install/turtlebot3_msgs/local/lib/python3.10/dist-packages/turtlebot3_msgs/action'...
[1.112s] Listing '/home/ubuntu/Desktop/RS2/install/turtlebot3_msgs/local/lib/python3.10/dist-packages/turtlebot3_msgs/msg'...
[1.115s] Listing '/home/ubuntu/Desktop/RS2/install/turtlebot3_msgs/local/lib/python3.10/dist-packages/turtlebot3_msgs/srv'...
[1.122s] -- Up-to-date: /home/ubuntu/Desktop/RS2/install/turtlebot3_msgs/lib/libturtlebot3_msgs__rosidl_generator_py.so
[1.124s] -- Up-to-date: /home/ubuntu/Desktop/RS2/install/turtlebot3_msgs/share/turtlebot3_msgs/cmake/export_turtlebot3_msgs__rosidl_generator_cExport.cmake
[1.124s] -- Up-to-date: /home/ubuntu/Desktop/RS2/install/turtlebot3_msgs/share/turtlebot3_msgs/cmake/export_turtlebot3_msgs__rosidl_generator_cExport-noconfig.cmake
[1.127s] -- Up-to-date: /home/ubuntu/Desktop/RS2/install/turtlebot3_msgs/share/turtlebot3_msgs/cmake/export_turtlebot3_msgs__rosidl_typesupport_fastrtps_cExport.cmake
[1.127s] -- Up-to-date: /home/ubuntu/Desktop/RS2/install/turtlebot3_msgs/share/turtlebot3_msgs/cmake/export_turtlebot3_msgs__rosidl_typesupport_fastrtps_cExport-noconfig.cmake
[1.129s] -- Up-to-date: /home/ubuntu/Desktop/RS2/install/turtlebot3_msgs/share/turtlebot3_msgs/cmake/export_turtlebot3_msgs__rosidl_generator_cppExport.cmake
[1.129s] -- Up-to-date: /home/ubuntu/Desktop/RS2/install/turtlebot3_msgs/share/turtlebot3_msgs/cmake/export_turtlebot3_msgs__rosidl_typesupport_fastrtps_cppExport.cmake
[1.129s] -- Up-to-date: /home/ubuntu/Desktop/RS2/install/turtlebot3_msgs/share/turtlebot3_msgs/cmake/export_turtlebot3_msgs__rosidl_typesupport_fastrtps_cppExport-noconfig.cmake
[1.129s] -- Up-to-date: /home/ubuntu/Desktop/RS2/install/turtlebot3_msgs/share/turtlebot3_msgs/cmake/turtlebot3_msgs__rosidl_typesupport_introspection_cExport.cmake
[1.129s] -- Up-to-date: /home/ubuntu/Desktop/RS2/install/turtlebot3_msgs/share/turtlebot3_msgs/cmake/turtlebot3_msgs__rosidl_typesupport_introspection_cExport-noconfig.cmake
[1.130s] -- Up-to-date: /home/ubuntu/Desktop/RS2/install/turtlebot3_msgs/share/turtlebot3_msgs/cmake/turtlebot3_msgs__rosidl_typesupport_cExport.cmake
[1.130s] -- Up-to-date: /home/ubuntu/Desktop/RS2/install/turtlebot3_msgs/share/turtlebot3_msgs/cmake/turtlebot3_msgs__rosidl_typesupport_cExport-noconfig.cmake
[1.131s] -- Up-to-date: /home/ubuntu/Desktop/RS2/install/turtlebot3_msgs/share/turtlebot3_msgs/cmake/turtlebot3_msgs__rosidl_typesupport_introspection_cppExport.cmake
[1.131s] -- Up-to-date: /home/ubuntu/Desktop/RS2/install/turtlebot3_msgs/share/turtlebot3_msgs/cmake/turtlebot3_msgs__rosidl_typesupport_introspection_cppExport-noconfig.cmake
[1.135s] -- Up-to-date: /home/ubuntu/Desktop/RS2/install/turtlebot3_msgs/share/turtlebot3_msgs/cmake/turtlebot3_msgs__rosidl_typesupport_cppExport.cmake
[1.135s] -- Up-to-date: /home/ubuntu/Desktop/RS2/install/turtlebot3_msgs/share/turtlebot3_msgs/cmake/turtlebot3_msgs__rosidl_typesupport_cppExport-noconfig.cmake
[1.138s] -- Up-to-date: /home/ubuntu/Desktop/RS2/install/turtlebot3_msgs/share/turtlebot3_msgs/cmake/export_turtlebot3_msgs__rosidl_generator_pyExport.cmake
[1.138s] -- Up-to-date: /home/ubuntu/Desktop/RS2/install/turtlebot3_msgs/share/turtlebot3_msgs/cmake/export_turtlebot3_msgs__rosidl_generator_pyExport-noconfig.cmake
[1.143s] Invoked command in '/home/ubuntu/Desktop/RS2/build/turtlebot3_msgs' returned '0': CMAKE_PREFIX_PATH=/opt/ros/humble /usr/bin/cmake --install /home/ubuntu/Desktop/RS2/build/turtlebot3_msgs
