[0.015s] Invoking command in '/home/ubuntu/Desktop/RS2/build/turtlebot3_bringup': AMENT_PREFIX_PATH=/home/ubuntu/Desktop/RS2/install/turtlebot3_node:/home/ubuntu/Desktop/RS2/install/turtlebot3_msgs:/home/ubuntu/Desktop/RS2/install/turtlebot3_description:/home/ubuntu/Desktop/RS2/install/dynamixel_sdk:${AMENT_PREFIX_PATH} CMAKE_PREFIX_PATH=/home/ubuntu/Desktop/RS2/install/turtlebot3_node:/home/ubuntu/Desktop/RS2/install/turtlebot3_msgs:/home/ubuntu/Desktop/RS2/install/turtlebot3_description:/home/ubuntu/Desktop/RS2/install/dynamixel_sdk:/opt/ros/humble LD_LIBRARY_PATH=/home/ubuntu/Desktop/RS2/install/turtlebot3_msgs/lib:/home/ubuntu/Desktop/RS2/install/dynamixel_sdk/lib:${LD_LIBRARY_PATH} PYTHONPATH=/home/ubuntu/Desktop/RS2/install/turtlebot3_msgs/local/lib/python3.10/dist-packages:${PYTHONPATH} /usr/bin/cmake /home/ubuntu/Desktop/RS2/turtlebot3/turtlebot3_bringup -DAMENT_CMAKE_SYMLINK_INSTALL=1 -DCMAKE_INSTALL_PREFIX=/home/ubuntu/Desktop/RS2/install/turtlebot3_bringup
[0.090s] -- The C compiler identification is GNU 11.4.0
[0.136s] -- The CXX compiler identification is GNU 11.4.0
[0.137s] -- Detecting C compiler ABI info
[0.198s] -- Detecting C compiler ABI info - done
[0.212s] -- Check for working C compiler: /usr/bin/cc - skipped
[0.212s] -- Detecting C compile features
[0.212s] -- Detecting C compile features - done
[0.214s] -- Detecting CXX compiler ABI info
[0.276s] -- Detecting CXX compiler ABI info - done
[0.280s] -- Check for working CXX compiler: /usr/bin/c++ - skipped
[0.281s] -- Detecting CXX compile features
[0.283s] -- Detecting CXX compile features - done
[0.286s] -- Found ament_cmake: 1.3.11 (/opt/ros/humble/share/ament_cmake/cmake)
[0.405s] -- Found Python3: /usr/bin/python3 (found version "3.10.12") found components: Interpreter 
[0.455s] -- Override CMake install command with custom implementation using symlinks instead of copying resources
[0.543s] -- Configuring done
[0.544s] -- Generating done
[0.544s] -- Build files have been written to: /home/ubuntu/Desktop/RS2/build/turtlebot3_bringup
[0.544s] Invoked command in '/home/ubuntu/Desktop/RS2/build/turtlebot3_bringup' returned '0': AMENT_PREFIX_PATH=/home/ubuntu/Desktop/RS2/install/turtlebot3_node:/home/ubuntu/Desktop/RS2/install/turtlebot3_msgs:/home/ubuntu/Desktop/RS2/install/turtlebot3_description:/home/ubuntu/Desktop/RS2/install/dynamixel_sdk:${AMENT_PREFIX_PATH} CMAKE_PREFIX_PATH=/home/ubuntu/Desktop/RS2/install/turtlebot3_node:/home/ubuntu/Desktop/RS2/install/turtlebot3_msgs:/home/ubuntu/Desktop/RS2/install/turtlebot3_description:/home/ubuntu/Desktop/RS2/install/dynamixel_sdk:/opt/ros/humble LD_LIBRARY_PATH=/home/ubuntu/Desktop/RS2/install/turtlebot3_msgs/lib:/home/ubuntu/Desktop/RS2/install/dynamixel_sdk/lib:${LD_LIBRARY_PATH} PYTHONPATH=/home/ubuntu/Desktop/RS2/install/turtlebot3_msgs/local/lib/python3.10/dist-packages:${PYTHONPATH} /usr/bin/cmake /home/ubuntu/Desktop/RS2/turtlebot3/turtlebot3_bringup -DAMENT_CMAKE_SYMLINK_INSTALL=1 -DCMAKE_INSTALL_PREFIX=/home/ubuntu/Desktop/RS2/install/turtlebot3_bringup
[0.546s] Invoking command in '/home/ubuntu/Desktop/RS2/build/turtlebot3_bringup': AMENT_PREFIX_PATH=/home/ubuntu/Desktop/RS2/install/turtlebot3_node:/home/ubuntu/Desktop/RS2/install/turtlebot3_msgs:/home/ubuntu/Desktop/RS2/install/turtlebot3_description:/home/ubuntu/Desktop/RS2/install/dynamixel_sdk:${AMENT_PREFIX_PATH} CMAKE_PREFIX_PATH=/home/ubuntu/Desktop/RS2/install/turtlebot3_node:/home/ubuntu/Desktop/RS2/install/turtlebot3_msgs:/home/ubuntu/Desktop/RS2/install/turtlebot3_description:/home/ubuntu/Desktop/RS2/install/dynamixel_sdk:/opt/ros/humble LD_LIBRARY_PATH=/home/ubuntu/Desktop/RS2/install/turtlebot3_msgs/lib:/home/ubuntu/Desktop/RS2/install/dynamixel_sdk/lib:${LD_LIBRARY_PATH} PYTHONPATH=/home/ubuntu/Desktop/RS2/install/turtlebot3_msgs/local/lib/python3.10/dist-packages:${PYTHONPATH} /usr/bin/cmake --build /home/ubuntu/Desktop/RS2/build/turtlebot3_bringup -- -j2 -l2
[0.572s] Invoked command in '/home/ubuntu/Desktop/RS2/build/turtlebot3_bringup' returned '0': AMENT_PREFIX_PATH=/home/ubuntu/Desktop/RS2/install/turtlebot3_node:/home/ubuntu/Desktop/RS2/install/turtlebot3_msgs:/home/ubuntu/Desktop/RS2/install/turtlebot3_description:/home/ubuntu/Desktop/RS2/install/dynamixel_sdk:${AMENT_PREFIX_PATH} CMAKE_PREFIX_PATH=/home/ubuntu/Desktop/RS2/install/turtlebot3_node:/home/ubuntu/Desktop/RS2/install/turtlebot3_msgs:/home/ubuntu/Desktop/RS2/install/turtlebot3_description:/home/ubuntu/Desktop/RS2/install/dynamixel_sdk:/opt/ros/humble LD_LIBRARY_PATH=/home/ubuntu/Desktop/RS2/install/turtlebot3_msgs/lib:/home/ubuntu/Desktop/RS2/install/dynamixel_sdk/lib:${LD_LIBRARY_PATH} PYTHONPATH=/home/ubuntu/Desktop/RS2/install/turtlebot3_msgs/local/lib/python3.10/dist-packages:${PYTHONPATH} /usr/bin/cmake --build /home/ubuntu/Desktop/RS2/build/turtlebot3_bringup -- -j2 -l2
[0.572s] Invoking command in '/home/ubuntu/Desktop/RS2/build/turtlebot3_bringup': AMENT_PREFIX_PATH=/home/ubuntu/Desktop/RS2/install/turtlebot3_node:/home/ubuntu/Desktop/RS2/install/turtlebot3_msgs:/home/ubuntu/Desktop/RS2/install/turtlebot3_description:/home/ubuntu/Desktop/RS2/install/dynamixel_sdk:${AMENT_PREFIX_PATH} CMAKE_PREFIX_PATH=/home/ubuntu/Desktop/RS2/install/turtlebot3_node:/home/ubuntu/Desktop/RS2/install/turtlebot3_msgs:/home/ubuntu/Desktop/RS2/install/turtlebot3_description:/home/ubuntu/Desktop/RS2/install/dynamixel_sdk:/opt/ros/humble LD_LIBRARY_PATH=/home/ubuntu/Desktop/RS2/install/turtlebot3_msgs/lib:/home/ubuntu/Desktop/RS2/install/dynamixel_sdk/lib:${LD_LIBRARY_PATH} PYTHONPATH=/home/ubuntu/Desktop/RS2/install/turtlebot3_msgs/local/lib/python3.10/dist-packages:${PYTHONPATH} /usr/bin/cmake --install /home/ubuntu/Desktop/RS2/build/turtlebot3_bringup
[0.578s] -- Install configuration: ""
[0.578s] -- Execute custom install script
[0.579s] -- Symlinking: /home/ubuntu/Desktop/RS2/install/turtlebot3_bringup/share/turtlebot3_bringup/launch/robot.launch.py
[0.588s] -- Symlinking: /home/ubuntu/Desktop/RS2/install/turtlebot3_bringup/share/turtlebot3_bringup/launch/rviz2.launch.py
[0.596s] -- Symlinking: /home/ubuntu/Desktop/RS2/install/turtlebot3_bringup/share/turtlebot3_bringup/launch/turtlebot3_state_publisher.launch.py
[0.602s] -- Symlinking: /home/ubuntu/Desktop/RS2/install/turtlebot3_bringup/share/turtlebot3_bringup/param/burger.yaml
[0.607s] -- Symlinking: /home/ubuntu/Desktop/RS2/install/turtlebot3_bringup/share/turtlebot3_bringup/param/waffle.yaml
[0.612s] -- Symlinking: /home/ubuntu/Desktop/RS2/install/turtlebot3_bringup/share/turtlebot3_bringup/param/waffle_pi.yaml
[0.618s] -- Symlinking: /home/ubuntu/Desktop/RS2/install/turtlebot3_bringup/share/turtlebot3_bringup/script/99-turtlebot3-cdc.rules
[0.627s] -- Symlinking: /home/ubuntu/Desktop/RS2/install/turtlebot3_bringup/share/turtlebot3_bringup/script/create_udev_rules
[0.632s] -- Symlinking: /home/ubuntu/Desktop/RS2/install/turtlebot3_bringup/share/ament_index/resource_index/package_run_dependencies/turtlebot3_bringup
[0.639s] -- Symlinking: /home/ubuntu/Desktop/RS2/install/turtlebot3_bringup/share/ament_index/resource_index/parent_prefix_path/turtlebot3_bringup
[0.648s] -- Symlinking: /home/ubuntu/Desktop/RS2/install/turtlebot3_bringup/share/turtlebot3_bringup/environment/ament_prefix_path.sh
[0.655s] -- Symlinking: /home/ubuntu/Desktop/RS2/install/turtlebot3_bringup/share/turtlebot3_bringup/environment/ament_prefix_path.dsv
[0.660s] -- Symlinking: /home/ubuntu/Desktop/RS2/install/turtlebot3_bringup/share/turtlebot3_bringup/environment/path.sh
[0.672s] -- Symlinking: /home/ubuntu/Desktop/RS2/install/turtlebot3_bringup/share/turtlebot3_bringup/environment/path.dsv
[0.677s] -- Symlinking: /home/ubuntu/Desktop/RS2/install/turtlebot3_bringup/share/turtlebot3_bringup/local_setup.bash
[0.686s] -- Symlinking: /home/ubuntu/Desktop/RS2/install/turtlebot3_bringup/share/turtlebot3_bringup/local_setup.sh
[0.693s] -- Symlinking: /home/ubuntu/Desktop/RS2/install/turtlebot3_bringup/share/turtlebot3_bringup/local_setup.zsh
[0.702s] -- Symlinking: /home/ubuntu/Desktop/RS2/install/turtlebot3_bringup/share/turtlebot3_bringup/local_setup.dsv
[0.707s] -- Symlinking: /home/ubuntu/Desktop/RS2/install/turtlebot3_bringup/share/turtlebot3_bringup/package.dsv
[0.713s] -- Symlinking: /home/ubuntu/Desktop/RS2/install/turtlebot3_bringup/share/ament_index/resource_index/packages/turtlebot3_bringup
[0.719s] -- Symlinking: /home/ubuntu/Desktop/RS2/install/turtlebot3_bringup/share/turtlebot3_bringup/cmake/turtlebot3_bringupConfig.cmake
[0.725s] -- Symlinking: /home/ubuntu/Desktop/RS2/install/turtlebot3_bringup/share/turtlebot3_bringup/cmake/turtlebot3_bringupConfig-version.cmake
[0.730s] -- Symlinking: /home/ubuntu/Desktop/RS2/install/turtlebot3_bringup/share/turtlebot3_bringup/package.xml
[0.737s] Invoked command in '/home/ubuntu/Desktop/RS2/build/turtlebot3_bringup' returned '0': AMENT_PREFIX_PATH=/home/ubuntu/Desktop/RS2/install/turtlebot3_node:/home/ubuntu/Desktop/RS2/install/turtlebot3_msgs:/home/ubuntu/Desktop/RS2/install/turtlebot3_description:/home/ubuntu/Desktop/RS2/install/dynamixel_sdk:${AMENT_PREFIX_PATH} CMAKE_PREFIX_PATH=/home/ubuntu/Desktop/RS2/install/turtlebot3_node:/home/ubuntu/Desktop/RS2/install/turtlebot3_msgs:/home/ubuntu/Desktop/RS2/install/turtlebot3_description:/home/ubuntu/Desktop/RS2/install/dynamixel_sdk:/opt/ros/humble LD_LIBRARY_PATH=/home/ubuntu/Desktop/RS2/install/turtlebot3_msgs/lib:/home/ubuntu/Desktop/RS2/install/dynamixel_sdk/lib:${LD_LIBRARY_PATH} PYTHONPATH=/home/ubuntu/Desktop/RS2/install/turtlebot3_msgs/local/lib/python3.10/dist-packages:${PYTHONPATH} /usr/bin/cmake --install /home/ubuntu/Desktop/RS2/build/turtlebot3_bringup
