[2.198s] Invoking command in '/home/katie/turtlebot3_ws/src/move_pepper': PYTHONPATH=/home/katie/turtlebot3_ws/build/move_pepper/prefix_override:/usr/lib/python3/dist-packages/colcon_core/task/python/colcon_distutils_commands:/home/katie/turtlebot3_ws/install/move_pepper/lib/python3.10/site-packages:${PYTHONPATH} /usr/bin/python3 -W ignore:setup.py install is deprecated -W ignore:easy_install command is deprecated setup.py egg_info --egg-base ../../build/move_pepper build --build-base /home/katie/turtlebot3_ws/build/move_pepper/build install --record /home/katie/turtlebot3_ws/build/move_pepper/install.log --single-version-externally-managed install_data
[2.948s] running egg_info
[2.949s] writing ../../build/move_pepper/move_pepper.egg-info/PKG-INFO
[2.950s] writing dependency_links to ../../build/move_pepper/move_pepper.egg-info/dependency_links.txt
[2.950s] writing entry points to ../../build/move_pepper/move_pepper.egg-info/entry_points.txt
[2.951s] writing requirements to ../../build/move_pepper/move_pepper.egg-info/requires.txt
[2.951s] writing top-level names to ../../build/move_pepper/move_pepper.egg-info/top_level.txt
[2.955s] reading manifest file '../../build/move_pepper/move_pepper.egg-info/SOURCES.txt'
[2.958s] writing manifest file '../../build/move_pepper/move_pepper.egg-info/SOURCES.txt'
[2.958s] running build
[2.958s] running build_py
[2.958s] running install
[2.959s] running install_lib
[2.962s] running install_data
[2.963s] running install_egg_info
[2.967s] removing '/home/katie/turtlebot3_ws/install/move_pepper/lib/python3.10/site-packages/move_pepper-0.0.0-py3.10.egg-info' (and everything under it)
[2.968s] Copying ../../build/move_pepper/move_pepper.egg-info to /home/katie/turtlebot3_ws/install/move_pepper/lib/python3.10/site-packages/move_pepper-0.0.0-py3.10.egg-info
[2.970s] running install_scripts
[3.015s] Installing amcl_init_pose_publisher script to /home/katie/turtlebot3_ws/install/move_pepper/lib/move_pepper
[3.016s] writing list of installed files to '/home/katie/turtlebot3_ws/build/move_pepper/install.log'
[3.090s] Invoked command in '/home/katie/turtlebot3_ws/src/move_pepper' returned '0': PYTHONPATH=/home/katie/turtlebot3_ws/build/move_pepper/prefix_override:/usr/lib/python3/dist-packages/colcon_core/task/python/colcon_distutils_commands:/home/katie/turtlebot3_ws/install/move_pepper/lib/python3.10/site-packages:${PYTHONPATH} /usr/bin/python3 -W ignore:setup.py install is deprecated -W ignore:easy_install command is deprecated setup.py egg_info --egg-base ../../build/move_pepper build --build-base /home/katie/turtlebot3_ws/build/move_pepper/build install --record /home/katie/turtlebot3_ws/build/move_pepper/install.log --single-version-externally-managed install_data
