[0.028s] Invoking command in '/home/ubuntu/Desktop/RS2/build/turtlebot3_description': CMAKE_PREFIX_PATH=/opt/ros/humble /usr/bin/cmake /home/ubuntu/Desktop/RS2/turtlebot3/turtlebot3_description -DAMENT_CMAKE_SYMLINK_INSTALL=1 -DCMAKE_INSTALL_PREFIX=/home/ubuntu/Desktop/RS2/install/turtlebot3_description
[0.203s] -- The C compiler identification is GNU 11.4.0
[0.292s] -- The CXX compiler identification is GNU 11.4.0
[0.308s] -- Detecting C compiler ABI info
[0.454s] -- Detecting C compiler ABI info - done
[0.454s] -- Check for working C compiler: /usr/bin/cc - skipped
[0.468s] -- Detecting C compile features
[0.469s] -- Detecting C compile features - done
[0.472s] -- Detecting CXX compiler ABI info
[0.644s] -- Detecting CXX compiler ABI info - done
[0.661s] -- Check for working CXX compiler: /usr/bin/c++ - skipped
[0.661s] -- Detecting CXX compile features
[0.661s] -- Detecting CXX compile features - done
[0.661s] -- Found ament_cmake: 1.3.11 (/opt/ros/humble/share/ament_cmake/cmake)
[0.994s] -- Found Python3: /usr/bin/python3 (found version "3.10.12") found components: Interpreter 
[1.128s] -- Override CMake install command with custom implementation using symlinks instead of copying resources
[1.180s] -- Found urdf: 2.6.1 (/opt/ros/humble/share/urdf/cmake)
[1.401s] -- Configuring done
[1.403s] -- Generating done
[1.404s] -- Build files have been written to: /home/ubuntu/Desktop/RS2/build/turtlebot3_description
[1.410s] Invoked command in '/home/ubuntu/Desktop/RS2/build/turtlebot3_description' returned '0': CMAKE_PREFIX_PATH=/opt/ros/humble /usr/bin/cmake /home/ubuntu/Desktop/RS2/turtlebot3/turtlebot3_description -DAMENT_CMAKE_SYMLINK_INSTALL=1 -DCMAKE_INSTALL_PREFIX=/home/ubuntu/Desktop/RS2/install/turtlebot3_description
[1.411s] Invoking command in '/home/ubuntu/Desktop/RS2/build/turtlebot3_description': CMAKE_PREFIX_PATH=/opt/ros/humble /usr/bin/cmake --build /home/ubuntu/Desktop/RS2/build/turtlebot3_description -- -j2 -l2
[1.438s] Invoked command in '/home/ubuntu/Desktop/RS2/build/turtlebot3_description' returned '0': CMAKE_PREFIX_PATH=/opt/ros/humble /usr/bin/cmake --build /home/ubuntu/Desktop/RS2/build/turtlebot3_description -- -j2 -l2
[1.439s] Invoking command in '/home/ubuntu/Desktop/RS2/build/turtlebot3_description': CMAKE_PREFIX_PATH=/opt/ros/humble /usr/bin/cmake --install /home/ubuntu/Desktop/RS2/build/turtlebot3_description
[1.445s] -- Install configuration: ""
[1.445s] -- Execute custom install script
[1.447s] -- Symlinking: /home/ubuntu/Desktop/RS2/install/turtlebot3_description/share/turtlebot3_description/meshes/bases/burger_base.stl
[1.452s] -- Symlinking: /home/ubuntu/Desktop/RS2/install/turtlebot3_description/share/turtlebot3_description/meshes/bases/waffle_base.stl
[1.459s] -- Symlinking: /home/ubuntu/Desktop/RS2/install/turtlebot3_description/share/turtlebot3_description/meshes/bases/waffle_pi_base.stl
[1.478s] -- Symlinking: /home/ubuntu/Desktop/RS2/install/turtlebot3_description/share/turtlebot3_description/meshes/sensors/astra.dae
[1.503s] -- Symlinking: /home/ubuntu/Desktop/RS2/install/turtlebot3_description/share/turtlebot3_description/meshes/sensors/astra.jpg
[1.525s] -- Symlinking: /home/ubuntu/Desktop/RS2/install/turtlebot3_description/share/turtlebot3_description/meshes/sensors/lds.stl
[1.525s] -- Symlinking: /home/ubuntu/Desktop/RS2/install/turtlebot3_description/share/turtlebot3_description/meshes/sensors/r200.dae
[1.526s] -- Symlinking: /home/ubuntu/Desktop/RS2/install/turtlebot3_description/share/turtlebot3_description/meshes/sensors/r200.jpg
[1.541s] -- Symlinking: /home/ubuntu/Desktop/RS2/install/turtlebot3_description/share/turtlebot3_description/meshes/wheels/left_tire.stl
[1.541s] -- Symlinking: /home/ubuntu/Desktop/RS2/install/turtlebot3_description/share/turtlebot3_description/meshes/wheels/right_tire.stl
[1.543s] -- Symlinking: /home/ubuntu/Desktop/RS2/install/turtlebot3_description/share/turtlebot3_description/rviz/model.rviz
[1.556s] -- Symlinking: /home/ubuntu/Desktop/RS2/install/turtlebot3_description/share/turtlebot3_description/urdf/common_properties.urdf
[1.556s] -- Symlinking: /home/ubuntu/Desktop/RS2/install/turtlebot3_description/share/turtlebot3_description/urdf/turtlebot3_burger.urdf
[1.561s] -- Symlinking: /home/ubuntu/Desktop/RS2/install/turtlebot3_description/share/turtlebot3_description/urdf/turtlebot3_waffle.urdf
[1.572s] -- Symlinking: /home/ubuntu/Desktop/RS2/install/turtlebot3_description/share/turtlebot3_description/urdf/turtlebot3_waffle_pi.urdf
[1.572s] -- Symlinking: /home/ubuntu/Desktop/RS2/install/turtlebot3_description/share/ament_index/resource_index/package_run_dependencies/turtlebot3_description
[1.604s] -- Symlinking: /home/ubuntu/Desktop/RS2/install/turtlebot3_description/share/ament_index/resource_index/parent_prefix_path/turtlebot3_description
[1.628s] -- Symlinking: /home/ubuntu/Desktop/RS2/install/turtlebot3_description/share/turtlebot3_description/environment/ament_prefix_path.sh
[1.654s] -- Symlinking: /home/ubuntu/Desktop/RS2/install/turtlebot3_description/share/turtlebot3_description/environment/ament_prefix_path.dsv
[1.718s] -- Symlinking: /home/ubuntu/Desktop/RS2/install/turtlebot3_description/share/turtlebot3_description/environment/path.sh
[1.750s] -- Symlinking: /home/ubuntu/Desktop/RS2/install/turtlebot3_description/share/turtlebot3_description/environment/path.dsv
[1.769s] -- Symlinking: /home/ubuntu/Desktop/RS2/install/turtlebot3_description/share/turtlebot3_description/local_setup.bash
[1.795s] -- Symlinking: /home/ubuntu/Desktop/RS2/install/turtlebot3_description/share/turtlebot3_description/local_setup.sh
[1.815s] -- Symlinking: /home/ubuntu/Desktop/RS2/install/turtlebot3_description/share/turtlebot3_description/local_setup.zsh
[1.835s] -- Symlinking: /home/ubuntu/Desktop/RS2/install/turtlebot3_description/share/turtlebot3_description/local_setup.dsv
[1.843s] -- Symlinking: /home/ubuntu/Desktop/RS2/install/turtlebot3_description/share/turtlebot3_description/package.dsv
[1.864s] -- Symlinking: /home/ubuntu/Desktop/RS2/install/turtlebot3_description/share/ament_index/resource_index/packages/turtlebot3_description
[1.880s] -- Symlinking: /home/ubuntu/Desktop/RS2/install/turtlebot3_description/share/turtlebot3_description/cmake/turtlebot3_descriptionConfig.cmake
[1.908s] -- Symlinking: /home/ubuntu/Desktop/RS2/install/turtlebot3_description/share/turtlebot3_description/cmake/turtlebot3_descriptionConfig-version.cmake
[1.926s] -- Symlinking: /home/ubuntu/Desktop/RS2/install/turtlebot3_description/share/turtlebot3_description/package.xml
[1.948s] Invoked command in '/home/ubuntu/Desktop/RS2/build/turtlebot3_description' returned '0': CMAKE_PREFIX_PATH=/opt/ros/humble /usr/bin/cmake --install /home/ubuntu/Desktop/RS2/build/turtlebot3_description
