[0.724s] Invoking command in '/home/katie/turtlebot3_ws/build/pepper_autonomy': CMAKE_PREFIX_PATH=/opt/ros/humble CONDA_PROMPT_MODIFIER=(base) /usr/bin/cmake --build /home/katie/turtlebot3_ws/build/pepper_autonomy -- -j8 -l8
[0.824s] -- Found ament_cmake: 1.3.11 (/opt/ros/humble/share/ament_cmake/cmake)
[1.163s] -- Found rclcpp: 16.0.11 (/opt/ros/humble/share/rclcpp/cmake)
[1.252s] -- Found rosidl_generator_c: 3.1.6 (/opt/ros/humble/share/rosidl_generator_c/cmake)
[1.259s] -- Found rosidl_adapter: 3.1.6 (/opt/ros/humble/share/rosidl_adapter/cmake)
[1.277s] -- Found rosidl_generator_cpp: 3.1.6 (/opt/ros/humble/share/rosidl_generator_cpp/cmake)
[1.309s] -- Using all available rosidl_typesupport_c: rosidl_typesupport_fastrtps_c;rosidl_typesupport_introspection_c
[1.343s] -- Using all available rosidl_typesupport_cpp: rosidl_typesupport_fastrtps_cpp;rosidl_typesupport_introspection_cpp
[1.440s] -- Found rmw_implementation_cmake: 6.1.2 (/opt/ros/humble/share/rmw_implementation_cmake/cmake)
[1.445s] -- Found rmw_fastrtps_cpp: 6.2.7 (/opt/ros/humble/share/rmw_fastrtps_cpp/cmake)
[1.769s] -- Using RMW implementation 'rmw_fastrtps_cpp' as default
[1.970s] -- Found rclcpp_action: 16.0.11 (/opt/ros/humble/share/rclcpp_action/cmake)
[2.059s] -- Found nav2_msgs: 1.1.18 (/opt/ros/humble/share/nav2_msgs/cmake)
[2.196s] -- Found tf2: 0.25.12 (/opt/ros/humble/share/tf2/cmake)
[2.208s] -- Found tf2_geometry_msgs: 0.25.12 (/opt/ros/humble/share/tf2_geometry_msgs/cmake)
[2.217s] -- Found eigen3_cmake_module: 0.1.1 (/opt/ros/humble/share/eigen3_cmake_module/cmake)
[2.221s] -- Ensuring Eigen3 include directory is part of orocos-kdl CMake target
[2.352s] -- Found sensor_msgs: 4.2.4 (/opt/ros/humble/share/sensor_msgs/cmake)
[2.406s] -- Found ament_lint_auto: 0.12.11 (/opt/ros/humble/share/ament_lint_auto/cmake)
[2.593s] -- Added test 'copyright' to check source files copyright and LICENSE
[2.598s] -- Added test 'cppcheck' to perform static code analysis on C / C++ code
[2.599s] -- Configured cppcheck include dirs: /home/katie/turtlebot3_ws/src/pepper_autonomy/include
[2.599s] -- Configured cppcheck exclude dirs and/or files: 
[2.599s] -- Added test 'cpplint' to check C / C++ code against the Google style
[2.599s] -- Configured cpplint exclude dirs and/or files: 
[2.600s] -- Added test 'flake8' to check Python code syntax and style conventions
[2.600s] -- Added test 'lint_cmake' to check CMake code style
[2.601s] -- Added test 'pep257' to check Python code against some of the docstring style conventions in PEP 257
[2.603s] -- Added test 'uncrustify' to check C / C++ code style
[2.604s] -- Configured uncrustify additional arguments: 
[2.604s] -- Added test 'xmllint' to check XML markup files
[2.607s] -- Configuring done
[2.660s] -- Generating done
[2.678s] -- Build files have been written to: /home/katie/turtlebot3_ws/build/pepper_autonomy
[2.750s] [35m[1mConsolidate compiler generated dependencies of target object_detector[0m
[2.753s] [35m[1mConsolidate compiler generated dependencies of target autonomy_node[0m
[2.796s] [ 20%] [32m[1mLinking CXX executable object_detector[0m
[2.840s] [ 40%] [32m[1mLinking CXX executable autonomy_node[0m
[4.740s] [ 60%] Built target object_detector
[5.328s] [100%] Built target autonomy_node
