[0.011s] Invoking command in '/home/ubuntu/Desktop/RS2/build/turtlebot3_cartographer': CMAKE_PREFIX_PATH=/opt/ros/humble /usr/bin/cmake /home/ubuntu/Desktop/RS2/turtlebot3/turtlebot3_cartographer -DCMAKE_INSTALL_PREFIX=/home/ubuntu/Desktop/RS2/install/turtlebot3_cartographer
[0.032s] -- Found ament_cmake: 1.3.11 (/opt/ros/humble/share/ament_cmake/cmake)
[0.148s] -- Override CMake install command with custom implementation using symlinks instead of copying resources
[0.222s] -- Configuring done
[0.240s] -- Generating done
[0.241s] -- Build files have been written to: /home/ubuntu/Desktop/RS2/build/turtlebot3_cartographer
[0.256s] Invoked command in '/home/ubuntu/Desktop/RS2/build/turtlebot3_cartographer' returned '0': CMAKE_PREFIX_PATH=/opt/ros/humble /usr/bin/cmake /home/ubuntu/Desktop/RS2/turtlebot3/turtlebot3_cartographer -DCMAKE_INSTALL_PREFIX=/home/ubuntu/Desktop/RS2/install/turtlebot3_cartographer
[0.256s] Invoking command in '/home/ubuntu/Desktop/RS2/build/turtlebot3_cartographer': CMAKE_PREFIX_PATH=/opt/ros/humble /usr/bin/cmake --build /home/ubuntu/Desktop/RS2/build/turtlebot3_cartographer -- -j2 -l2
[0.284s] Invoked command in '/home/ubuntu/Desktop/RS2/build/turtlebot3_cartographer' returned '0': CMAKE_PREFIX_PATH=/opt/ros/humble /usr/bin/cmake --build /home/ubuntu/Desktop/RS2/build/turtlebot3_cartographer -- -j2 -l2
[0.286s] Invoking command in '/home/ubuntu/Desktop/RS2/build/turtlebot3_cartographer': CMAKE_PREFIX_PATH=/opt/ros/humble /usr/bin/cmake --install /home/ubuntu/Desktop/RS2/build/turtlebot3_cartographer
[0.292s] -- Install configuration: ""
[0.293s] -- Execute custom install script
[0.293s] -- Up-to-date symlink: /home/ubuntu/Desktop/RS2/install/turtlebot3_cartographer/share/turtlebot3_cartographer/config/turtlebot3_lds_2d.lua
[0.294s] -- Up-to-date symlink: /home/ubuntu/Desktop/RS2/install/turtlebot3_cartographer/share/turtlebot3_cartographer/launch/cartographer.launch.py
[0.294s] -- Up-to-date symlink: /home/ubuntu/Desktop/RS2/install/turtlebot3_cartographer/share/turtlebot3_cartographer/launch/occupancy_grid.launch.py
[0.294s] -- Up-to-date symlink: /home/ubuntu/Desktop/RS2/install/turtlebot3_cartographer/share/turtlebot3_cartographer/rviz/tb3_cartographer.rviz
[0.294s] -- Up-to-date symlink: /home/ubuntu/Desktop/RS2/install/turtlebot3_cartographer/share/ament_index/resource_index/package_run_dependencies/turtlebot3_cartographer
[0.295s] -- Up-to-date symlink: /home/ubuntu/Desktop/RS2/install/turtlebot3_cartographer/share/ament_index/resource_index/parent_prefix_path/turtlebot3_cartographer
[0.295s] -- Up-to-date symlink: /home/ubuntu/Desktop/RS2/install/turtlebot3_cartographer/share/turtlebot3_cartographer/environment/ament_prefix_path.sh
[0.295s] -- Up-to-date symlink: /home/ubuntu/Desktop/RS2/install/turtlebot3_cartographer/share/turtlebot3_cartographer/environment/ament_prefix_path.dsv
[0.295s] -- Up-to-date symlink: /home/ubuntu/Desktop/RS2/install/turtlebot3_cartographer/share/turtlebot3_cartographer/environment/path.sh
[0.295s] -- Up-to-date symlink: /home/ubuntu/Desktop/RS2/install/turtlebot3_cartographer/share/turtlebot3_cartographer/environment/path.dsv
[0.295s] -- Up-to-date symlink: /home/ubuntu/Desktop/RS2/install/turtlebot3_cartographer/share/turtlebot3_cartographer/local_setup.bash
[0.295s] -- Up-to-date symlink: /home/ubuntu/Desktop/RS2/install/turtlebot3_cartographer/share/turtlebot3_cartographer/local_setup.sh
[0.296s] -- Up-to-date symlink: /home/ubuntu/Desktop/RS2/install/turtlebot3_cartographer/share/turtlebot3_cartographer/local_setup.zsh
[0.296s] -- Up-to-date symlink: /home/ubuntu/Desktop/RS2/install/turtlebot3_cartographer/share/turtlebot3_cartographer/local_setup.dsv
[0.296s] -- Symlinking: /home/ubuntu/Desktop/RS2/install/turtlebot3_cartographer/share/turtlebot3_cartographer/package.dsv
[0.302s] -- Up-to-date symlink: /home/ubuntu/Desktop/RS2/install/turtlebot3_cartographer/share/ament_index/resource_index/packages/turtlebot3_cartographer
[0.303s] -- Up-to-date symlink: /home/ubuntu/Desktop/RS2/install/turtlebot3_cartographer/share/turtlebot3_cartographer/cmake/turtlebot3_cartographerConfig.cmake
[0.303s] -- Up-to-date symlink: /home/ubuntu/Desktop/RS2/install/turtlebot3_cartographer/share/turtlebot3_cartographer/cmake/turtlebot3_cartographerConfig-version.cmake
[0.303s] -- Up-to-date symlink: /home/ubuntu/Desktop/RS2/install/turtlebot3_cartographer/share/turtlebot3_cartographer/package.xml
[0.304s] Invoked command in '/home/ubuntu/Desktop/RS2/build/turtlebot3_cartographer' returned '0': CMAKE_PREFIX_PATH=/opt/ros/humble /usr/bin/cmake --install /home/ubuntu/Desktop/RS2/build/turtlebot3_cartographer
