[0.024s] Invoking command in '/home/ubuntu/Desktop/RS2/build/dynamixel_sdk_examples': AMENT_PREFIX_PATH=/home/ubuntu/Desktop/RS2/install/dynamixel_sdk_custom_interfaces:/home/ubuntu/Desktop/RS2/install/dynamixel_sdk:${AMENT_PREFIX_PATH} CMAKE_PREFIX_PATH=/home/ubuntu/Desktop/RS2/install/dynamixel_sdk_custom_interfaces:/home/ubuntu/Desktop/RS2/install/dynamixel_sdk:/opt/ros/humble LD_LIBRARY_PATH=/home/ubuntu/Desktop/RS2/install/dynamixel_sdk_custom_interfaces/lib:/home/ubuntu/Desktop/RS2/install/dynamixel_sdk/lib:${LD_LIBRARY_PATH} PYTHONPATH=/home/ubuntu/Desktop/RS2/install/dynamixel_sdk_custom_interfaces/local/lib/python3.10/dist-packages:${PYTHONPATH} /usr/bin/cmake /home/ubuntu/Desktop/RS2/DynamixelSDK/dynamixel_sdk_examples -DCMAKE_INSTALL_PREFIX=/home/ubuntu/Desktop/RS2/install/dynamixel_sdk_examples
[0.042s] -- Found ament_cmake: 1.3.11 (/opt/ros/humble/share/ament_cmake/cmake)
[0.153s] -- Override CMake install command with custom implementation using symlinks instead of copying resources
[0.160s] -- Found dynamixel_sdk: 3.7.60 (/home/ubuntu/Desktop/RS2/install/dynamixel_sdk/share/dynamixel_sdk/cmake)
[0.161s] -- Found dynamixel_sdk_custom_interfaces: 3.7.60 (/home/ubuntu/Desktop/RS2/install/dynamixel_sdk_custom_interfaces/share/dynamixel_sdk_custom_interfaces/cmake)
[0.183s] -- Found rosidl_generator_c: 3.1.6 (/opt/ros/humble/share/rosidl_generator_c/cmake)
[0.185s] -- Found rosidl_adapter: 3.1.6 (/opt/ros/humble/share/rosidl_adapter/cmake)
[0.190s] -- Found rosidl_generator_cpp: 3.1.6 (/opt/ros/humble/share/rosidl_generator_cpp/cmake)
[0.200s] -- Using all available rosidl_typesupport_c: rosidl_typesupport_fastrtps_c;rosidl_typesupport_introspection_c
[0.211s] -- Using all available rosidl_typesupport_cpp: rosidl_typesupport_fastrtps_cpp;rosidl_typesupport_introspection_cpp
[0.243s] -- Found rclcpp: 16.0.11 (/opt/ros/humble/share/rclcpp/cmake)
[0.271s] -- Found rmw_implementation_cmake: 6.1.2 (/opt/ros/humble/share/rmw_implementation_cmake/cmake)
[0.273s] -- Found rmw_fastrtps_cpp: 6.2.7 (/opt/ros/humble/share/rmw_fastrtps_cpp/cmake)
[0.375s] -- Using RMW implementation 'rmw_fastrtps_cpp' as default
[0.422s] -- Found ament_lint_auto: 0.12.11 (/opt/ros/humble/share/ament_lint_auto/cmake)
[0.492s] -- Added test 'copyright' to check source files copyright and LICENSE
[0.493s] -- Added test 'cppcheck' to perform static code analysis on C / C++ code
[0.494s] -- Configured cppcheck include dirs: /home/ubuntu/Desktop/RS2/DynamixelSDK/dynamixel_sdk_examples/include
[0.494s] -- Configured cppcheck exclude dirs and/or files: 
[0.495s] -- Added test 'cpplint' to check C / C++ code against the Google style
[0.495s] -- Configured cpplint exclude dirs and/or files: 
[0.496s] -- Added test 'lint_cmake' to check CMake code style
[0.498s] -- Added test 'uncrustify' to check C / C++ code style
[0.498s] -- Configured uncrustify additional arguments: 
[0.498s] -- Added test 'xmllint' to check XML markup files
[0.500s] -- Configuring done
[0.513s] -- Generating done
[0.516s] -- Build files have been written to: /home/ubuntu/Desktop/RS2/build/dynamixel_sdk_examples
[0.524s] Invoked command in '/home/ubuntu/Desktop/RS2/build/dynamixel_sdk_examples' returned '0': AMENT_PREFIX_PATH=/home/ubuntu/Desktop/RS2/install/dynamixel_sdk_custom_interfaces:/home/ubuntu/Desktop/RS2/install/dynamixel_sdk:${AMENT_PREFIX_PATH} CMAKE_PREFIX_PATH=/home/ubuntu/Desktop/RS2/install/dynamixel_sdk_custom_interfaces:/home/ubuntu/Desktop/RS2/install/dynamixel_sdk:/opt/ros/humble LD_LIBRARY_PATH=/home/ubuntu/Desktop/RS2/install/dynamixel_sdk_custom_interfaces/lib:/home/ubuntu/Desktop/RS2/install/dynamixel_sdk/lib:${LD_LIBRARY_PATH} PYTHONPATH=/home/ubuntu/Desktop/RS2/install/dynamixel_sdk_custom_interfaces/local/lib/python3.10/dist-packages:${PYTHONPATH} /usr/bin/cmake /home/ubuntu/Desktop/RS2/DynamixelSDK/dynamixel_sdk_examples -DCMAKE_INSTALL_PREFIX=/home/ubuntu/Desktop/RS2/install/dynamixel_sdk_examples
[0.524s] Invoking command in '/home/ubuntu/Desktop/RS2/build/dynamixel_sdk_examples': AMENT_PREFIX_PATH=/home/ubuntu/Desktop/RS2/install/dynamixel_sdk_custom_interfaces:/home/ubuntu/Desktop/RS2/install/dynamixel_sdk:${AMENT_PREFIX_PATH} CMAKE_PREFIX_PATH=/home/ubuntu/Desktop/RS2/install/dynamixel_sdk_custom_interfaces:/home/ubuntu/Desktop/RS2/install/dynamixel_sdk:/opt/ros/humble LD_LIBRARY_PATH=/home/ubuntu/Desktop/RS2/install/dynamixel_sdk_custom_interfaces/lib:/home/ubuntu/Desktop/RS2/install/dynamixel_sdk/lib:${LD_LIBRARY_PATH} PYTHONPATH=/home/ubuntu/Desktop/RS2/install/dynamixel_sdk_custom_interfaces/local/lib/python3.10/dist-packages:${PYTHONPATH} /usr/bin/cmake --build /home/ubuntu/Desktop/RS2/build/dynamixel_sdk_examples -- -j2 -l2
[0.560s] [35m[1mConsolidate compiler generated dependencies of target read_write_node[0m
[0.575s] [100%] Built target read_write_node
[0.583s] Invoked command in '/home/ubuntu/Desktop/RS2/build/dynamixel_sdk_examples' returned '0': AMENT_PREFIX_PATH=/home/ubuntu/Desktop/RS2/install/dynamixel_sdk_custom_interfaces:/home/ubuntu/Desktop/RS2/install/dynamixel_sdk:${AMENT_PREFIX_PATH} CMAKE_PREFIX_PATH=/home/ubuntu/Desktop/RS2/install/dynamixel_sdk_custom_interfaces:/home/ubuntu/Desktop/RS2/install/dynamixel_sdk:/opt/ros/humble LD_LIBRARY_PATH=/home/ubuntu/Desktop/RS2/install/dynamixel_sdk_custom_interfaces/lib:/home/ubuntu/Desktop/RS2/install/dynamixel_sdk/lib:${LD_LIBRARY_PATH} PYTHONPATH=/home/ubuntu/Desktop/RS2/install/dynamixel_sdk_custom_interfaces/local/lib/python3.10/dist-packages:${PYTHONPATH} /usr/bin/cmake --build /home/ubuntu/Desktop/RS2/build/dynamixel_sdk_examples -- -j2 -l2
[0.585s] Invoking command in '/home/ubuntu/Desktop/RS2/build/dynamixel_sdk_examples': AMENT_PREFIX_PATH=/home/ubuntu/Desktop/RS2/install/dynamixel_sdk_custom_interfaces:/home/ubuntu/Desktop/RS2/install/dynamixel_sdk:${AMENT_PREFIX_PATH} CMAKE_PREFIX_PATH=/home/ubuntu/Desktop/RS2/install/dynamixel_sdk_custom_interfaces:/home/ubuntu/Desktop/RS2/install/dynamixel_sdk:/opt/ros/humble LD_LIBRARY_PATH=/home/ubuntu/Desktop/RS2/install/dynamixel_sdk_custom_interfaces/lib:/home/ubuntu/Desktop/RS2/install/dynamixel_sdk/lib:${LD_LIBRARY_PATH} PYTHONPATH=/home/ubuntu/Desktop/RS2/install/dynamixel_sdk_custom_interfaces/local/lib/python3.10/dist-packages:${PYTHONPATH} /usr/bin/cmake --install /home/ubuntu/Desktop/RS2/build/dynamixel_sdk_examples
[0.590s] -- Install configuration: ""
[0.592s] -- Execute custom install script
[0.592s] -- Up-to-date symlink: /home/ubuntu/Desktop/RS2/install/dynamixel_sdk_examples/lib/dynamixel_sdk_examples/read_write_node
[0.592s] -- Up-to-date symlink: /home/ubuntu/Desktop/RS2/install/dynamixel_sdk_examples/share/ament_index/resource_index/package_run_dependencies/dynamixel_sdk_examples
[0.592s] -- Up-to-date symlink: /home/ubuntu/Desktop/RS2/install/dynamixel_sdk_examples/share/ament_index/resource_index/parent_prefix_path/dynamixel_sdk_examples
[0.592s] -- Up-to-date symlink: /home/ubuntu/Desktop/RS2/install/dynamixel_sdk_examples/share/dynamixel_sdk_examples/environment/ament_prefix_path.sh
[0.592s] -- Up-to-date symlink: /home/ubuntu/Desktop/RS2/install/dynamixel_sdk_examples/share/dynamixel_sdk_examples/environment/ament_prefix_path.dsv
[0.592s] -- Up-to-date symlink: /home/ubuntu/Desktop/RS2/install/dynamixel_sdk_examples/share/dynamixel_sdk_examples/environment/path.sh
[0.592s] -- Up-to-date symlink: /home/ubuntu/Desktop/RS2/install/dynamixel_sdk_examples/share/dynamixel_sdk_examples/environment/path.dsv
[0.592s] -- Up-to-date symlink: /home/ubuntu/Desktop/RS2/install/dynamixel_sdk_examples/share/dynamixel_sdk_examples/local_setup.bash
[0.592s] -- Up-to-date symlink: /home/ubuntu/Desktop/RS2/install/dynamixel_sdk_examples/share/dynamixel_sdk_examples/local_setup.sh
[0.592s] -- Up-to-date symlink: /home/ubuntu/Desktop/RS2/install/dynamixel_sdk_examples/share/dynamixel_sdk_examples/local_setup.zsh
[0.593s] -- Up-to-date symlink: /home/ubuntu/Desktop/RS2/install/dynamixel_sdk_examples/share/dynamixel_sdk_examples/local_setup.dsv
[0.593s] -- Symlinking: /home/ubuntu/Desktop/RS2/install/dynamixel_sdk_examples/share/dynamixel_sdk_examples/package.dsv
[0.599s] -- Up-to-date symlink: /home/ubuntu/Desktop/RS2/install/dynamixel_sdk_examples/share/ament_index/resource_index/packages/dynamixel_sdk_examples
[0.599s] -- Up-to-date symlink: /home/ubuntu/Desktop/RS2/install/dynamixel_sdk_examples/share/dynamixel_sdk_examples/cmake/dynamixel_sdk_examplesConfig.cmake
[0.599s] -- Up-to-date symlink: /home/ubuntu/Desktop/RS2/install/dynamixel_sdk_examples/share/dynamixel_sdk_examples/cmake/dynamixel_sdk_examplesConfig-version.cmake
[0.599s] -- Up-to-date symlink: /home/ubuntu/Desktop/RS2/install/dynamixel_sdk_examples/share/dynamixel_sdk_examples/package.xml
[0.604s] Invoked command in '/home/ubuntu/Desktop/RS2/build/dynamixel_sdk_examples' returned '0': AMENT_PREFIX_PATH=/home/ubuntu/Desktop/RS2/install/dynamixel_sdk_custom_interfaces:/home/ubuntu/Desktop/RS2/install/dynamixel_sdk:${AMENT_PREFIX_PATH} CMAKE_PREFIX_PATH=/home/ubuntu/Desktop/RS2/install/dynamixel_sdk_custom_interfaces:/home/ubuntu/Desktop/RS2/install/dynamixel_sdk:/opt/ros/humble LD_LIBRARY_PATH=/home/ubuntu/Desktop/RS2/install/dynamixel_sdk_custom_interfaces/lib:/home/ubuntu/Desktop/RS2/install/dynamixel_sdk/lib:${LD_LIBRARY_PATH} PYTHONPATH=/home/ubuntu/Desktop/RS2/install/dynamixel_sdk_custom_interfaces/local/lib/python3.10/dist-packages:${PYTHONPATH} /usr/bin/cmake --install /home/ubuntu/Desktop/RS2/build/dynamixel_sdk_examples
