[0.007s] Invoking command in '/home/ubuntu/Desktop/RS2/build/turtlebot3_fake_node': AMENT_PREFIX_PATH=/home/ubuntu/Desktop/RS2/install/turtlebot3_msgs:${AMENT_PREFIX_PATH} CMAKE_PREFIX_PATH=/home/ubuntu/Desktop/RS2/install/turtlebot3_msgs:/opt/ros/humble LD_LIBRARY_PATH=/home/ubuntu/Desktop/RS2/install/turtlebot3_msgs/lib:${LD_LIBRARY_PATH} PYTHONPATH=/home/ubuntu/Desktop/RS2/install/turtlebot3_msgs/local/lib/python3.10/dist-packages:${PYTHONPATH} /usr/bin/cmake /home/ubuntu/Desktop/RS2/src/turtlebot3_simulations/turtlebot3_fake_node -DCMAKE_INSTALL_PREFIX=/home/ubuntu/Desktop/RS2/install/turtlebot3_fake_node
[0.044s] -- Found ament_cmake: 1.3.11 (/opt/ros/humble/share/ament_cmake/cmake)
[0.195s] -- Override CMake install command with custom implementation using symlinks instead of copying resources
[0.203s] -- Found geometry_msgs: 4.2.4 (/opt/ros/humble/share/geometry_msgs/cmake)
[0.226s] -- Found rosidl_generator_c: 3.1.6 (/opt/ros/humble/share/rosidl_generator_c/cmake)
[0.228s] -- Found rosidl_adapter: 3.1.6 (/opt/ros/humble/share/rosidl_adapter/cmake)
[0.234s] -- Found rosidl_generator_cpp: 3.1.6 (/opt/ros/humble/share/rosidl_generator_cpp/cmake)
[0.246s] -- Using all available rosidl_typesupport_c: rosidl_typesupport_fastrtps_c;rosidl_typesupport_introspection_c
[0.273s] -- Using all available rosidl_typesupport_cpp: rosidl_typesupport_fastrtps_cpp;rosidl_typesupport_introspection_cpp
[0.319s] -- Found nav_msgs: 4.2.4 (/opt/ros/humble/share/nav_msgs/cmake)
[0.335s] -- Found rclcpp: 16.0.11 (/opt/ros/humble/share/rclcpp/cmake)
[0.359s] -- Found rmw_implementation_cmake: 6.1.2 (/opt/ros/humble/share/rmw_implementation_cmake/cmake)
[0.360s] -- Found rmw_fastrtps_cpp: 6.2.7 (/opt/ros/humble/share/rmw_fastrtps_cpp/cmake)
[0.459s] -- Using RMW implementation 'rmw_fastrtps_cpp' as default
[0.504s] -- Found sensor_msgs: 4.2.4 (/opt/ros/humble/share/sensor_msgs/cmake)
[0.521s] -- Found tf2: 0.25.12 (/opt/ros/humble/share/tf2/cmake)
[0.525s] -- Found tf2_msgs: 0.25.12 (/opt/ros/humble/share/tf2_msgs/cmake)
[0.582s] -- Found turtlebot3_msgs: 2.2.3 (/home/ubuntu/Desktop/RS2/install/turtlebot3_msgs/share/turtlebot3_msgs/cmake)
[0.687s] -- Configuring done
[0.729s] -- Generating done
[0.749s] -- Build files have been written to: /home/ubuntu/Desktop/RS2/build/turtlebot3_fake_node
[0.758s] Invoked command in '/home/ubuntu/Desktop/RS2/build/turtlebot3_fake_node' returned '0': AMENT_PREFIX_PATH=/home/ubuntu/Desktop/RS2/install/turtlebot3_msgs:${AMENT_PREFIX_PATH} CMAKE_PREFIX_PATH=/home/ubuntu/Desktop/RS2/install/turtlebot3_msgs:/opt/ros/humble LD_LIBRARY_PATH=/home/ubuntu/Desktop/RS2/install/turtlebot3_msgs/lib:${LD_LIBRARY_PATH} PYTHONPATH=/home/ubuntu/Desktop/RS2/install/turtlebot3_msgs/local/lib/python3.10/dist-packages:${PYTHONPATH} /usr/bin/cmake /home/ubuntu/Desktop/RS2/src/turtlebot3_simulations/turtlebot3_fake_node -DCMAKE_INSTALL_PREFIX=/home/ubuntu/Desktop/RS2/install/turtlebot3_fake_node
[0.758s] Invoking command in '/home/ubuntu/Desktop/RS2/build/turtlebot3_fake_node': AMENT_PREFIX_PATH=/home/ubuntu/Desktop/RS2/install/turtlebot3_msgs:${AMENT_PREFIX_PATH} CMAKE_PREFIX_PATH=/home/ubuntu/Desktop/RS2/install/turtlebot3_msgs:/opt/ros/humble LD_LIBRARY_PATH=/home/ubuntu/Desktop/RS2/install/turtlebot3_msgs/lib:${LD_LIBRARY_PATH} PYTHONPATH=/home/ubuntu/Desktop/RS2/install/turtlebot3_msgs/local/lib/python3.10/dist-packages:${PYTHONPATH} /usr/bin/cmake --build /home/ubuntu/Desktop/RS2/build/turtlebot3_fake_node -- -j2 -l2
[0.799s] [35m[1mConsolidate compiler generated dependencies of target turtlebot3_fake_node[0m
[0.838s] [100%] Built target turtlebot3_fake_node
[0.868s] Invoked command in '/home/ubuntu/Desktop/RS2/build/turtlebot3_fake_node' returned '0': AMENT_PREFIX_PATH=/home/ubuntu/Desktop/RS2/install/turtlebot3_msgs:${AMENT_PREFIX_PATH} CMAKE_PREFIX_PATH=/home/ubuntu/Desktop/RS2/install/turtlebot3_msgs:/opt/ros/humble LD_LIBRARY_PATH=/home/ubuntu/Desktop/RS2/install/turtlebot3_msgs/lib:${LD_LIBRARY_PATH} PYTHONPATH=/home/ubuntu/Desktop/RS2/install/turtlebot3_msgs/local/lib/python3.10/dist-packages:${PYTHONPATH} /usr/bin/cmake --build /home/ubuntu/Desktop/RS2/build/turtlebot3_fake_node -- -j2 -l2
[0.868s] Invoking command in '/home/ubuntu/Desktop/RS2/build/turtlebot3_fake_node': AMENT_PREFIX_PATH=/home/ubuntu/Desktop/RS2/install/turtlebot3_msgs:${AMENT_PREFIX_PATH} CMAKE_PREFIX_PATH=/home/ubuntu/Desktop/RS2/install/turtlebot3_msgs:/opt/ros/humble LD_LIBRARY_PATH=/home/ubuntu/Desktop/RS2/install/turtlebot3_msgs/lib:${LD_LIBRARY_PATH} PYTHONPATH=/home/ubuntu/Desktop/RS2/install/turtlebot3_msgs/local/lib/python3.10/dist-packages:${PYTHONPATH} /usr/bin/cmake --install /home/ubuntu/Desktop/RS2/build/turtlebot3_fake_node
[0.874s] -- Install configuration: ""
[0.874s] -- Execute custom install script
[0.875s] -- Up-to-date symlink: /home/ubuntu/Desktop/RS2/install/turtlebot3_fake_node/lib/turtlebot3_fake_node/turtlebot3_fake_node
[0.875s] -- Up-to-date symlink: /home/ubuntu/Desktop/RS2/install/turtlebot3_fake_node/share/turtlebot3_fake_node/launch/rviz2.launch.py
[0.875s] -- Up-to-date symlink: /home/ubuntu/Desktop/RS2/install/turtlebot3_fake_node/share/turtlebot3_fake_node/launch/turtlebot3_fake_node.launch.py
[0.876s] -- Up-to-date symlink: /home/ubuntu/Desktop/RS2/install/turtlebot3_fake_node/share/turtlebot3_fake_node/param/burger.yaml
[0.876s] -- Up-to-date symlink: /home/ubuntu/Desktop/RS2/install/turtlebot3_fake_node/share/turtlebot3_fake_node/param/waffle.yaml
[0.876s] -- Up-to-date symlink: /home/ubuntu/Desktop/RS2/install/turtlebot3_fake_node/share/turtlebot3_fake_node/param/waffle_pi.yaml
[0.877s] -- Up-to-date symlink: /home/ubuntu/Desktop/RS2/install/turtlebot3_fake_node/include//turtlebot3_fake_node/turtlebot3_fake_node.hpp
[0.882s] -- Up-to-date symlink: /home/ubuntu/Desktop/RS2/install/turtlebot3_fake_node/share/ament_index/resource_index/package_run_dependencies/turtlebot3_fake_node
[0.883s] -- Up-to-date symlink: /home/ubuntu/Desktop/RS2/install/turtlebot3_fake_node/share/ament_index/resource_index/parent_prefix_path/turtlebot3_fake_node
[0.883s] -- Up-to-date symlink: /home/ubuntu/Desktop/RS2/install/turtlebot3_fake_node/share/turtlebot3_fake_node/environment/ament_prefix_path.sh
[0.883s] -- Up-to-date symlink: /home/ubuntu/Desktop/RS2/install/turtlebot3_fake_node/share/turtlebot3_fake_node/environment/ament_prefix_path.dsv
[0.883s] -- Up-to-date symlink: /home/ubuntu/Desktop/RS2/install/turtlebot3_fake_node/share/turtlebot3_fake_node/environment/path.sh
[0.883s] -- Up-to-date symlink: /home/ubuntu/Desktop/RS2/install/turtlebot3_fake_node/share/turtlebot3_fake_node/environment/path.dsv
[0.883s] -- Up-to-date symlink: /home/ubuntu/Desktop/RS2/install/turtlebot3_fake_node/share/turtlebot3_fake_node/local_setup.bash
[0.883s] -- Up-to-date symlink: /home/ubuntu/Desktop/RS2/install/turtlebot3_fake_node/share/turtlebot3_fake_node/local_setup.sh
[0.884s] -- Up-to-date symlink: /home/ubuntu/Desktop/RS2/install/turtlebot3_fake_node/share/turtlebot3_fake_node/local_setup.zsh
[0.884s] -- Up-to-date symlink: /home/ubuntu/Desktop/RS2/install/turtlebot3_fake_node/share/turtlebot3_fake_node/local_setup.dsv
[0.886s] -- Symlinking: /home/ubuntu/Desktop/RS2/install/turtlebot3_fake_node/share/turtlebot3_fake_node/package.dsv
[0.900s] -- Up-to-date symlink: /home/ubuntu/Desktop/RS2/install/turtlebot3_fake_node/share/ament_index/resource_index/packages/turtlebot3_fake_node
[0.900s] -- Up-to-date symlink: /home/ubuntu/Desktop/RS2/install/turtlebot3_fake_node/share/turtlebot3_fake_node/cmake/ament_cmake_export_include_directories-extras.cmake
[0.900s] -- Up-to-date symlink: /home/ubuntu/Desktop/RS2/install/turtlebot3_fake_node/share/turtlebot3_fake_node/cmake/ament_cmake_export_dependencies-extras.cmake
[0.900s] -- Up-to-date symlink: /home/ubuntu/Desktop/RS2/install/turtlebot3_fake_node/share/turtlebot3_fake_node/cmake/turtlebot3_fake_nodeConfig.cmake
[0.900s] -- Up-to-date symlink: /home/ubuntu/Desktop/RS2/install/turtlebot3_fake_node/share/turtlebot3_fake_node/cmake/turtlebot3_fake_nodeConfig-version.cmake
[0.900s] -- Up-to-date symlink: /home/ubuntu/Desktop/RS2/install/turtlebot3_fake_node/share/turtlebot3_fake_node/package.xml
[0.904s] Invoked command in '/home/ubuntu/Desktop/RS2/build/turtlebot3_fake_node' returned '0': AMENT_PREFIX_PATH=/home/ubuntu/Desktop/RS2/install/turtlebot3_msgs:${AMENT_PREFIX_PATH} CMAKE_PREFIX_PATH=/home/ubuntu/Desktop/RS2/install/turtlebot3_msgs:/opt/ros/humble LD_LIBRARY_PATH=/home/ubuntu/Desktop/RS2/install/turtlebot3_msgs/lib:${LD_LIBRARY_PATH} PYTHONPATH=/home/ubuntu/Desktop/RS2/install/turtlebot3_msgs/local/lib/python3.10/dist-packages:${PYTHONPATH} /usr/bin/cmake --install /home/ubuntu/Desktop/RS2/build/turtlebot3_fake_node
