[0.023s] Invoking command in '/home/ubuntu/Desktop/RS2/build/turtlebot3_navigation2': CMAKE_PREFIX_PATH=/opt/ros/humble /usr/bin/cmake --build /home/ubuntu/Desktop/RS2/build/turtlebot3_navigation2 -- -j2 -l2
[0.148s] Invoked command in '/home/ubuntu/Desktop/RS2/build/turtlebot3_navigation2' returned '0': CMAKE_PREFIX_PATH=/opt/ros/humble /usr/bin/cmake --build /home/ubuntu/Desktop/RS2/build/turtlebot3_navigation2 -- -j2 -l2
[0.149s] Invoking command in '/home/ubuntu/Desktop/RS2/build/turtlebot3_navigation2': CMAKE_PREFIX_PATH=/opt/ros/humble /usr/bin/cmake --install /home/ubuntu/Desktop/RS2/build/turtlebot3_navigation2
[0.162s] -- Install configuration: ""
[0.165s] -- Execute custom install script
[0.165s] -- Up-to-date symlink: /home/ubuntu/Desktop/RS2/install/turtlebot3_navigation2/share/turtlebot3_navigation2/launch/navigation2.launch.py
[0.165s] -- Up-to-date symlink: /home/ubuntu/Desktop/RS2/install/turtlebot3_navigation2/share/turtlebot3_navigation2/map/map.pgm
[0.166s] -- Up-to-date symlink: /home/ubuntu/Desktop/RS2/install/turtlebot3_navigation2/share/turtlebot3_navigation2/map/map.yaml
[0.166s] -- Up-to-date symlink: /home/ubuntu/Desktop/RS2/install/turtlebot3_navigation2/share/turtlebot3_navigation2/param/burger.yaml
[0.166s] -- Up-to-date symlink: /home/ubuntu/Desktop/RS2/install/turtlebot3_navigation2/share/turtlebot3_navigation2/param/waffle.yaml
[0.166s] -- Up-to-date symlink: /home/ubuntu/Desktop/RS2/install/turtlebot3_navigation2/share/turtlebot3_navigation2/param/waffle_pi.yaml
[0.166s] -- Up-to-date symlink: /home/ubuntu/Desktop/RS2/install/turtlebot3_navigation2/share/turtlebot3_navigation2/rviz/tb3_navigation2.rviz
[0.166s] -- Up-to-date symlink: /home/ubuntu/Desktop/RS2/install/turtlebot3_navigation2/share/ament_index/resource_index/package_run_dependencies/turtlebot3_navigation2
[0.167s] -- Up-to-date symlink: /home/ubuntu/Desktop/RS2/install/turtlebot3_navigation2/share/ament_index/resource_index/parent_prefix_path/turtlebot3_navigation2
[0.167s] -- Up-to-date symlink: /home/ubuntu/Desktop/RS2/install/turtlebot3_navigation2/share/turtlebot3_navigation2/environment/ament_prefix_path.sh
[0.167s] -- Up-to-date symlink: /home/ubuntu/Desktop/RS2/install/turtlebot3_navigation2/share/turtlebot3_navigation2/environment/ament_prefix_path.dsv
[0.170s] -- Up-to-date symlink: /home/ubuntu/Desktop/RS2/install/turtlebot3_navigation2/share/turtlebot3_navigation2/environment/path.sh
[0.171s] -- Up-to-date symlink: /home/ubuntu/Desktop/RS2/install/turtlebot3_navigation2/share/turtlebot3_navigation2/environment/path.dsv
[0.171s] -- Up-to-date symlink: /home/ubuntu/Desktop/RS2/install/turtlebot3_navigation2/share/turtlebot3_navigation2/local_setup.bash
[0.171s] -- Up-to-date symlink: /home/ubuntu/Desktop/RS2/install/turtlebot3_navigation2/share/turtlebot3_navigation2/local_setup.sh
[0.171s] -- Up-to-date symlink: /home/ubuntu/Desktop/RS2/install/turtlebot3_navigation2/share/turtlebot3_navigation2/local_setup.zsh
[0.171s] -- Up-to-date symlink: /home/ubuntu/Desktop/RS2/install/turtlebot3_navigation2/share/turtlebot3_navigation2/local_setup.dsv
[0.171s] -- Symlinking: /home/ubuntu/Desktop/RS2/install/turtlebot3_navigation2/share/turtlebot3_navigation2/package.dsv
[0.225s] -- Up-to-date symlink: /home/ubuntu/Desktop/RS2/install/turtlebot3_navigation2/share/ament_index/resource_index/packages/turtlebot3_navigation2
[0.225s] -- Up-to-date symlink: /home/ubuntu/Desktop/RS2/install/turtlebot3_navigation2/share/turtlebot3_navigation2/cmake/turtlebot3_navigation2Config.cmake
[0.225s] -- Up-to-date symlink: /home/ubuntu/Desktop/RS2/install/turtlebot3_navigation2/share/turtlebot3_navigation2/cmake/turtlebot3_navigation2Config-version.cmake
[0.225s] -- Up-to-date symlink: /home/ubuntu/Desktop/RS2/install/turtlebot3_navigation2/share/turtlebot3_navigation2/package.xml
[0.246s] Invoked command in '/home/ubuntu/Desktop/RS2/build/turtlebot3_navigation2' returned '0': CMAKE_PREFIX_PATH=/opt/ros/humble /usr/bin/cmake --install /home/ubuntu/Desktop/RS2/build/turtlebot3_navigation2
