[0.164s] DEBUG:colcon:Command line arguments: ['/usr/bin/colcon', 'build']
[0.164s] DEBUG:colcon:Parsed command line arguments: Namespace(log_base=None, log_level=None, verb_name='build', build_base='build', install_base='install', merge_install=False, symlink_install=False, test_result_base=None, continue_on_error=False, executor='parallel', parallel_workers=8, event_handlers=None, ignore_user_meta=False, metas=['./colcon.meta'], base_paths=['.'], packages_ignore=None, packages_ignore_regex=None, paths=None, packages_up_to=None, packages_up_to_regex=None, packages_above=None, packages_above_and_dependencies=None, packages_above_depth=None, packages_select_by_dep=None, packages_skip_by_dep=None, packages_skip_up_to=None, packages_select_build_failed=False, packages_skip_build_finished=False, packages_select_test_failures=False, packages_skip_test_passed=False, packages_select=None, packages_skip=None, packages_select_regex=None, packages_skip_regex=None, packages_start=None, packages_end=None, allow_overriding=[], cmake_args=None, cmake_target=None, cmake_target_skip_unavailable=False, cmake_clean_cache=False, cmake_clean_first=False, cmake_force_configure=False, ament_cmake_args=None, catkin_cmake_args=None, catkin_skip_building_tests=False, mixin_files=None, mixin=None, verb_parser=<colcon_mixin.mixin.mixin_argument.MixinArgumentDecorator object at 0x7f829930ff40>, verb_extension=<colcon_core.verb.build.BuildVerb object at 0x7f829930f9d0>, main=<bound method BuildVerb.main of <colcon_core.verb.build.BuildVerb object at 0x7f829930f9d0>>, mixin_verb=('build',))
[0.257s] Level 1:colcon.colcon_core.package_discovery:discover_packages(colcon_meta) check parameters
[0.257s] Level 1:colcon.colcon_core.package_discovery:discover_packages(recursive) check parameters
[0.257s] Level 1:colcon.colcon_core.package_discovery:discover_packages(ignore) check parameters
[0.257s] Level 1:colcon.colcon_core.package_discovery:discover_packages(path) check parameters
[0.257s] Level 1:colcon.colcon_core.package_discovery:discover_packages(colcon_meta) discover
[0.258s] Level 1:colcon.colcon_core.package_discovery:discover_packages(recursive) discover
[0.258s] INFO:colcon.colcon_core.package_discovery:Crawling recursively for packages in '/home/katie/turtlebot3_ws'
[0.258s] Level 1:colcon.colcon_core.package_identification:_identify(.) by extensions ['ignore', 'ignore_ament_install']
[0.258s] Level 1:colcon.colcon_core.package_identification:_identify(.) by extension 'ignore'
[0.258s] Level 1:colcon.colcon_core.package_identification:_identify(.) by extension 'ignore_ament_install'
[0.258s] Level 1:colcon.colcon_core.package_identification:_identify(.) by extensions ['colcon_pkg']
[0.258s] Level 1:colcon.colcon_core.package_identification:_identify(.) by extension 'colcon_pkg'
[0.258s] Level 1:colcon.colcon_core.package_identification:_identify(.) by extensions ['colcon_meta']
[0.258s] Level 1:colcon.colcon_core.package_identification:_identify(.) by extension 'colcon_meta'
[0.258s] Level 1:colcon.colcon_core.package_identification:_identify(.) by extensions ['ros']
[0.258s] Level 1:colcon.colcon_core.package_identification:_identify(.) by extension 'ros'
[0.284s] Level 1:colcon.colcon_core.package_identification:_identify(.) by extensions ['cmake', 'python']
[0.284s] Level 1:colcon.colcon_core.package_identification:_identify(.) by extension 'cmake'
[0.284s] Level 1:colcon.colcon_core.package_identification:_identify(.) by extension 'python'
[0.284s] Level 1:colcon.colcon_core.package_identification:_identify(.) by extensions ['python_setup_py']
[0.284s] Level 1:colcon.colcon_core.package_identification:_identify(.) by extension 'python_setup_py'
[0.284s] Level 1:colcon.colcon_core.package_identification:_identify(book_database) by extensions ['ignore', 'ignore_ament_install']
[0.284s] Level 1:colcon.colcon_core.package_identification:_identify(book_database) by extension 'ignore'
[0.285s] Level 1:colcon.colcon_core.package_identification:_identify(book_database) by extension 'ignore_ament_install'
[0.285s] Level 1:colcon.colcon_core.package_identification:_identify(book_database) by extensions ['colcon_pkg']
[0.285s] Level 1:colcon.colcon_core.package_identification:_identify(book_database) by extension 'colcon_pkg'
[0.285s] Level 1:colcon.colcon_core.package_identification:_identify(book_database) by extensions ['colcon_meta']
[0.285s] Level 1:colcon.colcon_core.package_identification:_identify(book_database) by extension 'colcon_meta'
[0.285s] Level 1:colcon.colcon_core.package_identification:_identify(book_database) by extensions ['ros']
[0.285s] Level 1:colcon.colcon_core.package_identification:_identify(book_database) by extension 'ros'
[0.288s] DEBUG:colcon.colcon_core.package_identification:Package 'book_database' with type 'ros.ament_cmake' and name 'book_database'
[0.288s] Level 1:colcon.colcon_core.package_identification:_identify(build) by extensions ['ignore', 'ignore_ament_install']
[0.288s] Level 1:colcon.colcon_core.package_identification:_identify(build) by extension 'ignore'
[0.288s] Level 1:colcon.colcon_core.package_identification:_identify(build) ignored
[0.288s] Level 1:colcon.colcon_core.package_identification:_identify(install) by extensions ['ignore', 'ignore_ament_install']
[0.289s] Level 1:colcon.colcon_core.package_identification:_identify(install) by extension 'ignore'
[0.289s] Level 1:colcon.colcon_core.package_identification:_identify(install) ignored
[0.289s] Level 1:colcon.colcon_core.package_identification:_identify(kane_gui) by extensions ['ignore', 'ignore_ament_install']
[0.289s] Level 1:colcon.colcon_core.package_identification:_identify(kane_gui) by extension 'ignore'
[0.289s] Level 1:colcon.colcon_core.package_identification:_identify(kane_gui) by extension 'ignore_ament_install'
[0.289s] Level 1:colcon.colcon_core.package_identification:_identify(kane_gui) by extensions ['colcon_pkg']
[0.289s] Level 1:colcon.colcon_core.package_identification:_identify(kane_gui) by extension 'colcon_pkg'
[0.289s] Level 1:colcon.colcon_core.package_identification:_identify(kane_gui) by extensions ['colcon_meta']
[0.289s] Level 1:colcon.colcon_core.package_identification:_identify(kane_gui) by extension 'colcon_meta'
[0.289s] Level 1:colcon.colcon_core.package_identification:_identify(kane_gui) by extensions ['ros']
[0.289s] Level 1:colcon.colcon_core.package_identification:_identify(kane_gui) by extension 'ros'
[0.290s] DEBUG:colcon.colcon_core.package_identification:Package 'kane_gui' with type 'ros.ament_cmake' and name 'gallery_database'
[0.291s] Level 1:colcon.colcon_core.package_identification:_identify(log) by extensions ['ignore', 'ignore_ament_install']
[0.291s] Level 1:colcon.colcon_core.package_identification:_identify(log) by extension 'ignore'
[0.291s] Level 1:colcon.colcon_core.package_identification:_identify(log) ignored
[0.291s] Level 1:colcon.colcon_core.package_identification:_identify(src) by extensions ['ignore', 'ignore_ament_install']
[0.291s] Level 1:colcon.colcon_core.package_identification:_identify(src) by extension 'ignore'
[0.291s] Level 1:colcon.colcon_core.package_identification:_identify(src) by extension 'ignore_ament_install'
[0.291s] Level 1:colcon.colcon_core.package_identification:_identify(src) by extensions ['colcon_pkg']
[0.291s] Level 1:colcon.colcon_core.package_identification:_identify(src) by extension 'colcon_pkg'
[0.291s] Level 1:colcon.colcon_core.package_identification:_identify(src) by extensions ['colcon_meta']
[0.291s] Level 1:colcon.colcon_core.package_identification:_identify(src) by extension 'colcon_meta'
[0.291s] Level 1:colcon.colcon_core.package_identification:_identify(src) by extensions ['ros']
[0.291s] Level 1:colcon.colcon_core.package_identification:_identify(src) by extension 'ros'
[0.291s] Level 1:colcon.colcon_core.package_identification:_identify(src) by extensions ['cmake', 'python']
[0.291s] Level 1:colcon.colcon_core.package_identification:_identify(src) by extension 'cmake'
[0.292s] Level 1:colcon.colcon_core.package_identification:_identify(src) by extension 'python'
[0.292s] Level 1:colcon.colcon_core.package_identification:_identify(src) by extensions ['python_setup_py']
[0.292s] Level 1:colcon.colcon_core.package_identification:_identify(src) by extension 'python_setup_py'
[0.292s] Level 1:colcon.colcon_core.package_identification:_identify(src/install) by extensions ['ignore', 'ignore_ament_install']
[0.292s] Level 1:colcon.colcon_core.package_identification:_identify(src/install) by extension 'ignore'
[0.292s] Level 1:colcon.colcon_core.package_identification:_identify(src/install) by extension 'ignore_ament_install'
[0.292s] Level 1:colcon.colcon_core.package_identification:_identify(src/install) by extensions ['colcon_pkg']
[0.292s] Level 1:colcon.colcon_core.package_identification:_identify(src/install) by extension 'colcon_pkg'
[0.292s] Level 1:colcon.colcon_core.package_identification:_identify(src/install) by extensions ['colcon_meta']
[0.292s] Level 1:colcon.colcon_core.package_identification:_identify(src/install) by extension 'colcon_meta'
[0.292s] Level 1:colcon.colcon_core.package_identification:_identify(src/install) by extensions ['ros']
[0.292s] Level 1:colcon.colcon_core.package_identification:_identify(src/install) by extension 'ros'
[0.292s] Level 1:colcon.colcon_core.package_identification:_identify(src/install) by extensions ['cmake', 'python']
[0.292s] Level 1:colcon.colcon_core.package_identification:_identify(src/install) by extension 'cmake'
[0.292s] Level 1:colcon.colcon_core.package_identification:_identify(src/install) by extension 'python'
[0.292s] Level 1:colcon.colcon_core.package_identification:_identify(src/install) by extensions ['python_setup_py']
[0.292s] Level 1:colcon.colcon_core.package_identification:_identify(src/install) by extension 'python_setup_py'
[0.293s] Level 1:colcon.colcon_core.package_identification:_identify(src/install/move_pepper) by extensions ['ignore', 'ignore_ament_install']
[0.293s] Level 1:colcon.colcon_core.package_identification:_identify(src/install/move_pepper) by extension 'ignore'
[0.293s] Level 1:colcon.colcon_core.package_identification:_identify(src/install/move_pepper) by extension 'ignore_ament_install'
[0.293s] Level 1:colcon.colcon_core.package_identification:_identify(src/install/move_pepper) by extensions ['colcon_pkg']
[0.293s] Level 1:colcon.colcon_core.package_identification:_identify(src/install/move_pepper) by extension 'colcon_pkg'
[0.293s] Level 1:colcon.colcon_core.package_identification:_identify(src/install/move_pepper) by extensions ['colcon_meta']
[0.293s] Level 1:colcon.colcon_core.package_identification:_identify(src/install/move_pepper) by extension 'colcon_meta'
[0.293s] Level 1:colcon.colcon_core.package_identification:_identify(src/install/move_pepper) by extensions ['ros']
[0.293s] Level 1:colcon.colcon_core.package_identification:_identify(src/install/move_pepper) by extension 'ros'
[0.293s] Level 1:colcon.colcon_core.package_identification:_identify(src/install/move_pepper) by extensions ['cmake', 'python']
[0.293s] Level 1:colcon.colcon_core.package_identification:_identify(src/install/move_pepper) by extension 'cmake'
[0.293s] Level 1:colcon.colcon_core.package_identification:_identify(src/install/move_pepper) by extension 'python'
[0.293s] Level 1:colcon.colcon_core.package_identification:_identify(src/install/move_pepper) by extensions ['python_setup_py']
[0.293s] Level 1:colcon.colcon_core.package_identification:_identify(src/install/move_pepper) by extension 'python_setup_py'
[0.293s] Level 1:colcon.colcon_core.package_identification:_identify(src/install/move_pepper/share) by extensions ['ignore', 'ignore_ament_install']
[0.293s] Level 1:colcon.colcon_core.package_identification:_identify(src/install/move_pepper/share) by extension 'ignore'
[0.294s] Level 1:colcon.colcon_core.package_identification:_identify(src/install/move_pepper/share) by extension 'ignore_ament_install'
[0.294s] Level 1:colcon.colcon_core.package_identification:_identify(src/install/move_pepper/share) by extensions ['colcon_pkg']
[0.294s] Level 1:colcon.colcon_core.package_identification:_identify(src/install/move_pepper/share) by extension 'colcon_pkg'
[0.294s] Level 1:colcon.colcon_core.package_identification:_identify(src/install/move_pepper/share) by extensions ['colcon_meta']
[0.294s] Level 1:colcon.colcon_core.package_identification:_identify(src/install/move_pepper/share) by extension 'colcon_meta'
[0.294s] Level 1:colcon.colcon_core.package_identification:_identify(src/install/move_pepper/share) by extensions ['ros']
[0.294s] Level 1:colcon.colcon_core.package_identification:_identify(src/install/move_pepper/share) by extension 'ros'
[0.294s] Level 1:colcon.colcon_core.package_identification:_identify(src/install/move_pepper/share) by extensions ['cmake', 'python']
[0.294s] Level 1:colcon.colcon_core.package_identification:_identify(src/install/move_pepper/share) by extension 'cmake'
[0.294s] Level 1:colcon.colcon_core.package_identification:_identify(src/install/move_pepper/share) by extension 'python'
[0.294s] Level 1:colcon.colcon_core.package_identification:_identify(src/install/move_pepper/share) by extensions ['python_setup_py']
[0.294s] Level 1:colcon.colcon_core.package_identification:_identify(src/install/move_pepper/share) by extension 'python_setup_py'
[0.294s] Level 1:colcon.colcon_core.package_identification:_identify(src/install/move_pepper/share/move_pepper) by extensions ['ignore', 'ignore_ament_install']
[0.294s] Level 1:colcon.colcon_core.package_identification:_identify(src/install/move_pepper/share/move_pepper) by extension 'ignore'
[0.294s] Level 1:colcon.colcon_core.package_identification:_identify(src/install/move_pepper/share/move_pepper) by extension 'ignore_ament_install'
[0.295s] Level 1:colcon.colcon_core.package_identification:_identify(src/install/move_pepper/share/move_pepper) by extensions ['colcon_pkg']
[0.295s] Level 1:colcon.colcon_core.package_identification:_identify(src/install/move_pepper/share/move_pepper) by extension 'colcon_pkg'
[0.295s] Level 1:colcon.colcon_core.package_identification:_identify(src/install/move_pepper/share/move_pepper) by extensions ['colcon_meta']
[0.295s] Level 1:colcon.colcon_core.package_identification:_identify(src/install/move_pepper/share/move_pepper) by extension 'colcon_meta'
[0.295s] Level 1:colcon.colcon_core.package_identification:_identify(src/install/move_pepper/share/move_pepper) by extensions ['ros']
[0.295s] Level 1:colcon.colcon_core.package_identification:_identify(src/install/move_pepper/share/move_pepper) by extension 'ros'
[0.295s] Level 1:colcon.colcon_core.package_identification:_identify(src/install/move_pepper/share/move_pepper) by extensions ['cmake', 'python']
[0.295s] Level 1:colcon.colcon_core.package_identification:_identify(src/install/move_pepper/share/move_pepper) by extension 'cmake'
[0.295s] Level 1:colcon.colcon_core.package_identification:_identify(src/install/move_pepper/share/move_pepper) by extension 'python'
[0.295s] Level 1:colcon.colcon_core.package_identification:_identify(src/install/move_pepper/share/move_pepper) by extensions ['python_setup_py']
[0.295s] Level 1:colcon.colcon_core.package_identification:_identify(src/install/move_pepper/share/move_pepper) by extension 'python_setup_py'
[0.295s] Level 1:colcon.colcon_core.package_identification:_identify(src/install/move_pepper/share/move_pepper/__pycache__) by extensions ['ignore', 'ignore_ament_install']
[0.295s] Level 1:colcon.colcon_core.package_identification:_identify(src/install/move_pepper/share/move_pepper/__pycache__) by extension 'ignore'
[0.295s] Level 1:colcon.colcon_core.package_identification:_identify(src/install/move_pepper/share/move_pepper/__pycache__) by extension 'ignore_ament_install'
[0.295s] Level 1:colcon.colcon_core.package_identification:_identify(src/install/move_pepper/share/move_pepper/__pycache__) by extensions ['colcon_pkg']
[0.295s] Level 1:colcon.colcon_core.package_identification:_identify(src/install/move_pepper/share/move_pepper/__pycache__) by extension 'colcon_pkg'
[0.295s] Level 1:colcon.colcon_core.package_identification:_identify(src/install/move_pepper/share/move_pepper/__pycache__) by extensions ['colcon_meta']
[0.296s] Level 1:colcon.colcon_core.package_identification:_identify(src/install/move_pepper/share/move_pepper/__pycache__) by extension 'colcon_meta'
[0.296s] Level 1:colcon.colcon_core.package_identification:_identify(src/install/move_pepper/share/move_pepper/__pycache__) by extensions ['ros']
[0.296s] Level 1:colcon.colcon_core.package_identification:_identify(src/install/move_pepper/share/move_pepper/__pycache__) by extension 'ros'
[0.296s] Level 1:colcon.colcon_core.package_identification:_identify(src/install/move_pepper/share/move_pepper/__pycache__) by extensions ['cmake', 'python']
[0.296s] Level 1:colcon.colcon_core.package_identification:_identify(src/install/move_pepper/share/move_pepper/__pycache__) by extension 'cmake'
[0.296s] Level 1:colcon.colcon_core.package_identification:_identify(src/install/move_pepper/share/move_pepper/__pycache__) by extension 'python'
[0.296s] Level 1:colcon.colcon_core.package_identification:_identify(src/install/move_pepper/share/move_pepper/__pycache__) by extensions ['python_setup_py']
[0.296s] Level 1:colcon.colcon_core.package_identification:_identify(src/install/move_pepper/share/move_pepper/__pycache__) by extension 'python_setup_py'
[0.296s] Level 1:colcon.colcon_core.package_identification:_identify(src/install/turtlebot3_gazebo) by extensions ['ignore', 'ignore_ament_install']
[0.296s] Level 1:colcon.colcon_core.package_identification:_identify(src/install/turtlebot3_gazebo) by extension 'ignore'
[0.296s] Level 1:colcon.colcon_core.package_identification:_identify(src/install/turtlebot3_gazebo) by extension 'ignore_ament_install'
[0.296s] Level 1:colcon.colcon_core.package_identification:_identify(src/install/turtlebot3_gazebo) by extensions ['colcon_pkg']
[0.296s] Level 1:colcon.colcon_core.package_identification:_identify(src/install/turtlebot3_gazebo) by extension 'colcon_pkg'
[0.296s] Level 1:colcon.colcon_core.package_identification:_identify(src/install/turtlebot3_gazebo) by extensions ['colcon_meta']
[0.296s] Level 1:colcon.colcon_core.package_identification:_identify(src/install/turtlebot3_gazebo) by extension 'colcon_meta'
[0.296s] Level 1:colcon.colcon_core.package_identification:_identify(src/install/turtlebot3_gazebo) by extensions ['ros']
[0.296s] Level 1:colcon.colcon_core.package_identification:_identify(src/install/turtlebot3_gazebo) by extension 'ros'
[0.297s] Level 1:colcon.colcon_core.package_identification:_identify(src/install/turtlebot3_gazebo) by extensions ['cmake', 'python']
[0.297s] Level 1:colcon.colcon_core.package_identification:_identify(src/install/turtlebot3_gazebo) by extension 'cmake'
[0.297s] Level 1:colcon.colcon_core.package_identification:_identify(src/install/turtlebot3_gazebo) by extension 'python'
[0.297s] Level 1:colcon.colcon_core.package_identification:_identify(src/install/turtlebot3_gazebo) by extensions ['python_setup_py']
[0.297s] Level 1:colcon.colcon_core.package_identification:_identify(src/install/turtlebot3_gazebo) by extension 'python_setup_py'
[0.297s] Level 1:colcon.colcon_core.package_identification:_identify(src/install/turtlebot3_gazebo/share) by extensions ['ignore', 'ignore_ament_install']
[0.297s] Level 1:colcon.colcon_core.package_identification:_identify(src/install/turtlebot3_gazebo/share) by extension 'ignore'
[0.297s] Level 1:colcon.colcon_core.package_identification:_identify(src/install/turtlebot3_gazebo/share) by extension 'ignore_ament_install'
[0.297s] Level 1:colcon.colcon_core.package_identification:_identify(src/install/turtlebot3_gazebo/share) by extensions ['colcon_pkg']
[0.297s] Level 1:colcon.colcon_core.package_identification:_identify(src/install/turtlebot3_gazebo/share) by extension 'colcon_pkg'
[0.297s] Level 1:colcon.colcon_core.package_identification:_identify(src/install/turtlebot3_gazebo/share) by extensions ['colcon_meta']
[0.297s] Level 1:colcon.colcon_core.package_identification:_identify(src/install/turtlebot3_gazebo/share) by extension 'colcon_meta'
[0.297s] Level 1:colcon.colcon_core.package_identification:_identify(src/install/turtlebot3_gazebo/share) by extensions ['ros']
[0.297s] Level 1:colcon.colcon_core.package_identification:_identify(src/install/turtlebot3_gazebo/share) by extension 'ros'
[0.297s] Level 1:colcon.colcon_core.package_identification:_identify(src/install/turtlebot3_gazebo/share) by extensions ['cmake', 'python']
[0.297s] Level 1:colcon.colcon_core.package_identification:_identify(src/install/turtlebot3_gazebo/share) by extension 'cmake'
[0.298s] Level 1:colcon.colcon_core.package_identification:_identify(src/install/turtlebot3_gazebo/share) by extension 'python'
[0.298s] Level 1:colcon.colcon_core.package_identification:_identify(src/install/turtlebot3_gazebo/share) by extensions ['python_setup_py']
[0.298s] Level 1:colcon.colcon_core.package_identification:_identify(src/install/turtlebot3_gazebo/share) by extension 'python_setup_py'
[0.298s] Level 1:colcon.colcon_core.package_identification:_identify(src/install/turtlebot3_gazebo/share/turtlebot3_gazebo) by extensions ['ignore', 'ignore_ament_install']
[0.298s] Level 1:colcon.colcon_core.package_identification:_identify(src/install/turtlebot3_gazebo/share/turtlebot3_gazebo) by extension 'ignore'
[0.298s] Level 1:colcon.colcon_core.package_identification:_identify(src/install/turtlebot3_gazebo/share/turtlebot3_gazebo) by extension 'ignore_ament_install'
[0.298s] Level 1:colcon.colcon_core.package_identification:_identify(src/install/turtlebot3_gazebo/share/turtlebot3_gazebo) by extensions ['colcon_pkg']
[0.298s] Level 1:colcon.colcon_core.package_identification:_identify(src/install/turtlebot3_gazebo/share/turtlebot3_gazebo) by extension 'colcon_pkg'
[0.298s] Level 1:colcon.colcon_core.package_identification:_identify(src/install/turtlebot3_gazebo/share/turtlebot3_gazebo) by extensions ['colcon_meta']
[0.298s] Level 1:colcon.colcon_core.package_identification:_identify(src/install/turtlebot3_gazebo/share/turtlebot3_gazebo) by extension 'colcon_meta'
[0.298s] Level 1:colcon.colcon_core.package_identification:_identify(src/install/turtlebot3_gazebo/share/turtlebot3_gazebo) by extensions ['ros']
[0.298s] Level 1:colcon.colcon_core.package_identification:_identify(src/install/turtlebot3_gazebo/share/turtlebot3_gazebo) by extension 'ros'
[0.298s] Level 1:colcon.colcon_core.package_identification:_identify(src/install/turtlebot3_gazebo/share/turtlebot3_gazebo) by extensions ['cmake', 'python']
[0.298s] Level 1:colcon.colcon_core.package_identification:_identify(src/install/turtlebot3_gazebo/share/turtlebot3_gazebo) by extension 'cmake'
[0.298s] Level 1:colcon.colcon_core.package_identification:_identify(src/install/turtlebot3_gazebo/share/turtlebot3_gazebo) by extension 'python'
[0.298s] Level 1:colcon.colcon_core.package_identification:_identify(src/install/turtlebot3_gazebo/share/turtlebot3_gazebo) by extensions ['python_setup_py']
[0.299s] Level 1:colcon.colcon_core.package_identification:_identify(src/install/turtlebot3_gazebo/share/turtlebot3_gazebo) by extension 'python_setup_py'
[0.299s] Level 1:colcon.colcon_core.package_identification:_identify(src/install/turtlebot3_gazebo/share/turtlebot3_gazebo/launch) by extensions ['ignore', 'ignore_ament_install']
[0.299s] Level 1:colcon.colcon_core.package_identification:_identify(src/install/turtlebot3_gazebo/share/turtlebot3_gazebo/launch) by extension 'ignore'
[0.299s] Level 1:colcon.colcon_core.package_identification:_identify(src/install/turtlebot3_gazebo/share/turtlebot3_gazebo/launch) by extension 'ignore_ament_install'
[0.299s] Level 1:colcon.colcon_core.package_identification:_identify(src/install/turtlebot3_gazebo/share/turtlebot3_gazebo/launch) by extensions ['colcon_pkg']
[0.299s] Level 1:colcon.colcon_core.package_identification:_identify(src/install/turtlebot3_gazebo/share/turtlebot3_gazebo/launch) by extension 'colcon_pkg'
[0.299s] Level 1:colcon.colcon_core.package_identification:_identify(src/install/turtlebot3_gazebo/share/turtlebot3_gazebo/launch) by extensions ['colcon_meta']
[0.299s] Level 1:colcon.colcon_core.package_identification:_identify(src/install/turtlebot3_gazebo/share/turtlebot3_gazebo/launch) by extension 'colcon_meta'
[0.299s] Level 1:colcon.colcon_core.package_identification:_identify(src/install/turtlebot3_gazebo/share/turtlebot3_gazebo/launch) by extensions ['ros']
[0.299s] Level 1:colcon.colcon_core.package_identification:_identify(src/install/turtlebot3_gazebo/share/turtlebot3_gazebo/launch) by extension 'ros'
[0.299s] Level 1:colcon.colcon_core.package_identification:_identify(src/install/turtlebot3_gazebo/share/turtlebot3_gazebo/launch) by extensions ['cmake', 'python']
[0.299s] Level 1:colcon.colcon_core.package_identification:_identify(src/install/turtlebot3_gazebo/share/turtlebot3_gazebo/launch) by extension 'cmake'
[0.299s] Level 1:colcon.colcon_core.package_identification:_identify(src/install/turtlebot3_gazebo/share/turtlebot3_gazebo/launch) by extension 'python'
[0.299s] Level 1:colcon.colcon_core.package_identification:_identify(src/install/turtlebot3_gazebo/share/turtlebot3_gazebo/launch) by extensions ['python_setup_py']
[0.299s] Level 1:colcon.colcon_core.package_identification:_identify(src/install/turtlebot3_gazebo/share/turtlebot3_gazebo/launch) by extension 'python_setup_py'
[0.300s] Level 1:colcon.colcon_core.package_identification:_identify(src/install/turtlebot3_gazebo/share/turtlebot3_gazebo/launch/__pycache__) by extensions ['ignore', 'ignore_ament_install']
[0.300s] Level 1:colcon.colcon_core.package_identification:_identify(src/install/turtlebot3_gazebo/share/turtlebot3_gazebo/launch/__pycache__) by extension 'ignore'
[0.300s] Level 1:colcon.colcon_core.package_identification:_identify(src/install/turtlebot3_gazebo/share/turtlebot3_gazebo/launch/__pycache__) by extension 'ignore_ament_install'
[0.300s] Level 1:colcon.colcon_core.package_identification:_identify(src/install/turtlebot3_gazebo/share/turtlebot3_gazebo/launch/__pycache__) by extensions ['colcon_pkg']
[0.300s] Level 1:colcon.colcon_core.package_identification:_identify(src/install/turtlebot3_gazebo/share/turtlebot3_gazebo/launch/__pycache__) by extension 'colcon_pkg'
[0.300s] Level 1:colcon.colcon_core.package_identification:_identify(src/install/turtlebot3_gazebo/share/turtlebot3_gazebo/launch/__pycache__) by extensions ['colcon_meta']
[0.300s] Level 1:colcon.colcon_core.package_identification:_identify(src/install/turtlebot3_gazebo/share/turtlebot3_gazebo/launch/__pycache__) by extension 'colcon_meta'
[0.300s] Level 1:colcon.colcon_core.package_identification:_identify(src/install/turtlebot3_gazebo/share/turtlebot3_gazebo/launch/__pycache__) by extensions ['ros']
[0.300s] Level 1:colcon.colcon_core.package_identification:_identify(src/install/turtlebot3_gazebo/share/turtlebot3_gazebo/launch/__pycache__) by extension 'ros'
[0.300s] Level 1:colcon.colcon_core.package_identification:_identify(src/install/turtlebot3_gazebo/share/turtlebot3_gazebo/launch/__pycache__) by extensions ['cmake', 'python']
[0.300s] Level 1:colcon.colcon_core.package_identification:_identify(src/install/turtlebot3_gazebo/share/turtlebot3_gazebo/launch/__pycache__) by extension 'cmake'
[0.300s] Level 1:colcon.colcon_core.package_identification:_identify(src/install/turtlebot3_gazebo/share/turtlebot3_gazebo/launch/__pycache__) by extension 'python'
[0.300s] Level 1:colcon.colcon_core.package_identification:_identify(src/install/turtlebot3_gazebo/share/turtlebot3_gazebo/launch/__pycache__) by extensions ['python_setup_py']
[0.300s] Level 1:colcon.colcon_core.package_identification:_identify(src/install/turtlebot3_gazebo/share/turtlebot3_gazebo/launch/__pycache__) by extension 'python_setup_py'
[0.300s] Level 1:colcon.colcon_core.package_identification:_identify(src/install/turtlebot3_gazebo/share/turtlebot3_gazebo/worlds) by extensions ['ignore', 'ignore_ament_install']
[0.301s] Level 1:colcon.colcon_core.package_identification:_identify(src/install/turtlebot3_gazebo/share/turtlebot3_gazebo/worlds) by extension 'ignore'
[0.301s] Level 1:colcon.colcon_core.package_identification:_identify(src/install/turtlebot3_gazebo/share/turtlebot3_gazebo/worlds) by extension 'ignore_ament_install'
[0.301s] Level 1:colcon.colcon_core.package_identification:_identify(src/install/turtlebot3_gazebo/share/turtlebot3_gazebo/worlds) by extensions ['colcon_pkg']
[0.301s] Level 1:colcon.colcon_core.package_identification:_identify(src/install/turtlebot3_gazebo/share/turtlebot3_gazebo/worlds) by extension 'colcon_pkg'
[0.301s] Level 1:colcon.colcon_core.package_identification:_identify(src/install/turtlebot3_gazebo/share/turtlebot3_gazebo/worlds) by extensions ['colcon_meta']
[0.301s] Level 1:colcon.colcon_core.package_identification:_identify(src/install/turtlebot3_gazebo/share/turtlebot3_gazebo/worlds) by extension 'colcon_meta'
[0.301s] Level 1:colcon.colcon_core.package_identification:_identify(src/install/turtlebot3_gazebo/share/turtlebot3_gazebo/worlds) by extensions ['ros']
[0.301s] Level 1:colcon.colcon_core.package_identification:_identify(src/install/turtlebot3_gazebo/share/turtlebot3_gazebo/worlds) by extension 'ros'
[0.301s] Level 1:colcon.colcon_core.package_identification:_identify(src/install/turtlebot3_gazebo/share/turtlebot3_gazebo/worlds) by extensions ['cmake', 'python']
[0.301s] Level 1:colcon.colcon_core.package_identification:_identify(src/install/turtlebot3_gazebo/share/turtlebot3_gazebo/worlds) by extension 'cmake'
[0.301s] Level 1:colcon.colcon_core.package_identification:_identify(src/install/turtlebot3_gazebo/share/turtlebot3_gazebo/worlds) by extension 'python'
[0.301s] Level 1:colcon.colcon_core.package_identification:_identify(src/install/turtlebot3_gazebo/share/turtlebot3_gazebo/worlds) by extensions ['python_setup_py']
[0.301s] Level 1:colcon.colcon_core.package_identification:_identify(src/install/turtlebot3_gazebo/share/turtlebot3_gazebo/worlds) by extension 'python_setup_py'
[0.301s] Level 1:colcon.colcon_core.package_identification:_identify(src/move_pepper) by extensions ['ignore', 'ignore_ament_install']
[0.301s] Level 1:colcon.colcon_core.package_identification:_identify(src/move_pepper) by extension 'ignore'
[0.301s] Level 1:colcon.colcon_core.package_identification:_identify(src/move_pepper) by extension 'ignore_ament_install'
[0.302s] Level 1:colcon.colcon_core.package_identification:_identify(src/move_pepper) by extensions ['colcon_pkg']
[0.302s] Level 1:colcon.colcon_core.package_identification:_identify(src/move_pepper) by extension 'colcon_pkg'
[0.302s] Level 1:colcon.colcon_core.package_identification:_identify(src/move_pepper) by extensions ['colcon_meta']
[0.302s] Level 1:colcon.colcon_core.package_identification:_identify(src/move_pepper) by extension 'colcon_meta'
[0.302s] Level 1:colcon.colcon_core.package_identification:_identify(src/move_pepper) by extensions ['ros']
[0.302s] Level 1:colcon.colcon_core.package_identification:_identify(src/move_pepper) by extension 'ros'
[0.303s] DEBUG:colcon.colcon_core.package_identification:Package 'src/move_pepper' with type 'ros.ament_python' and name 'move_pepper'
[0.303s] Level 1:colcon.colcon_core.package_identification:_identify(src/pepper_autonomy) by extensions ['ignore', 'ignore_ament_install']
[0.303s] Level 1:colcon.colcon_core.package_identification:_identify(src/pepper_autonomy) by extension 'ignore'
[0.303s] Level 1:colcon.colcon_core.package_identification:_identify(src/pepper_autonomy) by extension 'ignore_ament_install'
[0.303s] Level 1:colcon.colcon_core.package_identification:_identify(src/pepper_autonomy) by extensions ['colcon_pkg']
[0.303s] Level 1:colcon.colcon_core.package_identification:_identify(src/pepper_autonomy) by extension 'colcon_pkg'
[0.303s] Level 1:colcon.colcon_core.package_identification:_identify(src/pepper_autonomy) by extensions ['colcon_meta']
[0.303s] Level 1:colcon.colcon_core.package_identification:_identify(src/pepper_autonomy) by extension 'colcon_meta'
[0.303s] Level 1:colcon.colcon_core.package_identification:_identify(src/pepper_autonomy) by extensions ['ros']
[0.303s] Level 1:colcon.colcon_core.package_identification:_identify(src/pepper_autonomy) by extension 'ros'
[0.304s] DEBUG:colcon.colcon_core.package_identification:Package 'src/pepper_autonomy' with type 'ros.ament_cmake' and name 'pepper_autonomy'
[0.304s] Level 1:colcon.colcon_core.package_identification:_identify(src/turtlebot3) by extensions ['ignore', 'ignore_ament_install']
[0.305s] Level 1:colcon.colcon_core.package_identification:_identify(src/turtlebot3) by extension 'ignore'
[0.305s] Level 1:colcon.colcon_core.package_identification:_identify(src/turtlebot3) by extension 'ignore_ament_install'
[0.305s] Level 1:colcon.colcon_core.package_identification:_identify(src/turtlebot3) by extensions ['colcon_pkg']
[0.305s] Level 1:colcon.colcon_core.package_identification:_identify(src/turtlebot3) by extension 'colcon_pkg'
[0.305s] Level 1:colcon.colcon_core.package_identification:_identify(src/turtlebot3) by extensions ['colcon_meta']
[0.305s] Level 1:colcon.colcon_core.package_identification:_identify(src/turtlebot3) by extension 'colcon_meta'
[0.305s] Level 1:colcon.colcon_core.package_identification:_identify(src/turtlebot3) by extensions ['ros']
[0.305s] Level 1:colcon.colcon_core.package_identification:_identify(src/turtlebot3) by extension 'ros'
[0.305s] Level 1:colcon.colcon_core.package_identification:_identify(src/turtlebot3) by extensions ['cmake', 'python']
[0.305s] Level 1:colcon.colcon_core.package_identification:_identify(src/turtlebot3) by extension 'cmake'
[0.305s] Level 1:colcon.colcon_core.package_identification:_identify(src/turtlebot3) by extension 'python'
[0.305s] Level 1:colcon.colcon_core.package_identification:_identify(src/turtlebot3) by extensions ['python_setup_py']
[0.305s] Level 1:colcon.colcon_core.package_identification:_identify(src/turtlebot3) by extension 'python_setup_py'
[0.305s] Level 1:colcon.colcon_core.package_identification:_identify(src/turtlebot3/turtlebot3) by extensions ['ignore', 'ignore_ament_install']
[0.305s] Level 1:colcon.colcon_core.package_identification:_identify(src/turtlebot3/turtlebot3) by extension 'ignore'
[0.305s] Level 1:colcon.colcon_core.package_identification:_identify(src/turtlebot3/turtlebot3) by extension 'ignore_ament_install'
[0.306s] Level 1:colcon.colcon_core.package_identification:_identify(src/turtlebot3/turtlebot3) by extensions ['colcon_pkg']
[0.306s] Level 1:colcon.colcon_core.package_identification:_identify(src/turtlebot3/turtlebot3) by extension 'colcon_pkg'
[0.306s] Level 1:colcon.colcon_core.package_identification:_identify(src/turtlebot3/turtlebot3) by extensions ['colcon_meta']
[0.306s] Level 1:colcon.colcon_core.package_identification:_identify(src/turtlebot3/turtlebot3) by extension 'colcon_meta'
[0.306s] Level 1:colcon.colcon_core.package_identification:_identify(src/turtlebot3/turtlebot3) by extensions ['ros']
[0.306s] Level 1:colcon.colcon_core.package_identification:_identify(src/turtlebot3/turtlebot3) by extension 'ros'
[0.306s] Level 1:colcon.colcon_core.package_identification:_identify(src/turtlebot3/turtlebot3) by extensions ['cmake', 'python']
[0.306s] Level 1:colcon.colcon_core.package_identification:_identify(src/turtlebot3/turtlebot3) by extension 'cmake'
[0.306s] Level 1:colcon.colcon_core.package_identification:_identify(src/turtlebot3/turtlebot3) by extension 'python'
[0.306s] Level 1:colcon.colcon_core.package_identification:_identify(src/turtlebot3/turtlebot3) by extensions ['python_setup_py']
[0.306s] Level 1:colcon.colcon_core.package_identification:_identify(src/turtlebot3/turtlebot3) by extension 'python_setup_py'
[0.306s] Level 1:colcon.colcon_core.package_identification:_identify(src/turtlebot3/turtlebot3_msgs) by extensions ['ignore', 'ignore_ament_install']
[0.306s] Level 1:colcon.colcon_core.package_identification:_identify(src/turtlebot3/turtlebot3_msgs) by extension 'ignore'
[0.306s] Level 1:colcon.colcon_core.package_identification:_identify(src/turtlebot3/turtlebot3_msgs) by extension 'ignore_ament_install'
[0.306s] Level 1:colcon.colcon_core.package_identification:_identify(src/turtlebot3/turtlebot3_msgs) by extensions ['colcon_pkg']
[0.306s] Level 1:colcon.colcon_core.package_identification:_identify(src/turtlebot3/turtlebot3_msgs) by extension 'colcon_pkg'
[0.306s] Level 1:colcon.colcon_core.package_identification:_identify(src/turtlebot3/turtlebot3_msgs) by extensions ['colcon_meta']
[0.306s] Level 1:colcon.colcon_core.package_identification:_identify(src/turtlebot3/turtlebot3_msgs) by extension 'colcon_meta'
[0.307s] Level 1:colcon.colcon_core.package_identification:_identify(src/turtlebot3/turtlebot3_msgs) by extensions ['ros']
[0.307s] Level 1:colcon.colcon_core.package_identification:_identify(src/turtlebot3/turtlebot3_msgs) by extension 'ros'
[0.307s] Level 1:colcon.colcon_core.package_identification:_identify(src/turtlebot3/turtlebot3_msgs) by extensions ['cmake', 'python']
[0.307s] Level 1:colcon.colcon_core.package_identification:_identify(src/turtlebot3/turtlebot3_msgs) by extension 'cmake'
[0.307s] Level 1:colcon.colcon_core.package_identification:_identify(src/turtlebot3/turtlebot3_msgs) by extension 'python'
[0.307s] Level 1:colcon.colcon_core.package_identification:_identify(src/turtlebot3/turtlebot3_msgs) by extensions ['python_setup_py']
[0.307s] Level 1:colcon.colcon_core.package_identification:_identify(src/turtlebot3/turtlebot3_msgs) by extension 'python_setup_py'
[0.307s] Level 1:colcon.colcon_core.package_identification:_identify(src/turtlebot3/turtlebot3_simulations) by extensions ['ignore', 'ignore_ament_install']
[0.307s] Level 1:colcon.colcon_core.package_identification:_identify(src/turtlebot3/turtlebot3_simulations) by extension 'ignore'
[0.307s] Level 1:colcon.colcon_core.package_identification:_identify(src/turtlebot3/turtlebot3_simulations) by extension 'ignore_ament_install'
[0.307s] Level 1:colcon.colcon_core.package_identification:_identify(src/turtlebot3/turtlebot3_simulations) by extensions ['colcon_pkg']
[0.307s] Level 1:colcon.colcon_core.package_identification:_identify(src/turtlebot3/turtlebot3_simulations) by extension 'colcon_pkg'
[0.307s] Level 1:colcon.colcon_core.package_identification:_identify(src/turtlebot3/turtlebot3_simulations) by extensions ['colcon_meta']
[0.307s] Level 1:colcon.colcon_core.package_identification:_identify(src/turtlebot3/turtlebot3_simulations) by extension 'colcon_meta'
[0.307s] Level 1:colcon.colcon_core.package_identification:_identify(src/turtlebot3/turtlebot3_simulations) by extensions ['ros']
[0.307s] Level 1:colcon.colcon_core.package_identification:_identify(src/turtlebot3/turtlebot3_simulations) by extension 'ros'
[0.307s] Level 1:colcon.colcon_core.package_identification:_identify(src/turtlebot3/turtlebot3_simulations) by extensions ['cmake', 'python']
[0.307s] Level 1:colcon.colcon_core.package_identification:_identify(src/turtlebot3/turtlebot3_simulations) by extension 'cmake'
[0.308s] Level 1:colcon.colcon_core.package_identification:_identify(src/turtlebot3/turtlebot3_simulations) by extension 'python'
[0.308s] Level 1:colcon.colcon_core.package_identification:_identify(src/turtlebot3/turtlebot3_simulations) by extensions ['python_setup_py']
[0.308s] Level 1:colcon.colcon_core.package_identification:_identify(src/turtlebot3/turtlebot3_simulations) by extension 'python_setup_py'
[0.308s] Level 1:colcon.colcon_core.package_identification:_identify(src/utils) by extensions ['ignore', 'ignore_ament_install']
[0.308s] Level 1:colcon.colcon_core.package_identification:_identify(src/utils) by extension 'ignore'
[0.308s] Level 1:colcon.colcon_core.package_identification:_identify(src/utils) by extension 'ignore_ament_install'
[0.308s] Level 1:colcon.colcon_core.package_identification:_identify(src/utils) by extensions ['colcon_pkg']
[0.308s] Level 1:colcon.colcon_core.package_identification:_identify(src/utils) by extension 'colcon_pkg'
[0.308s] Level 1:colcon.colcon_core.package_identification:_identify(src/utils) by extensions ['colcon_meta']
[0.308s] Level 1:colcon.colcon_core.package_identification:_identify(src/utils) by extension 'colcon_meta'
[0.308s] Level 1:colcon.colcon_core.package_identification:_identify(src/utils) by extensions ['ros']
[0.308s] Level 1:colcon.colcon_core.package_identification:_identify(src/utils) by extension 'ros'
[0.308s] Level 1:colcon.colcon_core.package_identification:_identify(src/utils) by extensions ['cmake', 'python']
[0.308s] Level 1:colcon.colcon_core.package_identification:_identify(src/utils) by extension 'cmake'
[0.308s] Level 1:colcon.colcon_core.package_identification:_identify(src/utils) by extension 'python'
[0.308s] Level 1:colcon.colcon_core.package_identification:_identify(src/utils) by extensions ['python_setup_py']
[0.308s] Level 1:colcon.colcon_core.package_identification:_identify(src/utils) by extension 'python_setup_py'
[0.308s] Level 1:colcon.colcon_core.package_identification:_identify(src/utils/DynamixelSDK) by extensions ['ignore', 'ignore_ament_install']
[0.309s] Level 1:colcon.colcon_core.package_identification:_identify(src/utils/DynamixelSDK) by extension 'ignore'
[0.309s] Level 1:colcon.colcon_core.package_identification:_identify(src/utils/DynamixelSDK) by extension 'ignore_ament_install'
[0.309s] Level 1:colcon.colcon_core.package_identification:_identify(src/utils/DynamixelSDK) by extensions ['colcon_pkg']
[0.309s] Level 1:colcon.colcon_core.package_identification:_identify(src/utils/DynamixelSDK) by extension 'colcon_pkg'
[0.309s] Level 1:colcon.colcon_core.package_identification:_identify(src/utils/DynamixelSDK) by extensions ['colcon_meta']
[0.309s] Level 1:colcon.colcon_core.package_identification:_identify(src/utils/DynamixelSDK) by extension 'colcon_meta'
[0.309s] Level 1:colcon.colcon_core.package_identification:_identify(src/utils/DynamixelSDK) by extensions ['ros']
[0.309s] Level 1:colcon.colcon_core.package_identification:_identify(src/utils/DynamixelSDK) by extension 'ros'
[0.309s] Level 1:colcon.colcon_core.package_identification:_identify(src/utils/DynamixelSDK) by extensions ['cmake', 'python']
[0.309s] Level 1:colcon.colcon_core.package_identification:_identify(src/utils/DynamixelSDK) by extension 'cmake'
[0.309s] Level 1:colcon.colcon_core.package_identification:_identify(src/utils/DynamixelSDK) by extension 'python'
[0.309s] Level 1:colcon.colcon_core.package_identification:_identify(src/utils/DynamixelSDK) by extensions ['python_setup_py']
[0.309s] Level 1:colcon.colcon_core.package_identification:_identify(src/utils/DynamixelSDK) by extension 'python_setup_py'
[0.309s] Level 1:colcon.colcon_core.package_identification:_identify(src/utils/hls_lfcd_lds_driver) by extensions ['ignore', 'ignore_ament_install']
[0.309s] Level 1:colcon.colcon_core.package_identification:_identify(src/utils/hls_lfcd_lds_driver) by extension 'ignore'
[0.309s] Level 1:colcon.colcon_core.package_identification:_identify(src/utils/hls_lfcd_lds_driver) by extension 'ignore_ament_install'
[0.309s] Level 1:colcon.colcon_core.package_identification:_identify(src/utils/hls_lfcd_lds_driver) by extensions ['colcon_pkg']
[0.310s] Level 1:colcon.colcon_core.package_identification:_identify(src/utils/hls_lfcd_lds_driver) by extension 'colcon_pkg'
[0.310s] Level 1:colcon.colcon_core.package_identification:_identify(src/utils/hls_lfcd_lds_driver) by extensions ['colcon_meta']
[0.310s] Level 1:colcon.colcon_core.package_identification:_identify(src/utils/hls_lfcd_lds_driver) by extension 'colcon_meta'
[0.310s] Level 1:colcon.colcon_core.package_identification:_identify(src/utils/hls_lfcd_lds_driver) by extensions ['ros']
[0.310s] Level 1:colcon.colcon_core.package_identification:_identify(src/utils/hls_lfcd_lds_driver) by extension 'ros'
[0.310s] Level 1:colcon.colcon_core.package_identification:_identify(src/utils/hls_lfcd_lds_driver) by extensions ['cmake', 'python']
[0.310s] Level 1:colcon.colcon_core.package_identification:_identify(src/utils/hls_lfcd_lds_driver) by extension 'cmake'
[0.310s] Level 1:colcon.colcon_core.package_identification:_identify(src/utils/hls_lfcd_lds_driver) by extension 'python'
[0.310s] Level 1:colcon.colcon_core.package_identification:_identify(src/utils/hls_lfcd_lds_driver) by extensions ['python_setup_py']
[0.310s] Level 1:colcon.colcon_core.package_identification:_identify(src/utils/hls_lfcd_lds_driver) by extension 'python_setup_py'
[0.310s] Level 1:colcon.colcon_core.package_discovery:discover_packages(recursive) using defaults
[0.310s] Level 1:colcon.colcon_core.package_discovery:discover_packages(ignore) discover
[0.310s] Level 1:colcon.colcon_core.package_discovery:discover_packages(ignore) using defaults
[0.310s] Level 1:colcon.colcon_core.package_discovery:discover_packages(path) discover
[0.310s] Level 1:colcon.colcon_core.package_discovery:discover_packages(path) using defaults
[0.342s] Level 1:colcon.colcon_core.package_discovery:discover_packages(prefix_path) check parameters
[0.342s] Level 1:colcon.colcon_core.package_discovery:discover_packages(prefix_path) discover
[0.345s] DEBUG:colcon.colcon_installed_package_information.package_discovery:Found 4 installed packages in /home/katie/turtlebot3_ws/install
[0.347s] DEBUG:colcon.colcon_installed_package_information.package_discovery:Found 416 installed packages in /opt/ros/humble
[0.349s] Level 1:colcon.colcon_core.package_discovery:discover_packages(prefix_path) using defaults
[0.411s] Level 5:colcon.colcon_core.verb:set package 'book_database' build argument 'cmake_args' from command line to 'None'
[0.412s] Level 5:colcon.colcon_core.verb:set package 'book_database' build argument 'cmake_target' from command line to 'None'
[0.412s] Level 5:colcon.colcon_core.verb:set package 'book_database' build argument 'cmake_target_skip_unavailable' from command line to 'False'
[0.412s] Level 5:colcon.colcon_core.verb:set package 'book_database' build argument 'cmake_clean_cache' from command line to 'False'
[0.412s] Level 5:colcon.colcon_core.verb:set package 'book_database' build argument 'cmake_clean_first' from command line to 'False'
[0.412s] Level 5:colcon.colcon_core.verb:set package 'book_database' build argument 'cmake_force_configure' from command line to 'False'
[0.412s] Level 5:colcon.colcon_core.verb:set package 'book_database' build argument 'ament_cmake_args' from command line to 'None'
[0.412s] Level 5:colcon.colcon_core.verb:set package 'book_database' build argument 'catkin_cmake_args' from command line to 'None'
[0.412s] Level 5:colcon.colcon_core.verb:set package 'book_database' build argument 'catkin_skip_building_tests' from command line to 'False'
[0.412s] DEBUG:colcon.colcon_core.verb:Building package 'book_database' with the following arguments: {'ament_cmake_args': None, 'build_base': '/home/katie/turtlebot3_ws/build/book_database', 'catkin_cmake_args': None, 'catkin_skip_building_tests': False, 'cmake_args': None, 'cmake_clean_cache': False, 'cmake_clean_first': False, 'cmake_force_configure': False, 'cmake_target': None, 'cmake_target_skip_unavailable': False, 'install_base': '/home/katie/turtlebot3_ws/install/book_database', 'merge_install': False, 'path': '/home/katie/turtlebot3_ws/book_database', 'symlink_install': False, 'test_result_base': None}
[0.412s] Level 5:colcon.colcon_core.verb:set package 'gallery_database' build argument 'cmake_args' from command line to 'None'
[0.412s] Level 5:colcon.colcon_core.verb:set package 'gallery_database' build argument 'cmake_target' from command line to 'None'
[0.412s] Level 5:colcon.colcon_core.verb:set package 'gallery_database' build argument 'cmake_target_skip_unavailable' from command line to 'False'
[0.412s] Level 5:colcon.colcon_core.verb:set package 'gallery_database' build argument 'cmake_clean_cache' from command line to 'False'
[0.412s] Level 5:colcon.colcon_core.verb:set package 'gallery_database' build argument 'cmake_clean_first' from command line to 'False'
[0.412s] Level 5:colcon.colcon_core.verb:set package 'gallery_database' build argument 'cmake_force_configure' from command line to 'False'
[0.412s] Level 5:colcon.colcon_core.verb:set package 'gallery_database' build argument 'ament_cmake_args' from command line to 'None'
[0.412s] Level 5:colcon.colcon_core.verb:set package 'gallery_database' build argument 'catkin_cmake_args' from command line to 'None'
[0.412s] Level 5:colcon.colcon_core.verb:set package 'gallery_database' build argument 'catkin_skip_building_tests' from command line to 'False'
[0.412s] DEBUG:colcon.colcon_core.verb:Building package 'gallery_database' with the following arguments: {'ament_cmake_args': None, 'build_base': '/home/katie/turtlebot3_ws/build/gallery_database', 'catkin_cmake_args': None, 'catkin_skip_building_tests': False, 'cmake_args': None, 'cmake_clean_cache': False, 'cmake_clean_first': False, 'cmake_force_configure': False, 'cmake_target': None, 'cmake_target_skip_unavailable': False, 'install_base': '/home/katie/turtlebot3_ws/install/gallery_database', 'merge_install': False, 'path': '/home/katie/turtlebot3_ws/kane_gui', 'symlink_install': False, 'test_result_base': None}
[0.413s] Level 5:colcon.colcon_core.verb:set package 'move_pepper' build argument 'cmake_args' from command line to 'None'
[0.413s] Level 5:colcon.colcon_core.verb:set package 'move_pepper' build argument 'cmake_target' from command line to 'None'
[0.413s] Level 5:colcon.colcon_core.verb:set package 'move_pepper' build argument 'cmake_target_skip_unavailable' from command line to 'False'
[0.413s] Level 5:colcon.colcon_core.verb:set package 'move_pepper' build argument 'cmake_clean_cache' from command line to 'False'
[0.413s] Level 5:colcon.colcon_core.verb:set package 'move_pepper' build argument 'cmake_clean_first' from command line to 'False'
[0.413s] Level 5:colcon.colcon_core.verb:set package 'move_pepper' build argument 'cmake_force_configure' from command line to 'False'
[0.413s] Level 5:colcon.colcon_core.verb:set package 'move_pepper' build argument 'ament_cmake_args' from command line to 'None'
[0.413s] Level 5:colcon.colcon_core.verb:set package 'move_pepper' build argument 'catkin_cmake_args' from command line to 'None'
[0.413s] Level 5:colcon.colcon_core.verb:set package 'move_pepper' build argument 'catkin_skip_building_tests' from command line to 'False'
[0.413s] DEBUG:colcon.colcon_core.verb:Building package 'move_pepper' with the following arguments: {'ament_cmake_args': None, 'build_base': '/home/katie/turtlebot3_ws/build/move_pepper', 'catkin_cmake_args': None, 'catkin_skip_building_tests': False, 'cmake_args': None, 'cmake_clean_cache': False, 'cmake_clean_first': False, 'cmake_force_configure': False, 'cmake_target': None, 'cmake_target_skip_unavailable': False, 'install_base': '/home/katie/turtlebot3_ws/install/move_pepper', 'merge_install': False, 'path': '/home/katie/turtlebot3_ws/src/move_pepper', 'symlink_install': False, 'test_result_base': None}
[0.413s] Level 5:colcon.colcon_core.verb:set package 'pepper_autonomy' build argument 'cmake_args' from command line to 'None'
[0.413s] Level 5:colcon.colcon_core.verb:set package 'pepper_autonomy' build argument 'cmake_target' from command line to 'None'
[0.414s] Level 5:colcon.colcon_core.verb:set package 'pepper_autonomy' build argument 'cmake_target_skip_unavailable' from command line to 'False'
[0.414s] Level 5:colcon.colcon_core.verb:set package 'pepper_autonomy' build argument 'cmake_clean_cache' from command line to 'False'
[0.414s] Level 5:colcon.colcon_core.verb:set package 'pepper_autonomy' build argument 'cmake_clean_first' from command line to 'False'
[0.414s] Level 5:colcon.colcon_core.verb:set package 'pepper_autonomy' build argument 'cmake_force_configure' from command line to 'False'
[0.414s] Level 5:colcon.colcon_core.verb:set package 'pepper_autonomy' build argument 'ament_cmake_args' from command line to 'None'
[0.414s] Level 5:colcon.colcon_core.verb:set package 'pepper_autonomy' build argument 'catkin_cmake_args' from command line to 'None'
[0.414s] Level 5:colcon.colcon_core.verb:set package 'pepper_autonomy' build argument 'catkin_skip_building_tests' from command line to 'False'
[0.414s] DEBUG:colcon.colcon_core.verb:Building package 'pepper_autonomy' with the following arguments: {'ament_cmake_args': None, 'build_base': '/home/katie/turtlebot3_ws/build/pepper_autonomy', 'catkin_cmake_args': None, 'catkin_skip_building_tests': False, 'cmake_args': None, 'cmake_clean_cache': False, 'cmake_clean_first': False, 'cmake_force_configure': False, 'cmake_target': None, 'cmake_target_skip_unavailable': False, 'install_base': '/home/katie/turtlebot3_ws/install/pepper_autonomy', 'merge_install': False, 'path': '/home/katie/turtlebot3_ws/src/pepper_autonomy', 'symlink_install': False, 'test_result_base': None}
[0.414s] INFO:colcon.colcon_core.executor:Executing jobs using 'parallel' executor
[0.415s] DEBUG:colcon.colcon_parallel_executor.executor.parallel:run_until_complete
[0.415s] INFO:colcon.colcon_ros.task.ament_cmake.build:Building ROS package in '/home/katie/turtlebot3_ws/book_database' with build type 'ament_cmake'
[0.415s] INFO:colcon.colcon_cmake.task.cmake.build:Building CMake package in '/home/katie/turtlebot3_ws/book_database'
[0.420s] INFO:colcon.colcon_core.plugin_system:Skipping extension 'colcon_core.shell.bat': Not used on non-Windows systems
[0.420s] INFO:colcon.colcon_core.shell:Skip shell extension 'powershell' for command environment: Not usable outside of PowerShell
[0.420s] DEBUG:colcon.colcon_core.shell:Skip shell extension 'dsv' for command environment
[0.425s] INFO:colcon.colcon_ros.task.ament_cmake.build:Building ROS package in '/home/katie/turtlebot3_ws/kane_gui' with build type 'ament_cmake'
[0.425s] INFO:colcon.colcon_cmake.task.cmake.build:Building CMake package in '/home/katie/turtlebot3_ws/kane_gui'
[0.426s] INFO:colcon.colcon_core.shell:Skip shell extension 'powershell' for command environment: Not usable outside of PowerShell
[0.426s] DEBUG:colcon.colcon_core.shell:Skip shell extension 'dsv' for command environment
[0.431s] INFO:colcon.colcon_ros.task.ament_python.build:Building ROS package in '/home/katie/turtlebot3_ws/src/move_pepper' with build type 'ament_python'
[0.431s] Level 1:colcon.colcon_core.shell:create_environment_hook('move_pepper', 'ament_prefix_path')
[0.432s] INFO:colcon.colcon_core.shell:Creating environment hook '/home/katie/turtlebot3_ws/install/move_pepper/share/move_pepper/hook/ament_prefix_path.ps1'
[0.433s] INFO:colcon.colcon_core.shell:Creating environment descriptor '/home/katie/turtlebot3_ws/install/move_pepper/share/move_pepper/hook/ament_prefix_path.dsv'
[0.433s] INFO:colcon.colcon_core.shell:Creating environment hook '/home/katie/turtlebot3_ws/install/move_pepper/share/move_pepper/hook/ament_prefix_path.sh'
[0.434s] INFO:colcon.colcon_core.shell:Skip shell extension 'powershell' for command environment: Not usable outside of PowerShell
[0.434s] DEBUG:colcon.colcon_core.shell:Skip shell extension 'dsv' for command environment
[0.439s] INFO:colcon.colcon_ros.task.ament_cmake.build:Building ROS package in '/home/katie/turtlebot3_ws/src/pepper_autonomy' with build type 'ament_cmake'
[0.439s] INFO:colcon.colcon_cmake.task.cmake.build:Building CMake package in '/home/katie/turtlebot3_ws/src/pepper_autonomy'
[0.439s] INFO:colcon.colcon_core.shell:Skip shell extension 'powershell' for command environment: Not usable outside of PowerShell
[0.439s] DEBUG:colcon.colcon_core.shell:Skip shell extension 'dsv' for command environment
[0.453s] DEBUG:colcon.colcon_core.event_handler.log_command:Invoking command in '/home/katie/turtlebot3_ws/build/book_database': CMAKE_PREFIX_PATH=${CMAKE_PREFIX_PATH}:/home/katie/turtlebot3_ws/install/move_pepper:/opt/ros/humble /usr/bin/cmake --build /home/katie/turtlebot3_ws/build/book_database -- -j8 -l8
[0.458s] DEBUG:colcon.colcon_core.event_handler.log_command:Invoking command in '/home/katie/turtlebot3_ws/build/gallery_database': CMAKE_PREFIX_PATH=${CMAKE_PREFIX_PATH}:/home/katie/turtlebot3_ws/install/move_pepper:/opt/ros/humble /usr/bin/cmake --build /home/katie/turtlebot3_ws/build/gallery_database -- -j8 -l8
[0.748s] INFO:colcon.colcon_core.task.python.build:Building Python package in '/home/katie/turtlebot3_ws/src/move_pepper'
[0.748s] INFO:colcon.colcon_core.shell:Skip shell extension 'powershell' for command environment: Not usable outside of PowerShell
[0.749s] DEBUG:colcon.colcon_core.shell:Skip shell extension 'dsv' for command environment
[0.760s] DEBUG:colcon.colcon_core.event_handler.log_command:Invoked command in '/home/katie/turtlebot3_ws/build/gallery_database' returned '0': CMAKE_PREFIX_PATH=${CMAKE_PREFIX_PATH}:/home/katie/turtlebot3_ws/install/move_pepper:/opt/ros/humble /usr/bin/cmake --build /home/katie/turtlebot3_ws/build/gallery_database -- -j8 -l8
[0.776s] DEBUG:colcon.colcon_core.event_handler.log_command:Invoking command in '/home/katie/turtlebot3_ws/build/gallery_database': CMAKE_PREFIX_PATH=${CMAKE_PREFIX_PATH}:/home/katie/turtlebot3_ws/install/move_pepper:/opt/ros/humble /usr/bin/cmake --install /home/katie/turtlebot3_ws/build/gallery_database
[0.804s] DEBUG:colcon.colcon_core.event_handler.log_command:Invoking command in '/home/katie/turtlebot3_ws/build/pepper_autonomy': CMAKE_PREFIX_PATH=${CMAKE_PREFIX_PATH}:/home/katie/turtlebot3_ws/install/move_pepper:/opt/ros/humble /usr/bin/cmake --build /home/katie/turtlebot3_ws/build/pepper_autonomy -- -j8 -l8
[0.804s] DEBUG:colcon.colcon_core.event_handler.log_command:Invoked command in '/home/katie/turtlebot3_ws/build/book_database' returned '0': CMAKE_PREFIX_PATH=${CMAKE_PREFIX_PATH}:/home/katie/turtlebot3_ws/install/move_pepper:/opt/ros/humble /usr/bin/cmake --build /home/katie/turtlebot3_ws/build/book_database -- -j8 -l8
[0.807s] DEBUG:colcon.colcon_core.event_handler.log_command:Invoking command in '/home/katie/turtlebot3_ws/build/book_database': CMAKE_PREFIX_PATH=${CMAKE_PREFIX_PATH}:/home/katie/turtlebot3_ws/install/move_pepper:/opt/ros/humble /usr/bin/cmake --install /home/katie/turtlebot3_ws/build/book_database
[0.818s] Level 1:colcon.colcon_core.environment:create_environment_scripts_only(gallery_database)
[0.819s] DEBUG:colcon.colcon_core.event_handler.log_command:Invoked command in '/home/katie/turtlebot3_ws/build/gallery_database' returned '0': CMAKE_PREFIX_PATH=${CMAKE_PREFIX_PATH}:/home/katie/turtlebot3_ws/install/move_pepper:/opt/ros/humble /usr/bin/cmake --install /home/katie/turtlebot3_ws/build/gallery_database
[0.830s] Level 1:colcon.colcon_core.environment:checking '/home/katie/turtlebot3_ws/install/gallery_database' for CMake module files
[0.831s] Level 1:colcon.colcon_core.environment:checking '/home/katie/turtlebot3_ws/install/gallery_database' for CMake config files
[0.832s] Level 1:colcon.colcon_core.shell:create_environment_hook('gallery_database', 'cmake_prefix_path')
[0.832s] INFO:colcon.colcon_core.shell:Creating environment hook '/home/katie/turtlebot3_ws/install/gallery_database/share/gallery_database/hook/cmake_prefix_path.ps1'
[0.833s] INFO:colcon.colcon_core.shell:Creating environment descriptor '/home/katie/turtlebot3_ws/install/gallery_database/share/gallery_database/hook/cmake_prefix_path.dsv'
[0.834s] INFO:colcon.colcon_core.shell:Creating environment hook '/home/katie/turtlebot3_ws/install/gallery_database/share/gallery_database/hook/cmake_prefix_path.sh'
[0.835s] Level 1:colcon.colcon_core.environment:checking '/home/katie/turtlebot3_ws/install/gallery_database/lib'
[0.836s] Level 1:colcon.colcon_core.environment:checking '/home/katie/turtlebot3_ws/install/gallery_database/bin'
[0.836s] Level 1:colcon.colcon_core.environment:checking '/home/katie/turtlebot3_ws/install/gallery_database/lib/pkgconfig/gallery_database.pc'
[0.836s] Level 1:colcon.colcon_core.environment:checking '/home/katie/turtlebot3_ws/install/gallery_database/lib/python3.10/site-packages'
[0.837s] Level 1:colcon.colcon_core.environment:checking '/home/katie/turtlebot3_ws/install/gallery_database/bin'
[0.837s] INFO:colcon.colcon_core.shell:Creating package script '/home/katie/turtlebot3_ws/install/gallery_database/share/gallery_database/package.ps1'
[0.839s] INFO:colcon.colcon_core.shell:Creating package descriptor '/home/katie/turtlebot3_ws/install/gallery_database/share/gallery_database/package.dsv'
[0.840s] INFO:colcon.colcon_core.shell:Creating package script '/home/katie/turtlebot3_ws/install/gallery_database/share/gallery_database/package.sh'
[0.842s] INFO:colcon.colcon_core.shell:Creating package script '/home/katie/turtlebot3_ws/install/gallery_database/share/gallery_database/package.bash'
[0.845s] INFO:colcon.colcon_core.shell:Creating package script '/home/katie/turtlebot3_ws/install/gallery_database/share/gallery_database/package.zsh'
[0.847s] Level 1:colcon.colcon_core.environment:create_file_with_runtime_dependencies(/home/katie/turtlebot3_ws/install/gallery_database/share/colcon-core/packages/gallery_database)
[0.849s] Level 1:colcon.colcon_core.environment:create_environment_scripts_only(gallery_database)
[0.849s] Level 1:colcon.colcon_core.environment:checking '/home/katie/turtlebot3_ws/install/gallery_database' for CMake module files
[0.849s] Level 1:colcon.colcon_core.environment:checking '/home/katie/turtlebot3_ws/install/gallery_database' for CMake config files
[0.850s] Level 1:colcon.colcon_core.shell:create_environment_hook('gallery_database', 'cmake_prefix_path')
[0.850s] INFO:colcon.colcon_core.shell:Creating environment hook '/home/katie/turtlebot3_ws/install/gallery_database/share/gallery_database/hook/cmake_prefix_path.ps1'
[0.851s] INFO:colcon.colcon_core.shell:Creating environment descriptor '/home/katie/turtlebot3_ws/install/gallery_database/share/gallery_database/hook/cmake_prefix_path.dsv'
[0.851s] INFO:colcon.colcon_core.shell:Creating environment hook '/home/katie/turtlebot3_ws/install/gallery_database/share/gallery_database/hook/cmake_prefix_path.sh'
[0.852s] Level 1:colcon.colcon_core.environment:checking '/home/katie/turtlebot3_ws/install/gallery_database/lib'
[0.852s] Level 1:colcon.colcon_core.environment:checking '/home/katie/turtlebot3_ws/install/gallery_database/bin'
[0.852s] Level 1:colcon.colcon_core.environment:checking '/home/katie/turtlebot3_ws/install/gallery_database/lib/pkgconfig/gallery_database.pc'
[0.853s] Level 1:colcon.colcon_core.environment:checking '/home/katie/turtlebot3_ws/install/gallery_database/lib/python3.10/site-packages'
[0.853s] Level 1:colcon.colcon_core.environment:checking '/home/katie/turtlebot3_ws/install/gallery_database/bin'
[0.853s] INFO:colcon.colcon_core.shell:Creating package script '/home/katie/turtlebot3_ws/install/gallery_database/share/gallery_database/package.ps1'
[0.854s] INFO:colcon.colcon_core.shell:Creating package descriptor '/home/katie/turtlebot3_ws/install/gallery_database/share/gallery_database/package.dsv'
[0.855s] INFO:colcon.colcon_core.shell:Creating package script '/home/katie/turtlebot3_ws/install/gallery_database/share/gallery_database/package.sh'
[0.856s] INFO:colcon.colcon_core.shell:Creating package script '/home/katie/turtlebot3_ws/install/gallery_database/share/gallery_database/package.bash'
[0.856s] INFO:colcon.colcon_core.shell:Creating package script '/home/katie/turtlebot3_ws/install/gallery_database/share/gallery_database/package.zsh'
[0.857s] Level 1:colcon.colcon_core.environment:create_file_with_runtime_dependencies(/home/katie/turtlebot3_ws/install/gallery_database/share/colcon-core/packages/gallery_database)
[0.859s] Level 1:colcon.colcon_core.environment:create_environment_scripts_only(book_database)
[0.860s] Level 1:colcon.colcon_core.environment:checking '/home/katie/turtlebot3_ws/install/book_database' for CMake module files
[0.862s] DEBUG:colcon.colcon_core.event_handler.log_command:Invoked command in '/home/katie/turtlebot3_ws/build/book_database' returned '0': CMAKE_PREFIX_PATH=${CMAKE_PREFIX_PATH}:/home/katie/turtlebot3_ws/install/move_pepper:/opt/ros/humble /usr/bin/cmake --install /home/katie/turtlebot3_ws/build/book_database
[0.863s] Level 1:colcon.colcon_core.environment:checking '/home/katie/turtlebot3_ws/install/book_database' for CMake config files
[0.863s] Level 1:colcon.colcon_core.shell:create_environment_hook('book_database', 'cmake_prefix_path')
[0.863s] INFO:colcon.colcon_core.shell:Creating environment hook '/home/katie/turtlebot3_ws/install/book_database/share/book_database/hook/cmake_prefix_path.ps1'
[0.864s] INFO:colcon.colcon_core.shell:Creating environment descriptor '/home/katie/turtlebot3_ws/install/book_database/share/book_database/hook/cmake_prefix_path.dsv'
[0.865s] INFO:colcon.colcon_core.shell:Creating environment hook '/home/katie/turtlebot3_ws/install/book_database/share/book_database/hook/cmake_prefix_path.sh'
[0.866s] Level 1:colcon.colcon_core.environment:checking '/home/katie/turtlebot3_ws/install/book_database/lib'
[0.867s] Level 1:colcon.colcon_core.environment:checking '/home/katie/turtlebot3_ws/install/book_database/bin'
[0.867s] Level 1:colcon.colcon_core.environment:checking '/home/katie/turtlebot3_ws/install/book_database/lib/pkgconfig/book_database.pc'
[0.867s] Level 1:colcon.colcon_core.environment:checking '/home/katie/turtlebot3_ws/install/book_database/lib/python3.10/site-packages'
[0.867s] Level 1:colcon.colcon_core.environment:checking '/home/katie/turtlebot3_ws/install/book_database/bin'
[0.868s] INFO:colcon.colcon_core.shell:Creating package script '/home/katie/turtlebot3_ws/install/book_database/share/book_database/package.ps1'
[0.869s] INFO:colcon.colcon_core.shell:Creating package descriptor '/home/katie/turtlebot3_ws/install/book_database/share/book_database/package.dsv'
[0.870s] INFO:colcon.colcon_core.shell:Creating package script '/home/katie/turtlebot3_ws/install/book_database/share/book_database/package.sh'
[0.871s] INFO:colcon.colcon_core.shell:Creating package script '/home/katie/turtlebot3_ws/install/book_database/share/book_database/package.bash'
[0.872s] INFO:colcon.colcon_core.shell:Creating package script '/home/katie/turtlebot3_ws/install/book_database/share/book_database/package.zsh'
[0.872s] Level 1:colcon.colcon_core.environment:create_file_with_runtime_dependencies(/home/katie/turtlebot3_ws/install/book_database/share/colcon-core/packages/book_database)
[0.873s] Level 1:colcon.colcon_core.environment:create_environment_scripts_only(book_database)
[0.874s] Level 1:colcon.colcon_core.environment:checking '/home/katie/turtlebot3_ws/install/book_database' for CMake module files
[0.874s] Level 1:colcon.colcon_core.environment:checking '/home/katie/turtlebot3_ws/install/book_database' for CMake config files
[0.874s] Level 1:colcon.colcon_core.shell:create_environment_hook('book_database', 'cmake_prefix_path')
[0.875s] INFO:colcon.colcon_core.shell:Creating environment hook '/home/katie/turtlebot3_ws/install/book_database/share/book_database/hook/cmake_prefix_path.ps1'
[0.876s] INFO:colcon.colcon_core.shell:Creating environment descriptor '/home/katie/turtlebot3_ws/install/book_database/share/book_database/hook/cmake_prefix_path.dsv'
[0.877s] INFO:colcon.colcon_core.shell:Creating environment hook '/home/katie/turtlebot3_ws/install/book_database/share/book_database/hook/cmake_prefix_path.sh'
[0.879s] Level 1:colcon.colcon_core.environment:checking '/home/katie/turtlebot3_ws/install/book_database/lib'
[0.879s] Level 1:colcon.colcon_core.environment:checking '/home/katie/turtlebot3_ws/install/book_database/bin'
[0.879s] Level 1:colcon.colcon_core.environment:checking '/home/katie/turtlebot3_ws/install/book_database/lib/pkgconfig/book_database.pc'
[0.879s] Level 1:colcon.colcon_core.environment:checking '/home/katie/turtlebot3_ws/install/book_database/lib/python3.10/site-packages'
[0.879s] Level 1:colcon.colcon_core.environment:checking '/home/katie/turtlebot3_ws/install/book_database/bin'
[0.880s] INFO:colcon.colcon_core.shell:Creating package script '/home/katie/turtlebot3_ws/install/book_database/share/book_database/package.ps1'
[0.881s] INFO:colcon.colcon_core.shell:Creating package descriptor '/home/katie/turtlebot3_ws/install/book_database/share/book_database/package.dsv'
[0.881s] INFO:colcon.colcon_core.shell:Creating package script '/home/katie/turtlebot3_ws/install/book_database/share/book_database/package.sh'
[0.883s] INFO:colcon.colcon_core.shell:Creating package script '/home/katie/turtlebot3_ws/install/book_database/share/book_database/package.bash'
[0.884s] INFO:colcon.colcon_core.shell:Creating package script '/home/katie/turtlebot3_ws/install/book_database/share/book_database/package.zsh'
[0.885s] Level 1:colcon.colcon_core.environment:create_file_with_runtime_dependencies(/home/katie/turtlebot3_ws/install/book_database/share/colcon-core/packages/book_database)
[1.886s] DEBUG:colcon.colcon_core.event_handler.log_command:Invoking command in '/home/katie/turtlebot3_ws/src/move_pepper': PYTHONPATH=/home/katie/turtlebot3_ws/build/move_pepper/prefix_override:/usr/lib/python3/dist-packages/colcon_core/task/python/colcon_distutils_commands:/home/katie/turtlebot3_ws/install/move_pepper/lib/python3.10/site-packages:${PYTHONPATH} /usr/bin/python3 -W ignore:setup.py install is deprecated -W ignore:easy_install command is deprecated setup.py egg_info --egg-base ../../build/move_pepper build --build-base /home/katie/turtlebot3_ws/build/move_pepper/build install --record /home/katie/turtlebot3_ws/build/move_pepper/install.log --single-version-externally-managed install_data
[2.709s] Level 1:colcon.colcon_core.environment:checking '/home/katie/turtlebot3_ws/install/move_pepper' for CMake module files
[2.710s] DEBUG:colcon.colcon_core.event_handler.log_command:Invoked command in '/home/katie/turtlebot3_ws/src/move_pepper' returned '0': PYTHONPATH=/home/katie/turtlebot3_ws/build/move_pepper/prefix_override:/usr/lib/python3/dist-packages/colcon_core/task/python/colcon_distutils_commands:/home/katie/turtlebot3_ws/install/move_pepper/lib/python3.10/site-packages:${PYTHONPATH} /usr/bin/python3 -W ignore:setup.py install is deprecated -W ignore:easy_install command is deprecated setup.py egg_info --egg-base ../../build/move_pepper build --build-base /home/katie/turtlebot3_ws/build/move_pepper/build install --record /home/katie/turtlebot3_ws/build/move_pepper/install.log --single-version-externally-managed install_data
[2.711s] Level 1:colcon.colcon_core.environment:checking '/home/katie/turtlebot3_ws/install/move_pepper' for CMake config files
[2.712s] Level 1:colcon.colcon_core.environment:checking '/home/katie/turtlebot3_ws/install/move_pepper/lib'
[2.712s] Level 1:colcon.colcon_core.environment:checking '/home/katie/turtlebot3_ws/install/move_pepper/bin'
[2.712s] Level 1:colcon.colcon_core.environment:checking '/home/katie/turtlebot3_ws/install/move_pepper/lib/pkgconfig/move_pepper.pc'
[2.712s] Level 1:colcon.colcon_core.environment:checking '/home/katie/turtlebot3_ws/install/move_pepper/lib/python3.10/site-packages'
[2.712s] Level 1:colcon.colcon_core.shell:create_environment_hook('move_pepper', 'pythonpath')
[2.713s] INFO:colcon.colcon_core.shell:Creating environment hook '/home/katie/turtlebot3_ws/install/move_pepper/share/move_pepper/hook/pythonpath.ps1'
[2.713s] INFO:colcon.colcon_core.shell:Creating environment descriptor '/home/katie/turtlebot3_ws/install/move_pepper/share/move_pepper/hook/pythonpath.dsv'
[2.714s] INFO:colcon.colcon_core.shell:Creating environment hook '/home/katie/turtlebot3_ws/install/move_pepper/share/move_pepper/hook/pythonpath.sh'
[2.716s] Level 1:colcon.colcon_core.environment:checking '/home/katie/turtlebot3_ws/install/move_pepper/bin'
[2.716s] Level 1:colcon.colcon_core.environment:create_environment_scripts_only(move_pepper)
[2.717s] INFO:colcon.colcon_core.shell:Creating package script '/home/katie/turtlebot3_ws/install/move_pepper/share/move_pepper/package.ps1'
[2.718s] INFO:colcon.colcon_core.shell:Creating package descriptor '/home/katie/turtlebot3_ws/install/move_pepper/share/move_pepper/package.dsv'
[2.718s] INFO:colcon.colcon_core.shell:Creating package script '/home/katie/turtlebot3_ws/install/move_pepper/share/move_pepper/package.sh'
[2.719s] INFO:colcon.colcon_core.shell:Creating package script '/home/katie/turtlebot3_ws/install/move_pepper/share/move_pepper/package.bash'
[2.719s] INFO:colcon.colcon_core.shell:Creating package script '/home/katie/turtlebot3_ws/install/move_pepper/share/move_pepper/package.zsh'
[2.720s] Level 1:colcon.colcon_core.environment:create_file_with_runtime_dependencies(/home/katie/turtlebot3_ws/install/move_pepper/share/colcon-core/packages/move_pepper)
[13.899s] DEBUG:colcon.colcon_core.event_handler.log_command:Invoked command in '/home/katie/turtlebot3_ws/build/pepper_autonomy' returned '0': CMAKE_PREFIX_PATH=${CMAKE_PREFIX_PATH}:/home/katie/turtlebot3_ws/install/move_pepper:/opt/ros/humble /usr/bin/cmake --build /home/katie/turtlebot3_ws/build/pepper_autonomy -- -j8 -l8
[13.902s] DEBUG:colcon.colcon_core.event_handler.log_command:Invoking command in '/home/katie/turtlebot3_ws/build/pepper_autonomy': CMAKE_PREFIX_PATH=${CMAKE_PREFIX_PATH}:/home/katie/turtlebot3_ws/install/move_pepper:/opt/ros/humble /usr/bin/cmake --install /home/katie/turtlebot3_ws/build/pepper_autonomy
[13.927s] Level 1:colcon.colcon_core.environment:create_environment_scripts_only(pepper_autonomy)
[13.928s] Level 1:colcon.colcon_core.environment:checking '/home/katie/turtlebot3_ws/install/pepper_autonomy' for CMake module files
[13.929s] DEBUG:colcon.colcon_core.event_handler.log_command:Invoked command in '/home/katie/turtlebot3_ws/build/pepper_autonomy' returned '0': CMAKE_PREFIX_PATH=${CMAKE_PREFIX_PATH}:/home/katie/turtlebot3_ws/install/move_pepper:/opt/ros/humble /usr/bin/cmake --install /home/katie/turtlebot3_ws/build/pepper_autonomy
[13.929s] Level 1:colcon.colcon_core.environment:checking '/home/katie/turtlebot3_ws/install/pepper_autonomy' for CMake config files
[13.930s] Level 1:colcon.colcon_core.shell:create_environment_hook('pepper_autonomy', 'cmake_prefix_path')
[13.931s] INFO:colcon.colcon_core.shell:Creating environment hook '/home/katie/turtlebot3_ws/install/pepper_autonomy/share/pepper_autonomy/hook/cmake_prefix_path.ps1'
[13.932s] INFO:colcon.colcon_core.shell:Creating environment descriptor '/home/katie/turtlebot3_ws/install/pepper_autonomy/share/pepper_autonomy/hook/cmake_prefix_path.dsv'
[13.932s] INFO:colcon.colcon_core.shell:Creating environment hook '/home/katie/turtlebot3_ws/install/pepper_autonomy/share/pepper_autonomy/hook/cmake_prefix_path.sh'
[13.933s] Level 1:colcon.colcon_core.environment:checking '/home/katie/turtlebot3_ws/install/pepper_autonomy/lib'
[13.933s] Level 1:colcon.colcon_core.environment:checking '/home/katie/turtlebot3_ws/install/pepper_autonomy/bin'
[13.934s] Level 1:colcon.colcon_core.environment:checking '/home/katie/turtlebot3_ws/install/pepper_autonomy/lib/pkgconfig/pepper_autonomy.pc'
[13.934s] Level 1:colcon.colcon_core.environment:checking '/home/katie/turtlebot3_ws/install/pepper_autonomy/lib/python3.10/site-packages'
[13.934s] Level 1:colcon.colcon_core.environment:checking '/home/katie/turtlebot3_ws/install/pepper_autonomy/bin'
[13.935s] INFO:colcon.colcon_core.shell:Creating package script '/home/katie/turtlebot3_ws/install/pepper_autonomy/share/pepper_autonomy/package.ps1'
[13.936s] INFO:colcon.colcon_core.shell:Creating package descriptor '/home/katie/turtlebot3_ws/install/pepper_autonomy/share/pepper_autonomy/package.dsv'
[13.936s] INFO:colcon.colcon_core.shell:Creating package script '/home/katie/turtlebot3_ws/install/pepper_autonomy/share/pepper_autonomy/package.sh'
[13.937s] INFO:colcon.colcon_core.shell:Creating package script '/home/katie/turtlebot3_ws/install/pepper_autonomy/share/pepper_autonomy/package.bash'
[13.938s] INFO:colcon.colcon_core.shell:Creating package script '/home/katie/turtlebot3_ws/install/pepper_autonomy/share/pepper_autonomy/package.zsh'
[13.938s] Level 1:colcon.colcon_core.environment:create_file_with_runtime_dependencies(/home/katie/turtlebot3_ws/install/pepper_autonomy/share/colcon-core/packages/pepper_autonomy)
[13.939s] Level 1:colcon.colcon_core.environment:create_environment_scripts_only(pepper_autonomy)
[13.939s] Level 1:colcon.colcon_core.environment:checking '/home/katie/turtlebot3_ws/install/pepper_autonomy' for CMake module files
[13.940s] Level 1:colcon.colcon_core.environment:checking '/home/katie/turtlebot3_ws/install/pepper_autonomy' for CMake config files
[13.941s] Level 1:colcon.colcon_core.shell:create_environment_hook('pepper_autonomy', 'cmake_prefix_path')
[13.941s] INFO:colcon.colcon_core.shell:Creating environment hook '/home/katie/turtlebot3_ws/install/pepper_autonomy/share/pepper_autonomy/hook/cmake_prefix_path.ps1'
[13.941s] INFO:colcon.colcon_core.shell:Creating environment descriptor '/home/katie/turtlebot3_ws/install/pepper_autonomy/share/pepper_autonomy/hook/cmake_prefix_path.dsv'
[13.942s] INFO:colcon.colcon_core.shell:Creating environment hook '/home/katie/turtlebot3_ws/install/pepper_autonomy/share/pepper_autonomy/hook/cmake_prefix_path.sh'
[13.942s] Level 1:colcon.colcon_core.environment:checking '/home/katie/turtlebot3_ws/install/pepper_autonomy/lib'
[13.942s] Level 1:colcon.colcon_core.environment:checking '/home/katie/turtlebot3_ws/install/pepper_autonomy/bin'
[13.942s] Level 1:colcon.colcon_core.environment:checking '/home/katie/turtlebot3_ws/install/pepper_autonomy/lib/pkgconfig/pepper_autonomy.pc'
[13.943s] Level 1:colcon.colcon_core.environment:checking '/home/katie/turtlebot3_ws/install/pepper_autonomy/lib/python3.10/site-packages'
[13.943s] Level 1:colcon.colcon_core.environment:checking '/home/katie/turtlebot3_ws/install/pepper_autonomy/bin'
[13.943s] INFO:colcon.colcon_core.shell:Creating package script '/home/katie/turtlebot3_ws/install/pepper_autonomy/share/pepper_autonomy/package.ps1'
[13.944s] INFO:colcon.colcon_core.shell:Creating package descriptor '/home/katie/turtlebot3_ws/install/pepper_autonomy/share/pepper_autonomy/package.dsv'
[13.944s] INFO:colcon.colcon_core.shell:Creating package script '/home/katie/turtlebot3_ws/install/pepper_autonomy/share/pepper_autonomy/package.sh'
[13.945s] INFO:colcon.colcon_core.shell:Creating package script '/home/katie/turtlebot3_ws/install/pepper_autonomy/share/pepper_autonomy/package.bash'
[13.945s] INFO:colcon.colcon_core.shell:Creating package script '/home/katie/turtlebot3_ws/install/pepper_autonomy/share/pepper_autonomy/package.zsh'
[13.945s] Level 1:colcon.colcon_core.environment:create_file_with_runtime_dependencies(/home/katie/turtlebot3_ws/install/pepper_autonomy/share/colcon-core/packages/pepper_autonomy)
[13.946s] DEBUG:colcon.colcon_parallel_executor.executor.parallel:closing loop
[13.946s] DEBUG:colcon.colcon_parallel_executor.executor.parallel:loop closed
[13.946s] DEBUG:colcon.colcon_parallel_executor.executor.parallel:run_until_complete finished with '0'
[13.946s] DEBUG:colcon.colcon_core.event_reactor:joining thread
[13.959s] INFO:colcon.colcon_core.plugin_system:Skipping extension 'colcon_notification.desktop_notification.terminal_notifier': Not used on non-Darwin systems
[13.959s] INFO:colcon.colcon_core.plugin_system:Skipping extension 'colcon_notification.desktop_notification.win32': Not used on non-Windows systems
[13.959s] INFO:colcon.colcon_notification.desktop_notification:Sending desktop notification using 'notify2'
[14.016s] DEBUG:colcon.colcon_core.event_reactor:joined thread
[14.017s] INFO:colcon.colcon_core.shell:Creating prefix script '/home/katie/turtlebot3_ws/install/local_setup.ps1'
[14.020s] INFO:colcon.colcon_core.shell:Creating prefix util module '/home/katie/turtlebot3_ws/install/_local_setup_util_ps1.py'
[14.024s] INFO:colcon.colcon_core.shell:Creating prefix chain script '/home/katie/turtlebot3_ws/install/setup.ps1'
[14.027s] INFO:colcon.colcon_core.shell:Creating prefix script '/home/katie/turtlebot3_ws/install/local_setup.sh'
[14.029s] INFO:colcon.colcon_core.shell:Creating prefix util module '/home/katie/turtlebot3_ws/install/_local_setup_util_sh.py'
[14.031s] INFO:colcon.colcon_core.shell:Creating prefix chain script '/home/katie/turtlebot3_ws/install/setup.sh'
[14.035s] INFO:colcon.colcon_core.shell:Creating prefix script '/home/katie/turtlebot3_ws/install/local_setup.bash'
[14.037s] INFO:colcon.colcon_core.shell:Creating prefix chain script '/home/katie/turtlebot3_ws/install/setup.bash'
[14.041s] INFO:colcon.colcon_core.shell:Creating prefix script '/home/katie/turtlebot3_ws/install/local_setup.zsh'
[14.043s] INFO:colcon.colcon_core.shell:Creating prefix chain script '/home/katie/turtlebot3_ws/install/setup.zsh'
