[1.257s] Invoking command in '/home/katie/turtlebot3_ws/src/move_pepper': PYTHONPATH=/home/katie/turtlebot3_ws/build/move_pepper/prefix_override:/usr/lib/python3/dist-packages/colcon_core/task/python/colcon_distutils_commands:/home/katie/turtlebot3_ws/install/move_pepper/lib/python3.10/site-packages:${PYTHONPATH} /usr/bin/python3 -W ignore:setup.py install is deprecated -W ignore:easy_install command is deprecated setup.py egg_info --egg-base ../../build/move_pepper build --build-base /home/katie/turtlebot3_ws/build/move_pepper/build install --record /home/katie/turtlebot3_ws/build/move_pepper/install.log --single-version-externally-managed install_data
[1.501s] /home/katie/.local/lib/python3.10/site-packages/setuptools/_distutils/dist.py:289: UserWarning: Unknown distribution option: 'tests_require'
[1.501s]   warnings.warn(msg)
[1.659s] running egg_info
[1.684s] writing ../../build/move_pepper/move_pepper.egg-info/PKG-INFO
[1.685s] writing dependency_links to ../../build/move_pepper/move_pepper.egg-info/dependency_links.txt
[1.685s] writing entry points to ../../build/move_pepper/move_pepper.egg-info/entry_points.txt
[1.685s] writing requirements to ../../build/move_pepper/move_pepper.egg-info/requires.txt
[1.685s] writing top-level names to ../../build/move_pepper/move_pepper.egg-info/top_level.txt
[1.739s] reading manifest file '../../build/move_pepper/move_pepper.egg-info/SOURCES.txt'
[1.740s] Traceback (most recent call last):
[1.740s]   File "/home/katie/turtlebot3_ws/src/move_pepper/setup.py", line 7, in <module>
[1.740s]     setup(
[1.741s]   File "/home/katie/.local/lib/python3.10/site-packages/setuptools/__init__.py", line 117, in setup
[1.741s]     return distutils.core.setup(**attrs)
[1.741s]   File "/home/katie/.local/lib/python3.10/site-packages/setuptools/_distutils/core.py", line 186, in setup
[1.741s]     return run_commands(dist)
[1.741s]   File "/home/katie/.local/lib/python3.10/site-packages/setuptools/_distutils/core.py", line 202, in run_commands
[1.741s]     dist.run_commands()
[1.742s]   File "/home/katie/.local/lib/python3.10/site-packages/setuptools/_distutils/dist.py", line 1002, in run_commands
[1.742s]     self.run_command(cmd)
[1.742s]   File "/home/katie/.local/lib/python3.10/site-packages/setuptools/dist.py", line 1104, in run_command
[1.742s]     super().run_command(command)
[1.742s]   File "/home/katie/.local/lib/python3.10/site-packages/setuptools/_distutils/dist.py", line 1021, in run_command
[1.742s]     cmd_obj.run()
[1.742s]   File "/home/katie/.local/lib/python3.10/site-packages/setuptools/command/egg_info.py", line 312, in run
[1.743s]     self.find_sources()
[1.743s]   File "/home/katie/.local/lib/python3.10/site-packages/setuptools/command/egg_info.py", line 320, in find_sources
[1.743s]     mm.run()
[1.743s]   File "/home/katie/.local/lib/python3.10/site-packages/setuptools/command/egg_info.py", line 548, in run
[1.743s]     self.prune_file_list()
[1.743s]   File "/home/katie/.local/lib/python3.10/site-packages/setuptools/command/sdist.py", line 162, in prune_file_list
[1.744s]     super().prune_file_list()
[1.744s]   File "/home/katie/.local/lib/python3.10/site-packages/setuptools/_distutils/command/sdist.py", line 386, in prune_file_list
[1.744s]     base_dir = self.distribution.get_fullname()
[1.744s]   File "/home/katie/.local/lib/python3.10/site-packages/setuptools/_core_metadata.py", line 275, in get_fullname
[1.744s]     return _distribution_fullname(self.get_name(), self.get_version())
[1.744s]   File "/home/katie/.local/lib/python3.10/site-packages/setuptools/_core_metadata.py", line 293, in _distribution_fullname
[1.744s]     canonicalize_version(version, strip_trailing_zero=False),
[1.745s] TypeError: canonicalize_version() got an unexpected keyword argument 'strip_trailing_zero'
[1.794s] Invoked command in '/home/katie/turtlebot3_ws/src/move_pepper' returned '1': PYTHONPATH=/home/katie/turtlebot3_ws/build/move_pepper/prefix_override:/usr/lib/python3/dist-packages/colcon_core/task/python/colcon_distutils_commands:/home/katie/turtlebot3_ws/install/move_pepper/lib/python3.10/site-packages:${PYTHONPATH} /usr/bin/python3 -W ignore:setup.py install is deprecated -W ignore:easy_install command is deprecated setup.py egg_info --egg-base ../../build/move_pepper build --build-base /home/katie/turtlebot3_ws/build/move_pepper/build install --record /home/katie/turtlebot3_ws/build/move_pepper/install.log --single-version-externally-managed install_data
