[ 40%] Built target object_detector
[ 60%] [32mBuilding CXX object CMakeFiles/autonomy_node.dir/src/navigation_behaviors.cpp.o[0m
[ 80%] [32m[1mLinking CXX executable autonomy_node[0m
[100%] Built target autonomy_node
-- Install configuration: ""
-- Up-to-date: /home/katie/turtlebot3_ws/install/pepper_autonomy/share/pepper_autonomy/bt_xml
-- Up-to-date: /home/katie/turtlebot3_ws/install/pepper_autonomy/share/pepper_autonomy/bt_xml/tree.xml
-- Up-to-date: /home/katie/turtlebot3_ws/install/pepper_autonomy/share/pepper_autonomy/launch
-- Up-to-date: /home/katie/turtlebot3_ws/install/pepper_autonomy/share/pepper_autonomy/launch/autonomy.launch.py
-- Installing: /home/katie/turtlebot3_ws/install/pepper_autonomy/lib/pepper_autonomy/autonomy_node
-- Set runtime path of "/home/katie/turtlebot3_ws/install/pepper_autonomy/lib/pepper_autonomy/autonomy_node" to ""
-- Up-to-date: /home/katie/turtlebot3_ws/install/pepper_autonomy/lib/pepper_autonomy/object_detector
-- Up-to-date: /home/katie/turtlebot3_ws/install/pepper_autonomy/share/ament_index/resource_index/package_run_dependencies/pepper_autonomy
-- Up-to-date: /home/katie/turtlebot3_ws/install/pepper_autonomy/share/ament_index/resource_index/parent_prefix_path/pepper_autonomy
-- Up-to-date: /home/katie/turtlebot3_ws/install/pepper_autonomy/share/pepper_autonomy/environment/ament_prefix_path.sh
-- Up-to-date: /home/katie/turtlebot3_ws/install/pepper_autonomy/share/pepper_autonomy/environment/ament_prefix_path.dsv
-- Up-to-date: /home/katie/turtlebot3_ws/install/pepper_autonomy/share/pepper_autonomy/environment/path.sh
-- Up-to-date: /home/katie/turtlebot3_ws/install/pepper_autonomy/share/pepper_autonomy/environment/path.dsv
-- Up-to-date: /home/katie/turtlebot3_ws/install/pepper_autonomy/share/pepper_autonomy/local_setup.bash
-- Up-to-date: /home/katie/turtlebot3_ws/install/pepper_autonomy/share/pepper_autonomy/local_setup.sh
-- Up-to-date: /home/katie/turtlebot3_ws/install/pepper_autonomy/share/pepper_autonomy/local_setup.zsh
-- Up-to-date: /home/katie/turtlebot3_ws/install/pepper_autonomy/share/pepper_autonomy/local_setup.dsv
-- Installing: /home/katie/turtlebot3_ws/install/pepper_autonomy/share/pepper_autonomy/package.dsv
-- Up-to-date: /home/katie/turtlebot3_ws/install/pepper_autonomy/share/ament_index/resource_index/packages/pepper_autonomy
-- Up-to-date: /home/katie/turtlebot3_ws/install/pepper_autonomy/share/pepper_autonomy/cmake/pepper_autonomyConfig.cmake
-- Up-to-date: /home/katie/turtlebot3_ws/install/pepper_autonomy/share/pepper_autonomy/cmake/pepper_autonomyConfig-version.cmake
-- Up-to-date: /home/katie/turtlebot3_ws/install/pepper_autonomy/share/pepper_autonomy/package.xml
