[0.036s] Invoking command in '/home/ubuntu/Desktop/RS2/build/turtlebot3_cartographer': CMAKE_PREFIX_PATH=/opt/ros/humble /usr/bin/cmake /home/ubuntu/Desktop/RS2/turtlebot3/turtlebot3_cartographer -DAMENT_CMAKE_SYMLINK_INSTALL=1 -DCMAKE_INSTALL_PREFIX=/home/ubuntu/Desktop/RS2/install/turtlebot3_cartographer
[0.133s] -- The C compiler identification is GNU 11.4.0
[0.299s] -- The CXX compiler identification is GNU 11.4.0
[0.314s] -- Detecting C compiler ABI info
[0.526s] -- Detecting C compiler ABI info - done
[0.547s] -- Check for working C compiler: /usr/bin/cc - skipped
[0.556s] -- Detecting C compile features
[0.556s] -- Detecting C compile features - done
[0.572s] -- Detecting CXX compiler ABI info
[0.825s] -- Detecting CXX compiler ABI info - done
[0.837s] -- Check for working CXX compiler: /usr/bin/c++ - skipped
[0.837s] -- Detecting CXX compile features
[0.837s] -- Detecting CXX compile features - done
[0.839s] -- Found ament_cmake: 1.3.11 (/opt/ros/humble/share/ament_cmake/cmake)
[1.022s] -- Found Python3: /usr/bin/python3 (found version "3.10.12") found components: Interpreter 
[1.100s] -- Override CMake install command with custom implementation using symlinks instead of copying resources
[1.203s] -- Configuring done
[1.206s] -- Generating done
[1.209s] -- Build files have been written to: /home/ubuntu/Desktop/RS2/build/turtlebot3_cartographer
[1.226s] Invoked command in '/home/ubuntu/Desktop/RS2/build/turtlebot3_cartographer' returned '0': CMAKE_PREFIX_PATH=/opt/ros/humble /usr/bin/cmake /home/ubuntu/Desktop/RS2/turtlebot3/turtlebot3_cartographer -DAMENT_CMAKE_SYMLINK_INSTALL=1 -DCMAKE_INSTALL_PREFIX=/home/ubuntu/Desktop/RS2/install/turtlebot3_cartographer
[1.226s] Invoking command in '/home/ubuntu/Desktop/RS2/build/turtlebot3_cartographer': CMAKE_PREFIX_PATH=/opt/ros/humble /usr/bin/cmake --build /home/ubuntu/Desktop/RS2/build/turtlebot3_cartographer -- -j2 -l2
[1.277s] Invoked command in '/home/ubuntu/Desktop/RS2/build/turtlebot3_cartographer' returned '0': CMAKE_PREFIX_PATH=/opt/ros/humble /usr/bin/cmake --build /home/ubuntu/Desktop/RS2/build/turtlebot3_cartographer -- -j2 -l2
[1.277s] Invoking command in '/home/ubuntu/Desktop/RS2/build/turtlebot3_cartographer': CMAKE_PREFIX_PATH=/opt/ros/humble /usr/bin/cmake --install /home/ubuntu/Desktop/RS2/build/turtlebot3_cartographer
[1.283s] -- Install configuration: ""
[1.283s] -- Execute custom install script
[1.284s] -- Symlinking: /home/ubuntu/Desktop/RS2/install/turtlebot3_cartographer/share/turtlebot3_cartographer/config/turtlebot3_lds_2d.lua
[1.302s] -- Symlinking: /home/ubuntu/Desktop/RS2/install/turtlebot3_cartographer/share/turtlebot3_cartographer/launch/cartographer.launch.py
[1.319s] -- Symlinking: /home/ubuntu/Desktop/RS2/install/turtlebot3_cartographer/share/turtlebot3_cartographer/launch/occupancy_grid.launch.py
[1.328s] -- Symlinking: /home/ubuntu/Desktop/RS2/install/turtlebot3_cartographer/share/turtlebot3_cartographer/rviz/tb3_cartographer.rviz
[1.349s] -- Symlinking: /home/ubuntu/Desktop/RS2/install/turtlebot3_cartographer/share/ament_index/resource_index/package_run_dependencies/turtlebot3_cartographer
[1.364s] -- Symlinking: /home/ubuntu/Desktop/RS2/install/turtlebot3_cartographer/share/ament_index/resource_index/parent_prefix_path/turtlebot3_cartographer
[1.380s] -- Symlinking: /home/ubuntu/Desktop/RS2/install/turtlebot3_cartographer/share/turtlebot3_cartographer/environment/ament_prefix_path.sh
[1.400s] -- Symlinking: /home/ubuntu/Desktop/RS2/install/turtlebot3_cartographer/share/turtlebot3_cartographer/environment/ament_prefix_path.dsv
[1.410s] -- Symlinking: /home/ubuntu/Desktop/RS2/install/turtlebot3_cartographer/share/turtlebot3_cartographer/environment/path.sh
[1.417s] -- Symlinking: /home/ubuntu/Desktop/RS2/install/turtlebot3_cartographer/share/turtlebot3_cartographer/environment/path.dsv
[1.423s] -- Symlinking: /home/ubuntu/Desktop/RS2/install/turtlebot3_cartographer/share/turtlebot3_cartographer/local_setup.bash
[1.435s] -- Symlinking: /home/ubuntu/Desktop/RS2/install/turtlebot3_cartographer/share/turtlebot3_cartographer/local_setup.sh
[1.435s] -- Symlinking: /home/ubuntu/Desktop/RS2/install/turtlebot3_cartographer/share/turtlebot3_cartographer/local_setup.zsh
[1.452s] -- Symlinking: /home/ubuntu/Desktop/RS2/install/turtlebot3_cartographer/share/turtlebot3_cartographer/local_setup.dsv
[1.452s] -- Symlinking: /home/ubuntu/Desktop/RS2/install/turtlebot3_cartographer/share/turtlebot3_cartographer/package.dsv
[1.452s] -- Symlinking: /home/ubuntu/Desktop/RS2/install/turtlebot3_cartographer/share/ament_index/resource_index/packages/turtlebot3_cartographer
[1.467s] -- Symlinking: /home/ubuntu/Desktop/RS2/install/turtlebot3_cartographer/share/turtlebot3_cartographer/cmake/turtlebot3_cartographerConfig.cmake
[1.467s] -- Symlinking: /home/ubuntu/Desktop/RS2/install/turtlebot3_cartographer/share/turtlebot3_cartographer/cmake/turtlebot3_cartographerConfig-version.cmake
[1.467s] -- Symlinking: /home/ubuntu/Desktop/RS2/install/turtlebot3_cartographer/share/turtlebot3_cartographer/package.xml
[1.476s] Invoked command in '/home/ubuntu/Desktop/RS2/build/turtlebot3_cartographer' returned '0': CMAKE_PREFIX_PATH=/opt/ros/humble /usr/bin/cmake --install /home/ubuntu/Desktop/RS2/build/turtlebot3_cartographer
