[2.612s] Invoking command in '/home/katie/turtlebot3_ws/src/move_pepper': CONDA_PROMPT_MODIFIER=(base) PYTHONPATH=/home/katie/turtlebot3_ws/build/move_pepper/prefix_override:/usr/lib/python3/dist-packages/colcon_core/task/python/colcon_distutils_commands:/home/katie/turtlebot3_ws/install/move_pepper/lib/python3.10/site-packages:${PYTHONPATH} /usr/bin/python3 -W ignore:setup.py install is deprecated -W ignore:easy_install command is deprecated setup.py egg_info --egg-base ../../build/move_pepper build --build-base /home/katie/turtlebot3_ws/build/move_pepper/build install --record /home/katie/turtlebot3_ws/build/move_pepper/install.log --single-version-externally-managed install_data
[3.064s] /home/katie/.local/lib/python3.10/site-packages/setuptools/_distutils/dist.py:289: UserWarning: Unknown distribution option: 'tests_require'
[3.064s]   warnings.warn(msg)
[3.348s] running egg_info
[3.404s] writing ../../build/move_pepper/move_pepper.egg-info/PKG-INFO
[3.405s] writing dependency_links to ../../build/move_pepper/move_pepper.egg-info/dependency_links.txt
[3.406s] writing entry points to ../../build/move_pepper/move_pepper.egg-info/entry_points.txt
[3.407s] writing requirements to ../../build/move_pepper/move_pepper.egg-info/requires.txt
[3.407s] writing top-level names to ../../build/move_pepper/move_pepper.egg-info/top_level.txt
[3.504s] reading manifest file '../../build/move_pepper/move_pepper.egg-info/SOURCES.txt'
[3.505s] Traceback (most recent call last):
[3.506s]   File "/home/katie/turtlebot3_ws/src/move_pepper/setup.py", line 7, in <module>
[3.506s]     setup(
[3.506s]   File "/home/katie/.local/lib/python3.10/site-packages/setuptools/__init__.py", line 117, in setup
[3.506s]     return distutils.core.setup(**attrs)
[3.507s]   File "/home/katie/.local/lib/python3.10/site-packages/setuptools/_distutils/core.py", line 186, in setup
[3.507s]     return run_commands(dist)
[3.507s]   File "/home/katie/.local/lib/python3.10/site-packages/setuptools/_distutils/core.py", line 202, in run_commands
[3.507s]     dist.run_commands()
[3.507s]   File "/home/katie/.local/lib/python3.10/site-packages/setuptools/_distutils/dist.py", line 1002, in run_commands
[3.507s]     self.run_command(cmd)
[3.508s]   File "/home/katie/.local/lib/python3.10/site-packages/setuptools/dist.py", line 1104, in run_command
[3.508s]     super().run_command(command)
[3.508s]   File "/home/katie/.local/lib/python3.10/site-packages/setuptools/_distutils/dist.py", line 1021, in run_command
[3.508s]     cmd_obj.run()
[3.509s]   File "/home/katie/.local/lib/python3.10/site-packages/setuptools/command/egg_info.py", line 312, in run
[3.509s]     self.find_sources()
[3.509s]   File "/home/katie/.local/lib/python3.10/site-packages/setuptools/command/egg_info.py", line 320, in find_sources
[3.509s]     mm.run()
[3.510s]   File "/home/katie/.local/lib/python3.10/site-packages/setuptools/command/egg_info.py", line 548, in run
[3.510s]     self.prune_file_list()
[3.510s]   File "/home/katie/.local/lib/python3.10/site-packages/setuptools/command/sdist.py", line 162, in prune_file_list
[3.510s]     super().prune_file_list()
[3.510s]   File "/home/katie/.local/lib/python3.10/site-packages/setuptools/_distutils/command/sdist.py", line 386, in prune_file_list
[3.510s]     base_dir = self.distribution.get_fullname()
[3.511s]   File "/home/katie/.local/lib/python3.10/site-packages/setuptools/_core_metadata.py", line 275, in get_fullname
[3.511s]     return _distribution_fullname(self.get_name(), self.get_version())
[3.511s]   File "/home/katie/.local/lib/python3.10/site-packages/setuptools/_core_metadata.py", line 293, in _distribution_fullname
[3.511s]     canonicalize_version(version, strip_trailing_zero=False),
[3.511s] TypeError: canonicalize_version() got an unexpected keyword argument 'strip_trailing_zero'
[3.631s] Invoked command in '/home/katie/turtlebot3_ws/src/move_pepper' returned '1': CONDA_PROMPT_MODIFIER=(base) PYTHONPATH=/home/katie/turtlebot3_ws/build/move_pepper/prefix_override:/usr/lib/python3/dist-packages/colcon_core/task/python/colcon_distutils_commands:/home/katie/turtlebot3_ws/install/move_pepper/lib/python3.10/site-packages:${PYTHONPATH} /usr/bin/python3 -W ignore:setup.py install is deprecated -W ignore:easy_install command is deprecated setup.py egg_info --egg-base ../../build/move_pepper build --build-base /home/katie/turtlebot3_ws/build/move_pepper/build install --record /home/katie/turtlebot3_ws/build/move_pepper/install.log --single-version-externally-managed install_data
