[0.681s] Invoking command in '/home/ubuntu/Desktop/RS2/build/turtlebot3_example': AMENT_PREFIX_PATH=/home/ubuntu/Desktop/RS2/install/turtlebot3_msgs:${AMENT_PREFIX_PATH} CMAKE_PREFIX_PATH=/home/ubuntu/Desktop/RS2/install/turtlebot3_msgs LD_LIBRARY_PATH=/home/ubuntu/Desktop/RS2/install/turtlebot3_msgs/lib:${LD_LIBRARY_PATH} PYTHONPATH=/home/ubuntu/Desktop/RS2/build/turtlebot3_example/prefix_override:/usr/lib/python3/dist-packages/colcon_core/task/python/colcon_distutils_commands:/home/ubuntu/Desktop/RS2/install/turtlebot3_example/lib/python3.10/site-packages:/home/ubuntu/Desktop/RS2/install/turtlebot3_msgs/local/lib/python3.10/dist-packages:${PYTHONPATH} /usr/bin/python3 -W ignore:setup.py install is deprecated -W ignore:easy_install command is deprecated setup.py develop --editable --build-directory /home/ubuntu/Desktop/RS2/build/turtlebot3_example/build --no-deps symlink_data
[0.955s] running develop
[1.116s] running egg_info
[1.116s] creating turtlebot3_example.egg-info
[1.116s] writing turtlebot3_example.egg-info/PKG-INFO
[1.116s] writing dependency_links to turtlebot3_example.egg-info/dependency_links.txt
[1.116s] writing entry points to turtlebot3_example.egg-info/entry_points.txt
[1.117s] writing requirements to turtlebot3_example.egg-info/requires.txt
[1.117s] writing top-level names to turtlebot3_example.egg-info/top_level.txt
[1.117s] writing manifest file 'turtlebot3_example.egg-info/SOURCES.txt'
[1.118s] reading manifest file 'turtlebot3_example.egg-info/SOURCES.txt'
[1.119s] writing manifest file 'turtlebot3_example.egg-info/SOURCES.txt'
[1.120s] running build_ext
[1.120s] Creating /home/ubuntu/Desktop/RS2/install/turtlebot3_example/lib/python3.10/site-packages/turtlebot3-example.egg-link (link to .)
[1.121s] Installing turtlebot3_obstacle_detection script to /home/ubuntu/Desktop/RS2/install/turtlebot3_example/lib/turtlebot3_example
[1.121s] Installing turtlebot3_patrol_client script to /home/ubuntu/Desktop/RS2/install/turtlebot3_example/lib/turtlebot3_example
[1.121s] Installing turtlebot3_patrol_server script to /home/ubuntu/Desktop/RS2/install/turtlebot3_example/lib/turtlebot3_example
[1.121s] Installing turtlebot3_position_control script to /home/ubuntu/Desktop/RS2/install/turtlebot3_example/lib/turtlebot3_example
[1.121s] 
[1.122s] Installed /home/ubuntu/Desktop/RS2/build/turtlebot3_example
[1.122s] running symlink_data
[1.122s] creating /home/ubuntu/Desktop/RS2/install/turtlebot3_example/share/ament_index
[1.122s] creating /home/ubuntu/Desktop/RS2/install/turtlebot3_example/share/ament_index/resource_index
[1.122s] creating /home/ubuntu/Desktop/RS2/install/turtlebot3_example/share/ament_index/resource_index/packages
[1.122s] symbolically linking /home/ubuntu/Desktop/RS2/build/turtlebot3_example/resource/turtlebot3_example -> /home/ubuntu/Desktop/RS2/install/turtlebot3_example/share/ament_index/resource_index/packages
[1.122s] symbolically linking /home/ubuntu/Desktop/RS2/build/turtlebot3_example/package.xml -> /home/ubuntu/Desktop/RS2/install/turtlebot3_example/share/turtlebot3_example
[1.145s] Invoked command in '/home/ubuntu/Desktop/RS2/build/turtlebot3_example' returned '0': AMENT_PREFIX_PATH=/home/ubuntu/Desktop/RS2/install/turtlebot3_msgs:${AMENT_PREFIX_PATH} CMAKE_PREFIX_PATH=/home/ubuntu/Desktop/RS2/install/turtlebot3_msgs LD_LIBRARY_PATH=/home/ubuntu/Desktop/RS2/install/turtlebot3_msgs/lib:${LD_LIBRARY_PATH} PYTHONPATH=/home/ubuntu/Desktop/RS2/build/turtlebot3_example/prefix_override:/usr/lib/python3/dist-packages/colcon_core/task/python/colcon_distutils_commands:/home/ubuntu/Desktop/RS2/install/turtlebot3_example/lib/python3.10/site-packages:/home/ubuntu/Desktop/RS2/install/turtlebot3_msgs/local/lib/python3.10/dist-packages:${PYTHONPATH} /usr/bin/python3 -W ignore:setup.py install is deprecated -W ignore:easy_install command is deprecated setup.py develop --editable --build-directory /home/ubuntu/Desktop/RS2/build/turtlebot3_example/build --no-deps symlink_data
