[0.075s] Invoking command in '/home/katie/turtlebot3_ws/build/gallery_database': CMAKE_PREFIX_PATH=${CMAKE_PREFIX_PATH}:/home/katie/turtlebot3_ws/install/move_pepper:/opt/ros/humble /usr/bin/cmake /home/katie/turtlebot3_ws/kane_gui -DCMAKE_INSTALL_PREFIX=/home/katie/turtlebot3_ws/install/gallery_database
[1.111s] -- The C compiler identification is GNU 11.4.0
[1.113s] -- The CXX compiler identification is GNU 11.4.0
[1.113s] -- Detecting C compiler ABI info
[1.113s] -- Detecting C compiler ABI info - done
[1.114s] -- Check for working C compiler: /usr/bin/cc - skipped
[1.114s] -- Detecting C compile features
[1.114s] -- Detecting C compile features - done
[1.114s] -- Detecting CXX compiler ABI info
[1.114s] -- Detecting CXX compiler ABI info - done
[1.138s] -- Check for working CXX compiler: /usr/bin/c++ - skipped
[1.140s] -- Detecting CXX compile features
[1.140s] -- Detecting CXX compile features - done
[1.148s] -- Found ament_cmake: 1.3.11 (/opt/ros/humble/share/ament_cmake/cmake)
[1.709s] -- Found Python3: /usr/bin/python3 (found version "3.10.12") found components: Interpreter 
[2.036s] -- Found rclcpp: 16.0.11 (/opt/ros/humble/share/rclcpp/cmake)
[2.212s] -- Found rosidl_generator_c: 3.1.6 (/opt/ros/humble/share/rosidl_generator_c/cmake)
[2.237s] -- Found rosidl_adapter: 3.1.6 (/opt/ros/humble/share/rosidl_adapter/cmake)
[2.274s] -- Found rosidl_generator_cpp: 3.1.6 (/opt/ros/humble/share/rosidl_generator_cpp/cmake)
[2.328s] -- Using all available rosidl_typesupport_c: rosidl_typesupport_fastrtps_c;rosidl_typesupport_introspection_c
[2.400s] -- Using all available rosidl_typesupport_cpp: rosidl_typesupport_fastrtps_cpp;rosidl_typesupport_introspection_cpp
[2.611s] -- Found rmw_implementation_cmake: 6.1.2 (/opt/ros/humble/share/rmw_implementation_cmake/cmake)
[2.625s] -- Found rmw_fastrtps_cpp: 6.2.7 (/opt/ros/humble/share/rmw_fastrtps_cpp/cmake)
[2.956s] -- Found OpenSSL: /usr/lib/x86_64-linux-gnu/libcrypto.so (found version "3.0.2")  
[3.052s] -- Found FastRTPS: /opt/ros/humble/include  
[3.197s] -- Using RMW implementation 'rmw_fastrtps_cpp' as default
[3.234s] -- Looking for pthread.h
[3.460s] -- Looking for pthread.h - found
[3.462s] -- Performing Test CMAKE_HAVE_LIBC_PTHREAD
[3.691s] -- Performing Test CMAKE_HAVE_LIBC_PTHREAD - Success
[3.694s] -- Found Threads: TRUE  
[3.894s] -- Found geometry_msgs: 4.2.4 (/opt/ros/humble/share/geometry_msgs/cmake)
[4.142s] -- Configuring done
[4.169s] -- Generating done
[4.179s] -- Build files have been written to: /home/katie/turtlebot3_ws/build/gallery_database
[4.205s] Invoked command in '/home/katie/turtlebot3_ws/build/gallery_database' returned '0': CMAKE_PREFIX_PATH=${CMAKE_PREFIX_PATH}:/home/katie/turtlebot3_ws/install/move_pepper:/opt/ros/humble /usr/bin/cmake /home/katie/turtlebot3_ws/kane_gui -DCMAKE_INSTALL_PREFIX=/home/katie/turtlebot3_ws/install/gallery_database
[4.210s] Invoking command in '/home/katie/turtlebot3_ws/build/gallery_database': CMAKE_PREFIX_PATH=${CMAKE_PREFIX_PATH}:/home/katie/turtlebot3_ws/install/move_pepper:/opt/ros/humble /usr/bin/cmake --build /home/katie/turtlebot3_ws/build/gallery_database -- -j8 -l8
[4.342s] [ 50%] [32mBuilding CXX object CMakeFiles/gallery_database.dir/src/gallery_database.cpp.o[0m
[17.980s] [100%] [32m[1mLinking CXX executable gallery_database[0m
[18.643s] [100%] Built target gallery_database
[18.678s] Invoked command in '/home/katie/turtlebot3_ws/build/gallery_database' returned '0': CMAKE_PREFIX_PATH=${CMAKE_PREFIX_PATH}:/home/katie/turtlebot3_ws/install/move_pepper:/opt/ros/humble /usr/bin/cmake --build /home/katie/turtlebot3_ws/build/gallery_database -- -j8 -l8
[18.681s] Invoking command in '/home/katie/turtlebot3_ws/build/gallery_database': CMAKE_PREFIX_PATH=${CMAKE_PREFIX_PATH}:/home/katie/turtlebot3_ws/install/move_pepper:/opt/ros/humble /usr/bin/cmake --install /home/katie/turtlebot3_ws/build/gallery_database
[18.699s] -- Install configuration: ""
[18.699s] -- Installing: /home/katie/turtlebot3_ws/install/gallery_database/lib/gallery_database/gallery_database
[18.704s] -- Set runtime path of "/home/katie/turtlebot3_ws/install/gallery_database/lib/gallery_database/gallery_database" to ""
[18.704s] -- Installing: /home/katie/turtlebot3_ws/install/gallery_database/share/ament_index/resource_index/package_run_dependencies/gallery_database
[18.705s] -- Installing: /home/katie/turtlebot3_ws/install/gallery_database/share/ament_index/resource_index/parent_prefix_path/gallery_database
[18.706s] -- Installing: /home/katie/turtlebot3_ws/install/gallery_database/share/gallery_database/environment/ament_prefix_path.sh
[18.706s] -- Installing: /home/katie/turtlebot3_ws/install/gallery_database/share/gallery_database/environment/ament_prefix_path.dsv
[18.706s] -- Installing: /home/katie/turtlebot3_ws/install/gallery_database/share/gallery_database/environment/path.sh
[18.707s] -- Installing: /home/katie/turtlebot3_ws/install/gallery_database/share/gallery_database/environment/path.dsv
[18.707s] -- Installing: /home/katie/turtlebot3_ws/install/gallery_database/share/gallery_database/local_setup.bash
[18.708s] -- Installing: /home/katie/turtlebot3_ws/install/gallery_database/share/gallery_database/local_setup.sh
[18.708s] -- Installing: /home/katie/turtlebot3_ws/install/gallery_database/share/gallery_database/local_setup.zsh
[18.709s] -- Installing: /home/katie/turtlebot3_ws/install/gallery_database/share/gallery_database/local_setup.dsv
[18.710s] -- Installing: /home/katie/turtlebot3_ws/install/gallery_database/share/gallery_database/package.dsv
[18.710s] -- Installing: /home/katie/turtlebot3_ws/install/gallery_database/share/ament_index/resource_index/packages/gallery_database
[18.711s] -- Installing: /home/katie/turtlebot3_ws/install/gallery_database/share/gallery_database/cmake/gallery_databaseConfig.cmake
[18.711s] -- Installing: /home/katie/turtlebot3_ws/install/gallery_database/share/gallery_database/cmake/gallery_databaseConfig-version.cmake
[18.712s] -- Installing: /home/katie/turtlebot3_ws/install/gallery_database/share/gallery_database/package.xml
[18.718s] Invoked command in '/home/katie/turtlebot3_ws/build/gallery_database' returned '0': CMAKE_PREFIX_PATH=${CMAKE_PREFIX_PATH}:/home/katie/turtlebot3_ws/install/move_pepper:/opt/ros/humble /usr/bin/cmake --install /home/katie/turtlebot3_ws/build/gallery_database
