[0.015s] Invoking command in '/home/ubuntu/Desktop/RS2/build/turtlebot3_msgs': CMAKE_PREFIX_PATH=/opt/ros/humble /usr/bin/cmake /home/ubuntu/Desktop/RS2/turtlebot3_msgs -DCMAKE_INSTALL_PREFIX=/home/ubuntu/Desktop/RS2/install/turtlebot3_msgs
[0.040s] -- Found action_msgs: 1.2.1 (/opt/ros/humble/share/action_msgs/cmake)
[0.188s] -- Override CMake install command with custom implementation using symlinks instead of copying resources
[0.276s] -- Found rosidl_generator_c: 3.1.6 (/opt/ros/humble/share/rosidl_generator_c/cmake)
[0.280s] -- Found rosidl_adapter: 3.1.6 (/opt/ros/humble/share/rosidl_adapter/cmake)
[0.294s] -- Found rosidl_generator_cpp: 3.1.6 (/opt/ros/humble/share/rosidl_generator_cpp/cmake)
[0.326s] -- Using all available rosidl_typesupport_c: rosidl_typesupport_fastrtps_c;rosidl_typesupport_introspection_c
[0.375s] -- Using all available rosidl_typesupport_cpp: rosidl_typesupport_fastrtps_cpp;rosidl_typesupport_introspection_cpp
[0.436s] -- Found rosidl_default_generators: 1.2.0 (/opt/ros/humble/share/rosidl_default_generators/cmake)
[0.437s] -- Found std_msgs: 4.2.4 (/opt/ros/humble/share/std_msgs/cmake)
[0.845s] -- Found ament_cmake_cppcheck: 0.12.11 (/opt/ros/humble/share/ament_cmake_cppcheck/cmake)
[0.846s] -- Found ament_cmake_cpplint: 0.12.11 (/opt/ros/humble/share/ament_cmake_cpplint/cmake)
[0.860s] -- Found ament_cmake_uncrustify: 0.12.11 (/opt/ros/humble/share/ament_cmake_uncrustify/cmake)
[0.862s] -- Found ament_cmake_ros: 0.10.0 (/opt/ros/humble/share/ament_cmake_ros/cmake)
[1.307s] -- Using all available rosidl_typesupport_c: rosidl_typesupport_fastrtps_c;rosidl_typesupport_introspection_c
[1.465s] -- Using all available rosidl_typesupport_cpp: rosidl_typesupport_fastrtps_cpp;rosidl_typesupport_introspection_cpp
[1.489s] -- Found python_cmake_module: 0.10.0 (/opt/ros/humble/share/python_cmake_module/cmake)
[1.509s] -- Using PYTHON_EXECUTABLE: /usr/bin/python3
[1.509s] -- Using PYTHON_INCLUDE_DIRS: /usr/include/python3.10
[1.509s] -- Using PYTHON_LIBRARIES: /usr/lib/x86_64-linux-gnu/libpython3.10.so
[1.562s] -- Found ament_cmake_flake8: 0.12.11 (/opt/ros/humble/share/ament_cmake_flake8/cmake)
[1.572s] -- Found ament_cmake_pep257: 0.12.11 (/opt/ros/humble/share/ament_cmake_pep257/cmake)
[1.601s] -- Configuring done
[1.723s] -- Generating done
[1.737s] -- Build files have been written to: /home/ubuntu/Desktop/RS2/build/turtlebot3_msgs
[1.744s] Invoked command in '/home/ubuntu/Desktop/RS2/build/turtlebot3_msgs' returned '0': CMAKE_PREFIX_PATH=/opt/ros/humble /usr/bin/cmake /home/ubuntu/Desktop/RS2/turtlebot3_msgs -DCMAKE_INSTALL_PREFIX=/home/ubuntu/Desktop/RS2/install/turtlebot3_msgs
[1.745s] Invoking command in '/home/ubuntu/Desktop/RS2/build/turtlebot3_msgs': CMAKE_PREFIX_PATH=/opt/ros/humble /usr/bin/cmake --build /home/ubuntu/Desktop/RS2/build/turtlebot3_msgs -- -j2 -l2
[1.816s] [35m[1mConsolidate compiler generated dependencies of target turtlebot3_msgs__rosidl_generator_c[0m
[1.837s] [  1%] Built target turtlebot3_msgs__cpp
[1.849s] [ 12%] Built target turtlebot3_msgs__rosidl_generator_c
[1.886s] [35m[1mConsolidate compiler generated dependencies of target turtlebot3_msgs__rosidl_typesupport_cpp[0m
[1.908s] [ 12%] Built target ament_cmake_python_symlink_turtlebot3_msgs
[1.921s] [35m[1mConsolidate compiler generated dependencies of target turtlebot3_msgs__rosidl_typesupport_fastrtps_c[0m
[1.930s] [ 23%] Built target turtlebot3_msgs__rosidl_typesupport_cpp
[1.942s] [35m[1mConsolidate compiler generated dependencies of target turtlebot3_msgs__rosidl_typesupport_fastrtps_cpp[0m
[1.956s] [ 35%] Built target turtlebot3_msgs__rosidl_typesupport_fastrtps_c
[1.984s] [ 46%] Built target turtlebot3_msgs__rosidl_typesupport_fastrtps_cpp
[1.984s] [35m[1mConsolidate compiler generated dependencies of target turtlebot3_msgs__rosidl_typesupport_introspection_c[0m
[2.010s] [ 57%] Built target turtlebot3_msgs__rosidl_typesupport_introspection_c
[2.011s] [35m[1mConsolidate compiler generated dependencies of target turtlebot3_msgs__rosidl_typesupport_c[0m
[2.037s] [35m[1mConsolidate compiler generated dependencies of target turtlebot3_msgs__rosidl_typesupport_introspection_cpp[0m
[2.057s] [ 69%] Built target turtlebot3_msgs__rosidl_typesupport_c
[2.084s] [ 80%] Built target turtlebot3_msgs__rosidl_typesupport_introspection_cpp
[2.167s] [ 80%] Built target turtlebot3_msgs
[2.278s] [ 81%] Built target turtlebot3_msgs__py
[2.327s] [35m[1mConsolidate compiler generated dependencies of target turtlebot3_msgs__rosidl_generator_py[0m
[2.376s] [ 91%] Built target turtlebot3_msgs__rosidl_generator_py
[2.408s] [35m[1mConsolidate compiler generated dependencies of target turtlebot3_msgs__rosidl_typesupport_fastrtps_c__pyext[0m
[2.448s] [ 94%] Built target turtlebot3_msgs__rosidl_typesupport_fastrtps_c__pyext
[2.463s] running egg_info
[2.464s] writing turtlebot3_msgs.egg-info/PKG-INFO
[2.464s] writing dependency_links to turtlebot3_msgs.egg-info/dependency_links.txt
[2.464s] writing top-level names to turtlebot3_msgs.egg-info/top_level.txt
[2.464s] reading manifest file 'turtlebot3_msgs.egg-info/SOURCES.txt'
[2.464s] writing manifest file 'turtlebot3_msgs.egg-info/SOURCES.txt'
[2.481s] [35m[1mConsolidate compiler generated dependencies of target turtlebot3_msgs__rosidl_typesupport_introspection_c__pyext[0m
[2.512s] [ 94%] Built target ament_cmake_python_build_turtlebot3_msgs_egg
[2.512s] [ 97%] Built target turtlebot3_msgs__rosidl_typesupport_introspection_c__pyext
[2.529s] [35m[1mConsolidate compiler generated dependencies of target turtlebot3_msgs__rosidl_typesupport_c__pyext[0m
[2.543s] [100%] Built target turtlebot3_msgs__rosidl_typesupport_c__pyext
[2.570s] Invoked command in '/home/ubuntu/Desktop/RS2/build/turtlebot3_msgs' returned '0': CMAKE_PREFIX_PATH=/opt/ros/humble /usr/bin/cmake --build /home/ubuntu/Desktop/RS2/build/turtlebot3_msgs -- -j2 -l2
[2.571s] Invoking command in '/home/ubuntu/Desktop/RS2/build/turtlebot3_msgs': CMAKE_PREFIX_PATH=/opt/ros/humble /usr/bin/cmake --install /home/ubuntu/Desktop/RS2/build/turtlebot3_msgs
[2.577s] -- Install configuration: ""
[2.577s] -- Execute custom install script
[2.578s] -- Up-to-date symlink: /home/ubuntu/Desktop/RS2/install/turtlebot3_msgs/share/ament_index/resource_index/rosidl_interfaces/turtlebot3_msgs
[2.578s] -- Up-to-date symlink: /home/ubuntu/Desktop/RS2/install/turtlebot3_msgs/include/turtlebot3_msgs/turtlebot3_msgs/action/detail/patrol__functions.h
[2.579s] -- Up-to-date symlink: /home/ubuntu/Desktop/RS2/install/turtlebot3_msgs/include/turtlebot3_msgs/turtlebot3_msgs/action/detail/patrol__struct.h
[2.579s] -- Up-to-date symlink: /home/ubuntu/Desktop/RS2/install/turtlebot3_msgs/include/turtlebot3_msgs/turtlebot3_msgs/action/detail/patrol__type_support.h
[2.579s] -- Up-to-date symlink: /home/ubuntu/Desktop/RS2/install/turtlebot3_msgs/include/turtlebot3_msgs/turtlebot3_msgs/action/patrol.h
[2.579s] -- Up-to-date symlink: /home/ubuntu/Desktop/RS2/install/turtlebot3_msgs/include/turtlebot3_msgs/turtlebot3_msgs/msg/detail/sensor_state__functions.h
[2.581s] -- Up-to-date symlink: /home/ubuntu/Desktop/RS2/install/turtlebot3_msgs/include/turtlebot3_msgs/turtlebot3_msgs/msg/detail/sensor_state__struct.h
[2.581s] -- Up-to-date symlink: /home/ubuntu/Desktop/RS2/install/turtlebot3_msgs/include/turtlebot3_msgs/turtlebot3_msgs/msg/detail/sensor_state__type_support.h
[2.581s] -- Up-to-date symlink: /home/ubuntu/Desktop/RS2/install/turtlebot3_msgs/include/turtlebot3_msgs/turtlebot3_msgs/msg/detail/sound__functions.h
[2.581s] -- Up-to-date symlink: /home/ubuntu/Desktop/RS2/install/turtlebot3_msgs/include/turtlebot3_msgs/turtlebot3_msgs/msg/detail/sound__struct.h
[2.581s] -- Up-to-date symlink: /home/ubuntu/Desktop/RS2/install/turtlebot3_msgs/include/turtlebot3_msgs/turtlebot3_msgs/msg/detail/sound__type_support.h
[2.581s] -- Up-to-date symlink: /home/ubuntu/Desktop/RS2/install/turtlebot3_msgs/include/turtlebot3_msgs/turtlebot3_msgs/msg/detail/version_info__functions.h
[2.581s] -- Up-to-date symlink: /home/ubuntu/Desktop/RS2/install/turtlebot3_msgs/include/turtlebot3_msgs/turtlebot3_msgs/msg/detail/version_info__struct.h
[2.581s] -- Up-to-date symlink: /home/ubuntu/Desktop/RS2/install/turtlebot3_msgs/include/turtlebot3_msgs/turtlebot3_msgs/msg/detail/version_info__type_support.h
[2.581s] -- Up-to-date symlink: /home/ubuntu/Desktop/RS2/install/turtlebot3_msgs/include/turtlebot3_msgs/turtlebot3_msgs/msg/rosidl_generator_c__visibility_control.h
[2.581s] -- Up-to-date symlink: /home/ubuntu/Desktop/RS2/install/turtlebot3_msgs/include/turtlebot3_msgs/turtlebot3_msgs/msg/sensor_state.h
[2.581s] -- Up-to-date symlink: /home/ubuntu/Desktop/RS2/install/turtlebot3_msgs/include/turtlebot3_msgs/turtlebot3_msgs/msg/sound.h
[2.581s] -- Up-to-date symlink: /home/ubuntu/Desktop/RS2/install/turtlebot3_msgs/include/turtlebot3_msgs/turtlebot3_msgs/msg/version_info.h
[2.581s] -- Up-to-date symlink: /home/ubuntu/Desktop/RS2/install/turtlebot3_msgs/include/turtlebot3_msgs/turtlebot3_msgs/srv/detail/dqn__functions.h
[2.581s] -- Up-to-date symlink: /home/ubuntu/Desktop/RS2/install/turtlebot3_msgs/include/turtlebot3_msgs/turtlebot3_msgs/srv/detail/dqn__struct.h
[2.582s] -- Up-to-date symlink: /home/ubuntu/Desktop/RS2/install/turtlebot3_msgs/include/turtlebot3_msgs/turtlebot3_msgs/srv/detail/dqn__type_support.h
[2.582s] -- Up-to-date symlink: /home/ubuntu/Desktop/RS2/install/turtlebot3_msgs/include/turtlebot3_msgs/turtlebot3_msgs/srv/detail/sound__functions.h
[2.582s] -- Up-to-date symlink: /home/ubuntu/Desktop/RS2/install/turtlebot3_msgs/include/turtlebot3_msgs/turtlebot3_msgs/srv/detail/sound__struct.h
[2.582s] -- Up-to-date symlink: /home/ubuntu/Desktop/RS2/install/turtlebot3_msgs/include/turtlebot3_msgs/turtlebot3_msgs/srv/detail/sound__type_support.h
[2.582s] -- Up-to-date symlink: /home/ubuntu/Desktop/RS2/install/turtlebot3_msgs/include/turtlebot3_msgs/turtlebot3_msgs/srv/dqn.h
[2.582s] -- Up-to-date symlink: /home/ubuntu/Desktop/RS2/install/turtlebot3_msgs/include/turtlebot3_msgs/turtlebot3_msgs/srv/sound.h
[2.583s] -- Up-to-date symlink: /home/ubuntu/Desktop/RS2/install/turtlebot3_msgs/share/turtlebot3_msgs/environment/library_path.sh
[2.583s] -- Up-to-date symlink: /home/ubuntu/Desktop/RS2/install/turtlebot3_msgs/share/turtlebot3_msgs/environment/library_path.dsv
[2.584s] -- Up-to-date symlink: /home/ubuntu/Desktop/RS2/install/turtlebot3_msgs/include/turtlebot3_msgs/turtlebot3_msgs/action/detail/patrol__rosidl_typesupport_fastrtps_c.h
[2.584s] -- Up-to-date symlink: /home/ubuntu/Desktop/RS2/install/turtlebot3_msgs/include/turtlebot3_msgs/turtlebot3_msgs/msg/detail/sensor_state__rosidl_typesupport_fastrtps_c.h
[2.584s] -- Up-to-date symlink: /home/ubuntu/Desktop/RS2/install/turtlebot3_msgs/include/turtlebot3_msgs/turtlebot3_msgs/msg/detail/sound__rosidl_typesupport_fastrtps_c.h
[2.584s] -- Up-to-date symlink: /home/ubuntu/Desktop/RS2/install/turtlebot3_msgs/include/turtlebot3_msgs/turtlebot3_msgs/msg/detail/version_info__rosidl_typesupport_fastrtps_c.h
[2.584s] -- Up-to-date symlink: /home/ubuntu/Desktop/RS2/install/turtlebot3_msgs/include/turtlebot3_msgs/turtlebot3_msgs/msg/rosidl_typesupport_fastrtps_c__visibility_control.h
[2.584s] -- Up-to-date symlink: /home/ubuntu/Desktop/RS2/install/turtlebot3_msgs/include/turtlebot3_msgs/turtlebot3_msgs/srv/detail/dqn__rosidl_typesupport_fastrtps_c.h
[2.584s] -- Up-to-date symlink: /home/ubuntu/Desktop/RS2/install/turtlebot3_msgs/include/turtlebot3_msgs/turtlebot3_msgs/srv/detail/sound__rosidl_typesupport_fastrtps_c.h
[2.585s] -- Up-to-date symlink: /home/ubuntu/Desktop/RS2/install/turtlebot3_msgs/include/turtlebot3_msgs/turtlebot3_msgs/action/detail/patrol__builder.hpp
[2.585s] -- Up-to-date symlink: /home/ubuntu/Desktop/RS2/install/turtlebot3_msgs/include/turtlebot3_msgs/turtlebot3_msgs/action/detail/patrol__struct.hpp
[2.585s] -- Up-to-date symlink: /home/ubuntu/Desktop/RS2/install/turtlebot3_msgs/include/turtlebot3_msgs/turtlebot3_msgs/action/detail/patrol__traits.hpp
[2.585s] -- Up-to-date symlink: /home/ubuntu/Desktop/RS2/install/turtlebot3_msgs/include/turtlebot3_msgs/turtlebot3_msgs/action/detail/patrol__type_support.hpp
[2.585s] -- Up-to-date symlink: /home/ubuntu/Desktop/RS2/install/turtlebot3_msgs/include/turtlebot3_msgs/turtlebot3_msgs/action/patrol.hpp
[2.585s] -- Up-to-date symlink: /home/ubuntu/Desktop/RS2/install/turtlebot3_msgs/include/turtlebot3_msgs/turtlebot3_msgs/msg/detail/sensor_state__builder.hpp
[2.585s] -- Up-to-date symlink: /home/ubuntu/Desktop/RS2/install/turtlebot3_msgs/include/turtlebot3_msgs/turtlebot3_msgs/msg/detail/sensor_state__struct.hpp
[2.585s] -- Up-to-date symlink: /home/ubuntu/Desktop/RS2/install/turtlebot3_msgs/include/turtlebot3_msgs/turtlebot3_msgs/msg/detail/sensor_state__traits.hpp
[2.585s] -- Up-to-date symlink: /home/ubuntu/Desktop/RS2/install/turtlebot3_msgs/include/turtlebot3_msgs/turtlebot3_msgs/msg/detail/sensor_state__type_support.hpp
[2.592s] -- Up-to-date symlink: /home/ubuntu/Desktop/RS2/install/turtlebot3_msgs/include/turtlebot3_msgs/turtlebot3_msgs/msg/detail/sound__builder.hpp
[2.593s] -- Up-to-date symlink: /home/ubuntu/Desktop/RS2/install/turtlebot3_msgs/include/turtlebot3_msgs/turtlebot3_msgs/msg/detail/sound__struct.hpp
[2.593s] -- Up-to-date symlink: /home/ubuntu/Desktop/RS2/install/turtlebot3_msgs/include/turtlebot3_msgs/turtlebot3_msgs/msg/detail/sound__traits.hpp
[2.593s] -- Up-to-date symlink: /home/ubuntu/Desktop/RS2/install/turtlebot3_msgs/include/turtlebot3_msgs/turtlebot3_msgs/msg/detail/sound__type_support.hpp
[2.593s] -- Up-to-date symlink: /home/ubuntu/Desktop/RS2/install/turtlebot3_msgs/include/turtlebot3_msgs/turtlebot3_msgs/msg/detail/version_info__builder.hpp
[2.593s] -- Up-to-date symlink: /home/ubuntu/Desktop/RS2/install/turtlebot3_msgs/include/turtlebot3_msgs/turtlebot3_msgs/msg/detail/version_info__struct.hpp
[2.593s] -- Up-to-date symlink: /home/ubuntu/Desktop/RS2/install/turtlebot3_msgs/include/turtlebot3_msgs/turtlebot3_msgs/msg/detail/version_info__traits.hpp
[2.602s] -- Up-to-date symlink: /home/ubuntu/Desktop/RS2/install/turtlebot3_msgs/include/turtlebot3_msgs/turtlebot3_msgs/msg/detail/version_info__type_support.hpp
[2.602s] -- Up-to-date symlink: /home/ubuntu/Desktop/RS2/install/turtlebot3_msgs/include/turtlebot3_msgs/turtlebot3_msgs/msg/rosidl_generator_cpp__visibility_control.hpp
[2.602s] -- Up-to-date symlink: /home/ubuntu/Desktop/RS2/install/turtlebot3_msgs/include/turtlebot3_msgs/turtlebot3_msgs/msg/sensor_state.hpp
[2.602s] -- Up-to-date symlink: /home/ubuntu/Desktop/RS2/install/turtlebot3_msgs/include/turtlebot3_msgs/turtlebot3_msgs/msg/sound.hpp
[2.602s] -- Up-to-date symlink: /home/ubuntu/Desktop/RS2/install/turtlebot3_msgs/include/turtlebot3_msgs/turtlebot3_msgs/msg/version_info.hpp
[2.602s] -- Up-to-date symlink: /home/ubuntu/Desktop/RS2/install/turtlebot3_msgs/include/turtlebot3_msgs/turtlebot3_msgs/srv/detail/dqn__builder.hpp
[2.602s] -- Up-to-date symlink: /home/ubuntu/Desktop/RS2/install/turtlebot3_msgs/include/turtlebot3_msgs/turtlebot3_msgs/srv/detail/dqn__struct.hpp
[2.602s] -- Up-to-date symlink: /home/ubuntu/Desktop/RS2/install/turtlebot3_msgs/include/turtlebot3_msgs/turtlebot3_msgs/srv/detail/dqn__traits.hpp
[2.602s] -- Up-to-date symlink: /home/ubuntu/Desktop/RS2/install/turtlebot3_msgs/include/turtlebot3_msgs/turtlebot3_msgs/srv/detail/dqn__type_support.hpp
[2.603s] -- Up-to-date symlink: /home/ubuntu/Desktop/RS2/install/turtlebot3_msgs/include/turtlebot3_msgs/turtlebot3_msgs/srv/detail/sound__builder.hpp
[2.603s] -- Up-to-date symlink: /home/ubuntu/Desktop/RS2/install/turtlebot3_msgs/include/turtlebot3_msgs/turtlebot3_msgs/srv/detail/sound__struct.hpp
[2.603s] -- Up-to-date symlink: /home/ubuntu/Desktop/RS2/install/turtlebot3_msgs/include/turtlebot3_msgs/turtlebot3_msgs/srv/detail/sound__traits.hpp
[2.603s] -- Up-to-date symlink: /home/ubuntu/Desktop/RS2/install/turtlebot3_msgs/include/turtlebot3_msgs/turtlebot3_msgs/srv/detail/sound__type_support.hpp
[2.603s] -- Up-to-date symlink: /home/ubuntu/Desktop/RS2/install/turtlebot3_msgs/include/turtlebot3_msgs/turtlebot3_msgs/srv/dqn.hpp
[2.603s] -- Up-to-date symlink: /home/ubuntu/Desktop/RS2/install/turtlebot3_msgs/include/turtlebot3_msgs/turtlebot3_msgs/srv/sound.hpp
[2.603s] -- Up-to-date symlink: /home/ubuntu/Desktop/RS2/install/turtlebot3_msgs/include/turtlebot3_msgs/turtlebot3_msgs/action/detail/patrol__rosidl_typesupport_fastrtps_cpp.hpp
[2.603s] -- Up-to-date symlink: /home/ubuntu/Desktop/RS2/install/turtlebot3_msgs/include/turtlebot3_msgs/turtlebot3_msgs/msg/detail/sensor_state__rosidl_typesupport_fastrtps_cpp.hpp
[2.603s] -- Up-to-date symlink: /home/ubuntu/Desktop/RS2/install/turtlebot3_msgs/include/turtlebot3_msgs/turtlebot3_msgs/msg/detail/sound__rosidl_typesupport_fastrtps_cpp.hpp
[2.603s] -- Up-to-date symlink: /home/ubuntu/Desktop/RS2/install/turtlebot3_msgs/include/turtlebot3_msgs/turtlebot3_msgs/msg/detail/version_info__rosidl_typesupport_fastrtps_cpp.hpp
[2.603s] -- Up-to-date symlink: /home/ubuntu/Desktop/RS2/install/turtlebot3_msgs/include/turtlebot3_msgs/turtlebot3_msgs/msg/rosidl_typesupport_fastrtps_cpp__visibility_control.h
[2.603s] -- Up-to-date symlink: /home/ubuntu/Desktop/RS2/install/turtlebot3_msgs/include/turtlebot3_msgs/turtlebot3_msgs/srv/detail/dqn__rosidl_typesupport_fastrtps_cpp.hpp
[2.603s] -- Up-to-date symlink: /home/ubuntu/Desktop/RS2/install/turtlebot3_msgs/include/turtlebot3_msgs/turtlebot3_msgs/srv/detail/sound__rosidl_typesupport_fastrtps_cpp.hpp
[2.603s] -- Up-to-date symlink: /home/ubuntu/Desktop/RS2/install/turtlebot3_msgs/include/turtlebot3_msgs/turtlebot3_msgs/action/detail/patrol__rosidl_typesupport_introspection_c.h
[2.603s] -- Up-to-date symlink: /home/ubuntu/Desktop/RS2/install/turtlebot3_msgs/include/turtlebot3_msgs/turtlebot3_msgs/msg/detail/sensor_state__rosidl_typesupport_introspection_c.h
[2.603s] -- Up-to-date symlink: /home/ubuntu/Desktop/RS2/install/turtlebot3_msgs/include/turtlebot3_msgs/turtlebot3_msgs/msg/detail/sound__rosidl_typesupport_introspection_c.h
[2.603s] -- Up-to-date symlink: /home/ubuntu/Desktop/RS2/install/turtlebot3_msgs/include/turtlebot3_msgs/turtlebot3_msgs/msg/detail/version_info__rosidl_typesupport_introspection_c.h
[2.603s] -- Up-to-date symlink: /home/ubuntu/Desktop/RS2/install/turtlebot3_msgs/include/turtlebot3_msgs/turtlebot3_msgs/msg/rosidl_typesupport_introspection_c__visibility_control.h
[2.603s] -- Up-to-date symlink: /home/ubuntu/Desktop/RS2/install/turtlebot3_msgs/include/turtlebot3_msgs/turtlebot3_msgs/srv/detail/dqn__rosidl_typesupport_introspection_c.h
[2.604s] -- Up-to-date symlink: /home/ubuntu/Desktop/RS2/install/turtlebot3_msgs/include/turtlebot3_msgs/turtlebot3_msgs/srv/detail/sound__rosidl_typesupport_introspection_c.h
[2.604s] -- Up-to-date symlink: /home/ubuntu/Desktop/RS2/install/turtlebot3_msgs/include/turtlebot3_msgs/turtlebot3_msgs/action/detail/patrol__rosidl_typesupport_introspection_cpp.hpp
[2.604s] -- Up-to-date symlink: /home/ubuntu/Desktop/RS2/install/turtlebot3_msgs/include/turtlebot3_msgs/turtlebot3_msgs/msg/detail/sensor_state__rosidl_typesupport_introspection_cpp.hpp
[2.604s] -- Up-to-date symlink: /home/ubuntu/Desktop/RS2/install/turtlebot3_msgs/include/turtlebot3_msgs/turtlebot3_msgs/msg/detail/sound__rosidl_typesupport_introspection_cpp.hpp
[2.604s] -- Up-to-date symlink: /home/ubuntu/Desktop/RS2/install/turtlebot3_msgs/include/turtlebot3_msgs/turtlebot3_msgs/msg/detail/version_info__rosidl_typesupport_introspection_cpp.hpp
[2.604s] -- Up-to-date symlink: /home/ubuntu/Desktop/RS2/install/turtlebot3_msgs/include/turtlebot3_msgs/turtlebot3_msgs/srv/detail/dqn__rosidl_typesupport_introspection_cpp.hpp
[2.604s] -- Up-to-date symlink: /home/ubuntu/Desktop/RS2/install/turtlebot3_msgs/include/turtlebot3_msgs/turtlebot3_msgs/srv/detail/sound__rosidl_typesupport_introspection_cpp.hpp
[2.604s] -- Up-to-date symlink: /home/ubuntu/Desktop/RS2/install/turtlebot3_msgs/share/turtlebot3_msgs/environment/pythonpath.sh
[2.604s] -- Up-to-date symlink: /home/ubuntu/Desktop/RS2/install/turtlebot3_msgs/share/turtlebot3_msgs/environment/pythonpath.dsv
[2.605s] -- Up-to-date symlink: /home/ubuntu/Desktop/RS2/install/turtlebot3_msgs/local/lib/python3.10/dist-packages/turtlebot3_msgs-2.2.3-py3.10.egg-info/PKG-INFO
[2.605s] -- Up-to-date symlink: /home/ubuntu/Desktop/RS2/install/turtlebot3_msgs/local/lib/python3.10/dist-packages/turtlebot3_msgs-2.2.3-py3.10.egg-info/SOURCES.txt
[2.605s] -- Up-to-date symlink: /home/ubuntu/Desktop/RS2/install/turtlebot3_msgs/local/lib/python3.10/dist-packages/turtlebot3_msgs-2.2.3-py3.10.egg-info/dependency_links.txt
[2.605s] -- Up-to-date symlink: /home/ubuntu/Desktop/RS2/install/turtlebot3_msgs/local/lib/python3.10/dist-packages/turtlebot3_msgs-2.2.3-py3.10.egg-info/top_level.txt
[2.605s] -- Up-to-date symlink: /home/ubuntu/Desktop/RS2/install/turtlebot3_msgs/local/lib/python3.10/dist-packages/turtlebot3_msgs/__init__.py
[2.605s] -- Up-to-date symlink: /home/ubuntu/Desktop/RS2/install/turtlebot3_msgs/local/lib/python3.10/dist-packages/turtlebot3_msgs/_turtlebot3_msgs_s.ep.rosidl_typesupport_c.c
[2.605s] -- Up-to-date symlink: /home/ubuntu/Desktop/RS2/install/turtlebot3_msgs/local/lib/python3.10/dist-packages/turtlebot3_msgs/_turtlebot3_msgs_s.ep.rosidl_typesupport_fastrtps_c.c
[2.605s] -- Up-to-date symlink: /home/ubuntu/Desktop/RS2/install/turtlebot3_msgs/local/lib/python3.10/dist-packages/turtlebot3_msgs/_turtlebot3_msgs_s.ep.rosidl_typesupport_introspection_c.c
[2.605s] -- Up-to-date symlink: /home/ubuntu/Desktop/RS2/install/turtlebot3_msgs/local/lib/python3.10/dist-packages/turtlebot3_msgs/action/__init__.py
[2.605s] -- Up-to-date symlink: /home/ubuntu/Desktop/RS2/install/turtlebot3_msgs/local/lib/python3.10/dist-packages/turtlebot3_msgs/action/_patrol.py
[2.605s] -- Up-to-date symlink: /home/ubuntu/Desktop/RS2/install/turtlebot3_msgs/local/lib/python3.10/dist-packages/turtlebot3_msgs/action/_patrol_s.c
[2.605s] -- Up-to-date symlink: /home/ubuntu/Desktop/RS2/install/turtlebot3_msgs/local/lib/python3.10/dist-packages/turtlebot3_msgs/libturtlebot3_msgs__rosidl_generator_py.so
[2.605s] -- Up-to-date symlink: /home/ubuntu/Desktop/RS2/install/turtlebot3_msgs/local/lib/python3.10/dist-packages/turtlebot3_msgs/msg/__init__.py
[2.605s] -- Up-to-date symlink: /home/ubuntu/Desktop/RS2/install/turtlebot3_msgs/local/lib/python3.10/dist-packages/turtlebot3_msgs/msg/_sensor_state.py
[2.605s] -- Up-to-date symlink: /home/ubuntu/Desktop/RS2/install/turtlebot3_msgs/local/lib/python3.10/dist-packages/turtlebot3_msgs/msg/_sensor_state_s.c
[2.608s] -- Up-to-date symlink: /home/ubuntu/Desktop/RS2/install/turtlebot3_msgs/local/lib/python3.10/dist-packages/turtlebot3_msgs/msg/_sound.py
[2.614s] -- Up-to-date symlink: /home/ubuntu/Desktop/RS2/install/turtlebot3_msgs/local/lib/python3.10/dist-packages/turtlebot3_msgs/msg/_sound_s.c
[2.614s] -- Up-to-date symlink: /home/ubuntu/Desktop/RS2/install/turtlebot3_msgs/local/lib/python3.10/dist-packages/turtlebot3_msgs/msg/_version_info.py
[2.614s] -- Up-to-date symlink: /home/ubuntu/Desktop/RS2/install/turtlebot3_msgs/local/lib/python3.10/dist-packages/turtlebot3_msgs/msg/_version_info_s.c
[2.614s] -- Up-to-date symlink: /home/ubuntu/Desktop/RS2/install/turtlebot3_msgs/local/lib/python3.10/dist-packages/turtlebot3_msgs/srv/__init__.py
[2.614s] -- Up-to-date symlink: /home/ubuntu/Desktop/RS2/install/turtlebot3_msgs/local/lib/python3.10/dist-packages/turtlebot3_msgs/srv/_dqn.py
[2.614s] -- Up-to-date symlink: /home/ubuntu/Desktop/RS2/install/turtlebot3_msgs/local/lib/python3.10/dist-packages/turtlebot3_msgs/srv/_dqn_s.c
[2.614s] -- Up-to-date symlink: /home/ubuntu/Desktop/RS2/install/turtlebot3_msgs/local/lib/python3.10/dist-packages/turtlebot3_msgs/srv/_sound.py
[2.615s] -- Up-to-date symlink: /home/ubuntu/Desktop/RS2/install/turtlebot3_msgs/local/lib/python3.10/dist-packages/turtlebot3_msgs/srv/_sound_s.c
[2.615s] -- Up-to-date symlink: /home/ubuntu/Desktop/RS2/install/turtlebot3_msgs/local/lib/python3.10/dist-packages/turtlebot3_msgs/turtlebot3_msgs_s__rosidl_typesupport_c.cpython-310-x86_64-linux-gnu.so
[2.615s] -- Up-to-date symlink: /home/ubuntu/Desktop/RS2/install/turtlebot3_msgs/local/lib/python3.10/dist-packages/turtlebot3_msgs/turtlebot3_msgs_s__rosidl_typesupport_fastrtps_c.cpython-310-x86_64-linux-gnu.so
[2.615s] -- Up-to-date symlink: /home/ubuntu/Desktop/RS2/install/turtlebot3_msgs/local/lib/python3.10/dist-packages/turtlebot3_msgs/turtlebot3_msgs_s__rosidl_typesupport_introspection_c.cpython-310-x86_64-linux-gnu.so
[2.615s] -- Up-to-date symlink: /home/ubuntu/Desktop/RS2/install/turtlebot3_msgs/local/lib/python3.10/dist-packages/turtlebot3_msgs/turtlebot3_msgs_s__rosidl_typesupport_fastrtps_c.cpython-310-x86_64-linux-gnu.so
[2.615s] -- Up-to-date symlink: /home/ubuntu/Desktop/RS2/install/turtlebot3_msgs/local/lib/python3.10/dist-packages/turtlebot3_msgs/turtlebot3_msgs_s__rosidl_typesupport_introspection_c.cpython-310-x86_64-linux-gnu.so
[2.615s] -- Up-to-date symlink: /home/ubuntu/Desktop/RS2/install/turtlebot3_msgs/local/lib/python3.10/dist-packages/turtlebot3_msgs/turtlebot3_msgs_s__rosidl_typesupport_c.cpython-310-x86_64-linux-gnu.so
[2.615s] -- Up-to-date symlink: /home/ubuntu/Desktop/RS2/install/turtlebot3_msgs/share/turtlebot3_msgs/msg/SensorState.idl
[2.615s] -- Up-to-date symlink: /home/ubuntu/Desktop/RS2/install/turtlebot3_msgs/share/turtlebot3_msgs/msg/Sound.idl
[2.615s] -- Up-to-date symlink: /home/ubuntu/Desktop/RS2/install/turtlebot3_msgs/share/turtlebot3_msgs/msg/VersionInfo.idl
[2.615s] -- Up-to-date symlink: /home/ubuntu/Desktop/RS2/install/turtlebot3_msgs/share/turtlebot3_msgs/srv/Sound.idl
[2.615s] -- Up-to-date symlink: /home/ubuntu/Desktop/RS2/install/turtlebot3_msgs/share/turtlebot3_msgs/srv/Dqn.idl
[2.616s] -- Up-to-date symlink: /home/ubuntu/Desktop/RS2/install/turtlebot3_msgs/share/turtlebot3_msgs/action/Patrol.idl
[2.616s] -- Up-to-date symlink: /home/ubuntu/Desktop/RS2/install/turtlebot3_msgs/share/turtlebot3_msgs/msg/SensorState.msg
[2.616s] -- Up-to-date symlink: /home/ubuntu/Desktop/RS2/install/turtlebot3_msgs/share/turtlebot3_msgs/msg/Sound.msg
[2.616s] -- Up-to-date symlink: /home/ubuntu/Desktop/RS2/install/turtlebot3_msgs/share/turtlebot3_msgs/msg/VersionInfo.msg
[2.616s] -- Up-to-date symlink: /home/ubuntu/Desktop/RS2/install/turtlebot3_msgs/share/turtlebot3_msgs/srv/Sound.srv
[2.616s] -- Up-to-date symlink: /home/ubuntu/Desktop/RS2/install/turtlebot3_msgs/share/turtlebot3_msgs/srv/Sound_Request.msg
[2.616s] -- Up-to-date symlink: /home/ubuntu/Desktop/RS2/install/turtlebot3_msgs/share/turtlebot3_msgs/srv/Sound_Response.msg
[2.616s] -- Up-to-date symlink: /home/ubuntu/Desktop/RS2/install/turtlebot3_msgs/share/turtlebot3_msgs/srv/Dqn.srv
[2.616s] -- Up-to-date symlink: /home/ubuntu/Desktop/RS2/install/turtlebot3_msgs/share/turtlebot3_msgs/srv/Dqn_Request.msg
[2.616s] -- Up-to-date symlink: /home/ubuntu/Desktop/RS2/install/turtlebot3_msgs/share/turtlebot3_msgs/srv/Dqn_Response.msg
[2.616s] -- Up-to-date symlink: /home/ubuntu/Desktop/RS2/install/turtlebot3_msgs/share/turtlebot3_msgs/action/Patrol.action
[2.616s] -- Up-to-date symlink: /home/ubuntu/Desktop/RS2/install/turtlebot3_msgs/share/ament_index/resource_index/package_run_dependencies/turtlebot3_msgs
[2.616s] -- Up-to-date symlink: /home/ubuntu/Desktop/RS2/install/turtlebot3_msgs/share/ament_index/resource_index/parent_prefix_path/turtlebot3_msgs
[2.616s] -- Up-to-date symlink: /home/ubuntu/Desktop/RS2/install/turtlebot3_msgs/share/turtlebot3_msgs/environment/ament_prefix_path.sh
[2.617s] -- Up-to-date symlink: /home/ubuntu/Desktop/RS2/install/turtlebot3_msgs/share/turtlebot3_msgs/environment/ament_prefix_path.dsv
[2.617s] -- Up-to-date symlink: /home/ubuntu/Desktop/RS2/install/turtlebot3_msgs/share/turtlebot3_msgs/environment/path.sh
[2.617s] -- Up-to-date symlink: /home/ubuntu/Desktop/RS2/install/turtlebot3_msgs/share/turtlebot3_msgs/environment/path.dsv
[2.617s] -- Up-to-date symlink: /home/ubuntu/Desktop/RS2/install/turtlebot3_msgs/share/turtlebot3_msgs/local_setup.bash
[2.617s] -- Up-to-date symlink: /home/ubuntu/Desktop/RS2/install/turtlebot3_msgs/share/turtlebot3_msgs/local_setup.sh
[2.617s] -- Up-to-date symlink: /home/ubuntu/Desktop/RS2/install/turtlebot3_msgs/share/turtlebot3_msgs/local_setup.zsh
[2.617s] -- Up-to-date symlink: /home/ubuntu/Desktop/RS2/install/turtlebot3_msgs/share/turtlebot3_msgs/local_setup.dsv
[2.617s] -- Symlinking: /home/ubuntu/Desktop/RS2/install/turtlebot3_msgs/share/turtlebot3_msgs/package.dsv
[2.640s] -- Up-to-date symlink: /home/ubuntu/Desktop/RS2/install/turtlebot3_msgs/share/ament_index/resource_index/packages/turtlebot3_msgs
[2.641s] -- Up-to-date symlink: /home/ubuntu/Desktop/RS2/install/turtlebot3_msgs/share/turtlebot3_msgs/cmake/rosidl_cmake-extras.cmake
[2.641s] -- Up-to-date symlink: /home/ubuntu/Desktop/RS2/install/turtlebot3_msgs/share/turtlebot3_msgs/cmake/ament_cmake_export_dependencies-extras.cmake
[2.641s] -- Up-to-date symlink: /home/ubuntu/Desktop/RS2/install/turtlebot3_msgs/share/turtlebot3_msgs/cmake/ament_cmake_export_include_directories-extras.cmake
[2.641s] -- Up-to-date symlink: /home/ubuntu/Desktop/RS2/install/turtlebot3_msgs/share/turtlebot3_msgs/cmake/ament_cmake_export_libraries-extras.cmake
[2.641s] -- Up-to-date symlink: /home/ubuntu/Desktop/RS2/install/turtlebot3_msgs/share/turtlebot3_msgs/cmake/ament_cmake_export_targets-extras.cmake
[2.641s] -- Up-to-date symlink: /home/ubuntu/Desktop/RS2/install/turtlebot3_msgs/share/turtlebot3_msgs/cmake/rosidl_cmake_export_typesupport_targets-extras.cmake
[2.641s] -- Up-to-date symlink: /home/ubuntu/Desktop/RS2/install/turtlebot3_msgs/share/turtlebot3_msgs/cmake/rosidl_cmake_export_typesupport_libraries-extras.cmake
[2.641s] -- Up-to-date symlink: /home/ubuntu/Desktop/RS2/install/turtlebot3_msgs/share/turtlebot3_msgs/cmake/turtlebot3_msgsConfig.cmake
[2.641s] -- Up-to-date symlink: /home/ubuntu/Desktop/RS2/install/turtlebot3_msgs/share/turtlebot3_msgs/cmake/turtlebot3_msgsConfig-version.cmake
[2.641s] -- Up-to-date symlink: /home/ubuntu/Desktop/RS2/install/turtlebot3_msgs/share/turtlebot3_msgs/package.xml
[2.641s] -- Up-to-date: /home/ubuntu/Desktop/RS2/install/turtlebot3_msgs/lib/libturtlebot3_msgs__rosidl_generator_c.so
[2.641s] -- Up-to-date: /home/ubuntu/Desktop/RS2/install/turtlebot3_msgs/lib/libturtlebot3_msgs__rosidl_typesupport_fastrtps_c.so
[2.641s] -- Up-to-date: /home/ubuntu/Desktop/RS2/install/turtlebot3_msgs/lib/libturtlebot3_msgs__rosidl_typesupport_fastrtps_cpp.so
[2.641s] -- Up-to-date: /home/ubuntu/Desktop/RS2/install/turtlebot3_msgs/lib/libturtlebot3_msgs__rosidl_typesupport_introspection_c.so
[2.641s] -- Up-to-date: /home/ubuntu/Desktop/RS2/install/turtlebot3_msgs/lib/libturtlebot3_msgs__rosidl_typesupport_c.so
[2.643s] -- Up-to-date: /home/ubuntu/Desktop/RS2/install/turtlebot3_msgs/lib/libturtlebot3_msgs__rosidl_typesupport_introspection_cpp.so
[2.643s] -- Up-to-date: /home/ubuntu/Desktop/RS2/install/turtlebot3_msgs/lib/libturtlebot3_msgs__rosidl_typesupport_cpp.so
[2.679s] Listing '/home/ubuntu/Desktop/RS2/install/turtlebot3_msgs/local/lib/python3.10/dist-packages/turtlebot3_msgs'...
[2.679s] Compiling '/home/ubuntu/Desktop/RS2/install/turtlebot3_msgs/local/lib/python3.10/dist-packages/turtlebot3_msgs/__init__.py'...
[2.679s] Listing '/home/ubuntu/Desktop/RS2/install/turtlebot3_msgs/local/lib/python3.10/dist-packages/turtlebot3_msgs/action'...
[2.679s] Listing '/home/ubuntu/Desktop/RS2/install/turtlebot3_msgs/local/lib/python3.10/dist-packages/turtlebot3_msgs/msg'...
[2.679s] Listing '/home/ubuntu/Desktop/RS2/install/turtlebot3_msgs/local/lib/python3.10/dist-packages/turtlebot3_msgs/srv'...
[2.688s] -- Up-to-date: /home/ubuntu/Desktop/RS2/install/turtlebot3_msgs/lib/libturtlebot3_msgs__rosidl_generator_py.so
[2.689s] -- Up-to-date: /home/ubuntu/Desktop/RS2/install/turtlebot3_msgs/share/turtlebot3_msgs/cmake/export_turtlebot3_msgs__rosidl_generator_cExport.cmake
[2.689s] -- Up-to-date: /home/ubuntu/Desktop/RS2/install/turtlebot3_msgs/share/turtlebot3_msgs/cmake/export_turtlebot3_msgs__rosidl_generator_cExport-noconfig.cmake
[2.689s] -- Up-to-date: /home/ubuntu/Desktop/RS2/install/turtlebot3_msgs/share/turtlebot3_msgs/cmake/export_turtlebot3_msgs__rosidl_typesupport_fastrtps_cExport.cmake
[2.689s] -- Up-to-date: /home/ubuntu/Desktop/RS2/install/turtlebot3_msgs/share/turtlebot3_msgs/cmake/export_turtlebot3_msgs__rosidl_typesupport_fastrtps_cExport-noconfig.cmake
[2.689s] -- Up-to-date: /home/ubuntu/Desktop/RS2/install/turtlebot3_msgs/share/turtlebot3_msgs/cmake/export_turtlebot3_msgs__rosidl_generator_cppExport.cmake
[2.689s] -- Up-to-date: /home/ubuntu/Desktop/RS2/install/turtlebot3_msgs/share/turtlebot3_msgs/cmake/export_turtlebot3_msgs__rosidl_typesupport_fastrtps_cppExport.cmake
[2.689s] -- Up-to-date: /home/ubuntu/Desktop/RS2/install/turtlebot3_msgs/share/turtlebot3_msgs/cmake/export_turtlebot3_msgs__rosidl_typesupport_fastrtps_cppExport-noconfig.cmake
[2.689s] -- Up-to-date: /home/ubuntu/Desktop/RS2/install/turtlebot3_msgs/share/turtlebot3_msgs/cmake/turtlebot3_msgs__rosidl_typesupport_introspection_cExport.cmake
[2.689s] -- Up-to-date: /home/ubuntu/Desktop/RS2/install/turtlebot3_msgs/share/turtlebot3_msgs/cmake/turtlebot3_msgs__rosidl_typesupport_introspection_cExport-noconfig.cmake
[2.700s] -- Up-to-date: /home/ubuntu/Desktop/RS2/install/turtlebot3_msgs/share/turtlebot3_msgs/cmake/turtlebot3_msgs__rosidl_typesupport_cExport.cmake
[2.700s] -- Up-to-date: /home/ubuntu/Desktop/RS2/install/turtlebot3_msgs/share/turtlebot3_msgs/cmake/turtlebot3_msgs__rosidl_typesupport_cExport-noconfig.cmake
[2.700s] -- Up-to-date: /home/ubuntu/Desktop/RS2/install/turtlebot3_msgs/share/turtlebot3_msgs/cmake/turtlebot3_msgs__rosidl_typesupport_introspection_cppExport.cmake
[2.700s] -- Up-to-date: /home/ubuntu/Desktop/RS2/install/turtlebot3_msgs/share/turtlebot3_msgs/cmake/turtlebot3_msgs__rosidl_typesupport_introspection_cppExport-noconfig.cmake
[2.700s] -- Up-to-date: /home/ubuntu/Desktop/RS2/install/turtlebot3_msgs/share/turtlebot3_msgs/cmake/turtlebot3_msgs__rosidl_typesupport_cppExport.cmake
[2.700s] -- Up-to-date: /home/ubuntu/Desktop/RS2/install/turtlebot3_msgs/share/turtlebot3_msgs/cmake/turtlebot3_msgs__rosidl_typesupport_cppExport-noconfig.cmake
[2.700s] -- Up-to-date: /home/ubuntu/Desktop/RS2/install/turtlebot3_msgs/share/turtlebot3_msgs/cmake/export_turtlebot3_msgs__rosidl_generator_pyExport.cmake
[2.700s] -- Up-to-date: /home/ubuntu/Desktop/RS2/install/turtlebot3_msgs/share/turtlebot3_msgs/cmake/export_turtlebot3_msgs__rosidl_generator_pyExport-noconfig.cmake
[2.702s] Invoked command in '/home/ubuntu/Desktop/RS2/build/turtlebot3_msgs' returned '0': CMAKE_PREFIX_PATH=/opt/ros/humble /usr/bin/cmake --install /home/ubuntu/Desktop/RS2/build/turtlebot3_msgs
