[0.026s] Invoking command in '/home/ubuntu/Desktop/RS2/build/dynamixel_sdk': CMAKE_PREFIX_PATH=/opt/ros/humble /usr/bin/cmake /home/ubuntu/Desktop/RS2/DynamixelSDK/dynamixel_sdk -DAMENT_CMAKE_SYMLINK_INSTALL=1 -DCMAKE_INSTALL_PREFIX=/home/ubuntu/Desktop/RS2/install/dynamixel_sdk
[0.074s] -- The C compiler identification is GNU 11.4.0
[0.206s] -- The CXX compiler identification is GNU 11.4.0
[0.236s] -- Detecting C compiler ABI info
[0.326s] -- Detecting C compiler ABI info - done
[0.341s] -- Check for working C compiler: /usr/bin/cc - skipped
[0.342s] -- Detecting C compile features
[0.342s] -- Detecting C compile features - done
[0.351s] -- Detecting CXX compiler ABI info
[0.465s] -- Detecting CXX compiler ABI info - done
[0.472s] -- Check for working CXX compiler: /usr/bin/c++ - skipped
[0.473s] -- Detecting CXX compile features
[0.473s] -- Detecting CXX compile features - done
[0.475s] -- Found ament_cmake: 1.3.11 (/opt/ros/humble/share/ament_cmake/cmake)
[0.714s] -- Found Python3: /usr/bin/python3 (found version "3.10.12") found components: Interpreter 
[0.806s] -- Override CMake install command with custom implementation using symlinks instead of copying resources
[0.978s] -- Configuring done
[0.983s] -- Generating done
[0.985s] -- Build files have been written to: /home/ubuntu/Desktop/RS2/build/dynamixel_sdk
[0.989s] Invoked command in '/home/ubuntu/Desktop/RS2/build/dynamixel_sdk' returned '0': CMAKE_PREFIX_PATH=/opt/ros/humble /usr/bin/cmake /home/ubuntu/Desktop/RS2/DynamixelSDK/dynamixel_sdk -DAMENT_CMAKE_SYMLINK_INSTALL=1 -DCMAKE_INSTALL_PREFIX=/home/ubuntu/Desktop/RS2/install/dynamixel_sdk
[0.990s] Invoking command in '/home/ubuntu/Desktop/RS2/build/dynamixel_sdk': CMAKE_PREFIX_PATH=/opt/ros/humble /usr/bin/cmake --build /home/ubuntu/Desktop/RS2/build/dynamixel_sdk -- -j2 -l2
[1.026s] [ 10%] [32mBuilding CXX object CMakeFiles/dynamixel_sdk.dir/src/dynamixel_sdk/packet_handler.cpp.o[0m
[1.030s] [ 20%] [32mBuilding CXX object CMakeFiles/dynamixel_sdk.dir/src/dynamixel_sdk/protocol1_packet_handler.cpp.o[0m
[1.197s] [ 30%] [32mBuilding CXX object CMakeFiles/dynamixel_sdk.dir/src/dynamixel_sdk/protocol2_packet_handler.cpp.o[0m
[1.366s] [ 40%] [32mBuilding CXX object CMakeFiles/dynamixel_sdk.dir/src/dynamixel_sdk/group_sync_read.cpp.o[0m
[1.539s] [ 50%] [32mBuilding CXX object CMakeFiles/dynamixel_sdk.dir/src/dynamixel_sdk/group_sync_write.cpp.o[0m
[2.152s] [ 60%] [32mBuilding CXX object CMakeFiles/dynamixel_sdk.dir/src/dynamixel_sdk/group_bulk_read.cpp.o[0m
[2.334s] [ 70%] [32mBuilding CXX object CMakeFiles/dynamixel_sdk.dir/src/dynamixel_sdk/group_bulk_write.cpp.o[0m
[3.128s] [ 80%] [32mBuilding CXX object CMakeFiles/dynamixel_sdk.dir/src/dynamixel_sdk/port_handler.cpp.o[0m
[3.216s] [ 90%] [32mBuilding CXX object CMakeFiles/dynamixel_sdk.dir/src/dynamixel_sdk/port_handler_linux.cpp.o[0m
[3.278s] [100%] [32m[1mLinking CXX shared library libdynamixel_sdk.so[0m
[3.351s] [100%] Built target dynamixel_sdk
[3.370s] Invoked command in '/home/ubuntu/Desktop/RS2/build/dynamixel_sdk' returned '0': CMAKE_PREFIX_PATH=/opt/ros/humble /usr/bin/cmake --build /home/ubuntu/Desktop/RS2/build/dynamixel_sdk -- -j2 -l2
[3.378s] Invoking command in '/home/ubuntu/Desktop/RS2/build/dynamixel_sdk': CMAKE_PREFIX_PATH=/opt/ros/humble /usr/bin/cmake --install /home/ubuntu/Desktop/RS2/build/dynamixel_sdk
[3.383s] -- Install configuration: ""
[3.384s] -- Execute custom install script
[3.385s] -- Symlinking: /home/ubuntu/Desktop/RS2/install/dynamixel_sdk/include//dynamixel_sdk/dynamixel_sdk.h
[3.403s] -- Symlinking: /home/ubuntu/Desktop/RS2/install/dynamixel_sdk/include//dynamixel_sdk/group_bulk_read.h
[3.413s] -- Symlinking: /home/ubuntu/Desktop/RS2/install/dynamixel_sdk/include//dynamixel_sdk/group_bulk_write.h
[3.421s] -- Symlinking: /home/ubuntu/Desktop/RS2/install/dynamixel_sdk/include//dynamixel_sdk/group_sync_read.h
[3.428s] -- Symlinking: /home/ubuntu/Desktop/RS2/install/dynamixel_sdk/include//dynamixel_sdk/group_sync_write.h
[3.434s] -- Symlinking: /home/ubuntu/Desktop/RS2/install/dynamixel_sdk/include//dynamixel_sdk/packet_handler.h
[3.444s] -- Symlinking: /home/ubuntu/Desktop/RS2/install/dynamixel_sdk/include//dynamixel_sdk/port_handler.h
[3.459s] -- Symlinking: /home/ubuntu/Desktop/RS2/install/dynamixel_sdk/include//dynamixel_sdk/port_handler_arduino.h
[3.465s] -- Symlinking: /home/ubuntu/Desktop/RS2/install/dynamixel_sdk/include//dynamixel_sdk/port_handler_linux.h
[3.473s] -- Symlinking: /home/ubuntu/Desktop/RS2/install/dynamixel_sdk/include//dynamixel_sdk/port_handler_mac.h
[3.494s] -- Symlinking: /home/ubuntu/Desktop/RS2/install/dynamixel_sdk/include//dynamixel_sdk/port_handler_windows.h
[3.500s] -- Symlinking: /home/ubuntu/Desktop/RS2/install/dynamixel_sdk/include//dynamixel_sdk/protocol1_packet_handler.h
[3.507s] -- Symlinking: /home/ubuntu/Desktop/RS2/install/dynamixel_sdk/include//dynamixel_sdk/protocol2_packet_handler.h
[3.517s] -- Symlinking: /home/ubuntu/Desktop/RS2/install/dynamixel_sdk/lib/libdynamixel_sdk.so
[3.526s] -- Symlinking: /home/ubuntu/Desktop/RS2/install/dynamixel_sdk/share/dynamixel_sdk/environment/library_path.sh
[3.539s] -- Symlinking: /home/ubuntu/Desktop/RS2/install/dynamixel_sdk/share/dynamixel_sdk/environment/library_path.dsv
[3.549s] -- Symlinking: /home/ubuntu/Desktop/RS2/install/dynamixel_sdk/share/ament_index/resource_index/package_run_dependencies/dynamixel_sdk
[3.563s] -- Symlinking: /home/ubuntu/Desktop/RS2/install/dynamixel_sdk/share/ament_index/resource_index/parent_prefix_path/dynamixel_sdk
[3.577s] -- Symlinking: /home/ubuntu/Desktop/RS2/install/dynamixel_sdk/share/dynamixel_sdk/environment/ament_prefix_path.sh
[3.578s] -- Symlinking: /home/ubuntu/Desktop/RS2/install/dynamixel_sdk/share/dynamixel_sdk/environment/ament_prefix_path.dsv
[3.582s] -- Symlinking: /home/ubuntu/Desktop/RS2/install/dynamixel_sdk/share/dynamixel_sdk/environment/path.sh
[3.589s] -- Symlinking: /home/ubuntu/Desktop/RS2/install/dynamixel_sdk/share/dynamixel_sdk/environment/path.dsv
[3.600s] -- Symlinking: /home/ubuntu/Desktop/RS2/install/dynamixel_sdk/share/dynamixel_sdk/local_setup.bash
[3.608s] -- Symlinking: /home/ubuntu/Desktop/RS2/install/dynamixel_sdk/share/dynamixel_sdk/local_setup.sh
[3.615s] -- Symlinking: /home/ubuntu/Desktop/RS2/install/dynamixel_sdk/share/dynamixel_sdk/local_setup.zsh
[3.621s] -- Symlinking: /home/ubuntu/Desktop/RS2/install/dynamixel_sdk/share/dynamixel_sdk/local_setup.dsv
[3.642s] -- Symlinking: /home/ubuntu/Desktop/RS2/install/dynamixel_sdk/share/dynamixel_sdk/package.dsv
[3.646s] -- Symlinking: /home/ubuntu/Desktop/RS2/install/dynamixel_sdk/share/ament_index/resource_index/packages/dynamixel_sdk
[3.653s] -- Symlinking: /home/ubuntu/Desktop/RS2/install/dynamixel_sdk/share/dynamixel_sdk/cmake/ament_cmake_export_include_directories-extras.cmake
[3.660s] -- Symlinking: /home/ubuntu/Desktop/RS2/install/dynamixel_sdk/share/dynamixel_sdk/cmake/ament_cmake_export_libraries-extras.cmake
[3.666s] -- Symlinking: /home/ubuntu/Desktop/RS2/install/dynamixel_sdk/share/dynamixel_sdk/cmake/dynamixel_sdkConfig.cmake
[3.672s] -- Symlinking: /home/ubuntu/Desktop/RS2/install/dynamixel_sdk/share/dynamixel_sdk/cmake/dynamixel_sdkConfig-version.cmake
[3.679s] -- Symlinking: /home/ubuntu/Desktop/RS2/install/dynamixel_sdk/share/dynamixel_sdk/package.xml
[3.692s] Invoked command in '/home/ubuntu/Desktop/RS2/build/dynamixel_sdk' returned '0': CMAKE_PREFIX_PATH=/opt/ros/humble /usr/bin/cmake --install /home/ubuntu/Desktop/RS2/build/dynamixel_sdk
