/home/katie/turtlebot3_ws/install/move_pepper/lib/python3.10/site-packages/move_pepper/__init__.py
/home/katie/turtlebot3_ws/install/move_pepper/lib/python3.10/site-packages/move_pepper/set_init_amcl_pose.py
/home/katie/turtlebot3_ws/install/move_pepper/lib/python3.10/site-packages/move_pepper/__pycache__/__init__.cpython-310.pyc
/home/katie/turtlebot3_ws/install/move_pepper/lib/python3.10/site-packages/move_pepper/__pycache__/set_init_amcl_pose.cpython-310.pyc
/home/katie/turtlebot3_ws/install/move_pepper/share/ament_index/resource_index/packages/move_pepper
/home/katie/turtlebot3_ws/install/move_pepper/share/move_pepper/package.xml
/home/katie/turtlebot3_ws/install/move_pepper/share/move_pepper/library4.launch.py
/home/katie/turtlebot3_ws/install/move_pepper/share/move_pepper/nav2.launch.py
/home/katie/turtlebot3_ws/install/move_pepper/share/move_pepper/config
/home/katie/turtlebot3_ws/install/move_pepper/share/move_pepper/maps/map.yaml
/home/katie/turtlebot3_ws/install/move_pepper/share/move_pepper/maps/lab_map.pgm
/home/katie/turtlebot3_ws/install/move_pepper/share/move_pepper/maps/lab_map.yaml
/home/katie/turtlebot3_ws/install/move_pepper/share/move_pepper/maps/map.pgm
/home/katie/turtlebot3_ws/install/move_pepper/share/move_pepper/maps/OLDmap.pgm
/home/katie/turtlebot3_ws/install/move_pepper/share/move_pepper/maps/OLDmap.yaml
/home/katie/turtlebot3_ws/install/move_pepper/lib/python3.10/site-packages/move_pepper-0.0.0-py3.10.egg-info/SOURCES.txt
/home/katie/turtlebot3_ws/install/move_pepper/lib/python3.10/site-packages/move_pepper-0.0.0-py3.10.egg-info/requires.txt
/home/katie/turtlebot3_ws/install/move_pepper/lib/python3.10/site-packages/move_pepper-0.0.0-py3.10.egg-info/zip-safe
/home/katie/turtlebot3_ws/install/move_pepper/lib/python3.10/site-packages/move_pepper-0.0.0-py3.10.egg-info/PKG-INFO
/home/katie/turtlebot3_ws/install/move_pepper/lib/python3.10/site-packages/move_pepper-0.0.0-py3.10.egg-info/dependency_links.txt
/home/katie/turtlebot3_ws/install/move_pepper/lib/python3.10/site-packages/move_pepper-0.0.0-py3.10.egg-info/entry_points.txt
/home/katie/turtlebot3_ws/install/move_pepper/lib/python3.10/site-packages/move_pepper-0.0.0-py3.10.egg-info/top_level.txt
/home/katie/turtlebot3_ws/install/move_pepper/lib/move_pepper/amcl_init_pose_publisher
