[0.047s] Invoking command in '/home/ubuntu/Desktop/RS2/build/dynamixel_sdk_examples': AMENT_PREFIX_PATH=/home/ubuntu/Desktop/RS2/install/dynamixel_sdk_custom_interfaces:/home/ubuntu/Desktop/RS2/install/dynamixel_sdk:${AMENT_PREFIX_PATH} CMAKE_PREFIX_PATH=/home/ubuntu/Desktop/RS2/install/dynamixel_sdk_custom_interfaces:/home/ubuntu/Desktop/RS2/install/dynamixel_sdk:/opt/ros/humble LD_LIBRARY_PATH=/home/ubuntu/Desktop/RS2/install/dynamixel_sdk_custom_interfaces/lib:/home/ubuntu/Desktop/RS2/install/dynamixel_sdk/lib:${LD_LIBRARY_PATH} PYTHONPATH=/home/ubuntu/Desktop/RS2/install/dynamixel_sdk_custom_interfaces/local/lib/python3.10/dist-packages:${PYTHONPATH} /usr/bin/cmake /home/ubuntu/Desktop/RS2/DynamixelSDK/dynamixel_sdk_examples -DAMENT_CMAKE_SYMLINK_INSTALL=1 -DCMAKE_INSTALL_PREFIX=/home/ubuntu/Desktop/RS2/install/dynamixel_sdk_examples
[0.136s] -- The C compiler identification is GNU 11.4.0
[0.204s] -- The CXX compiler identification is GNU 11.4.0
[0.214s] -- Detecting C compiler ABI info
[0.264s] -- Detecting C compiler ABI info - done
[0.282s] -- Check for working C compiler: /usr/bin/cc - skipped
[0.283s] -- Detecting C compile features
[0.283s] -- Detecting C compile features - done
[0.289s] -- Detecting CXX compiler ABI info
[0.357s] -- Detecting CXX compiler ABI info - done
[0.365s] -- Check for working CXX compiler: /usr/bin/c++ - skipped
[0.366s] -- Detecting CXX compile features
[0.366s] -- Detecting CXX compile features - done
[0.369s] -- Found ament_cmake: 1.3.11 (/opt/ros/humble/share/ament_cmake/cmake)
[0.498s] -- Found Python3: /usr/bin/python3 (found version "3.10.12") found components: Interpreter 
[0.555s] -- Override CMake install command with custom implementation using symlinks instead of copying resources
[0.583s] -- Found dynamixel_sdk: 3.7.60 (/home/ubuntu/Desktop/RS2/install/dynamixel_sdk/share/dynamixel_sdk/cmake)
[0.596s] -- Found dynamixel_sdk_custom_interfaces: 3.7.60 (/home/ubuntu/Desktop/RS2/install/dynamixel_sdk_custom_interfaces/share/dynamixel_sdk_custom_interfaces/cmake)
[0.643s] -- Found rosidl_generator_c: 3.1.6 (/opt/ros/humble/share/rosidl_generator_c/cmake)
[0.648s] -- Found rosidl_adapter: 3.1.6 (/opt/ros/humble/share/rosidl_adapter/cmake)
[0.656s] -- Found rosidl_generator_cpp: 3.1.6 (/opt/ros/humble/share/rosidl_generator_cpp/cmake)
[0.668s] -- Using all available rosidl_typesupport_c: rosidl_typesupport_fastrtps_c;rosidl_typesupport_introspection_c
[0.684s] -- Using all available rosidl_typesupport_cpp: rosidl_typesupport_fastrtps_cpp;rosidl_typesupport_introspection_cpp
[0.723s] -- Found rclcpp: 16.0.11 (/opt/ros/humble/share/rclcpp/cmake)
[0.765s] -- Found rmw_implementation_cmake: 6.1.2 (/opt/ros/humble/share/rmw_implementation_cmake/cmake)
[0.769s] -- Found rmw_fastrtps_cpp: 6.2.7 (/opt/ros/humble/share/rmw_fastrtps_cpp/cmake)
[0.844s] -- Found OpenSSL: /usr/lib/x86_64-linux-gnu/libcrypto.so (found version "3.0.2")  
[0.868s] -- Found FastRTPS: /opt/ros/humble/include  
[0.909s] -- Using RMW implementation 'rmw_fastrtps_cpp' as default
[0.917s] -- Looking for pthread.h
[1.009s] -- Looking for pthread.h - found
[1.009s] -- Performing Test CMAKE_HAVE_LIBC_PTHREAD
[1.129s] -- Performing Test CMAKE_HAVE_LIBC_PTHREAD - Success
[1.130s] -- Found Threads: TRUE  
[1.195s] -- Found ament_lint_auto: 0.12.11 (/opt/ros/humble/share/ament_lint_auto/cmake)
[1.290s] -- Added test 'copyright' to check source files copyright and LICENSE
[1.292s] -- Added test 'cppcheck' to perform static code analysis on C / C++ code
[1.292s] -- Configured cppcheck include dirs: /home/ubuntu/Desktop/RS2/DynamixelSDK/dynamixel_sdk_examples/include
[1.292s] -- Configured cppcheck exclude dirs and/or files: 
[1.293s] -- Added test 'cpplint' to check C / C++ code against the Google style
[1.293s] -- Configured cpplint exclude dirs and/or files: 
[1.295s] -- Added test 'lint_cmake' to check CMake code style
[1.296s] -- Added test 'uncrustify' to check C / C++ code style
[1.296s] -- Configured uncrustify additional arguments: 
[1.303s] -- Added test 'xmllint' to check XML markup files
[1.314s] -- Configuring done
[1.325s] -- Generating done
[1.337s] -- Build files have been written to: /home/ubuntu/Desktop/RS2/build/dynamixel_sdk_examples
[1.361s] Invoked command in '/home/ubuntu/Desktop/RS2/build/dynamixel_sdk_examples' returned '0': AMENT_PREFIX_PATH=/home/ubuntu/Desktop/RS2/install/dynamixel_sdk_custom_interfaces:/home/ubuntu/Desktop/RS2/install/dynamixel_sdk:${AMENT_PREFIX_PATH} CMAKE_PREFIX_PATH=/home/ubuntu/Desktop/RS2/install/dynamixel_sdk_custom_interfaces:/home/ubuntu/Desktop/RS2/install/dynamixel_sdk:/opt/ros/humble LD_LIBRARY_PATH=/home/ubuntu/Desktop/RS2/install/dynamixel_sdk_custom_interfaces/lib:/home/ubuntu/Desktop/RS2/install/dynamixel_sdk/lib:${LD_LIBRARY_PATH} PYTHONPATH=/home/ubuntu/Desktop/RS2/install/dynamixel_sdk_custom_interfaces/local/lib/python3.10/dist-packages:${PYTHONPATH} /usr/bin/cmake /home/ubuntu/Desktop/RS2/DynamixelSDK/dynamixel_sdk_examples -DAMENT_CMAKE_SYMLINK_INSTALL=1 -DCMAKE_INSTALL_PREFIX=/home/ubuntu/Desktop/RS2/install/dynamixel_sdk_examples
[1.361s] Invoking command in '/home/ubuntu/Desktop/RS2/build/dynamixel_sdk_examples': AMENT_PREFIX_PATH=/home/ubuntu/Desktop/RS2/install/dynamixel_sdk_custom_interfaces:/home/ubuntu/Desktop/RS2/install/dynamixel_sdk:${AMENT_PREFIX_PATH} CMAKE_PREFIX_PATH=/home/ubuntu/Desktop/RS2/install/dynamixel_sdk_custom_interfaces:/home/ubuntu/Desktop/RS2/install/dynamixel_sdk:/opt/ros/humble LD_LIBRARY_PATH=/home/ubuntu/Desktop/RS2/install/dynamixel_sdk_custom_interfaces/lib:/home/ubuntu/Desktop/RS2/install/dynamixel_sdk/lib:${LD_LIBRARY_PATH} PYTHONPATH=/home/ubuntu/Desktop/RS2/install/dynamixel_sdk_custom_interfaces/local/lib/python3.10/dist-packages:${PYTHONPATH} /usr/bin/cmake --build /home/ubuntu/Desktop/RS2/build/dynamixel_sdk_examples -- -j2 -l2
[1.417s] [ 50%] [32mBuilding CXX object CMakeFiles/read_write_node.dir/src/read_write_node.cpp.o[0m
[9.564s] [100%] [32m[1mLinking CXX executable read_write_node[0m
[9.945s] [100%] Built target read_write_node
[9.954s] Invoked command in '/home/ubuntu/Desktop/RS2/build/dynamixel_sdk_examples' returned '0': AMENT_PREFIX_PATH=/home/ubuntu/Desktop/RS2/install/dynamixel_sdk_custom_interfaces:/home/ubuntu/Desktop/RS2/install/dynamixel_sdk:${AMENT_PREFIX_PATH} CMAKE_PREFIX_PATH=/home/ubuntu/Desktop/RS2/install/dynamixel_sdk_custom_interfaces:/home/ubuntu/Desktop/RS2/install/dynamixel_sdk:/opt/ros/humble LD_LIBRARY_PATH=/home/ubuntu/Desktop/RS2/install/dynamixel_sdk_custom_interfaces/lib:/home/ubuntu/Desktop/RS2/install/dynamixel_sdk/lib:${LD_LIBRARY_PATH} PYTHONPATH=/home/ubuntu/Desktop/RS2/install/dynamixel_sdk_custom_interfaces/local/lib/python3.10/dist-packages:${PYTHONPATH} /usr/bin/cmake --build /home/ubuntu/Desktop/RS2/build/dynamixel_sdk_examples -- -j2 -l2
[9.954s] Invoking command in '/home/ubuntu/Desktop/RS2/build/dynamixel_sdk_examples': AMENT_PREFIX_PATH=/home/ubuntu/Desktop/RS2/install/dynamixel_sdk_custom_interfaces:/home/ubuntu/Desktop/RS2/install/dynamixel_sdk:${AMENT_PREFIX_PATH} CMAKE_PREFIX_PATH=/home/ubuntu/Desktop/RS2/install/dynamixel_sdk_custom_interfaces:/home/ubuntu/Desktop/RS2/install/dynamixel_sdk:/opt/ros/humble LD_LIBRARY_PATH=/home/ubuntu/Desktop/RS2/install/dynamixel_sdk_custom_interfaces/lib:/home/ubuntu/Desktop/RS2/install/dynamixel_sdk/lib:${LD_LIBRARY_PATH} PYTHONPATH=/home/ubuntu/Desktop/RS2/install/dynamixel_sdk_custom_interfaces/local/lib/python3.10/dist-packages:${PYTHONPATH} /usr/bin/cmake --install /home/ubuntu/Desktop/RS2/build/dynamixel_sdk_examples
[9.962s] -- Install configuration: ""
[9.962s] -- Execute custom install script
[9.963s] -- Symlinking: /home/ubuntu/Desktop/RS2/install/dynamixel_sdk_examples/lib/dynamixel_sdk_examples/read_write_node
[9.969s] -- Symlinking: /home/ubuntu/Desktop/RS2/install/dynamixel_sdk_examples/share/ament_index/resource_index/package_run_dependencies/dynamixel_sdk_examples
[9.982s] -- Symlinking: /home/ubuntu/Desktop/RS2/install/dynamixel_sdk_examples/share/ament_index/resource_index/parent_prefix_path/dynamixel_sdk_examples
[9.990s] -- Symlinking: /home/ubuntu/Desktop/RS2/install/dynamixel_sdk_examples/share/dynamixel_sdk_examples/environment/ament_prefix_path.sh
[9.997s] -- Symlinking: /home/ubuntu/Desktop/RS2/install/dynamixel_sdk_examples/share/dynamixel_sdk_examples/environment/ament_prefix_path.dsv
[10.009s] -- Symlinking: /home/ubuntu/Desktop/RS2/install/dynamixel_sdk_examples/share/dynamixel_sdk_examples/environment/path.sh
[10.014s] -- Symlinking: /home/ubuntu/Desktop/RS2/install/dynamixel_sdk_examples/share/dynamixel_sdk_examples/environment/path.dsv
[10.025s] -- Symlinking: /home/ubuntu/Desktop/RS2/install/dynamixel_sdk_examples/share/dynamixel_sdk_examples/local_setup.bash
[10.035s] -- Symlinking: /home/ubuntu/Desktop/RS2/install/dynamixel_sdk_examples/share/dynamixel_sdk_examples/local_setup.sh
[10.043s] -- Symlinking: /home/ubuntu/Desktop/RS2/install/dynamixel_sdk_examples/share/dynamixel_sdk_examples/local_setup.zsh
[10.052s] -- Symlinking: /home/ubuntu/Desktop/RS2/install/dynamixel_sdk_examples/share/dynamixel_sdk_examples/local_setup.dsv
[10.070s] -- Symlinking: /home/ubuntu/Desktop/RS2/install/dynamixel_sdk_examples/share/dynamixel_sdk_examples/package.dsv
[10.071s] -- Symlinking: /home/ubuntu/Desktop/RS2/install/dynamixel_sdk_examples/share/ament_index/resource_index/packages/dynamixel_sdk_examples
[10.081s] -- Symlinking: /home/ubuntu/Desktop/RS2/install/dynamixel_sdk_examples/share/dynamixel_sdk_examples/cmake/dynamixel_sdk_examplesConfig.cmake
[10.094s] -- Symlinking: /home/ubuntu/Desktop/RS2/install/dynamixel_sdk_examples/share/dynamixel_sdk_examples/cmake/dynamixel_sdk_examplesConfig-version.cmake
[10.094s] -- Symlinking: /home/ubuntu/Desktop/RS2/install/dynamixel_sdk_examples/share/dynamixel_sdk_examples/package.xml
[10.102s] Invoked command in '/home/ubuntu/Desktop/RS2/build/dynamixel_sdk_examples' returned '0': AMENT_PREFIX_PATH=/home/ubuntu/Desktop/RS2/install/dynamixel_sdk_custom_interfaces:/home/ubuntu/Desktop/RS2/install/dynamixel_sdk:${AMENT_PREFIX_PATH} CMAKE_PREFIX_PATH=/home/ubuntu/Desktop/RS2/install/dynamixel_sdk_custom_interfaces:/home/ubuntu/Desktop/RS2/install/dynamixel_sdk:/opt/ros/humble LD_LIBRARY_PATH=/home/ubuntu/Desktop/RS2/install/dynamixel_sdk_custom_interfaces/lib:/home/ubuntu/Desktop/RS2/install/dynamixel_sdk/lib:${LD_LIBRARY_PATH} PYTHONPATH=/home/ubuntu/Desktop/RS2/install/dynamixel_sdk_custom_interfaces/local/lib/python3.10/dist-packages:${PYTHONPATH} /usr/bin/cmake --install /home/ubuntu/Desktop/RS2/build/dynamixel_sdk_examples
