[0.014s] Invoking command in '/home/ubuntu/Desktop/RS2/build/turtlebot3_simulations': AMENT_PREFIX_PATH=/home/ubuntu/Desktop/RS2/install/turtlebot3_fake_node:/home/ubuntu/Desktop/RS2/install/turtlebot3_msgs:/home/ubuntu/Desktop/RS2/install/turtlebot3_gazebo:${AMENT_PREFIX_PATH} CMAKE_PREFIX_PATH=/home/ubuntu/Desktop/RS2/install/turtlebot3_fake_node:/home/ubuntu/Desktop/RS2/install/turtlebot3_msgs:/home/ubuntu/Desktop/RS2/install/turtlebot3_gazebo:/opt/ros/humble LD_LIBRARY_PATH=/home/ubuntu/Desktop/RS2/install/turtlebot3_msgs/lib:${LD_LIBRARY_PATH} PYTHONPATH=/home/ubuntu/Desktop/RS2/install/turtlebot3_msgs/local/lib/python3.10/dist-packages:${PYTHONPATH} /usr/bin/cmake --build /home/ubuntu/Desktop/RS2/build/turtlebot3_simulations -- -j2 -l2
[0.121s] Invoked command in '/home/ubuntu/Desktop/RS2/build/turtlebot3_simulations' returned '0': AMENT_PREFIX_PATH=/home/ubuntu/Desktop/RS2/install/turtlebot3_fake_node:/home/ubuntu/Desktop/RS2/install/turtlebot3_msgs:/home/ubuntu/Desktop/RS2/install/turtlebot3_gazebo:${AMENT_PREFIX_PATH} CMAKE_PREFIX_PATH=/home/ubuntu/Desktop/RS2/install/turtlebot3_fake_node:/home/ubuntu/Desktop/RS2/install/turtlebot3_msgs:/home/ubuntu/Desktop/RS2/install/turtlebot3_gazebo:/opt/ros/humble LD_LIBRARY_PATH=/home/ubuntu/Desktop/RS2/install/turtlebot3_msgs/lib:${LD_LIBRARY_PATH} PYTHONPATH=/home/ubuntu/Desktop/RS2/install/turtlebot3_msgs/local/lib/python3.10/dist-packages:${PYTHONPATH} /usr/bin/cmake --build /home/ubuntu/Desktop/RS2/build/turtlebot3_simulations -- -j2 -l2
[0.122s] Invoking command in '/home/ubuntu/Desktop/RS2/build/turtlebot3_simulations': AMENT_PREFIX_PATH=/home/ubuntu/Desktop/RS2/install/turtlebot3_fake_node:/home/ubuntu/Desktop/RS2/install/turtlebot3_msgs:/home/ubuntu/Desktop/RS2/install/turtlebot3_gazebo:${AMENT_PREFIX_PATH} CMAKE_PREFIX_PATH=/home/ubuntu/Desktop/RS2/install/turtlebot3_fake_node:/home/ubuntu/Desktop/RS2/install/turtlebot3_msgs:/home/ubuntu/Desktop/RS2/install/turtlebot3_gazebo:/opt/ros/humble LD_LIBRARY_PATH=/home/ubuntu/Desktop/RS2/install/turtlebot3_msgs/lib:${LD_LIBRARY_PATH} PYTHONPATH=/home/ubuntu/Desktop/RS2/install/turtlebot3_msgs/local/lib/python3.10/dist-packages:${PYTHONPATH} /usr/bin/cmake --install /home/ubuntu/Desktop/RS2/build/turtlebot3_simulations
[0.158s] -- Install configuration: ""
[0.162s] -- Execute custom install script
[0.162s] -- Up-to-date symlink: /home/ubuntu/Desktop/RS2/install/turtlebot3_simulations/share/ament_index/resource_index/package_run_dependencies/turtlebot3_simulations
[0.162s] -- Up-to-date symlink: /home/ubuntu/Desktop/RS2/install/turtlebot3_simulations/share/ament_index/resource_index/parent_prefix_path/turtlebot3_simulations
[0.162s] -- Up-to-date symlink: /home/ubuntu/Desktop/RS2/install/turtlebot3_simulations/share/turtlebot3_simulations/environment/ament_prefix_path.sh
[0.170s] -- Up-to-date symlink: /home/ubuntu/Desktop/RS2/install/turtlebot3_simulations/share/turtlebot3_simulations/environment/ament_prefix_path.dsv
[0.170s] -- Up-to-date symlink: /home/ubuntu/Desktop/RS2/install/turtlebot3_simulations/share/turtlebot3_simulations/environment/path.sh
[0.170s] -- Up-to-date symlink: /home/ubuntu/Desktop/RS2/install/turtlebot3_simulations/share/turtlebot3_simulations/environment/path.dsv
[0.170s] -- Up-to-date symlink: /home/ubuntu/Desktop/RS2/install/turtlebot3_simulations/share/turtlebot3_simulations/local_setup.bash
[0.170s] -- Up-to-date symlink: /home/ubuntu/Desktop/RS2/install/turtlebot3_simulations/share/turtlebot3_simulations/local_setup.sh
[0.170s] -- Up-to-date symlink: /home/ubuntu/Desktop/RS2/install/turtlebot3_simulations/share/turtlebot3_simulations/local_setup.zsh
[0.170s] -- Up-to-date symlink: /home/ubuntu/Desktop/RS2/install/turtlebot3_simulations/share/turtlebot3_simulations/local_setup.dsv
[0.171s] -- Symlinking: /home/ubuntu/Desktop/RS2/install/turtlebot3_simulations/share/turtlebot3_simulations/package.dsv
[0.192s] -- Up-to-date symlink: /home/ubuntu/Desktop/RS2/install/turtlebot3_simulations/share/ament_index/resource_index/packages/turtlebot3_simulations
[0.192s] -- Up-to-date symlink: /home/ubuntu/Desktop/RS2/install/turtlebot3_simulations/share/turtlebot3_simulations/cmake/turtlebot3_simulationsConfig.cmake
[0.193s] -- Up-to-date symlink: /home/ubuntu/Desktop/RS2/install/turtlebot3_simulations/share/turtlebot3_simulations/cmake/turtlebot3_simulationsConfig-version.cmake
[0.194s] -- Up-to-date symlink: /home/ubuntu/Desktop/RS2/install/turtlebot3_simulations/share/turtlebot3_simulations/package.xml
[0.211s] Invoked command in '/home/ubuntu/Desktop/RS2/build/turtlebot3_simulations' returned '0': AMENT_PREFIX_PATH=/home/ubuntu/Desktop/RS2/install/turtlebot3_fake_node:/home/ubuntu/Desktop/RS2/install/turtlebot3_msgs:/home/ubuntu/Desktop/RS2/install/turtlebot3_gazebo:${AMENT_PREFIX_PATH} CMAKE_PREFIX_PATH=/home/ubuntu/Desktop/RS2/install/turtlebot3_fake_node:/home/ubuntu/Desktop/RS2/install/turtlebot3_msgs:/home/ubuntu/Desktop/RS2/install/turtlebot3_gazebo:/opt/ros/humble LD_LIBRARY_PATH=/home/ubuntu/Desktop/RS2/install/turtlebot3_msgs/lib:${LD_LIBRARY_PATH} PYTHONPATH=/home/ubuntu/Desktop/RS2/install/turtlebot3_msgs/local/lib/python3.10/dist-packages:${PYTHONPATH} /usr/bin/cmake --install /home/ubuntu/Desktop/RS2/build/turtlebot3_simulations
