[0.145s] DEBUG:colcon:Command line arguments: ['/usr/bin/colcon', 'build']
[0.146s] DEBUG:colcon:Parsed command line arguments: Namespace(log_base=None, log_level=None, verb_name='build', build_base='build', install_base='install', merge_install=False, symlink_install=False, test_result_base=None, continue_on_error=False, executor='parallel', parallel_workers=8, event_handlers=None, ignore_user_meta=False, metas=['./colcon.meta'], base_paths=['.'], packages_ignore=None, packages_ignore_regex=None, paths=None, packages_up_to=None, packages_up_to_regex=None, packages_above=None, packages_above_and_dependencies=None, packages_above_depth=None, packages_select_by_dep=None, packages_skip_by_dep=None, packages_skip_up_to=None, packages_select_build_failed=False, packages_skip_build_finished=False, packages_select_test_failures=False, packages_skip_test_passed=False, packages_select=None, packages_skip=None, packages_select_regex=None, packages_skip_regex=None, packages_start=None, packages_end=None, allow_overriding=[], cmake_args=None, cmake_target=None, cmake_target_skip_unavailable=False, cmake_clean_cache=False, cmake_clean_first=False, cmake_force_configure=False, ament_cmake_args=None, catkin_cmake_args=None, catkin_skip_building_tests=False, mixin_files=None, mixin=None, verb_parser=<colcon_mixin.mixin.mixin_argument.MixinArgumentDecorator object at 0x7f033231f6a0>, verb_extension=<colcon_core.verb.build.BuildVerb object at 0x7f033231f130>, main=<bound method BuildVerb.main of <colcon_core.verb.build.BuildVerb object at 0x7f033231f130>>, mixin_verb=('build',))
[0.219s] Level 1:colcon.colcon_core.package_discovery:discover_packages(colcon_meta) check parameters
[0.219s] Level 1:colcon.colcon_core.package_discovery:discover_packages(recursive) check parameters
[0.219s] Level 1:colcon.colcon_core.package_discovery:discover_packages(ignore) check parameters
[0.219s] Level 1:colcon.colcon_core.package_discovery:discover_packages(path) check parameters
[0.219s] Level 1:colcon.colcon_core.package_discovery:discover_packages(colcon_meta) discover
[0.219s] Level 1:colcon.colcon_core.package_discovery:discover_packages(recursive) discover
[0.219s] INFO:colcon.colcon_core.package_discovery:Crawling recursively for packages in '/home/katie/turtlebot3_ws'
[0.219s] Level 1:colcon.colcon_core.package_identification:_identify(.) by extensions ['ignore', 'ignore_ament_install']
[0.219s] Level 1:colcon.colcon_core.package_identification:_identify(.) by extension 'ignore'
[0.220s] Level 1:colcon.colcon_core.package_identification:_identify(.) by extension 'ignore_ament_install'
[0.220s] Level 1:colcon.colcon_core.package_identification:_identify(.) by extensions ['colcon_pkg']
[0.220s] Level 1:colcon.colcon_core.package_identification:_identify(.) by extension 'colcon_pkg'
[0.220s] Level 1:colcon.colcon_core.package_identification:_identify(.) by extensions ['colcon_meta']
[0.220s] Level 1:colcon.colcon_core.package_identification:_identify(.) by extension 'colcon_meta'
[0.220s] Level 1:colcon.colcon_core.package_identification:_identify(.) by extensions ['ros']
[0.220s] Level 1:colcon.colcon_core.package_identification:_identify(.) by extension 'ros'
[0.225s] Level 1:colcon.colcon_core.package_identification:_identify(.) by extensions ['cmake', 'python']
[0.225s] Level 1:colcon.colcon_core.package_identification:_identify(.) by extension 'cmake'
[0.226s] Level 1:colcon.colcon_core.package_identification:_identify(.) by extension 'python'
[0.226s] Level 1:colcon.colcon_core.package_identification:_identify(.) by extensions ['python_setup_py']
[0.226s] Level 1:colcon.colcon_core.package_identification:_identify(.) by extension 'python_setup_py'
[0.226s] Level 1:colcon.colcon_core.package_identification:_identify(book_database) by extensions ['ignore', 'ignore_ament_install']
[0.226s] Level 1:colcon.colcon_core.package_identification:_identify(book_database) by extension 'ignore'
[0.226s] Level 1:colcon.colcon_core.package_identification:_identify(book_database) by extension 'ignore_ament_install'
[0.226s] Level 1:colcon.colcon_core.package_identification:_identify(book_database) by extensions ['colcon_pkg']
[0.226s] Level 1:colcon.colcon_core.package_identification:_identify(book_database) by extension 'colcon_pkg'
[0.226s] Level 1:colcon.colcon_core.package_identification:_identify(book_database) by extensions ['colcon_meta']
[0.226s] Level 1:colcon.colcon_core.package_identification:_identify(book_database) by extension 'colcon_meta'
[0.227s] Level 1:colcon.colcon_core.package_identification:_identify(book_database) by extensions ['ros']
[0.227s] Level 1:colcon.colcon_core.package_identification:_identify(book_database) by extension 'ros'
[0.233s] DEBUG:colcon.colcon_core.package_identification:Package 'book_database' with type 'ros.ament_cmake' and name 'book_database'
[0.233s] Level 1:colcon.colcon_core.package_identification:_identify(build) by extensions ['ignore', 'ignore_ament_install']
[0.234s] Level 1:colcon.colcon_core.package_identification:_identify(build) by extension 'ignore'
[0.234s] Level 1:colcon.colcon_core.package_identification:_identify(build) ignored
[0.234s] Level 1:colcon.colcon_core.package_identification:_identify(install) by extensions ['ignore', 'ignore_ament_install']
[0.234s] Level 1:colcon.colcon_core.package_identification:_identify(install) by extension 'ignore'
[0.234s] Level 1:colcon.colcon_core.package_identification:_identify(install) ignored
[0.234s] Level 1:colcon.colcon_core.package_identification:_identify(kane_gui) by extensions ['ignore', 'ignore_ament_install']
[0.235s] Level 1:colcon.colcon_core.package_identification:_identify(kane_gui) by extension 'ignore'
[0.235s] Level 1:colcon.colcon_core.package_identification:_identify(kane_gui) by extension 'ignore_ament_install'
[0.235s] Level 1:colcon.colcon_core.package_identification:_identify(kane_gui) by extensions ['colcon_pkg']
[0.235s] Level 1:colcon.colcon_core.package_identification:_identify(kane_gui) by extension 'colcon_pkg'
[0.235s] Level 1:colcon.colcon_core.package_identification:_identify(kane_gui) by extensions ['colcon_meta']
[0.235s] Level 1:colcon.colcon_core.package_identification:_identify(kane_gui) by extension 'colcon_meta'
[0.235s] Level 1:colcon.colcon_core.package_identification:_identify(kane_gui) by extensions ['ros']
[0.235s] Level 1:colcon.colcon_core.package_identification:_identify(kane_gui) by extension 'ros'
[0.237s] DEBUG:colcon.colcon_core.package_identification:Package 'kane_gui' with type 'ros.ament_cmake' and name 'gallery_database'
[0.237s] Level 1:colcon.colcon_core.package_identification:_identify(log) by extensions ['ignore', 'ignore_ament_install']
[0.237s] Level 1:colcon.colcon_core.package_identification:_identify(log) by extension 'ignore'
[0.237s] Level 1:colcon.colcon_core.package_identification:_identify(log) ignored
[0.238s] Level 1:colcon.colcon_core.package_identification:_identify(src) by extensions ['ignore', 'ignore_ament_install']
[0.238s] Level 1:colcon.colcon_core.package_identification:_identify(src) by extension 'ignore'
[0.238s] Level 1:colcon.colcon_core.package_identification:_identify(src) by extension 'ignore_ament_install'
[0.238s] Level 1:colcon.colcon_core.package_identification:_identify(src) by extensions ['colcon_pkg']
[0.238s] Level 1:colcon.colcon_core.package_identification:_identify(src) by extension 'colcon_pkg'
[0.238s] Level 1:colcon.colcon_core.package_identification:_identify(src) by extensions ['colcon_meta']
[0.238s] Level 1:colcon.colcon_core.package_identification:_identify(src) by extension 'colcon_meta'
[0.238s] Level 1:colcon.colcon_core.package_identification:_identify(src) by extensions ['ros']
[0.238s] Level 1:colcon.colcon_core.package_identification:_identify(src) by extension 'ros'
[0.239s] Level 1:colcon.colcon_core.package_identification:_identify(src) by extensions ['cmake', 'python']
[0.239s] Level 1:colcon.colcon_core.package_identification:_identify(src) by extension 'cmake'
[0.239s] Level 1:colcon.colcon_core.package_identification:_identify(src) by extension 'python'
[0.239s] Level 1:colcon.colcon_core.package_identification:_identify(src) by extensions ['python_setup_py']
[0.239s] Level 1:colcon.colcon_core.package_identification:_identify(src) by extension 'python_setup_py'
[0.239s] Level 1:colcon.colcon_core.package_identification:_identify(src/install) by extensions ['ignore', 'ignore_ament_install']
[0.239s] Level 1:colcon.colcon_core.package_identification:_identify(src/install) by extension 'ignore'
[0.239s] Level 1:colcon.colcon_core.package_identification:_identify(src/install) by extension 'ignore_ament_install'
[0.239s] Level 1:colcon.colcon_core.package_identification:_identify(src/install) by extensions ['colcon_pkg']
[0.240s] Level 1:colcon.colcon_core.package_identification:_identify(src/install) by extension 'colcon_pkg'
[0.240s] Level 1:colcon.colcon_core.package_identification:_identify(src/install) by extensions ['colcon_meta']
[0.240s] Level 1:colcon.colcon_core.package_identification:_identify(src/install) by extension 'colcon_meta'
[0.240s] Level 1:colcon.colcon_core.package_identification:_identify(src/install) by extensions ['ros']
[0.240s] Level 1:colcon.colcon_core.package_identification:_identify(src/install) by extension 'ros'
[0.240s] Level 1:colcon.colcon_core.package_identification:_identify(src/install) by extensions ['cmake', 'python']
[0.240s] Level 1:colcon.colcon_core.package_identification:_identify(src/install) by extension 'cmake'
[0.240s] Level 1:colcon.colcon_core.package_identification:_identify(src/install) by extension 'python'
[0.240s] Level 1:colcon.colcon_core.package_identification:_identify(src/install) by extensions ['python_setup_py']
[0.241s] Level 1:colcon.colcon_core.package_identification:_identify(src/install) by extension 'python_setup_py'
[0.241s] Level 1:colcon.colcon_core.package_identification:_identify(src/install/move_pepper) by extensions ['ignore', 'ignore_ament_install']
[0.241s] Level 1:colcon.colcon_core.package_identification:_identify(src/install/move_pepper) by extension 'ignore'
[0.241s] Level 1:colcon.colcon_core.package_identification:_identify(src/install/move_pepper) by extension 'ignore_ament_install'
[0.241s] Level 1:colcon.colcon_core.package_identification:_identify(src/install/move_pepper) by extensions ['colcon_pkg']
[0.241s] Level 1:colcon.colcon_core.package_identification:_identify(src/install/move_pepper) by extension 'colcon_pkg'
[0.241s] Level 1:colcon.colcon_core.package_identification:_identify(src/install/move_pepper) by extensions ['colcon_meta']
[0.242s] Level 1:colcon.colcon_core.package_identification:_identify(src/install/move_pepper) by extension 'colcon_meta'
[0.242s] Level 1:colcon.colcon_core.package_identification:_identify(src/install/move_pepper) by extensions ['ros']
[0.242s] Level 1:colcon.colcon_core.package_identification:_identify(src/install/move_pepper) by extension 'ros'
[0.242s] Level 1:colcon.colcon_core.package_identification:_identify(src/install/move_pepper) by extensions ['cmake', 'python']
[0.242s] Level 1:colcon.colcon_core.package_identification:_identify(src/install/move_pepper) by extension 'cmake'
[0.242s] Level 1:colcon.colcon_core.package_identification:_identify(src/install/move_pepper) by extension 'python'
[0.242s] Level 1:colcon.colcon_core.package_identification:_identify(src/install/move_pepper) by extensions ['python_setup_py']
[0.242s] Level 1:colcon.colcon_core.package_identification:_identify(src/install/move_pepper) by extension 'python_setup_py'
[0.242s] Level 1:colcon.colcon_core.package_identification:_identify(src/install/move_pepper/share) by extensions ['ignore', 'ignore_ament_install']
[0.243s] Level 1:colcon.colcon_core.package_identification:_identify(src/install/move_pepper/share) by extension 'ignore'
[0.243s] Level 1:colcon.colcon_core.package_identification:_identify(src/install/move_pepper/share) by extension 'ignore_ament_install'
[0.243s] Level 1:colcon.colcon_core.package_identification:_identify(src/install/move_pepper/share) by extensions ['colcon_pkg']
[0.243s] Level 1:colcon.colcon_core.package_identification:_identify(src/install/move_pepper/share) by extension 'colcon_pkg'
[0.243s] Level 1:colcon.colcon_core.package_identification:_identify(src/install/move_pepper/share) by extensions ['colcon_meta']
[0.243s] Level 1:colcon.colcon_core.package_identification:_identify(src/install/move_pepper/share) by extension 'colcon_meta'
[0.243s] Level 1:colcon.colcon_core.package_identification:_identify(src/install/move_pepper/share) by extensions ['ros']
[0.243s] Level 1:colcon.colcon_core.package_identification:_identify(src/install/move_pepper/share) by extension 'ros'
[0.244s] Level 1:colcon.colcon_core.package_identification:_identify(src/install/move_pepper/share) by extensions ['cmake', 'python']
[0.244s] Level 1:colcon.colcon_core.package_identification:_identify(src/install/move_pepper/share) by extension 'cmake'
[0.244s] Level 1:colcon.colcon_core.package_identification:_identify(src/install/move_pepper/share) by extension 'python'
[0.244s] Level 1:colcon.colcon_core.package_identification:_identify(src/install/move_pepper/share) by extensions ['python_setup_py']
[0.244s] Level 1:colcon.colcon_core.package_identification:_identify(src/install/move_pepper/share) by extension 'python_setup_py'
[0.244s] Level 1:colcon.colcon_core.package_identification:_identify(src/install/move_pepper/share/move_pepper) by extensions ['ignore', 'ignore_ament_install']
[0.245s] Level 1:colcon.colcon_core.package_identification:_identify(src/install/move_pepper/share/move_pepper) by extension 'ignore'
[0.245s] Level 1:colcon.colcon_core.package_identification:_identify(src/install/move_pepper/share/move_pepper) by extension 'ignore_ament_install'
[0.245s] Level 1:colcon.colcon_core.package_identification:_identify(src/install/move_pepper/share/move_pepper) by extensions ['colcon_pkg']
[0.245s] Level 1:colcon.colcon_core.package_identification:_identify(src/install/move_pepper/share/move_pepper) by extension 'colcon_pkg'
[0.245s] Level 1:colcon.colcon_core.package_identification:_identify(src/install/move_pepper/share/move_pepper) by extensions ['colcon_meta']
[0.245s] Level 1:colcon.colcon_core.package_identification:_identify(src/install/move_pepper/share/move_pepper) by extension 'colcon_meta'
[0.245s] Level 1:colcon.colcon_core.package_identification:_identify(src/install/move_pepper/share/move_pepper) by extensions ['ros']
[0.245s] Level 1:colcon.colcon_core.package_identification:_identify(src/install/move_pepper/share/move_pepper) by extension 'ros'
[0.245s] Level 1:colcon.colcon_core.package_identification:_identify(src/install/move_pepper/share/move_pepper) by extensions ['cmake', 'python']
[0.245s] Level 1:colcon.colcon_core.package_identification:_identify(src/install/move_pepper/share/move_pepper) by extension 'cmake'
[0.245s] Level 1:colcon.colcon_core.package_identification:_identify(src/install/move_pepper/share/move_pepper) by extension 'python'
[0.246s] Level 1:colcon.colcon_core.package_identification:_identify(src/install/move_pepper/share/move_pepper) by extensions ['python_setup_py']
[0.246s] Level 1:colcon.colcon_core.package_identification:_identify(src/install/move_pepper/share/move_pepper) by extension 'python_setup_py'
[0.246s] Level 1:colcon.colcon_core.package_identification:_identify(src/install/move_pepper/share/move_pepper/__pycache__) by extensions ['ignore', 'ignore_ament_install']
[0.246s] Level 1:colcon.colcon_core.package_identification:_identify(src/install/move_pepper/share/move_pepper/__pycache__) by extension 'ignore'
[0.246s] Level 1:colcon.colcon_core.package_identification:_identify(src/install/move_pepper/share/move_pepper/__pycache__) by extension 'ignore_ament_install'
[0.246s] Level 1:colcon.colcon_core.package_identification:_identify(src/install/move_pepper/share/move_pepper/__pycache__) by extensions ['colcon_pkg']
[0.246s] Level 1:colcon.colcon_core.package_identification:_identify(src/install/move_pepper/share/move_pepper/__pycache__) by extension 'colcon_pkg'
[0.246s] Level 1:colcon.colcon_core.package_identification:_identify(src/install/move_pepper/share/move_pepper/__pycache__) by extensions ['colcon_meta']
[0.246s] Level 1:colcon.colcon_core.package_identification:_identify(src/install/move_pepper/share/move_pepper/__pycache__) by extension 'colcon_meta'
[0.246s] Level 1:colcon.colcon_core.package_identification:_identify(src/install/move_pepper/share/move_pepper/__pycache__) by extensions ['ros']
[0.246s] Level 1:colcon.colcon_core.package_identification:_identify(src/install/move_pepper/share/move_pepper/__pycache__) by extension 'ros'
[0.247s] Level 1:colcon.colcon_core.package_identification:_identify(src/install/move_pepper/share/move_pepper/__pycache__) by extensions ['cmake', 'python']
[0.247s] Level 1:colcon.colcon_core.package_identification:_identify(src/install/move_pepper/share/move_pepper/__pycache__) by extension 'cmake'
[0.247s] Level 1:colcon.colcon_core.package_identification:_identify(src/install/move_pepper/share/move_pepper/__pycache__) by extension 'python'
[0.247s] Level 1:colcon.colcon_core.package_identification:_identify(src/install/move_pepper/share/move_pepper/__pycache__) by extensions ['python_setup_py']
[0.247s] Level 1:colcon.colcon_core.package_identification:_identify(src/install/move_pepper/share/move_pepper/__pycache__) by extension 'python_setup_py'
[0.247s] Level 1:colcon.colcon_core.package_identification:_identify(src/install/turtlebot3_gazebo) by extensions ['ignore', 'ignore_ament_install']
[0.247s] Level 1:colcon.colcon_core.package_identification:_identify(src/install/turtlebot3_gazebo) by extension 'ignore'
[0.247s] Level 1:colcon.colcon_core.package_identification:_identify(src/install/turtlebot3_gazebo) by extension 'ignore_ament_install'
[0.247s] Level 1:colcon.colcon_core.package_identification:_identify(src/install/turtlebot3_gazebo) by extensions ['colcon_pkg']
[0.247s] Level 1:colcon.colcon_core.package_identification:_identify(src/install/turtlebot3_gazebo) by extension 'colcon_pkg'
[0.247s] Level 1:colcon.colcon_core.package_identification:_identify(src/install/turtlebot3_gazebo) by extensions ['colcon_meta']
[0.247s] Level 1:colcon.colcon_core.package_identification:_identify(src/install/turtlebot3_gazebo) by extension 'colcon_meta'
[0.247s] Level 1:colcon.colcon_core.package_identification:_identify(src/install/turtlebot3_gazebo) by extensions ['ros']
[0.248s] Level 1:colcon.colcon_core.package_identification:_identify(src/install/turtlebot3_gazebo) by extension 'ros'
[0.248s] Level 1:colcon.colcon_core.package_identification:_identify(src/install/turtlebot3_gazebo) by extensions ['cmake', 'python']
[0.248s] Level 1:colcon.colcon_core.package_identification:_identify(src/install/turtlebot3_gazebo) by extension 'cmake'
[0.248s] Level 1:colcon.colcon_core.package_identification:_identify(src/install/turtlebot3_gazebo) by extension 'python'
[0.248s] Level 1:colcon.colcon_core.package_identification:_identify(src/install/turtlebot3_gazebo) by extensions ['python_setup_py']
[0.248s] Level 1:colcon.colcon_core.package_identification:_identify(src/install/turtlebot3_gazebo) by extension 'python_setup_py'
[0.248s] Level 1:colcon.colcon_core.package_identification:_identify(src/install/turtlebot3_gazebo/share) by extensions ['ignore', 'ignore_ament_install']
[0.248s] Level 1:colcon.colcon_core.package_identification:_identify(src/install/turtlebot3_gazebo/share) by extension 'ignore'
[0.249s] Level 1:colcon.colcon_core.package_identification:_identify(src/install/turtlebot3_gazebo/share) by extension 'ignore_ament_install'
[0.249s] Level 1:colcon.colcon_core.package_identification:_identify(src/install/turtlebot3_gazebo/share) by extensions ['colcon_pkg']
[0.249s] Level 1:colcon.colcon_core.package_identification:_identify(src/install/turtlebot3_gazebo/share) by extension 'colcon_pkg'
[0.249s] Level 1:colcon.colcon_core.package_identification:_identify(src/install/turtlebot3_gazebo/share) by extensions ['colcon_meta']
[0.249s] Level 1:colcon.colcon_core.package_identification:_identify(src/install/turtlebot3_gazebo/share) by extension 'colcon_meta'
[0.249s] Level 1:colcon.colcon_core.package_identification:_identify(src/install/turtlebot3_gazebo/share) by extensions ['ros']
[0.249s] Level 1:colcon.colcon_core.package_identification:_identify(src/install/turtlebot3_gazebo/share) by extension 'ros'
[0.249s] Level 1:colcon.colcon_core.package_identification:_identify(src/install/turtlebot3_gazebo/share) by extensions ['cmake', 'python']
[0.249s] Level 1:colcon.colcon_core.package_identification:_identify(src/install/turtlebot3_gazebo/share) by extension 'cmake'
[0.249s] Level 1:colcon.colcon_core.package_identification:_identify(src/install/turtlebot3_gazebo/share) by extension 'python'
[0.249s] Level 1:colcon.colcon_core.package_identification:_identify(src/install/turtlebot3_gazebo/share) by extensions ['python_setup_py']
[0.249s] Level 1:colcon.colcon_core.package_identification:_identify(src/install/turtlebot3_gazebo/share) by extension 'python_setup_py'
[0.250s] Level 1:colcon.colcon_core.package_identification:_identify(src/install/turtlebot3_gazebo/share/turtlebot3_gazebo) by extensions ['ignore', 'ignore_ament_install']
[0.250s] Level 1:colcon.colcon_core.package_identification:_identify(src/install/turtlebot3_gazebo/share/turtlebot3_gazebo) by extension 'ignore'
[0.250s] Level 1:colcon.colcon_core.package_identification:_identify(src/install/turtlebot3_gazebo/share/turtlebot3_gazebo) by extension 'ignore_ament_install'
[0.250s] Level 1:colcon.colcon_core.package_identification:_identify(src/install/turtlebot3_gazebo/share/turtlebot3_gazebo) by extensions ['colcon_pkg']
[0.250s] Level 1:colcon.colcon_core.package_identification:_identify(src/install/turtlebot3_gazebo/share/turtlebot3_gazebo) by extension 'colcon_pkg'
[0.250s] Level 1:colcon.colcon_core.package_identification:_identify(src/install/turtlebot3_gazebo/share/turtlebot3_gazebo) by extensions ['colcon_meta']
[0.250s] Level 1:colcon.colcon_core.package_identification:_identify(src/install/turtlebot3_gazebo/share/turtlebot3_gazebo) by extension 'colcon_meta'
[0.250s] Level 1:colcon.colcon_core.package_identification:_identify(src/install/turtlebot3_gazebo/share/turtlebot3_gazebo) by extensions ['ros']
[0.250s] Level 1:colcon.colcon_core.package_identification:_identify(src/install/turtlebot3_gazebo/share/turtlebot3_gazebo) by extension 'ros'
[0.250s] Level 1:colcon.colcon_core.package_identification:_identify(src/install/turtlebot3_gazebo/share/turtlebot3_gazebo) by extensions ['cmake', 'python']
[0.250s] Level 1:colcon.colcon_core.package_identification:_identify(src/install/turtlebot3_gazebo/share/turtlebot3_gazebo) by extension 'cmake'
[0.250s] Level 1:colcon.colcon_core.package_identification:_identify(src/install/turtlebot3_gazebo/share/turtlebot3_gazebo) by extension 'python'
[0.250s] Level 1:colcon.colcon_core.package_identification:_identify(src/install/turtlebot3_gazebo/share/turtlebot3_gazebo) by extensions ['python_setup_py']
[0.251s] Level 1:colcon.colcon_core.package_identification:_identify(src/install/turtlebot3_gazebo/share/turtlebot3_gazebo) by extension 'python_setup_py'
[0.251s] Level 1:colcon.colcon_core.package_identification:_identify(src/install/turtlebot3_gazebo/share/turtlebot3_gazebo/launch) by extensions ['ignore', 'ignore_ament_install']
[0.251s] Level 1:colcon.colcon_core.package_identification:_identify(src/install/turtlebot3_gazebo/share/turtlebot3_gazebo/launch) by extension 'ignore'
[0.251s] Level 1:colcon.colcon_core.package_identification:_identify(src/install/turtlebot3_gazebo/share/turtlebot3_gazebo/launch) by extension 'ignore_ament_install'
[0.251s] Level 1:colcon.colcon_core.package_identification:_identify(src/install/turtlebot3_gazebo/share/turtlebot3_gazebo/launch) by extensions ['colcon_pkg']
[0.251s] Level 1:colcon.colcon_core.package_identification:_identify(src/install/turtlebot3_gazebo/share/turtlebot3_gazebo/launch) by extension 'colcon_pkg'
[0.251s] Level 1:colcon.colcon_core.package_identification:_identify(src/install/turtlebot3_gazebo/share/turtlebot3_gazebo/launch) by extensions ['colcon_meta']
[0.251s] Level 1:colcon.colcon_core.package_identification:_identify(src/install/turtlebot3_gazebo/share/turtlebot3_gazebo/launch) by extension 'colcon_meta'
[0.251s] Level 1:colcon.colcon_core.package_identification:_identify(src/install/turtlebot3_gazebo/share/turtlebot3_gazebo/launch) by extensions ['ros']
[0.251s] Level 1:colcon.colcon_core.package_identification:_identify(src/install/turtlebot3_gazebo/share/turtlebot3_gazebo/launch) by extension 'ros'
[0.251s] Level 1:colcon.colcon_core.package_identification:_identify(src/install/turtlebot3_gazebo/share/turtlebot3_gazebo/launch) by extensions ['cmake', 'python']
[0.251s] Level 1:colcon.colcon_core.package_identification:_identify(src/install/turtlebot3_gazebo/share/turtlebot3_gazebo/launch) by extension 'cmake'
[0.251s] Level 1:colcon.colcon_core.package_identification:_identify(src/install/turtlebot3_gazebo/share/turtlebot3_gazebo/launch) by extension 'python'
[0.252s] Level 1:colcon.colcon_core.package_identification:_identify(src/install/turtlebot3_gazebo/share/turtlebot3_gazebo/launch) by extensions ['python_setup_py']
[0.252s] Level 1:colcon.colcon_core.package_identification:_identify(src/install/turtlebot3_gazebo/share/turtlebot3_gazebo/launch) by extension 'python_setup_py'
[0.252s] Level 1:colcon.colcon_core.package_identification:_identify(src/install/turtlebot3_gazebo/share/turtlebot3_gazebo/launch/__pycache__) by extensions ['ignore', 'ignore_ament_install']
[0.252s] Level 1:colcon.colcon_core.package_identification:_identify(src/install/turtlebot3_gazebo/share/turtlebot3_gazebo/launch/__pycache__) by extension 'ignore'
[0.252s] Level 1:colcon.colcon_core.package_identification:_identify(src/install/turtlebot3_gazebo/share/turtlebot3_gazebo/launch/__pycache__) by extension 'ignore_ament_install'
[0.252s] Level 1:colcon.colcon_core.package_identification:_identify(src/install/turtlebot3_gazebo/share/turtlebot3_gazebo/launch/__pycache__) by extensions ['colcon_pkg']
[0.252s] Level 1:colcon.colcon_core.package_identification:_identify(src/install/turtlebot3_gazebo/share/turtlebot3_gazebo/launch/__pycache__) by extension 'colcon_pkg'
[0.252s] Level 1:colcon.colcon_core.package_identification:_identify(src/install/turtlebot3_gazebo/share/turtlebot3_gazebo/launch/__pycache__) by extensions ['colcon_meta']
[0.252s] Level 1:colcon.colcon_core.package_identification:_identify(src/install/turtlebot3_gazebo/share/turtlebot3_gazebo/launch/__pycache__) by extension 'colcon_meta'
[0.252s] Level 1:colcon.colcon_core.package_identification:_identify(src/install/turtlebot3_gazebo/share/turtlebot3_gazebo/launch/__pycache__) by extensions ['ros']
[0.252s] Level 1:colcon.colcon_core.package_identification:_identify(src/install/turtlebot3_gazebo/share/turtlebot3_gazebo/launch/__pycache__) by extension 'ros'
[0.252s] Level 1:colcon.colcon_core.package_identification:_identify(src/install/turtlebot3_gazebo/share/turtlebot3_gazebo/launch/__pycache__) by extensions ['cmake', 'python']
[0.253s] Level 1:colcon.colcon_core.package_identification:_identify(src/install/turtlebot3_gazebo/share/turtlebot3_gazebo/launch/__pycache__) by extension 'cmake'
[0.253s] Level 1:colcon.colcon_core.package_identification:_identify(src/install/turtlebot3_gazebo/share/turtlebot3_gazebo/launch/__pycache__) by extension 'python'
[0.253s] Level 1:colcon.colcon_core.package_identification:_identify(src/install/turtlebot3_gazebo/share/turtlebot3_gazebo/launch/__pycache__) by extensions ['python_setup_py']
[0.253s] Level 1:colcon.colcon_core.package_identification:_identify(src/install/turtlebot3_gazebo/share/turtlebot3_gazebo/launch/__pycache__) by extension 'python_setup_py'
[0.253s] Level 1:colcon.colcon_core.package_identification:_identify(src/install/turtlebot3_gazebo/share/turtlebot3_gazebo/worlds) by extensions ['ignore', 'ignore_ament_install']
[0.253s] Level 1:colcon.colcon_core.package_identification:_identify(src/install/turtlebot3_gazebo/share/turtlebot3_gazebo/worlds) by extension 'ignore'
[0.253s] Level 1:colcon.colcon_core.package_identification:_identify(src/install/turtlebot3_gazebo/share/turtlebot3_gazebo/worlds) by extension 'ignore_ament_install'
[0.253s] Level 1:colcon.colcon_core.package_identification:_identify(src/install/turtlebot3_gazebo/share/turtlebot3_gazebo/worlds) by extensions ['colcon_pkg']
[0.253s] Level 1:colcon.colcon_core.package_identification:_identify(src/install/turtlebot3_gazebo/share/turtlebot3_gazebo/worlds) by extension 'colcon_pkg'
[0.253s] Level 1:colcon.colcon_core.package_identification:_identify(src/install/turtlebot3_gazebo/share/turtlebot3_gazebo/worlds) by extensions ['colcon_meta']
[0.253s] Level 1:colcon.colcon_core.package_identification:_identify(src/install/turtlebot3_gazebo/share/turtlebot3_gazebo/worlds) by extension 'colcon_meta'
[0.253s] Level 1:colcon.colcon_core.package_identification:_identify(src/install/turtlebot3_gazebo/share/turtlebot3_gazebo/worlds) by extensions ['ros']
[0.253s] Level 1:colcon.colcon_core.package_identification:_identify(src/install/turtlebot3_gazebo/share/turtlebot3_gazebo/worlds) by extension 'ros'
[0.254s] Level 1:colcon.colcon_core.package_identification:_identify(src/install/turtlebot3_gazebo/share/turtlebot3_gazebo/worlds) by extensions ['cmake', 'python']
[0.254s] Level 1:colcon.colcon_core.package_identification:_identify(src/install/turtlebot3_gazebo/share/turtlebot3_gazebo/worlds) by extension 'cmake'
[0.254s] Level 1:colcon.colcon_core.package_identification:_identify(src/install/turtlebot3_gazebo/share/turtlebot3_gazebo/worlds) by extension 'python'
[0.254s] Level 1:colcon.colcon_core.package_identification:_identify(src/install/turtlebot3_gazebo/share/turtlebot3_gazebo/worlds) by extensions ['python_setup_py']
[0.254s] Level 1:colcon.colcon_core.package_identification:_identify(src/install/turtlebot3_gazebo/share/turtlebot3_gazebo/worlds) by extension 'python_setup_py'
[0.254s] Level 1:colcon.colcon_core.package_identification:_identify(src/move_pepper) by extensions ['ignore', 'ignore_ament_install']
[0.254s] Level 1:colcon.colcon_core.package_identification:_identify(src/move_pepper) by extension 'ignore'
[0.254s] Level 1:colcon.colcon_core.package_identification:_identify(src/move_pepper) by extension 'ignore_ament_install'
[0.254s] Level 1:colcon.colcon_core.package_identification:_identify(src/move_pepper) by extensions ['colcon_pkg']
[0.254s] Level 1:colcon.colcon_core.package_identification:_identify(src/move_pepper) by extension 'colcon_pkg'
[0.254s] Level 1:colcon.colcon_core.package_identification:_identify(src/move_pepper) by extensions ['colcon_meta']
[0.254s] Level 1:colcon.colcon_core.package_identification:_identify(src/move_pepper) by extension 'colcon_meta'
[0.254s] Level 1:colcon.colcon_core.package_identification:_identify(src/move_pepper) by extensions ['ros']
[0.254s] Level 1:colcon.colcon_core.package_identification:_identify(src/move_pepper) by extension 'ros'
[0.255s] DEBUG:colcon.colcon_core.package_identification:Package 'src/move_pepper' with type 'ros.ament_python' and name 'move_pepper'
[0.256s] Level 1:colcon.colcon_core.package_identification:_identify(src/pepper_autonomy) by extensions ['ignore', 'ignore_ament_install']
[0.256s] Level 1:colcon.colcon_core.package_identification:_identify(src/pepper_autonomy) by extension 'ignore'
[0.256s] Level 1:colcon.colcon_core.package_identification:_identify(src/pepper_autonomy) by extension 'ignore_ament_install'
[0.256s] Level 1:colcon.colcon_core.package_identification:_identify(src/pepper_autonomy) by extensions ['colcon_pkg']
[0.256s] Level 1:colcon.colcon_core.package_identification:_identify(src/pepper_autonomy) by extension 'colcon_pkg'
[0.256s] Level 1:colcon.colcon_core.package_identification:_identify(src/pepper_autonomy) by extensions ['colcon_meta']
[0.256s] Level 1:colcon.colcon_core.package_identification:_identify(src/pepper_autonomy) by extension 'colcon_meta'
[0.256s] Level 1:colcon.colcon_core.package_identification:_identify(src/pepper_autonomy) by extensions ['ros']
[0.256s] Level 1:colcon.colcon_core.package_identification:_identify(src/pepper_autonomy) by extension 'ros'
[0.258s] DEBUG:colcon.colcon_core.package_identification:Package 'src/pepper_autonomy' with type 'ros.ament_cmake' and name 'pepper_autonomy'
[0.258s] Level 1:colcon.colcon_core.package_identification:_identify(src/turtlebot3) by extensions ['ignore', 'ignore_ament_install']
[0.258s] Level 1:colcon.colcon_core.package_identification:_identify(src/turtlebot3) by extension 'ignore'
[0.258s] Level 1:colcon.colcon_core.package_identification:_identify(src/turtlebot3) by extension 'ignore_ament_install'
[0.258s] Level 1:colcon.colcon_core.package_identification:_identify(src/turtlebot3) by extensions ['colcon_pkg']
[0.258s] Level 1:colcon.colcon_core.package_identification:_identify(src/turtlebot3) by extension 'colcon_pkg'
[0.258s] Level 1:colcon.colcon_core.package_identification:_identify(src/turtlebot3) by extensions ['colcon_meta']
[0.259s] Level 1:colcon.colcon_core.package_identification:_identify(src/turtlebot3) by extension 'colcon_meta'
[0.259s] Level 1:colcon.colcon_core.package_identification:_identify(src/turtlebot3) by extensions ['ros']
[0.259s] Level 1:colcon.colcon_core.package_identification:_identify(src/turtlebot3) by extension 'ros'
[0.259s] Level 1:colcon.colcon_core.package_identification:_identify(src/turtlebot3) by extensions ['cmake', 'python']
[0.259s] Level 1:colcon.colcon_core.package_identification:_identify(src/turtlebot3) by extension 'cmake'
[0.259s] Level 1:colcon.colcon_core.package_identification:_identify(src/turtlebot3) by extension 'python'
[0.259s] Level 1:colcon.colcon_core.package_identification:_identify(src/turtlebot3) by extensions ['python_setup_py']
[0.259s] Level 1:colcon.colcon_core.package_identification:_identify(src/turtlebot3) by extension 'python_setup_py'
[0.260s] Level 1:colcon.colcon_core.package_identification:_identify(src/turtlebot3/turtlebot3) by extensions ['ignore', 'ignore_ament_install']
[0.260s] Level 1:colcon.colcon_core.package_identification:_identify(src/turtlebot3/turtlebot3) by extension 'ignore'
[0.260s] Level 1:colcon.colcon_core.package_identification:_identify(src/turtlebot3/turtlebot3) by extension 'ignore_ament_install'
[0.260s] Level 1:colcon.colcon_core.package_identification:_identify(src/turtlebot3/turtlebot3) by extensions ['colcon_pkg']
[0.260s] Level 1:colcon.colcon_core.package_identification:_identify(src/turtlebot3/turtlebot3) by extension 'colcon_pkg'
[0.260s] Level 1:colcon.colcon_core.package_identification:_identify(src/turtlebot3/turtlebot3) by extensions ['colcon_meta']
[0.260s] Level 1:colcon.colcon_core.package_identification:_identify(src/turtlebot3/turtlebot3) by extension 'colcon_meta'
[0.260s] Level 1:colcon.colcon_core.package_identification:_identify(src/turtlebot3/turtlebot3) by extensions ['ros']
[0.261s] Level 1:colcon.colcon_core.package_identification:_identify(src/turtlebot3/turtlebot3) by extension 'ros'
[0.261s] Level 1:colcon.colcon_core.package_identification:_identify(src/turtlebot3/turtlebot3) by extensions ['cmake', 'python']
[0.261s] Level 1:colcon.colcon_core.package_identification:_identify(src/turtlebot3/turtlebot3) by extension 'cmake'
[0.261s] Level 1:colcon.colcon_core.package_identification:_identify(src/turtlebot3/turtlebot3) by extension 'python'
[0.261s] Level 1:colcon.colcon_core.package_identification:_identify(src/turtlebot3/turtlebot3) by extensions ['python_setup_py']
[0.261s] Level 1:colcon.colcon_core.package_identification:_identify(src/turtlebot3/turtlebot3) by extension 'python_setup_py'
[0.261s] Level 1:colcon.colcon_core.package_identification:_identify(src/turtlebot3/turtlebot3_msgs) by extensions ['ignore', 'ignore_ament_install']
[0.261s] Level 1:colcon.colcon_core.package_identification:_identify(src/turtlebot3/turtlebot3_msgs) by extension 'ignore'
[0.261s] Level 1:colcon.colcon_core.package_identification:_identify(src/turtlebot3/turtlebot3_msgs) by extension 'ignore_ament_install'
[0.261s] Level 1:colcon.colcon_core.package_identification:_identify(src/turtlebot3/turtlebot3_msgs) by extensions ['colcon_pkg']
[0.261s] Level 1:colcon.colcon_core.package_identification:_identify(src/turtlebot3/turtlebot3_msgs) by extension 'colcon_pkg'
[0.261s] Level 1:colcon.colcon_core.package_identification:_identify(src/turtlebot3/turtlebot3_msgs) by extensions ['colcon_meta']
[0.262s] Level 1:colcon.colcon_core.package_identification:_identify(src/turtlebot3/turtlebot3_msgs) by extension 'colcon_meta'
[0.262s] Level 1:colcon.colcon_core.package_identification:_identify(src/turtlebot3/turtlebot3_msgs) by extensions ['ros']
[0.262s] Level 1:colcon.colcon_core.package_identification:_identify(src/turtlebot3/turtlebot3_msgs) by extension 'ros'
[0.262s] Level 1:colcon.colcon_core.package_identification:_identify(src/turtlebot3/turtlebot3_msgs) by extensions ['cmake', 'python']
[0.262s] Level 1:colcon.colcon_core.package_identification:_identify(src/turtlebot3/turtlebot3_msgs) by extension 'cmake'
[0.262s] Level 1:colcon.colcon_core.package_identification:_identify(src/turtlebot3/turtlebot3_msgs) by extension 'python'
[0.262s] Level 1:colcon.colcon_core.package_identification:_identify(src/turtlebot3/turtlebot3_msgs) by extensions ['python_setup_py']
[0.262s] Level 1:colcon.colcon_core.package_identification:_identify(src/turtlebot3/turtlebot3_msgs) by extension 'python_setup_py'
[0.263s] Level 1:colcon.colcon_core.package_identification:_identify(src/turtlebot3/turtlebot3_simulations) by extensions ['ignore', 'ignore_ament_install']
[0.263s] Level 1:colcon.colcon_core.package_identification:_identify(src/turtlebot3/turtlebot3_simulations) by extension 'ignore'
[0.263s] Level 1:colcon.colcon_core.package_identification:_identify(src/turtlebot3/turtlebot3_simulations) by extension 'ignore_ament_install'
[0.263s] Level 1:colcon.colcon_core.package_identification:_identify(src/turtlebot3/turtlebot3_simulations) by extensions ['colcon_pkg']
[0.263s] Level 1:colcon.colcon_core.package_identification:_identify(src/turtlebot3/turtlebot3_simulations) by extension 'colcon_pkg'
[0.263s] Level 1:colcon.colcon_core.package_identification:_identify(src/turtlebot3/turtlebot3_simulations) by extensions ['colcon_meta']
[0.263s] Level 1:colcon.colcon_core.package_identification:_identify(src/turtlebot3/turtlebot3_simulations) by extension 'colcon_meta'
[0.263s] Level 1:colcon.colcon_core.package_identification:_identify(src/turtlebot3/turtlebot3_simulations) by extensions ['ros']
[0.263s] Level 1:colcon.colcon_core.package_identification:_identify(src/turtlebot3/turtlebot3_simulations) by extension 'ros'
[0.263s] Level 1:colcon.colcon_core.package_identification:_identify(src/turtlebot3/turtlebot3_simulations) by extensions ['cmake', 'python']
[0.263s] Level 1:colcon.colcon_core.package_identification:_identify(src/turtlebot3/turtlebot3_simulations) by extension 'cmake'
[0.263s] Level 1:colcon.colcon_core.package_identification:_identify(src/turtlebot3/turtlebot3_simulations) by extension 'python'
[0.263s] Level 1:colcon.colcon_core.package_identification:_identify(src/turtlebot3/turtlebot3_simulations) by extensions ['python_setup_py']
[0.263s] Level 1:colcon.colcon_core.package_identification:_identify(src/turtlebot3/turtlebot3_simulations) by extension 'python_setup_py'
[0.264s] Level 1:colcon.colcon_core.package_identification:_identify(src/utils) by extensions ['ignore', 'ignore_ament_install']
[0.264s] Level 1:colcon.colcon_core.package_identification:_identify(src/utils) by extension 'ignore'
[0.264s] Level 1:colcon.colcon_core.package_identification:_identify(src/utils) by extension 'ignore_ament_install'
[0.264s] Level 1:colcon.colcon_core.package_identification:_identify(src/utils) by extensions ['colcon_pkg']
[0.264s] Level 1:colcon.colcon_core.package_identification:_identify(src/utils) by extension 'colcon_pkg'
[0.264s] Level 1:colcon.colcon_core.package_identification:_identify(src/utils) by extensions ['colcon_meta']
[0.264s] Level 1:colcon.colcon_core.package_identification:_identify(src/utils) by extension 'colcon_meta'
[0.264s] Level 1:colcon.colcon_core.package_identification:_identify(src/utils) by extensions ['ros']
[0.264s] Level 1:colcon.colcon_core.package_identification:_identify(src/utils) by extension 'ros'
[0.264s] Level 1:colcon.colcon_core.package_identification:_identify(src/utils) by extensions ['cmake', 'python']
[0.264s] Level 1:colcon.colcon_core.package_identification:_identify(src/utils) by extension 'cmake'
[0.264s] Level 1:colcon.colcon_core.package_identification:_identify(src/utils) by extension 'python'
[0.264s] Level 1:colcon.colcon_core.package_identification:_identify(src/utils) by extensions ['python_setup_py']
[0.265s] Level 1:colcon.colcon_core.package_identification:_identify(src/utils) by extension 'python_setup_py'
[0.265s] Level 1:colcon.colcon_core.package_identification:_identify(src/utils/DynamixelSDK) by extensions ['ignore', 'ignore_ament_install']
[0.265s] Level 1:colcon.colcon_core.package_identification:_identify(src/utils/DynamixelSDK) by extension 'ignore'
[0.265s] Level 1:colcon.colcon_core.package_identification:_identify(src/utils/DynamixelSDK) by extension 'ignore_ament_install'
[0.265s] Level 1:colcon.colcon_core.package_identification:_identify(src/utils/DynamixelSDK) by extensions ['colcon_pkg']
[0.265s] Level 1:colcon.colcon_core.package_identification:_identify(src/utils/DynamixelSDK) by extension 'colcon_pkg'
[0.265s] Level 1:colcon.colcon_core.package_identification:_identify(src/utils/DynamixelSDK) by extensions ['colcon_meta']
[0.265s] Level 1:colcon.colcon_core.package_identification:_identify(src/utils/DynamixelSDK) by extension 'colcon_meta'
[0.265s] Level 1:colcon.colcon_core.package_identification:_identify(src/utils/DynamixelSDK) by extensions ['ros']
[0.265s] Level 1:colcon.colcon_core.package_identification:_identify(src/utils/DynamixelSDK) by extension 'ros'
[0.265s] Level 1:colcon.colcon_core.package_identification:_identify(src/utils/DynamixelSDK) by extensions ['cmake', 'python']
[0.265s] Level 1:colcon.colcon_core.package_identification:_identify(src/utils/DynamixelSDK) by extension 'cmake'
[0.266s] Level 1:colcon.colcon_core.package_identification:_identify(src/utils/DynamixelSDK) by extension 'python'
[0.266s] Level 1:colcon.colcon_core.package_identification:_identify(src/utils/DynamixelSDK) by extensions ['python_setup_py']
[0.266s] Level 1:colcon.colcon_core.package_identification:_identify(src/utils/DynamixelSDK) by extension 'python_setup_py'
[0.266s] Level 1:colcon.colcon_core.package_identification:_identify(src/utils/hls_lfcd_lds_driver) by extensions ['ignore', 'ignore_ament_install']
[0.266s] Level 1:colcon.colcon_core.package_identification:_identify(src/utils/hls_lfcd_lds_driver) by extension 'ignore'
[0.266s] Level 1:colcon.colcon_core.package_identification:_identify(src/utils/hls_lfcd_lds_driver) by extension 'ignore_ament_install'
[0.266s] Level 1:colcon.colcon_core.package_identification:_identify(src/utils/hls_lfcd_lds_driver) by extensions ['colcon_pkg']
[0.266s] Level 1:colcon.colcon_core.package_identification:_identify(src/utils/hls_lfcd_lds_driver) by extension 'colcon_pkg'
[0.266s] Level 1:colcon.colcon_core.package_identification:_identify(src/utils/hls_lfcd_lds_driver) by extensions ['colcon_meta']
[0.266s] Level 1:colcon.colcon_core.package_identification:_identify(src/utils/hls_lfcd_lds_driver) by extension 'colcon_meta'
[0.266s] Level 1:colcon.colcon_core.package_identification:_identify(src/utils/hls_lfcd_lds_driver) by extensions ['ros']
[0.266s] Level 1:colcon.colcon_core.package_identification:_identify(src/utils/hls_lfcd_lds_driver) by extension 'ros'
[0.266s] Level 1:colcon.colcon_core.package_identification:_identify(src/utils/hls_lfcd_lds_driver) by extensions ['cmake', 'python']
[0.266s] Level 1:colcon.colcon_core.package_identification:_identify(src/utils/hls_lfcd_lds_driver) by extension 'cmake'
[0.267s] Level 1:colcon.colcon_core.package_identification:_identify(src/utils/hls_lfcd_lds_driver) by extension 'python'
[0.267s] Level 1:colcon.colcon_core.package_identification:_identify(src/utils/hls_lfcd_lds_driver) by extensions ['python_setup_py']
[0.267s] Level 1:colcon.colcon_core.package_identification:_identify(src/utils/hls_lfcd_lds_driver) by extension 'python_setup_py'
[0.267s] Level 1:colcon.colcon_core.package_discovery:discover_packages(recursive) using defaults
[0.267s] Level 1:colcon.colcon_core.package_discovery:discover_packages(ignore) discover
[0.267s] Level 1:colcon.colcon_core.package_discovery:discover_packages(ignore) using defaults
[0.267s] Level 1:colcon.colcon_core.package_discovery:discover_packages(path) discover
[0.267s] Level 1:colcon.colcon_core.package_discovery:discover_packages(path) using defaults
[0.299s] Level 1:colcon.colcon_core.package_discovery:discover_packages(prefix_path) check parameters
[0.299s] Level 1:colcon.colcon_core.package_discovery:discover_packages(prefix_path) discover
[0.303s] DEBUG:colcon.colcon_installed_package_information.package_discovery:Found 416 installed packages in /opt/ros/humble
[0.307s] Level 1:colcon.colcon_core.package_discovery:discover_packages(prefix_path) using defaults
[0.391s] Level 5:colcon.colcon_core.verb:set package 'book_database' build argument 'cmake_args' from command line to 'None'
[0.391s] Level 5:colcon.colcon_core.verb:set package 'book_database' build argument 'cmake_target' from command line to 'None'
[0.391s] Level 5:colcon.colcon_core.verb:set package 'book_database' build argument 'cmake_target_skip_unavailable' from command line to 'False'
[0.391s] Level 5:colcon.colcon_core.verb:set package 'book_database' build argument 'cmake_clean_cache' from command line to 'False'
[0.391s] Level 5:colcon.colcon_core.verb:set package 'book_database' build argument 'cmake_clean_first' from command line to 'False'
[0.391s] Level 5:colcon.colcon_core.verb:set package 'book_database' build argument 'cmake_force_configure' from command line to 'False'
[0.391s] Level 5:colcon.colcon_core.verb:set package 'book_database' build argument 'ament_cmake_args' from command line to 'None'
[0.391s] Level 5:colcon.colcon_core.verb:set package 'book_database' build argument 'catkin_cmake_args' from command line to 'None'
[0.391s] Level 5:colcon.colcon_core.verb:set package 'book_database' build argument 'catkin_skip_building_tests' from command line to 'False'
[0.392s] DEBUG:colcon.colcon_core.verb:Building package 'book_database' with the following arguments: {'ament_cmake_args': None, 'build_base': '/home/katie/turtlebot3_ws/build/book_database', 'catkin_cmake_args': None, 'catkin_skip_building_tests': False, 'cmake_args': None, 'cmake_clean_cache': False, 'cmake_clean_first': False, 'cmake_force_configure': False, 'cmake_target': None, 'cmake_target_skip_unavailable': False, 'install_base': '/home/katie/turtlebot3_ws/install/book_database', 'merge_install': False, 'path': '/home/katie/turtlebot3_ws/book_database', 'symlink_install': False, 'test_result_base': None}
[0.393s] Level 5:colcon.colcon_core.verb:set package 'gallery_database' build argument 'cmake_args' from command line to 'None'
[0.393s] Level 5:colcon.colcon_core.verb:set package 'gallery_database' build argument 'cmake_target' from command line to 'None'
[0.393s] Level 5:colcon.colcon_core.verb:set package 'gallery_database' build argument 'cmake_target_skip_unavailable' from command line to 'False'
[0.393s] Level 5:colcon.colcon_core.verb:set package 'gallery_database' build argument 'cmake_clean_cache' from command line to 'False'
[0.393s] Level 5:colcon.colcon_core.verb:set package 'gallery_database' build argument 'cmake_clean_first' from command line to 'False'
[0.393s] Level 5:colcon.colcon_core.verb:set package 'gallery_database' build argument 'cmake_force_configure' from command line to 'False'
[0.393s] Level 5:colcon.colcon_core.verb:set package 'gallery_database' build argument 'ament_cmake_args' from command line to 'None'
[0.393s] Level 5:colcon.colcon_core.verb:set package 'gallery_database' build argument 'catkin_cmake_args' from command line to 'None'
[0.393s] Level 5:colcon.colcon_core.verb:set package 'gallery_database' build argument 'catkin_skip_building_tests' from command line to 'False'
[0.393s] DEBUG:colcon.colcon_core.verb:Building package 'gallery_database' with the following arguments: {'ament_cmake_args': None, 'build_base': '/home/katie/turtlebot3_ws/build/gallery_database', 'catkin_cmake_args': None, 'catkin_skip_building_tests': False, 'cmake_args': None, 'cmake_clean_cache': False, 'cmake_clean_first': False, 'cmake_force_configure': False, 'cmake_target': None, 'cmake_target_skip_unavailable': False, 'install_base': '/home/katie/turtlebot3_ws/install/gallery_database', 'merge_install': False, 'path': '/home/katie/turtlebot3_ws/kane_gui', 'symlink_install': False, 'test_result_base': None}
[0.394s] Level 5:colcon.colcon_core.verb:set package 'move_pepper' build argument 'cmake_args' from command line to 'None'
[0.394s] Level 5:colcon.colcon_core.verb:set package 'move_pepper' build argument 'cmake_target' from command line to 'None'
[0.394s] Level 5:colcon.colcon_core.verb:set package 'move_pepper' build argument 'cmake_target_skip_unavailable' from command line to 'False'
[0.394s] Level 5:colcon.colcon_core.verb:set package 'move_pepper' build argument 'cmake_clean_cache' from command line to 'False'
[0.394s] Level 5:colcon.colcon_core.verb:set package 'move_pepper' build argument 'cmake_clean_first' from command line to 'False'
[0.394s] Level 5:colcon.colcon_core.verb:set package 'move_pepper' build argument 'cmake_force_configure' from command line to 'False'
[0.394s] Level 5:colcon.colcon_core.verb:set package 'move_pepper' build argument 'ament_cmake_args' from command line to 'None'
[0.394s] Level 5:colcon.colcon_core.verb:set package 'move_pepper' build argument 'catkin_cmake_args' from command line to 'None'
[0.394s] Level 5:colcon.colcon_core.verb:set package 'move_pepper' build argument 'catkin_skip_building_tests' from command line to 'False'
[0.395s] DEBUG:colcon.colcon_core.verb:Building package 'move_pepper' with the following arguments: {'ament_cmake_args': None, 'build_base': '/home/katie/turtlebot3_ws/build/move_pepper', 'catkin_cmake_args': None, 'catkin_skip_building_tests': False, 'cmake_args': None, 'cmake_clean_cache': False, 'cmake_clean_first': False, 'cmake_force_configure': False, 'cmake_target': None, 'cmake_target_skip_unavailable': False, 'install_base': '/home/katie/turtlebot3_ws/install/move_pepper', 'merge_install': False, 'path': '/home/katie/turtlebot3_ws/src/move_pepper', 'symlink_install': False, 'test_result_base': None}
[0.395s] Level 5:colcon.colcon_core.verb:set package 'pepper_autonomy' build argument 'cmake_args' from command line to 'None'
[0.396s] Level 5:colcon.colcon_core.verb:set package 'pepper_autonomy' build argument 'cmake_target' from command line to 'None'
[0.396s] Level 5:colcon.colcon_core.verb:set package 'pepper_autonomy' build argument 'cmake_target_skip_unavailable' from command line to 'False'
[0.396s] Level 5:colcon.colcon_core.verb:set package 'pepper_autonomy' build argument 'cmake_clean_cache' from command line to 'False'
[0.396s] Level 5:colcon.colcon_core.verb:set package 'pepper_autonomy' build argument 'cmake_clean_first' from command line to 'False'
[0.396s] Level 5:colcon.colcon_core.verb:set package 'pepper_autonomy' build argument 'cmake_force_configure' from command line to 'False'
[0.396s] Level 5:colcon.colcon_core.verb:set package 'pepper_autonomy' build argument 'ament_cmake_args' from command line to 'None'
[0.396s] Level 5:colcon.colcon_core.verb:set package 'pepper_autonomy' build argument 'catkin_cmake_args' from command line to 'None'
[0.396s] Level 5:colcon.colcon_core.verb:set package 'pepper_autonomy' build argument 'catkin_skip_building_tests' from command line to 'False'
[0.396s] DEBUG:colcon.colcon_core.verb:Building package 'pepper_autonomy' with the following arguments: {'ament_cmake_args': None, 'build_base': '/home/katie/turtlebot3_ws/build/pepper_autonomy', 'catkin_cmake_args': None, 'catkin_skip_building_tests': False, 'cmake_args': None, 'cmake_clean_cache': False, 'cmake_clean_first': False, 'cmake_force_configure': False, 'cmake_target': None, 'cmake_target_skip_unavailable': False, 'install_base': '/home/katie/turtlebot3_ws/install/pepper_autonomy', 'merge_install': False, 'path': '/home/katie/turtlebot3_ws/src/pepper_autonomy', 'symlink_install': False, 'test_result_base': None}
[0.396s] INFO:colcon.colcon_core.executor:Executing jobs using 'parallel' executor
[0.398s] DEBUG:colcon.colcon_parallel_executor.executor.parallel:run_until_complete
[0.399s] INFO:colcon.colcon_ros.task.ament_cmake.build:Building ROS package in '/home/katie/turtlebot3_ws/book_database' with build type 'ament_cmake'
[0.399s] INFO:colcon.colcon_cmake.task.cmake.build:Building CMake package in '/home/katie/turtlebot3_ws/book_database'
[0.403s] INFO:colcon.colcon_core.plugin_system:Skipping extension 'colcon_core.shell.bat': Not used on non-Windows systems
[0.404s] INFO:colcon.colcon_core.shell:Skip shell extension 'powershell' for command environment: Not usable outside of PowerShell
[0.404s] DEBUG:colcon.colcon_core.shell:Skip shell extension 'dsv' for command environment
[0.409s] INFO:colcon.colcon_ros.task.ament_cmake.build:Building ROS package in '/home/katie/turtlebot3_ws/kane_gui' with build type 'ament_cmake'
[0.409s] INFO:colcon.colcon_cmake.task.cmake.build:Building CMake package in '/home/katie/turtlebot3_ws/kane_gui'
[0.410s] INFO:colcon.colcon_core.shell:Skip shell extension 'powershell' for command environment: Not usable outside of PowerShell
[0.411s] DEBUG:colcon.colcon_core.shell:Skip shell extension 'dsv' for command environment
[0.417s] INFO:colcon.colcon_ros.task.ament_python.build:Building ROS package in '/home/katie/turtlebot3_ws/src/move_pepper' with build type 'ament_python'
[0.418s] Level 1:colcon.colcon_core.shell:create_environment_hook('move_pepper', 'ament_prefix_path')
[0.418s] INFO:colcon.colcon_core.shell:Creating environment hook '/home/katie/turtlebot3_ws/install/move_pepper/share/move_pepper/hook/ament_prefix_path.ps1'
[0.420s] INFO:colcon.colcon_core.shell:Creating environment descriptor '/home/katie/turtlebot3_ws/install/move_pepper/share/move_pepper/hook/ament_prefix_path.dsv'
[0.421s] INFO:colcon.colcon_core.shell:Creating environment hook '/home/katie/turtlebot3_ws/install/move_pepper/share/move_pepper/hook/ament_prefix_path.sh'
[0.424s] INFO:colcon.colcon_core.shell:Skip shell extension 'powershell' for command environment: Not usable outside of PowerShell
[0.424s] DEBUG:colcon.colcon_core.shell:Skip shell extension 'dsv' for command environment
[0.433s] INFO:colcon.colcon_ros.task.ament_cmake.build:Building ROS package in '/home/katie/turtlebot3_ws/src/pepper_autonomy' with build type 'ament_cmake'
[0.434s] INFO:colcon.colcon_cmake.task.cmake.build:Building CMake package in '/home/katie/turtlebot3_ws/src/pepper_autonomy'
[0.434s] INFO:colcon.colcon_core.shell:Skip shell extension 'powershell' for command environment: Not usable outside of PowerShell
[0.435s] DEBUG:colcon.colcon_core.shell:Skip shell extension 'dsv' for command environment
[0.450s] DEBUG:colcon.colcon_core.event_handler.log_command:Invoking command in '/home/katie/turtlebot3_ws/build/book_database': CMAKE_PREFIX_PATH=/opt/ros/humble /usr/bin/cmake --build /home/katie/turtlebot3_ws/build/book_database -- -j8 -l8
[0.456s] DEBUG:colcon.colcon_core.event_handler.log_command:Invoking command in '/home/katie/turtlebot3_ws/build/gallery_database': CMAKE_PREFIX_PATH=/opt/ros/humble /usr/bin/cmake --build /home/katie/turtlebot3_ws/build/gallery_database -- -j8 -l8
[0.896s] INFO:colcon.colcon_core.task.python.build:Building Python package in '/home/katie/turtlebot3_ws/src/move_pepper'
[0.897s] INFO:colcon.colcon_core.shell:Skip shell extension 'powershell' for command environment: Not usable outside of PowerShell
[0.898s] DEBUG:colcon.colcon_core.shell:Skip shell extension 'dsv' for command environment
[0.942s] DEBUG:colcon.colcon_core.event_handler.log_command:Invoking command in '/home/katie/turtlebot3_ws/build/pepper_autonomy': CMAKE_PREFIX_PATH=/opt/ros/humble /usr/bin/cmake --build /home/katie/turtlebot3_ws/build/pepper_autonomy -- -j8 -l8
[0.942s] DEBUG:colcon.colcon_core.event_handler.log_command:Invoked command in '/home/katie/turtlebot3_ws/build/book_database' returned '0': CMAKE_PREFIX_PATH=/opt/ros/humble /usr/bin/cmake --build /home/katie/turtlebot3_ws/build/book_database -- -j8 -l8
[0.960s] DEBUG:colcon.colcon_core.event_handler.log_command:Invoking command in '/home/katie/turtlebot3_ws/build/book_database': CMAKE_PREFIX_PATH=/opt/ros/humble /usr/bin/cmake --install /home/katie/turtlebot3_ws/build/book_database
[0.961s] DEBUG:colcon.colcon_core.event_handler.log_command:Invoked command in '/home/katie/turtlebot3_ws/build/gallery_database' returned '0': CMAKE_PREFIX_PATH=/opt/ros/humble /usr/bin/cmake --build /home/katie/turtlebot3_ws/build/gallery_database -- -j8 -l8
[0.966s] DEBUG:colcon.colcon_core.event_handler.log_command:Invoking command in '/home/katie/turtlebot3_ws/build/gallery_database': CMAKE_PREFIX_PATH=/opt/ros/humble /usr/bin/cmake --install /home/katie/turtlebot3_ws/build/gallery_database
[0.988s] Level 1:colcon.colcon_core.environment:create_environment_scripts_only(book_database)
[0.989s] DEBUG:colcon.colcon_core.event_handler.log_command:Invoked command in '/home/katie/turtlebot3_ws/build/book_database' returned '0': CMAKE_PREFIX_PATH=/opt/ros/humble /usr/bin/cmake --install /home/katie/turtlebot3_ws/build/book_database
[0.992s] Level 1:colcon.colcon_core.environment:checking '/home/katie/turtlebot3_ws/install/book_database' for CMake module files
[0.994s] Level 1:colcon.colcon_core.environment:checking '/home/katie/turtlebot3_ws/install/book_database' for CMake config files
[0.994s] Level 1:colcon.colcon_core.shell:create_environment_hook('book_database', 'cmake_prefix_path')
[0.995s] INFO:colcon.colcon_core.shell:Creating environment hook '/home/katie/turtlebot3_ws/install/book_database/share/book_database/hook/cmake_prefix_path.ps1'
[0.997s] INFO:colcon.colcon_core.shell:Creating environment descriptor '/home/katie/turtlebot3_ws/install/book_database/share/book_database/hook/cmake_prefix_path.dsv'
[0.998s] INFO:colcon.colcon_core.shell:Creating environment hook '/home/katie/turtlebot3_ws/install/book_database/share/book_database/hook/cmake_prefix_path.sh'
[1.001s] Level 1:colcon.colcon_core.environment:checking '/home/katie/turtlebot3_ws/install/book_database/lib'
[1.001s] Level 1:colcon.colcon_core.environment:checking '/home/katie/turtlebot3_ws/install/book_database/bin'
[1.001s] Level 1:colcon.colcon_core.environment:checking '/home/katie/turtlebot3_ws/install/book_database/lib/pkgconfig/book_database.pc'
[1.002s] Level 1:colcon.colcon_core.environment:checking '/home/katie/turtlebot3_ws/install/book_database/lib/python3.10/site-packages'
[1.002s] Level 1:colcon.colcon_core.environment:checking '/home/katie/turtlebot3_ws/install/book_database/bin'
[1.003s] INFO:colcon.colcon_core.shell:Creating package script '/home/katie/turtlebot3_ws/install/book_database/share/book_database/package.ps1'
[1.005s] INFO:colcon.colcon_core.shell:Creating package descriptor '/home/katie/turtlebot3_ws/install/book_database/share/book_database/package.dsv'
[1.006s] INFO:colcon.colcon_core.shell:Creating package script '/home/katie/turtlebot3_ws/install/book_database/share/book_database/package.sh'
[1.008s] INFO:colcon.colcon_core.shell:Creating package script '/home/katie/turtlebot3_ws/install/book_database/share/book_database/package.bash'
[1.010s] INFO:colcon.colcon_core.shell:Creating package script '/home/katie/turtlebot3_ws/install/book_database/share/book_database/package.zsh'
[1.013s] Level 1:colcon.colcon_core.environment:create_file_with_runtime_dependencies(/home/katie/turtlebot3_ws/install/book_database/share/colcon-core/packages/book_database)
[1.014s] Level 1:colcon.colcon_core.environment:create_environment_scripts_only(book_database)
[1.015s] Level 1:colcon.colcon_core.environment:checking '/home/katie/turtlebot3_ws/install/book_database' for CMake module files
[1.016s] Level 1:colcon.colcon_core.environment:checking '/home/katie/turtlebot3_ws/install/book_database' for CMake config files
[1.016s] Level 1:colcon.colcon_core.shell:create_environment_hook('book_database', 'cmake_prefix_path')
[1.017s] INFO:colcon.colcon_core.shell:Creating environment hook '/home/katie/turtlebot3_ws/install/book_database/share/book_database/hook/cmake_prefix_path.ps1'
[1.018s] INFO:colcon.colcon_core.shell:Creating environment descriptor '/home/katie/turtlebot3_ws/install/book_database/share/book_database/hook/cmake_prefix_path.dsv'
[1.018s] INFO:colcon.colcon_core.shell:Creating environment hook '/home/katie/turtlebot3_ws/install/book_database/share/book_database/hook/cmake_prefix_path.sh'
[1.020s] Level 1:colcon.colcon_core.environment:checking '/home/katie/turtlebot3_ws/install/book_database/lib'
[1.020s] Level 1:colcon.colcon_core.environment:checking '/home/katie/turtlebot3_ws/install/book_database/bin'
[1.020s] Level 1:colcon.colcon_core.environment:checking '/home/katie/turtlebot3_ws/install/book_database/lib/pkgconfig/book_database.pc'
[1.021s] Level 1:colcon.colcon_core.environment:checking '/home/katie/turtlebot3_ws/install/book_database/lib/python3.10/site-packages'
[1.021s] Level 1:colcon.colcon_core.environment:checking '/home/katie/turtlebot3_ws/install/book_database/bin'
[1.021s] INFO:colcon.colcon_core.shell:Creating package script '/home/katie/turtlebot3_ws/install/book_database/share/book_database/package.ps1'
[1.023s] INFO:colcon.colcon_core.shell:Creating package descriptor '/home/katie/turtlebot3_ws/install/book_database/share/book_database/package.dsv'
[1.024s] INFO:colcon.colcon_core.shell:Creating package script '/home/katie/turtlebot3_ws/install/book_database/share/book_database/package.sh'
[1.025s] INFO:colcon.colcon_core.shell:Creating package script '/home/katie/turtlebot3_ws/install/book_database/share/book_database/package.bash'
[1.026s] INFO:colcon.colcon_core.shell:Creating package script '/home/katie/turtlebot3_ws/install/book_database/share/book_database/package.zsh'
[1.027s] Level 1:colcon.colcon_core.environment:create_file_with_runtime_dependencies(/home/katie/turtlebot3_ws/install/book_database/share/colcon-core/packages/book_database)
[1.030s] Level 1:colcon.colcon_core.environment:create_environment_scripts_only(gallery_database)
[1.032s] DEBUG:colcon.colcon_core.event_handler.log_command:Invoked command in '/home/katie/turtlebot3_ws/build/gallery_database' returned '0': CMAKE_PREFIX_PATH=/opt/ros/humble /usr/bin/cmake --install /home/katie/turtlebot3_ws/build/gallery_database
[1.033s] Level 1:colcon.colcon_core.environment:checking '/home/katie/turtlebot3_ws/install/gallery_database' for CMake module files
[1.034s] Level 1:colcon.colcon_core.environment:checking '/home/katie/turtlebot3_ws/install/gallery_database' for CMake config files
[1.034s] Level 1:colcon.colcon_core.shell:create_environment_hook('gallery_database', 'cmake_prefix_path')
[1.035s] INFO:colcon.colcon_core.shell:Creating environment hook '/home/katie/turtlebot3_ws/install/gallery_database/share/gallery_database/hook/cmake_prefix_path.ps1'
[1.036s] INFO:colcon.colcon_core.shell:Creating environment descriptor '/home/katie/turtlebot3_ws/install/gallery_database/share/gallery_database/hook/cmake_prefix_path.dsv'
[1.037s] INFO:colcon.colcon_core.shell:Creating environment hook '/home/katie/turtlebot3_ws/install/gallery_database/share/gallery_database/hook/cmake_prefix_path.sh'
[1.038s] Level 1:colcon.colcon_core.environment:checking '/home/katie/turtlebot3_ws/install/gallery_database/lib'
[1.039s] Level 1:colcon.colcon_core.environment:checking '/home/katie/turtlebot3_ws/install/gallery_database/bin'
[1.039s] Level 1:colcon.colcon_core.environment:checking '/home/katie/turtlebot3_ws/install/gallery_database/lib/pkgconfig/gallery_database.pc'
[1.039s] Level 1:colcon.colcon_core.environment:checking '/home/katie/turtlebot3_ws/install/gallery_database/lib/python3.10/site-packages'
[1.040s] Level 1:colcon.colcon_core.environment:checking '/home/katie/turtlebot3_ws/install/gallery_database/bin'
[1.041s] INFO:colcon.colcon_core.shell:Creating package script '/home/katie/turtlebot3_ws/install/gallery_database/share/gallery_database/package.ps1'
[1.042s] INFO:colcon.colcon_core.shell:Creating package descriptor '/home/katie/turtlebot3_ws/install/gallery_database/share/gallery_database/package.dsv'
[1.043s] INFO:colcon.colcon_core.shell:Creating package script '/home/katie/turtlebot3_ws/install/gallery_database/share/gallery_database/package.sh'
[1.044s] INFO:colcon.colcon_core.shell:Creating package script '/home/katie/turtlebot3_ws/install/gallery_database/share/gallery_database/package.bash'
[1.045s] INFO:colcon.colcon_core.shell:Creating package script '/home/katie/turtlebot3_ws/install/gallery_database/share/gallery_database/package.zsh'
[1.046s] Level 1:colcon.colcon_core.environment:create_file_with_runtime_dependencies(/home/katie/turtlebot3_ws/install/gallery_database/share/colcon-core/packages/gallery_database)
[1.048s] Level 1:colcon.colcon_core.environment:create_environment_scripts_only(gallery_database)
[1.049s] Level 1:colcon.colcon_core.environment:checking '/home/katie/turtlebot3_ws/install/gallery_database' for CMake module files
[1.050s] Level 1:colcon.colcon_core.environment:checking '/home/katie/turtlebot3_ws/install/gallery_database' for CMake config files
[1.051s] Level 1:colcon.colcon_core.shell:create_environment_hook('gallery_database', 'cmake_prefix_path')
[1.051s] INFO:colcon.colcon_core.shell:Creating environment hook '/home/katie/turtlebot3_ws/install/gallery_database/share/gallery_database/hook/cmake_prefix_path.ps1'
[1.052s] INFO:colcon.colcon_core.shell:Creating environment descriptor '/home/katie/turtlebot3_ws/install/gallery_database/share/gallery_database/hook/cmake_prefix_path.dsv'
[1.053s] INFO:colcon.colcon_core.shell:Creating environment hook '/home/katie/turtlebot3_ws/install/gallery_database/share/gallery_database/hook/cmake_prefix_path.sh'
[1.054s] Level 1:colcon.colcon_core.environment:checking '/home/katie/turtlebot3_ws/install/gallery_database/lib'
[1.054s] Level 1:colcon.colcon_core.environment:checking '/home/katie/turtlebot3_ws/install/gallery_database/bin'
[1.054s] Level 1:colcon.colcon_core.environment:checking '/home/katie/turtlebot3_ws/install/gallery_database/lib/pkgconfig/gallery_database.pc'
[1.055s] Level 1:colcon.colcon_core.environment:checking '/home/katie/turtlebot3_ws/install/gallery_database/lib/python3.10/site-packages'
[1.055s] Level 1:colcon.colcon_core.environment:checking '/home/katie/turtlebot3_ws/install/gallery_database/bin'
[1.056s] INFO:colcon.colcon_core.shell:Creating package script '/home/katie/turtlebot3_ws/install/gallery_database/share/gallery_database/package.ps1'
[1.057s] INFO:colcon.colcon_core.shell:Creating package descriptor '/home/katie/turtlebot3_ws/install/gallery_database/share/gallery_database/package.dsv'
[1.058s] INFO:colcon.colcon_core.shell:Creating package script '/home/katie/turtlebot3_ws/install/gallery_database/share/gallery_database/package.sh'
[1.059s] INFO:colcon.colcon_core.shell:Creating package script '/home/katie/turtlebot3_ws/install/gallery_database/share/gallery_database/package.bash'
[1.060s] INFO:colcon.colcon_core.shell:Creating package script '/home/katie/turtlebot3_ws/install/gallery_database/share/gallery_database/package.zsh'
[1.061s] Level 1:colcon.colcon_core.environment:create_file_with_runtime_dependencies(/home/katie/turtlebot3_ws/install/gallery_database/share/colcon-core/packages/gallery_database)
[1.078s] DEBUG:colcon.colcon_core.event_handler.log_command:Invoked command in '/home/katie/turtlebot3_ws/build/pepper_autonomy' returned '0': CMAKE_PREFIX_PATH=/opt/ros/humble /usr/bin/cmake --build /home/katie/turtlebot3_ws/build/pepper_autonomy -- -j8 -l8
[1.082s] DEBUG:colcon.colcon_core.event_handler.log_command:Invoking command in '/home/katie/turtlebot3_ws/build/pepper_autonomy': CMAKE_PREFIX_PATH=/opt/ros/humble /usr/bin/cmake --install /home/katie/turtlebot3_ws/build/pepper_autonomy
[1.104s] Level 1:colcon.colcon_core.environment:create_environment_scripts_only(pepper_autonomy)
[1.105s] Level 1:colcon.colcon_core.environment:checking '/home/katie/turtlebot3_ws/install/pepper_autonomy' for CMake module files
[1.106s] DEBUG:colcon.colcon_core.event_handler.log_command:Invoked command in '/home/katie/turtlebot3_ws/build/pepper_autonomy' returned '0': CMAKE_PREFIX_PATH=/opt/ros/humble /usr/bin/cmake --install /home/katie/turtlebot3_ws/build/pepper_autonomy
[1.107s] Level 1:colcon.colcon_core.environment:checking '/home/katie/turtlebot3_ws/install/pepper_autonomy' for CMake config files
[1.107s] Level 1:colcon.colcon_core.shell:create_environment_hook('pepper_autonomy', 'cmake_prefix_path')
[1.108s] INFO:colcon.colcon_core.shell:Creating environment hook '/home/katie/turtlebot3_ws/install/pepper_autonomy/share/pepper_autonomy/hook/cmake_prefix_path.ps1'
[1.109s] INFO:colcon.colcon_core.shell:Creating environment descriptor '/home/katie/turtlebot3_ws/install/pepper_autonomy/share/pepper_autonomy/hook/cmake_prefix_path.dsv'
[1.110s] INFO:colcon.colcon_core.shell:Creating environment hook '/home/katie/turtlebot3_ws/install/pepper_autonomy/share/pepper_autonomy/hook/cmake_prefix_path.sh'
[1.112s] Level 1:colcon.colcon_core.environment:checking '/home/katie/turtlebot3_ws/install/pepper_autonomy/lib'
[1.112s] Level 1:colcon.colcon_core.environment:checking '/home/katie/turtlebot3_ws/install/pepper_autonomy/bin'
[1.113s] Level 1:colcon.colcon_core.environment:checking '/home/katie/turtlebot3_ws/install/pepper_autonomy/lib/pkgconfig/pepper_autonomy.pc'
[1.113s] Level 1:colcon.colcon_core.environment:checking '/home/katie/turtlebot3_ws/install/pepper_autonomy/lib/python3.10/site-packages'
[1.114s] Level 1:colcon.colcon_core.environment:checking '/home/katie/turtlebot3_ws/install/pepper_autonomy/bin'
[1.115s] INFO:colcon.colcon_core.shell:Creating package script '/home/katie/turtlebot3_ws/install/pepper_autonomy/share/pepper_autonomy/package.ps1'
[1.116s] INFO:colcon.colcon_core.shell:Creating package descriptor '/home/katie/turtlebot3_ws/install/pepper_autonomy/share/pepper_autonomy/package.dsv'
[1.117s] INFO:colcon.colcon_core.shell:Creating package script '/home/katie/turtlebot3_ws/install/pepper_autonomy/share/pepper_autonomy/package.sh'
[1.118s] INFO:colcon.colcon_core.shell:Creating package script '/home/katie/turtlebot3_ws/install/pepper_autonomy/share/pepper_autonomy/package.bash'
[1.118s] INFO:colcon.colcon_core.shell:Creating package script '/home/katie/turtlebot3_ws/install/pepper_autonomy/share/pepper_autonomy/package.zsh'
[1.119s] Level 1:colcon.colcon_core.environment:create_file_with_runtime_dependencies(/home/katie/turtlebot3_ws/install/pepper_autonomy/share/colcon-core/packages/pepper_autonomy)
[1.120s] Level 1:colcon.colcon_core.environment:create_environment_scripts_only(pepper_autonomy)
[1.121s] Level 1:colcon.colcon_core.environment:checking '/home/katie/turtlebot3_ws/install/pepper_autonomy' for CMake module files
[1.122s] Level 1:colcon.colcon_core.environment:checking '/home/katie/turtlebot3_ws/install/pepper_autonomy' for CMake config files
[1.122s] Level 1:colcon.colcon_core.shell:create_environment_hook('pepper_autonomy', 'cmake_prefix_path')
[1.123s] INFO:colcon.colcon_core.shell:Creating environment hook '/home/katie/turtlebot3_ws/install/pepper_autonomy/share/pepper_autonomy/hook/cmake_prefix_path.ps1'
[1.123s] INFO:colcon.colcon_core.shell:Creating environment descriptor '/home/katie/turtlebot3_ws/install/pepper_autonomy/share/pepper_autonomy/hook/cmake_prefix_path.dsv'
[1.124s] INFO:colcon.colcon_core.shell:Creating environment hook '/home/katie/turtlebot3_ws/install/pepper_autonomy/share/pepper_autonomy/hook/cmake_prefix_path.sh'
[1.126s] Level 1:colcon.colcon_core.environment:checking '/home/katie/turtlebot3_ws/install/pepper_autonomy/lib'
[1.126s] Level 1:colcon.colcon_core.environment:checking '/home/katie/turtlebot3_ws/install/pepper_autonomy/bin'
[1.126s] Level 1:colcon.colcon_core.environment:checking '/home/katie/turtlebot3_ws/install/pepper_autonomy/lib/pkgconfig/pepper_autonomy.pc'
[1.127s] Level 1:colcon.colcon_core.environment:checking '/home/katie/turtlebot3_ws/install/pepper_autonomy/lib/python3.10/site-packages'
[1.128s] Level 1:colcon.colcon_core.environment:checking '/home/katie/turtlebot3_ws/install/pepper_autonomy/bin'
[1.129s] INFO:colcon.colcon_core.shell:Creating package script '/home/katie/turtlebot3_ws/install/pepper_autonomy/share/pepper_autonomy/package.ps1'
[1.131s] INFO:colcon.colcon_core.shell:Creating package descriptor '/home/katie/turtlebot3_ws/install/pepper_autonomy/share/pepper_autonomy/package.dsv'
[1.133s] INFO:colcon.colcon_core.shell:Creating package script '/home/katie/turtlebot3_ws/install/pepper_autonomy/share/pepper_autonomy/package.sh'
[1.135s] INFO:colcon.colcon_core.shell:Creating package script '/home/katie/turtlebot3_ws/install/pepper_autonomy/share/pepper_autonomy/package.bash'
[1.136s] INFO:colcon.colcon_core.shell:Creating package script '/home/katie/turtlebot3_ws/install/pepper_autonomy/share/pepper_autonomy/package.zsh'
[1.137s] Level 1:colcon.colcon_core.environment:create_file_with_runtime_dependencies(/home/katie/turtlebot3_ws/install/pepper_autonomy/share/colcon-core/packages/pepper_autonomy)
[1.999s] DEBUG:colcon.colcon_core.event_handler.log_command:Invoking command in '/home/katie/turtlebot3_ws/src/move_pepper': PYTHONPATH=/home/katie/turtlebot3_ws/build/move_pepper/prefix_override:/usr/lib/python3/dist-packages/colcon_core/task/python/colcon_distutils_commands:/home/katie/turtlebot3_ws/install/move_pepper/lib/python3.10/site-packages:${PYTHONPATH} /usr/bin/python3 -W ignore:setup.py install is deprecated -W ignore:easy_install command is deprecated setup.py egg_info --egg-base ../../build/move_pepper build --build-base /home/katie/turtlebot3_ws/build/move_pepper/build install --record /home/katie/turtlebot3_ws/build/move_pepper/install.log --single-version-externally-managed install_data
[2.731s] DEBUG:colcon.colcon_core.event_handler.log_command:Invoked command in '/home/katie/turtlebot3_ws/src/move_pepper' returned '1': PYTHONPATH=/home/katie/turtlebot3_ws/build/move_pepper/prefix_override:/usr/lib/python3/dist-packages/colcon_core/task/python/colcon_distutils_commands:/home/katie/turtlebot3_ws/install/move_pepper/lib/python3.10/site-packages:${PYTHONPATH} /usr/bin/python3 -W ignore:setup.py install is deprecated -W ignore:easy_install command is deprecated setup.py egg_info --egg-base ../../build/move_pepper build --build-base /home/katie/turtlebot3_ws/build/move_pepper/build install --record /home/katie/turtlebot3_ws/build/move_pepper/install.log --single-version-externally-managed install_data
[2.740s] DEBUG:colcon.colcon_parallel_executor.executor.parallel:closing loop
[2.741s] DEBUG:colcon.colcon_parallel_executor.executor.parallel:loop closed
[2.741s] DEBUG:colcon.colcon_parallel_executor.executor.parallel:run_until_complete finished with '1'
[2.741s] DEBUG:colcon.colcon_core.event_reactor:joining thread
[2.753s] INFO:colcon.colcon_core.plugin_system:Skipping extension 'colcon_notification.desktop_notification.terminal_notifier': Not used on non-Darwin systems
[2.753s] INFO:colcon.colcon_core.plugin_system:Skipping extension 'colcon_notification.desktop_notification.win32': Not used on non-Windows systems
[2.753s] INFO:colcon.colcon_notification.desktop_notification:Sending desktop notification using 'notify2'
[2.785s] DEBUG:colcon.colcon_core.event_reactor:joined thread
[2.786s] INFO:colcon.colcon_core.shell:Creating prefix script '/home/katie/turtlebot3_ws/install/local_setup.ps1'
[2.788s] INFO:colcon.colcon_core.shell:Creating prefix util module '/home/katie/turtlebot3_ws/install/_local_setup_util_ps1.py'
[2.790s] INFO:colcon.colcon_core.shell:Creating prefix chain script '/home/katie/turtlebot3_ws/install/setup.ps1'
[2.793s] INFO:colcon.colcon_core.shell:Creating prefix script '/home/katie/turtlebot3_ws/install/local_setup.sh'
[2.794s] INFO:colcon.colcon_core.shell:Creating prefix util module '/home/katie/turtlebot3_ws/install/_local_setup_util_sh.py'
[2.796s] INFO:colcon.colcon_core.shell:Creating prefix chain script '/home/katie/turtlebot3_ws/install/setup.sh'
[2.799s] INFO:colcon.colcon_core.shell:Creating prefix script '/home/katie/turtlebot3_ws/install/local_setup.bash'
[2.800s] INFO:colcon.colcon_core.shell:Creating prefix chain script '/home/katie/turtlebot3_ws/install/setup.bash'
[2.803s] INFO:colcon.colcon_core.shell:Creating prefix script '/home/katie/turtlebot3_ws/install/local_setup.zsh'
[2.805s] INFO:colcon.colcon_core.shell:Creating prefix chain script '/home/katie/turtlebot3_ws/install/setup.zsh'
