[0.020s] Invoking command in '/home/ubuntu/Desktop/RS2/build/turtlebot3_msgs': CMAKE_PREFIX_PATH=/opt/ros/humble /usr/bin/cmake --build /home/ubuntu/Desktop/RS2/build/turtlebot3_msgs -- -j2 -l2
[0.072s] [  1%] Built target turtlebot3_msgs__cpp
[0.079s] [ 12%] Built target turtlebot3_msgs__rosidl_generator_c
[0.154s] [ 12%] Built target ament_cmake_python_symlink_turtlebot3_msgs
[0.168s] [ 23%] Built target turtlebot3_msgs__rosidl_typesupport_cpp
[0.199s] [ 35%] Built target turtlebot3_msgs__rosidl_typesupport_fastrtps_c
[0.234s] [ 46%] Built target turtlebot3_msgs__rosidl_typesupport_fastrtps_cpp
[0.270s] [ 57%] Built target turtlebot3_msgs__rosidl_typesupport_introspection_c
[0.307s] [ 69%] Built target turtlebot3_msgs__rosidl_typesupport_c
[0.329s] [ 80%] Built target turtlebot3_msgs__rosidl_typesupport_introspection_cpp
[0.387s] [ 80%] Built target turtlebot3_msgs
[0.471s] [ 81%] Built target turtlebot3_msgs__py
[0.507s] [ 91%] Built target turtlebot3_msgs__rosidl_generator_py
[0.556s] [ 94%] Built target turtlebot3_msgs__rosidl_typesupport_fastrtps_c__pyext
[0.601s] [ 97%] Built target turtlebot3_msgs__rosidl_typesupport_introspection_c__pyext
[0.669s] [100%] Built target turtlebot3_msgs__rosidl_typesupport_c__pyext
[0.893s] running egg_info
[0.895s] writing turtlebot3_msgs.egg-info/PKG-INFO
[0.895s] writing dependency_links to turtlebot3_msgs.egg-info/dependency_links.txt
[0.895s] writing top-level names to turtlebot3_msgs.egg-info/top_level.txt
[0.907s] reading manifest file 'turtlebot3_msgs.egg-info/SOURCES.txt'
[0.907s] writing manifest file 'turtlebot3_msgs.egg-info/SOURCES.txt'
[1.011s] [100%] Built target ament_cmake_python_build_turtlebot3_msgs_egg
[1.051s] Invoked command in '/home/ubuntu/Desktop/RS2/build/turtlebot3_msgs' returned '0': CMAKE_PREFIX_PATH=/opt/ros/humble /usr/bin/cmake --build /home/ubuntu/Desktop/RS2/build/turtlebot3_msgs -- -j2 -l2
[1.053s] Invoking command in '/home/ubuntu/Desktop/RS2/build/turtlebot3_msgs': CMAKE_PREFIX_PATH=/opt/ros/humble /usr/bin/cmake --install /home/ubuntu/Desktop/RS2/build/turtlebot3_msgs
[1.069s] -- Install configuration: ""
[1.072s] -- Execute custom install script
[1.072s] -- Up-to-date symlink: /home/ubuntu/Desktop/RS2/install/turtlebot3_msgs/share/ament_index/resource_index/rosidl_interfaces/turtlebot3_msgs
[1.079s] -- Up-to-date symlink: /home/ubuntu/Desktop/RS2/install/turtlebot3_msgs/include/turtlebot3_msgs/turtlebot3_msgs/action/detail/patrol__functions.h
[1.080s] -- Up-to-date symlink: /home/ubuntu/Desktop/RS2/install/turtlebot3_msgs/include/turtlebot3_msgs/turtlebot3_msgs/action/detail/patrol__struct.h
[1.080s] -- Up-to-date symlink: /home/ubuntu/Desktop/RS2/install/turtlebot3_msgs/include/turtlebot3_msgs/turtlebot3_msgs/action/detail/patrol__type_support.h
[1.080s] -- Up-to-date symlink: /home/ubuntu/Desktop/RS2/install/turtlebot3_msgs/include/turtlebot3_msgs/turtlebot3_msgs/action/patrol.h
[1.080s] -- Up-to-date symlink: /home/ubuntu/Desktop/RS2/install/turtlebot3_msgs/include/turtlebot3_msgs/turtlebot3_msgs/msg/detail/sensor_state__functions.h
[1.081s] -- Up-to-date symlink: /home/ubuntu/Desktop/RS2/install/turtlebot3_msgs/include/turtlebot3_msgs/turtlebot3_msgs/msg/detail/sensor_state__struct.h
[1.081s] -- Up-to-date symlink: /home/ubuntu/Desktop/RS2/install/turtlebot3_msgs/include/turtlebot3_msgs/turtlebot3_msgs/msg/detail/sensor_state__type_support.h
[1.081s] -- Up-to-date symlink: /home/ubuntu/Desktop/RS2/install/turtlebot3_msgs/include/turtlebot3_msgs/turtlebot3_msgs/msg/detail/sound__functions.h
[1.081s] -- Up-to-date symlink: /home/ubuntu/Desktop/RS2/install/turtlebot3_msgs/include/turtlebot3_msgs/turtlebot3_msgs/msg/detail/sound__struct.h
[1.081s] -- Up-to-date symlink: /home/ubuntu/Desktop/RS2/install/turtlebot3_msgs/include/turtlebot3_msgs/turtlebot3_msgs/msg/detail/sound__type_support.h
[1.082s] -- Up-to-date symlink: /home/ubuntu/Desktop/RS2/install/turtlebot3_msgs/include/turtlebot3_msgs/turtlebot3_msgs/msg/detail/version_info__functions.h
[1.082s] -- Up-to-date symlink: /home/ubuntu/Desktop/RS2/install/turtlebot3_msgs/include/turtlebot3_msgs/turtlebot3_msgs/msg/detail/version_info__struct.h
[1.082s] -- Up-to-date symlink: /home/ubuntu/Desktop/RS2/install/turtlebot3_msgs/include/turtlebot3_msgs/turtlebot3_msgs/msg/detail/version_info__type_support.h
[1.082s] -- Up-to-date symlink: /home/ubuntu/Desktop/RS2/install/turtlebot3_msgs/include/turtlebot3_msgs/turtlebot3_msgs/msg/rosidl_generator_c__visibility_control.h
[1.083s] -- Up-to-date symlink: /home/ubuntu/Desktop/RS2/install/turtlebot3_msgs/include/turtlebot3_msgs/turtlebot3_msgs/msg/sensor_state.h
[1.083s] -- Up-to-date symlink: /home/ubuntu/Desktop/RS2/install/turtlebot3_msgs/include/turtlebot3_msgs/turtlebot3_msgs/msg/sound.h
[1.083s] -- Up-to-date symlink: /home/ubuntu/Desktop/RS2/install/turtlebot3_msgs/include/turtlebot3_msgs/turtlebot3_msgs/msg/version_info.h
[1.083s] -- Up-to-date symlink: /home/ubuntu/Desktop/RS2/install/turtlebot3_msgs/include/turtlebot3_msgs/turtlebot3_msgs/srv/detail/dqn__functions.h
[1.084s] -- Up-to-date symlink: /home/ubuntu/Desktop/RS2/install/turtlebot3_msgs/include/turtlebot3_msgs/turtlebot3_msgs/srv/detail/dqn__struct.h
[1.084s] -- Up-to-date symlink: /home/ubuntu/Desktop/RS2/install/turtlebot3_msgs/include/turtlebot3_msgs/turtlebot3_msgs/srv/detail/dqn__type_support.h
[1.084s] -- Up-to-date symlink: /home/ubuntu/Desktop/RS2/install/turtlebot3_msgs/include/turtlebot3_msgs/turtlebot3_msgs/srv/detail/sound__functions.h
[1.084s] -- Up-to-date symlink: /home/ubuntu/Desktop/RS2/install/turtlebot3_msgs/include/turtlebot3_msgs/turtlebot3_msgs/srv/detail/sound__struct.h
[1.085s] -- Up-to-date symlink: /home/ubuntu/Desktop/RS2/install/turtlebot3_msgs/include/turtlebot3_msgs/turtlebot3_msgs/srv/detail/sound__type_support.h
[1.085s] -- Up-to-date symlink: /home/ubuntu/Desktop/RS2/install/turtlebot3_msgs/include/turtlebot3_msgs/turtlebot3_msgs/srv/dqn.h
[1.089s] -- Up-to-date symlink: /home/ubuntu/Desktop/RS2/install/turtlebot3_msgs/include/turtlebot3_msgs/turtlebot3_msgs/srv/sound.h
[1.090s] -- Up-to-date symlink: /home/ubuntu/Desktop/RS2/install/turtlebot3_msgs/share/turtlebot3_msgs/environment/library_path.sh
[1.090s] -- Up-to-date symlink: /home/ubuntu/Desktop/RS2/install/turtlebot3_msgs/share/turtlebot3_msgs/environment/library_path.dsv
[1.091s] -- Up-to-date symlink: /home/ubuntu/Desktop/RS2/install/turtlebot3_msgs/include/turtlebot3_msgs/turtlebot3_msgs/action/detail/patrol__rosidl_typesupport_fastrtps_c.h
[1.092s] -- Up-to-date symlink: /home/ubuntu/Desktop/RS2/install/turtlebot3_msgs/include/turtlebot3_msgs/turtlebot3_msgs/msg/detail/sensor_state__rosidl_typesupport_fastrtps_c.h
[1.092s] -- Up-to-date symlink: /home/ubuntu/Desktop/RS2/install/turtlebot3_msgs/include/turtlebot3_msgs/turtlebot3_msgs/msg/detail/sound__rosidl_typesupport_fastrtps_c.h
[1.097s] -- Up-to-date symlink: /home/ubuntu/Desktop/RS2/install/turtlebot3_msgs/include/turtlebot3_msgs/turtlebot3_msgs/msg/detail/version_info__rosidl_typesupport_fastrtps_c.h
[1.097s] -- Up-to-date symlink: /home/ubuntu/Desktop/RS2/install/turtlebot3_msgs/include/turtlebot3_msgs/turtlebot3_msgs/msg/rosidl_typesupport_fastrtps_c__visibility_control.h
[1.098s] -- Up-to-date symlink: /home/ubuntu/Desktop/RS2/install/turtlebot3_msgs/include/turtlebot3_msgs/turtlebot3_msgs/srv/detail/dqn__rosidl_typesupport_fastrtps_c.h
[1.098s] -- Up-to-date symlink: /home/ubuntu/Desktop/RS2/install/turtlebot3_msgs/include/turtlebot3_msgs/turtlebot3_msgs/srv/detail/sound__rosidl_typesupport_fastrtps_c.h
[1.099s] -- Up-to-date symlink: /home/ubuntu/Desktop/RS2/install/turtlebot3_msgs/include/turtlebot3_msgs/turtlebot3_msgs/action/detail/patrol__builder.hpp
[1.099s] -- Up-to-date symlink: /home/ubuntu/Desktop/RS2/install/turtlebot3_msgs/include/turtlebot3_msgs/turtlebot3_msgs/action/detail/patrol__struct.hpp
[1.099s] -- Up-to-date symlink: /home/ubuntu/Desktop/RS2/install/turtlebot3_msgs/include/turtlebot3_msgs/turtlebot3_msgs/action/detail/patrol__traits.hpp
[1.104s] -- Up-to-date symlink: /home/ubuntu/Desktop/RS2/install/turtlebot3_msgs/include/turtlebot3_msgs/turtlebot3_msgs/action/detail/patrol__type_support.hpp
[1.104s] -- Up-to-date symlink: /home/ubuntu/Desktop/RS2/install/turtlebot3_msgs/include/turtlebot3_msgs/turtlebot3_msgs/action/patrol.hpp
[1.105s] -- Up-to-date symlink: /home/ubuntu/Desktop/RS2/install/turtlebot3_msgs/include/turtlebot3_msgs/turtlebot3_msgs/msg/detail/sensor_state__builder.hpp
[1.105s] -- Up-to-date symlink: /home/ubuntu/Desktop/RS2/install/turtlebot3_msgs/include/turtlebot3_msgs/turtlebot3_msgs/msg/detail/sensor_state__struct.hpp
[1.105s] -- Up-to-date symlink: /home/ubuntu/Desktop/RS2/install/turtlebot3_msgs/include/turtlebot3_msgs/turtlebot3_msgs/msg/detail/sensor_state__traits.hpp
[1.105s] -- Up-to-date symlink: /home/ubuntu/Desktop/RS2/install/turtlebot3_msgs/include/turtlebot3_msgs/turtlebot3_msgs/msg/detail/sensor_state__type_support.hpp
[1.106s] -- Up-to-date symlink: /home/ubuntu/Desktop/RS2/install/turtlebot3_msgs/include/turtlebot3_msgs/turtlebot3_msgs/msg/detail/sound__builder.hpp
[1.106s] -- Up-to-date symlink: /home/ubuntu/Desktop/RS2/install/turtlebot3_msgs/include/turtlebot3_msgs/turtlebot3_msgs/msg/detail/sound__struct.hpp
[1.106s] -- Up-to-date symlink: /home/ubuntu/Desktop/RS2/install/turtlebot3_msgs/include/turtlebot3_msgs/turtlebot3_msgs/msg/detail/sound__traits.hpp
[1.106s] -- Up-to-date symlink: /home/ubuntu/Desktop/RS2/install/turtlebot3_msgs/include/turtlebot3_msgs/turtlebot3_msgs/msg/detail/sound__type_support.hpp
[1.107s] -- Up-to-date symlink: /home/ubuntu/Desktop/RS2/install/turtlebot3_msgs/include/turtlebot3_msgs/turtlebot3_msgs/msg/detail/version_info__builder.hpp
[1.108s] -- Up-to-date symlink: /home/ubuntu/Desktop/RS2/install/turtlebot3_msgs/include/turtlebot3_msgs/turtlebot3_msgs/msg/detail/version_info__struct.hpp
[1.108s] -- Up-to-date symlink: /home/ubuntu/Desktop/RS2/install/turtlebot3_msgs/include/turtlebot3_msgs/turtlebot3_msgs/msg/detail/version_info__traits.hpp
[1.112s] -- Up-to-date symlink: /home/ubuntu/Desktop/RS2/install/turtlebot3_msgs/include/turtlebot3_msgs/turtlebot3_msgs/msg/detail/version_info__type_support.hpp
[1.112s] -- Up-to-date symlink: /home/ubuntu/Desktop/RS2/install/turtlebot3_msgs/include/turtlebot3_msgs/turtlebot3_msgs/msg/rosidl_generator_cpp__visibility_control.hpp
[1.112s] -- Up-to-date symlink: /home/ubuntu/Desktop/RS2/install/turtlebot3_msgs/include/turtlebot3_msgs/turtlebot3_msgs/msg/sensor_state.hpp
[1.113s] -- Up-to-date symlink: /home/ubuntu/Desktop/RS2/install/turtlebot3_msgs/include/turtlebot3_msgs/turtlebot3_msgs/msg/sound.hpp
[1.113s] -- Up-to-date symlink: /home/ubuntu/Desktop/RS2/install/turtlebot3_msgs/include/turtlebot3_msgs/turtlebot3_msgs/msg/version_info.hpp
[1.122s] -- Up-to-date symlink: /home/ubuntu/Desktop/RS2/install/turtlebot3_msgs/include/turtlebot3_msgs/turtlebot3_msgs/srv/detail/dqn__builder.hpp
[1.122s] -- Up-to-date symlink: /home/ubuntu/Desktop/RS2/install/turtlebot3_msgs/include/turtlebot3_msgs/turtlebot3_msgs/srv/detail/dqn__struct.hpp
[1.122s] -- Up-to-date symlink: /home/ubuntu/Desktop/RS2/install/turtlebot3_msgs/include/turtlebot3_msgs/turtlebot3_msgs/srv/detail/dqn__traits.hpp
[1.122s] -- Up-to-date symlink: /home/ubuntu/Desktop/RS2/install/turtlebot3_msgs/include/turtlebot3_msgs/turtlebot3_msgs/srv/detail/dqn__type_support.hpp
[1.122s] -- Up-to-date symlink: /home/ubuntu/Desktop/RS2/install/turtlebot3_msgs/include/turtlebot3_msgs/turtlebot3_msgs/srv/detail/sound__builder.hpp
[1.122s] -- Up-to-date symlink: /home/ubuntu/Desktop/RS2/install/turtlebot3_msgs/include/turtlebot3_msgs/turtlebot3_msgs/srv/detail/sound__struct.hpp
[1.122s] -- Up-to-date symlink: /home/ubuntu/Desktop/RS2/install/turtlebot3_msgs/include/turtlebot3_msgs/turtlebot3_msgs/srv/detail/sound__traits.hpp
[1.122s] -- Up-to-date symlink: /home/ubuntu/Desktop/RS2/install/turtlebot3_msgs/include/turtlebot3_msgs/turtlebot3_msgs/srv/detail/sound__type_support.hpp
[1.122s] -- Up-to-date symlink: /home/ubuntu/Desktop/RS2/install/turtlebot3_msgs/include/turtlebot3_msgs/turtlebot3_msgs/srv/dqn.hpp
[1.122s] -- Up-to-date symlink: /home/ubuntu/Desktop/RS2/install/turtlebot3_msgs/include/turtlebot3_msgs/turtlebot3_msgs/srv/sound.hpp
[1.122s] -- Up-to-date symlink: /home/ubuntu/Desktop/RS2/install/turtlebot3_msgs/include/turtlebot3_msgs/turtlebot3_msgs/action/detail/patrol__rosidl_typesupport_fastrtps_cpp.hpp
[1.123s] -- Up-to-date symlink: /home/ubuntu/Desktop/RS2/install/turtlebot3_msgs/include/turtlebot3_msgs/turtlebot3_msgs/msg/detail/sensor_state__rosidl_typesupport_fastrtps_cpp.hpp
[1.123s] -- Up-to-date symlink: /home/ubuntu/Desktop/RS2/install/turtlebot3_msgs/include/turtlebot3_msgs/turtlebot3_msgs/msg/detail/sound__rosidl_typesupport_fastrtps_cpp.hpp
[1.123s] -- Up-to-date symlink: /home/ubuntu/Desktop/RS2/install/turtlebot3_msgs/include/turtlebot3_msgs/turtlebot3_msgs/msg/detail/version_info__rosidl_typesupport_fastrtps_cpp.hpp
[1.123s] -- Up-to-date symlink: /home/ubuntu/Desktop/RS2/install/turtlebot3_msgs/include/turtlebot3_msgs/turtlebot3_msgs/msg/rosidl_typesupport_fastrtps_cpp__visibility_control.h
[1.123s] -- Up-to-date symlink: /home/ubuntu/Desktop/RS2/install/turtlebot3_msgs/include/turtlebot3_msgs/turtlebot3_msgs/srv/detail/dqn__rosidl_typesupport_fastrtps_cpp.hpp
[1.123s] -- Up-to-date symlink: /home/ubuntu/Desktop/RS2/install/turtlebot3_msgs/include/turtlebot3_msgs/turtlebot3_msgs/srv/detail/sound__rosidl_typesupport_fastrtps_cpp.hpp
[1.123s] -- Up-to-date symlink: /home/ubuntu/Desktop/RS2/install/turtlebot3_msgs/include/turtlebot3_msgs/turtlebot3_msgs/action/detail/patrol__rosidl_typesupport_introspection_c.h
[1.123s] -- Up-to-date symlink: /home/ubuntu/Desktop/RS2/install/turtlebot3_msgs/include/turtlebot3_msgs/turtlebot3_msgs/msg/detail/sensor_state__rosidl_typesupport_introspection_c.h
[1.123s] -- Up-to-date symlink: /home/ubuntu/Desktop/RS2/install/turtlebot3_msgs/include/turtlebot3_msgs/turtlebot3_msgs/msg/detail/sound__rosidl_typesupport_introspection_c.h
[1.123s] -- Up-to-date symlink: /home/ubuntu/Desktop/RS2/install/turtlebot3_msgs/include/turtlebot3_msgs/turtlebot3_msgs/msg/detail/version_info__rosidl_typesupport_introspection_c.h
[1.123s] -- Up-to-date symlink: /home/ubuntu/Desktop/RS2/install/turtlebot3_msgs/include/turtlebot3_msgs/turtlebot3_msgs/msg/rosidl_typesupport_introspection_c__visibility_control.h
[1.123s] -- Up-to-date symlink: /home/ubuntu/Desktop/RS2/install/turtlebot3_msgs/include/turtlebot3_msgs/turtlebot3_msgs/srv/detail/dqn__rosidl_typesupport_introspection_c.h
[1.123s] -- Up-to-date symlink: /home/ubuntu/Desktop/RS2/install/turtlebot3_msgs/include/turtlebot3_msgs/turtlebot3_msgs/srv/detail/sound__rosidl_typesupport_introspection_c.h
[1.123s] -- Up-to-date symlink: /home/ubuntu/Desktop/RS2/install/turtlebot3_msgs/include/turtlebot3_msgs/turtlebot3_msgs/action/detail/patrol__rosidl_typesupport_introspection_cpp.hpp
[1.123s] -- Up-to-date symlink: /home/ubuntu/Desktop/RS2/install/turtlebot3_msgs/include/turtlebot3_msgs/turtlebot3_msgs/msg/detail/sensor_state__rosidl_typesupport_introspection_cpp.hpp
[1.123s] -- Up-to-date symlink: /home/ubuntu/Desktop/RS2/install/turtlebot3_msgs/include/turtlebot3_msgs/turtlebot3_msgs/msg/detail/sound__rosidl_typesupport_introspection_cpp.hpp
[1.123s] -- Up-to-date symlink: /home/ubuntu/Desktop/RS2/install/turtlebot3_msgs/include/turtlebot3_msgs/turtlebot3_msgs/msg/detail/version_info__rosidl_typesupport_introspection_cpp.hpp
[1.123s] -- Up-to-date symlink: /home/ubuntu/Desktop/RS2/install/turtlebot3_msgs/include/turtlebot3_msgs/turtlebot3_msgs/srv/detail/dqn__rosidl_typesupport_introspection_cpp.hpp
[1.124s] -- Up-to-date symlink: /home/ubuntu/Desktop/RS2/install/turtlebot3_msgs/include/turtlebot3_msgs/turtlebot3_msgs/srv/detail/sound__rosidl_typesupport_introspection_cpp.hpp
[1.124s] -- Up-to-date symlink: /home/ubuntu/Desktop/RS2/install/turtlebot3_msgs/share/turtlebot3_msgs/environment/pythonpath.sh
[1.124s] -- Up-to-date symlink: /home/ubuntu/Desktop/RS2/install/turtlebot3_msgs/share/turtlebot3_msgs/environment/pythonpath.dsv
[1.124s] -- Up-to-date symlink: /home/ubuntu/Desktop/RS2/install/turtlebot3_msgs/local/lib/python3.10/dist-packages/turtlebot3_msgs-2.2.3-py3.10.egg-info/PKG-INFO
[1.124s] -- Up-to-date symlink: /home/ubuntu/Desktop/RS2/install/turtlebot3_msgs/local/lib/python3.10/dist-packages/turtlebot3_msgs-2.2.3-py3.10.egg-info/SOURCES.txt
[1.124s] -- Up-to-date symlink: /home/ubuntu/Desktop/RS2/install/turtlebot3_msgs/local/lib/python3.10/dist-packages/turtlebot3_msgs-2.2.3-py3.10.egg-info/dependency_links.txt
[1.124s] -- Up-to-date symlink: /home/ubuntu/Desktop/RS2/install/turtlebot3_msgs/local/lib/python3.10/dist-packages/turtlebot3_msgs-2.2.3-py3.10.egg-info/top_level.txt
[1.140s] -- Up-to-date symlink: /home/ubuntu/Desktop/RS2/install/turtlebot3_msgs/local/lib/python3.10/dist-packages/turtlebot3_msgs/__init__.py
[1.140s] -- Up-to-date symlink: /home/ubuntu/Desktop/RS2/install/turtlebot3_msgs/local/lib/python3.10/dist-packages/turtlebot3_msgs/_turtlebot3_msgs_s.ep.rosidl_typesupport_c.c
[1.140s] -- Up-to-date symlink: /home/ubuntu/Desktop/RS2/install/turtlebot3_msgs/local/lib/python3.10/dist-packages/turtlebot3_msgs/_turtlebot3_msgs_s.ep.rosidl_typesupport_fastrtps_c.c
[1.141s] -- Up-to-date symlink: /home/ubuntu/Desktop/RS2/install/turtlebot3_msgs/local/lib/python3.10/dist-packages/turtlebot3_msgs/_turtlebot3_msgs_s.ep.rosidl_typesupport_introspection_c.c
[1.141s] -- Up-to-date symlink: /home/ubuntu/Desktop/RS2/install/turtlebot3_msgs/local/lib/python3.10/dist-packages/turtlebot3_msgs/action/__init__.py
[1.141s] -- Up-to-date symlink: /home/ubuntu/Desktop/RS2/install/turtlebot3_msgs/local/lib/python3.10/dist-packages/turtlebot3_msgs/action/_patrol.py
[1.141s] -- Up-to-date symlink: /home/ubuntu/Desktop/RS2/install/turtlebot3_msgs/local/lib/python3.10/dist-packages/turtlebot3_msgs/action/_patrol_s.c
[1.141s] -- Up-to-date symlink: /home/ubuntu/Desktop/RS2/install/turtlebot3_msgs/local/lib/python3.10/dist-packages/turtlebot3_msgs/libturtlebot3_msgs__rosidl_generator_py.so
[1.141s] -- Up-to-date symlink: /home/ubuntu/Desktop/RS2/install/turtlebot3_msgs/local/lib/python3.10/dist-packages/turtlebot3_msgs/msg/__init__.py
[1.141s] -- Up-to-date symlink: /home/ubuntu/Desktop/RS2/install/turtlebot3_msgs/local/lib/python3.10/dist-packages/turtlebot3_msgs/msg/_sensor_state.py
[1.141s] -- Up-to-date symlink: /home/ubuntu/Desktop/RS2/install/turtlebot3_msgs/local/lib/python3.10/dist-packages/turtlebot3_msgs/msg/_sensor_state_s.c
[1.141s] -- Up-to-date symlink: /home/ubuntu/Desktop/RS2/install/turtlebot3_msgs/local/lib/python3.10/dist-packages/turtlebot3_msgs/msg/_sound.py
[1.141s] -- Up-to-date symlink: /home/ubuntu/Desktop/RS2/install/turtlebot3_msgs/local/lib/python3.10/dist-packages/turtlebot3_msgs/msg/_sound_s.c
[1.141s] -- Up-to-date symlink: /home/ubuntu/Desktop/RS2/install/turtlebot3_msgs/local/lib/python3.10/dist-packages/turtlebot3_msgs/msg/_version_info.py
[1.141s] -- Up-to-date symlink: /home/ubuntu/Desktop/RS2/install/turtlebot3_msgs/local/lib/python3.10/dist-packages/turtlebot3_msgs/msg/_version_info_s.c
[1.141s] -- Up-to-date symlink: /home/ubuntu/Desktop/RS2/install/turtlebot3_msgs/local/lib/python3.10/dist-packages/turtlebot3_msgs/srv/__init__.py
[1.141s] -- Up-to-date symlink: /home/ubuntu/Desktop/RS2/install/turtlebot3_msgs/local/lib/python3.10/dist-packages/turtlebot3_msgs/srv/_dqn.py
[1.141s] -- Up-to-date symlink: /home/ubuntu/Desktop/RS2/install/turtlebot3_msgs/local/lib/python3.10/dist-packages/turtlebot3_msgs/srv/_dqn_s.c
[1.141s] -- Up-to-date symlink: /home/ubuntu/Desktop/RS2/install/turtlebot3_msgs/local/lib/python3.10/dist-packages/turtlebot3_msgs/srv/_sound.py
[1.141s] -- Up-to-date symlink: /home/ubuntu/Desktop/RS2/install/turtlebot3_msgs/local/lib/python3.10/dist-packages/turtlebot3_msgs/srv/_sound_s.c
[1.141s] -- Up-to-date symlink: /home/ubuntu/Desktop/RS2/install/turtlebot3_msgs/local/lib/python3.10/dist-packages/turtlebot3_msgs/turtlebot3_msgs_s__rosidl_typesupport_c.cpython-310-x86_64-linux-gnu.so
[1.141s] -- Up-to-date symlink: /home/ubuntu/Desktop/RS2/install/turtlebot3_msgs/local/lib/python3.10/dist-packages/turtlebot3_msgs/turtlebot3_msgs_s__rosidl_typesupport_fastrtps_c.cpython-310-x86_64-linux-gnu.so
[1.142s] -- Up-to-date symlink: /home/ubuntu/Desktop/RS2/install/turtlebot3_msgs/local/lib/python3.10/dist-packages/turtlebot3_msgs/turtlebot3_msgs_s__rosidl_typesupport_introspection_c.cpython-310-x86_64-linux-gnu.so
[1.142s] -- Up-to-date symlink: /home/ubuntu/Desktop/RS2/install/turtlebot3_msgs/local/lib/python3.10/dist-packages/turtlebot3_msgs/turtlebot3_msgs_s__rosidl_typesupport_fastrtps_c.cpython-310-x86_64-linux-gnu.so
[1.142s] -- Up-to-date symlink: /home/ubuntu/Desktop/RS2/install/turtlebot3_msgs/local/lib/python3.10/dist-packages/turtlebot3_msgs/turtlebot3_msgs_s__rosidl_typesupport_introspection_c.cpython-310-x86_64-linux-gnu.so
[1.142s] -- Up-to-date symlink: /home/ubuntu/Desktop/RS2/install/turtlebot3_msgs/local/lib/python3.10/dist-packages/turtlebot3_msgs/turtlebot3_msgs_s__rosidl_typesupport_c.cpython-310-x86_64-linux-gnu.so
[1.142s] -- Up-to-date symlink: /home/ubuntu/Desktop/RS2/install/turtlebot3_msgs/share/turtlebot3_msgs/msg/SensorState.idl
[1.142s] -- Up-to-date symlink: /home/ubuntu/Desktop/RS2/install/turtlebot3_msgs/share/turtlebot3_msgs/msg/Sound.idl
[1.142s] -- Up-to-date symlink: /home/ubuntu/Desktop/RS2/install/turtlebot3_msgs/share/turtlebot3_msgs/msg/VersionInfo.idl
[1.142s] -- Up-to-date symlink: /home/ubuntu/Desktop/RS2/install/turtlebot3_msgs/share/turtlebot3_msgs/srv/Sound.idl
[1.142s] -- Up-to-date symlink: /home/ubuntu/Desktop/RS2/install/turtlebot3_msgs/share/turtlebot3_msgs/srv/Dqn.idl
[1.142s] -- Up-to-date symlink: /home/ubuntu/Desktop/RS2/install/turtlebot3_msgs/share/turtlebot3_msgs/action/Patrol.idl
[1.142s] -- Up-to-date symlink: /home/ubuntu/Desktop/RS2/install/turtlebot3_msgs/share/turtlebot3_msgs/msg/SensorState.msg
[1.142s] -- Up-to-date symlink: /home/ubuntu/Desktop/RS2/install/turtlebot3_msgs/share/turtlebot3_msgs/msg/Sound.msg
[1.142s] -- Up-to-date symlink: /home/ubuntu/Desktop/RS2/install/turtlebot3_msgs/share/turtlebot3_msgs/msg/VersionInfo.msg
[1.142s] -- Up-to-date symlink: /home/ubuntu/Desktop/RS2/install/turtlebot3_msgs/share/turtlebot3_msgs/srv/Sound.srv
[1.142s] -- Up-to-date symlink: /home/ubuntu/Desktop/RS2/install/turtlebot3_msgs/share/turtlebot3_msgs/srv/Sound_Request.msg
[1.142s] -- Up-to-date symlink: /home/ubuntu/Desktop/RS2/install/turtlebot3_msgs/share/turtlebot3_msgs/srv/Sound_Response.msg
[1.142s] -- Up-to-date symlink: /home/ubuntu/Desktop/RS2/install/turtlebot3_msgs/share/turtlebot3_msgs/srv/Dqn.srv
[1.142s] -- Up-to-date symlink: /home/ubuntu/Desktop/RS2/install/turtlebot3_msgs/share/turtlebot3_msgs/srv/Dqn_Request.msg
[1.142s] -- Up-to-date symlink: /home/ubuntu/Desktop/RS2/install/turtlebot3_msgs/share/turtlebot3_msgs/srv/Dqn_Response.msg
[1.143s] -- Up-to-date symlink: /home/ubuntu/Desktop/RS2/install/turtlebot3_msgs/share/turtlebot3_msgs/action/Patrol.action
[1.143s] -- Up-to-date symlink: /home/ubuntu/Desktop/RS2/install/turtlebot3_msgs/share/ament_index/resource_index/package_run_dependencies/turtlebot3_msgs
[1.143s] -- Up-to-date symlink: /home/ubuntu/Desktop/RS2/install/turtlebot3_msgs/share/ament_index/resource_index/parent_prefix_path/turtlebot3_msgs
[1.143s] -- Up-to-date symlink: /home/ubuntu/Desktop/RS2/install/turtlebot3_msgs/share/turtlebot3_msgs/environment/ament_prefix_path.sh
[1.143s] -- Up-to-date symlink: /home/ubuntu/Desktop/RS2/install/turtlebot3_msgs/share/turtlebot3_msgs/environment/ament_prefix_path.dsv
[1.143s] -- Up-to-date symlink: /home/ubuntu/Desktop/RS2/install/turtlebot3_msgs/share/turtlebot3_msgs/environment/path.sh
[1.143s] -- Up-to-date symlink: /home/ubuntu/Desktop/RS2/install/turtlebot3_msgs/share/turtlebot3_msgs/environment/path.dsv
[1.143s] -- Up-to-date symlink: /home/ubuntu/Desktop/RS2/install/turtlebot3_msgs/share/turtlebot3_msgs/local_setup.bash
[1.143s] -- Up-to-date symlink: /home/ubuntu/Desktop/RS2/install/turtlebot3_msgs/share/turtlebot3_msgs/local_setup.sh
[1.143s] -- Up-to-date symlink: /home/ubuntu/Desktop/RS2/install/turtlebot3_msgs/share/turtlebot3_msgs/local_setup.zsh
[1.143s] -- Up-to-date symlink: /home/ubuntu/Desktop/RS2/install/turtlebot3_msgs/share/turtlebot3_msgs/local_setup.dsv
[1.143s] -- Symlinking: /home/ubuntu/Desktop/RS2/install/turtlebot3_msgs/share/turtlebot3_msgs/package.dsv
[1.200s] -- Up-to-date symlink: /home/ubuntu/Desktop/RS2/install/turtlebot3_msgs/share/ament_index/resource_index/packages/turtlebot3_msgs
[1.200s] -- Up-to-date symlink: /home/ubuntu/Desktop/RS2/install/turtlebot3_msgs/share/turtlebot3_msgs/cmake/rosidl_cmake-extras.cmake
[1.200s] -- Up-to-date symlink: /home/ubuntu/Desktop/RS2/install/turtlebot3_msgs/share/turtlebot3_msgs/cmake/ament_cmake_export_dependencies-extras.cmake
[1.200s] -- Up-to-date symlink: /home/ubuntu/Desktop/RS2/install/turtlebot3_msgs/share/turtlebot3_msgs/cmake/ament_cmake_export_include_directories-extras.cmake
[1.200s] -- Up-to-date symlink: /home/ubuntu/Desktop/RS2/install/turtlebot3_msgs/share/turtlebot3_msgs/cmake/ament_cmake_export_libraries-extras.cmake
[1.200s] -- Up-to-date symlink: /home/ubuntu/Desktop/RS2/install/turtlebot3_msgs/share/turtlebot3_msgs/cmake/ament_cmake_export_targets-extras.cmake
[1.200s] -- Up-to-date symlink: /home/ubuntu/Desktop/RS2/install/turtlebot3_msgs/share/turtlebot3_msgs/cmake/rosidl_cmake_export_typesupport_targets-extras.cmake
[1.200s] -- Up-to-date symlink: /home/ubuntu/Desktop/RS2/install/turtlebot3_msgs/share/turtlebot3_msgs/cmake/rosidl_cmake_export_typesupport_libraries-extras.cmake
[1.200s] -- Up-to-date symlink: /home/ubuntu/Desktop/RS2/install/turtlebot3_msgs/share/turtlebot3_msgs/cmake/turtlebot3_msgsConfig.cmake
[1.200s] -- Up-to-date symlink: /home/ubuntu/Desktop/RS2/install/turtlebot3_msgs/share/turtlebot3_msgs/cmake/turtlebot3_msgsConfig-version.cmake
[1.201s] -- Up-to-date symlink: /home/ubuntu/Desktop/RS2/install/turtlebot3_msgs/share/turtlebot3_msgs/package.xml
[1.215s] -- Up-to-date: /home/ubuntu/Desktop/RS2/install/turtlebot3_msgs/lib/libturtlebot3_msgs__rosidl_generator_c.so
[1.216s] -- Up-to-date: /home/ubuntu/Desktop/RS2/install/turtlebot3_msgs/lib/libturtlebot3_msgs__rosidl_typesupport_fastrtps_c.so
[1.216s] -- Up-to-date: /home/ubuntu/Desktop/RS2/install/turtlebot3_msgs/lib/libturtlebot3_msgs__rosidl_typesupport_fastrtps_cpp.so
[1.216s] -- Up-to-date: /home/ubuntu/Desktop/RS2/install/turtlebot3_msgs/lib/libturtlebot3_msgs__rosidl_typesupport_introspection_c.so
[1.216s] -- Up-to-date: /home/ubuntu/Desktop/RS2/install/turtlebot3_msgs/lib/libturtlebot3_msgs__rosidl_typesupport_c.so
[1.216s] -- Up-to-date: /home/ubuntu/Desktop/RS2/install/turtlebot3_msgs/lib/libturtlebot3_msgs__rosidl_typesupport_introspection_cpp.so
[1.216s] -- Up-to-date: /home/ubuntu/Desktop/RS2/install/turtlebot3_msgs/lib/libturtlebot3_msgs__rosidl_typesupport_cpp.so
[1.317s] Listing '/home/ubuntu/Desktop/RS2/install/turtlebot3_msgs/local/lib/python3.10/dist-packages/turtlebot3_msgs'...
[1.318s] Listing '/home/ubuntu/Desktop/RS2/install/turtlebot3_msgs/local/lib/python3.10/dist-packages/turtlebot3_msgs/action'...
[1.318s] Listing '/home/ubuntu/Desktop/RS2/install/turtlebot3_msgs/local/lib/python3.10/dist-packages/turtlebot3_msgs/msg'...
[1.318s] Listing '/home/ubuntu/Desktop/RS2/install/turtlebot3_msgs/local/lib/python3.10/dist-packages/turtlebot3_msgs/srv'...
[1.342s] -- Up-to-date: /home/ubuntu/Desktop/RS2/install/turtlebot3_msgs/lib/libturtlebot3_msgs__rosidl_generator_py.so
[1.342s] -- Up-to-date: /home/ubuntu/Desktop/RS2/install/turtlebot3_msgs/share/turtlebot3_msgs/cmake/export_turtlebot3_msgs__rosidl_generator_cExport.cmake
[1.343s] -- Up-to-date: /home/ubuntu/Desktop/RS2/install/turtlebot3_msgs/share/turtlebot3_msgs/cmake/export_turtlebot3_msgs__rosidl_generator_cExport-noconfig.cmake
[1.343s] -- Up-to-date: /home/ubuntu/Desktop/RS2/install/turtlebot3_msgs/share/turtlebot3_msgs/cmake/export_turtlebot3_msgs__rosidl_typesupport_fastrtps_cExport.cmake
[1.343s] -- Up-to-date: /home/ubuntu/Desktop/RS2/install/turtlebot3_msgs/share/turtlebot3_msgs/cmake/export_turtlebot3_msgs__rosidl_typesupport_fastrtps_cExport-noconfig.cmake
[1.343s] -- Up-to-date: /home/ubuntu/Desktop/RS2/install/turtlebot3_msgs/share/turtlebot3_msgs/cmake/export_turtlebot3_msgs__rosidl_generator_cppExport.cmake
[1.343s] -- Up-to-date: /home/ubuntu/Desktop/RS2/install/turtlebot3_msgs/share/turtlebot3_msgs/cmake/export_turtlebot3_msgs__rosidl_typesupport_fastrtps_cppExport.cmake
[1.343s] -- Up-to-date: /home/ubuntu/Desktop/RS2/install/turtlebot3_msgs/share/turtlebot3_msgs/cmake/export_turtlebot3_msgs__rosidl_typesupport_fastrtps_cppExport-noconfig.cmake
[1.343s] -- Up-to-date: /home/ubuntu/Desktop/RS2/install/turtlebot3_msgs/share/turtlebot3_msgs/cmake/turtlebot3_msgs__rosidl_typesupport_introspection_cExport.cmake
[1.343s] -- Up-to-date: /home/ubuntu/Desktop/RS2/install/turtlebot3_msgs/share/turtlebot3_msgs/cmake/turtlebot3_msgs__rosidl_typesupport_introspection_cExport-noconfig.cmake
[1.343s] -- Up-to-date: /home/ubuntu/Desktop/RS2/install/turtlebot3_msgs/share/turtlebot3_msgs/cmake/turtlebot3_msgs__rosidl_typesupport_cExport.cmake
[1.343s] -- Up-to-date: /home/ubuntu/Desktop/RS2/install/turtlebot3_msgs/share/turtlebot3_msgs/cmake/turtlebot3_msgs__rosidl_typesupport_cExport-noconfig.cmake
[1.343s] -- Up-to-date: /home/ubuntu/Desktop/RS2/install/turtlebot3_msgs/share/turtlebot3_msgs/cmake/turtlebot3_msgs__rosidl_typesupport_introspection_cppExport.cmake
[1.343s] -- Up-to-date: /home/ubuntu/Desktop/RS2/install/turtlebot3_msgs/share/turtlebot3_msgs/cmake/turtlebot3_msgs__rosidl_typesupport_introspection_cppExport-noconfig.cmake
[1.343s] -- Up-to-date: /home/ubuntu/Desktop/RS2/install/turtlebot3_msgs/share/turtlebot3_msgs/cmake/turtlebot3_msgs__rosidl_typesupport_cppExport.cmake
[1.343s] -- Up-to-date: /home/ubuntu/Desktop/RS2/install/turtlebot3_msgs/share/turtlebot3_msgs/cmake/turtlebot3_msgs__rosidl_typesupport_cppExport-noconfig.cmake
[1.343s] -- Up-to-date: /home/ubuntu/Desktop/RS2/install/turtlebot3_msgs/share/turtlebot3_msgs/cmake/export_turtlebot3_msgs__rosidl_generator_pyExport.cmake
[1.343s] -- Up-to-date: /home/ubuntu/Desktop/RS2/install/turtlebot3_msgs/share/turtlebot3_msgs/cmake/export_turtlebot3_msgs__rosidl_generator_pyExport-noconfig.cmake
[1.352s] Invoked command in '/home/ubuntu/Desktop/RS2/build/turtlebot3_msgs' returned '0': CMAKE_PREFIX_PATH=/opt/ros/humble /usr/bin/cmake --install /home/ubuntu/Desktop/RS2/build/turtlebot3_msgs
