[0.022s] Invoking command in '/home/ubuntu/Desktop/RS2/build/dynamixel_sdk_examples': AMENT_PREFIX_PATH=/home/ubuntu/Desktop/RS2/install/dynamixel_sdk_custom_interfaces:/home/ubuntu/Desktop/RS2/install/dynamixel_sdk:${AMENT_PREFIX_PATH} CMAKE_PREFIX_PATH=/home/ubuntu/Desktop/RS2/install/dynamixel_sdk_custom_interfaces:/home/ubuntu/Desktop/RS2/install/dynamixel_sdk:/opt/ros/humble LD_LIBRARY_PATH=/home/ubuntu/Desktop/RS2/install/dynamixel_sdk_custom_interfaces/lib:/home/ubuntu/Desktop/RS2/install/dynamixel_sdk/lib:/usr/lib/x86_64-linux-gnu/gazebo-11/plugins:/opt/ros/humble/opt/rviz_ogre_vendor/lib:/opt/ros/humble/lib/x86_64-linux-gnu:/opt/ros/humble/lib:/usr/lib/x86_64-linux-gnu/gazebo-11/plugins PYTHONPATH=/home/ubuntu/Desktop/RS2/install/dynamixel_sdk_custom_interfaces/local/lib/python3.10/dist-packages:${PYTHONPATH} /usr/bin/cmake --build /home/ubuntu/Desktop/RS2/build/dynamixel_sdk_examples -- -j2 -l2
[0.130s] [100%] Built target read_write_node
[0.144s] Invoked command in '/home/ubuntu/Desktop/RS2/build/dynamixel_sdk_examples' returned '0': AMENT_PREFIX_PATH=/home/ubuntu/Desktop/RS2/install/dynamixel_sdk_custom_interfaces:/home/ubuntu/Desktop/RS2/install/dynamixel_sdk:${AMENT_PREFIX_PATH} CMAKE_PREFIX_PATH=/home/ubuntu/Desktop/RS2/install/dynamixel_sdk_custom_interfaces:/home/ubuntu/Desktop/RS2/install/dynamixel_sdk:/opt/ros/humble LD_LIBRARY_PATH=/home/ubuntu/Desktop/RS2/install/dynamixel_sdk_custom_interfaces/lib:/home/ubuntu/Desktop/RS2/install/dynamixel_sdk/lib:/usr/lib/x86_64-linux-gnu/gazebo-11/plugins:/opt/ros/humble/opt/rviz_ogre_vendor/lib:/opt/ros/humble/lib/x86_64-linux-gnu:/opt/ros/humble/lib:/usr/lib/x86_64-linux-gnu/gazebo-11/plugins PYTHONPATH=/home/ubuntu/Desktop/RS2/install/dynamixel_sdk_custom_interfaces/local/lib/python3.10/dist-packages:${PYTHONPATH} /usr/bin/cmake --build /home/ubuntu/Desktop/RS2/build/dynamixel_sdk_examples -- -j2 -l2
[0.147s] Invoking command in '/home/ubuntu/Desktop/RS2/build/dynamixel_sdk_examples': AMENT_PREFIX_PATH=/home/ubuntu/Desktop/RS2/install/dynamixel_sdk_custom_interfaces:/home/ubuntu/Desktop/RS2/install/dynamixel_sdk:${AMENT_PREFIX_PATH} CMAKE_PREFIX_PATH=/home/ubuntu/Desktop/RS2/install/dynamixel_sdk_custom_interfaces:/home/ubuntu/Desktop/RS2/install/dynamixel_sdk:/opt/ros/humble LD_LIBRARY_PATH=/home/ubuntu/Desktop/RS2/install/dynamixel_sdk_custom_interfaces/lib:/home/ubuntu/Desktop/RS2/install/dynamixel_sdk/lib:/usr/lib/x86_64-linux-gnu/gazebo-11/plugins:/opt/ros/humble/opt/rviz_ogre_vendor/lib:/opt/ros/humble/lib/x86_64-linux-gnu:/opt/ros/humble/lib:/usr/lib/x86_64-linux-gnu/gazebo-11/plugins PYTHONPATH=/home/ubuntu/Desktop/RS2/install/dynamixel_sdk_custom_interfaces/local/lib/python3.10/dist-packages:${PYTHONPATH} /usr/bin/cmake --install /home/ubuntu/Desktop/RS2/build/dynamixel_sdk_examples
[0.158s] -- Install configuration: ""
[0.159s] -- Execute custom install script
[0.160s] -- Up-to-date symlink: /home/ubuntu/Desktop/RS2/install/dynamixel_sdk_examples/lib/dynamixel_sdk_examples/read_write_node
[0.160s] -- Up-to-date symlink: /home/ubuntu/Desktop/RS2/install/dynamixel_sdk_examples/share/ament_index/resource_index/package_run_dependencies/dynamixel_sdk_examples
[0.160s] -- Up-to-date symlink: /home/ubuntu/Desktop/RS2/install/dynamixel_sdk_examples/share/ament_index/resource_index/parent_prefix_path/dynamixel_sdk_examples
[0.161s] -- Up-to-date symlink: /home/ubuntu/Desktop/RS2/install/dynamixel_sdk_examples/share/dynamixel_sdk_examples/environment/ament_prefix_path.sh
[0.161s] -- Up-to-date symlink: /home/ubuntu/Desktop/RS2/install/dynamixel_sdk_examples/share/dynamixel_sdk_examples/environment/ament_prefix_path.dsv
[0.161s] -- Up-to-date symlink: /home/ubuntu/Desktop/RS2/install/dynamixel_sdk_examples/share/dynamixel_sdk_examples/environment/path.sh
[0.162s] -- Up-to-date symlink: /home/ubuntu/Desktop/RS2/install/dynamixel_sdk_examples/share/dynamixel_sdk_examples/environment/path.dsv
[0.162s] -- Up-to-date symlink: /home/ubuntu/Desktop/RS2/install/dynamixel_sdk_examples/share/dynamixel_sdk_examples/local_setup.bash
[0.162s] -- Up-to-date symlink: /home/ubuntu/Desktop/RS2/install/dynamixel_sdk_examples/share/dynamixel_sdk_examples/local_setup.sh
[0.164s] -- Up-to-date symlink: /home/ubuntu/Desktop/RS2/install/dynamixel_sdk_examples/share/dynamixel_sdk_examples/local_setup.zsh
[0.164s] -- Up-to-date symlink: /home/ubuntu/Desktop/RS2/install/dynamixel_sdk_examples/share/dynamixel_sdk_examples/local_setup.dsv
[0.164s] -- Symlinking: /home/ubuntu/Desktop/RS2/install/dynamixel_sdk_examples/share/dynamixel_sdk_examples/package.dsv
[0.174s] -- Up-to-date symlink: /home/ubuntu/Desktop/RS2/install/dynamixel_sdk_examples/share/ament_index/resource_index/packages/dynamixel_sdk_examples
[0.175s] -- Up-to-date symlink: /home/ubuntu/Desktop/RS2/install/dynamixel_sdk_examples/share/dynamixel_sdk_examples/cmake/dynamixel_sdk_examplesConfig.cmake
[0.175s] -- Up-to-date symlink: /home/ubuntu/Desktop/RS2/install/dynamixel_sdk_examples/share/dynamixel_sdk_examples/cmake/dynamixel_sdk_examplesConfig-version.cmake
[0.182s] -- Up-to-date symlink: /home/ubuntu/Desktop/RS2/install/dynamixel_sdk_examples/share/dynamixel_sdk_examples/package.xml
[0.186s] Invoked command in '/home/ubuntu/Desktop/RS2/build/dynamixel_sdk_examples' returned '0': AMENT_PREFIX_PATH=/home/ubuntu/Desktop/RS2/install/dynamixel_sdk_custom_interfaces:/home/ubuntu/Desktop/RS2/install/dynamixel_sdk:${AMENT_PREFIX_PATH} CMAKE_PREFIX_PATH=/home/ubuntu/Desktop/RS2/install/dynamixel_sdk_custom_interfaces:/home/ubuntu/Desktop/RS2/install/dynamixel_sdk:/opt/ros/humble LD_LIBRARY_PATH=/home/ubuntu/Desktop/RS2/install/dynamixel_sdk_custom_interfaces/lib:/home/ubuntu/Desktop/RS2/install/dynamixel_sdk/lib:/usr/lib/x86_64-linux-gnu/gazebo-11/plugins:/opt/ros/humble/opt/rviz_ogre_vendor/lib:/opt/ros/humble/lib/x86_64-linux-gnu:/opt/ros/humble/lib:/usr/lib/x86_64-linux-gnu/gazebo-11/plugins PYTHONPATH=/home/ubuntu/Desktop/RS2/install/dynamixel_sdk_custom_interfaces/local/lib/python3.10/dist-packages:${PYTHONPATH} /usr/bin/cmake --install /home/ubuntu/Desktop/RS2/build/dynamixel_sdk_examples
