[0.017s] Invoking command in '/home/ubuntu/Desktop/RS2/src/build/turtlebot3_gazebo': CMAKE_PREFIX_PATH=/opt/ros/humble /usr/bin/cmake /home/ubuntu/Desktop/RS2/src/turtlebot3_simulations/turtlebot3_gazebo -DAMENT_CMAKE_SYMLINK_INSTALL=1 -DCMAKE_INSTALL_PREFIX=/home/ubuntu/Desktop/RS2/src/install/turtlebot3_gazebo
[0.148s] -- The C compiler identification is GNU 11.4.0
[0.202s] -- The CXX compiler identification is GNU 11.4.0
[0.215s] -- Detecting C compiler ABI info
[0.295s] -- Detecting C compiler ABI info - done
[0.300s] -- Check for working C compiler: /usr/bin/cc - skipped
[0.300s] -- Detecting C compile features
[0.301s] -- Detecting C compile features - done
[0.306s] -- Detecting CXX compiler ABI info
[0.378s] -- Detecting CXX compiler ABI info - done
[0.386s] -- Check for working CXX compiler: /usr/bin/c++ - skipped
[0.386s] -- Detecting CXX compile features
[0.387s] -- Detecting CXX compile features - done
[0.395s] -- Found ament_cmake: 1.3.11 (/opt/ros/humble/share/ament_cmake/cmake)
[0.611s] -- Found Python3: /usr/bin/python3 (found version "3.10.12") found components: Interpreter 
[0.665s] -- Override CMake install command with custom implementation using symlinks instead of copying resources
[0.730s] [33mCMake Warning (dev) at /usr/share/cmake-3.22/Modules/FindPackageHandleStandardArgs.cmake:438 (message):
[0.730s]   The package name passed to `find_package_handle_standard_args` (PkgConfig)
[0.730s]   does not match the name of the calling package (gazebo).  This can lead to
[0.730s]   problems in calling code that expects `find_package` result variables
[0.730s]   (e.g., `_FOUND`) to follow a certain pattern.
[0.730s] Call Stack (most recent call first):
[0.730s]   /usr/share/cmake-3.22/Modules/FindPkgConfig.cmake:99 (find_package_handle_standard_args)
[0.730s]   /usr/lib/x86_64-linux-gnu/cmake/gazebo/gazebo-config.cmake:72 (include)
[0.730s]   CMakeLists.txt:23 (find_package)
[0.730s] This warning is for project developers.  Use -Wno-dev to suppress it.
[0.730s] [0m
[0.734s] -- Found PkgConfig: /usr/bin/pkg-config (found version "0.29.2") 
[0.738s] -- Checking for module 'bullet>=2.82'
[0.757s] --   Found bullet, version 3.05
[0.847s] -- Found fcl: /usr/include (found suitable version "0.7.0", minimum required is "0.5.0") 
[0.879s] -- Found assimp: /usr/include (found version "5.2.0") 
[0.901s] -- Found DART: /usr/include (Required is at least version "6.6") found components: dart 
[1.092s] -- Found Boost: /usr/lib/x86_64-linux-gnu/cmake/Boost-1.74.0/BoostConfig.cmake (found suitable version "1.74.0", minimum required is "1.40.0") found components: thread system filesystem program_options regex iostreams date_time 
[1.116s] -- Found Protobuf: /usr/lib/x86_64-linux-gnu/libprotobuf.so (found version "3.12.4") 
[1.122s] -- Looking for ignition-math6 -- found version 6.15.1
[1.150s] -- Searching for dependencies of ignition-math6
[1.155s] -- Looking for OGRE...
[1.155s] -- OGRE_PREFIX_WATCH changed.
[1.161s] -- Checking for module 'OGRE'
[1.168s] --   Found OGRE, version 1.9.0
[1.185s] -- Found Ogre Ghadamon (1.9.0)
[1.194s] -- Found OGRE: optimized;/usr/lib/x86_64-linux-gnu/libOgreMain.so;debug;/usr/lib/x86_64-linux-gnu/libOgreMain.so
[1.203s] -- Looking for OGRE_Paging...
[1.208s] -- Found OGRE_Paging: optimized;/usr/lib/x86_64-linux-gnu/libOgrePaging.so;debug;/usr/lib/x86_64-linux-gnu/libOgrePaging.so
[1.208s] -- Looking for OGRE_Terrain...
[1.212s] -- Found OGRE_Terrain: optimized;/usr/lib/x86_64-linux-gnu/libOgreTerrain.so;debug;/usr/lib/x86_64-linux-gnu/libOgreTerrain.so
[1.212s] -- Looking for OGRE_Property...
[1.216s] -- Found OGRE_Property: optimized;/usr/lib/x86_64-linux-gnu/libOgreProperty.so;debug;/usr/lib/x86_64-linux-gnu/libOgreProperty.so
[1.216s] -- Looking for OGRE_RTShaderSystem...
[1.220s] -- Found OGRE_RTShaderSystem: optimized;/usr/lib/x86_64-linux-gnu/libOgreRTShaderSystem.so;debug;/usr/lib/x86_64-linux-gnu/libOgreRTShaderSystem.so
[1.220s] -- Looking for OGRE_Volume...
[1.225s] -- Found OGRE_Volume: optimized;/usr/lib/x86_64-linux-gnu/libOgreVolume.so;debug;/usr/lib/x86_64-linux-gnu/libOgreVolume.so
[1.225s] -- Looking for OGRE_Overlay...
[1.230s] -- Found OGRE_Overlay: optimized;/usr/lib/x86_64-linux-gnu/libOgreOverlay.so;debug;/usr/lib/x86_64-linux-gnu/libOgreOverlay.so
[1.320s] -- Looking for ignition-math6 -- found version 6.15.1
[1.337s] -- Looking for ignition-transport8 -- found version 8.2.1
[1.337s] -- Searching for dependencies of ignition-transport8
[1.359s] -- Found Protobuf: /usr/lib/x86_64-linux-gnu/libprotobuf.so (found suitable version "3.12.4", minimum required is "3") 
[1.369s] -- Config-file not installed for ZeroMQ -- checking for pkg-config
[1.373s] -- Checking for module 'libzmq >= 4'
[1.382s] --   Found libzmq , version 4.3.4
[1.403s] -- Found ZeroMQ: TRUE (Required is at least version "4") 
[1.408s] -- Checking for module 'uuid'
[1.417s] --   Found uuid, version 2.37.2
[1.456s] -- Found UUID: TRUE  
[1.458s] -- Looking for ignition-msgs5 -- found version 5.8.1
[1.459s] -- Searching for dependencies of ignition-msgs5
[1.476s] -- Looking for ignition-math6 -- found version 6.15.1
[1.480s] -- Checking for module 'tinyxml2'
[1.489s] --   Found tinyxml2, version 9.0.0
[1.514s] -- Looking for ignition-msgs5 -- found version 5.8.1
[1.516s] -- Looking for ignition-common3 -- found version 3.14.0
[1.516s] -- Searching for dependencies of ignition-common3
[1.517s] -- Looking for dlfcn.h - found
[1.518s] -- Looking for libdl - found
[1.519s] -- Found DL: TRUE  
[1.530s] -- Found tinyobjloader: /usr/lib/x86_64-linux-gnu/cmake/tinyobjloader/tinyobjloader-config.cmake (found version "2.0.0") 
[1.531s] -- Searching for <ignition-common3> component [graphics]
[1.532s] -- Looking for ignition-common3-graphics -- found version 3.14.0
[1.533s] -- Searching for dependencies of ignition-common3-graphics
[1.533s] -- Looking for ignition-math6 -- found version 6.15.1
[1.536s] -- Looking for ignition-fuel_tools4 -- found version 4.4.0
[1.536s] -- Searching for dependencies of ignition-fuel_tools4
[1.596s] -- Found CURL: /usr/lib/x86_64-linux-gnu/libcurl.so (found version "7.81.0")  
[1.604s] -- Checking for module 'jsoncpp'
[1.611s] --   Found jsoncpp, version 1.9.5
[1.637s] -- Found JSONCPP: TRUE  
[1.645s] -- Checking for module 'libzip'
[1.655s] --   Found libzip, version 1.7.3
[1.683s] -- Found ZIP: TRUE  
[1.684s] -- Looking for ignition-common3 -- found version 3.14.0
[1.684s] -- Looking for ignition-math6 -- found version 6.15.1
[1.685s] -- Looking for ignition-msgs5 -- found version 5.8.1
[1.691s] -- Found gazebo_ros_pkgs: 3.9.0 (/opt/ros/humble/share/gazebo_ros_pkgs/cmake)
[1.693s] -- Found geometry_msgs: 4.2.4 (/opt/ros/humble/share/geometry_msgs/cmake)
[1.730s] -- Found rosidl_generator_c: 3.1.6 (/opt/ros/humble/share/rosidl_generator_c/cmake)
[1.735s] -- Found rosidl_adapter: 3.1.6 (/opt/ros/humble/share/rosidl_adapter/cmake)
[1.746s] -- Found rosidl_generator_cpp: 3.1.6 (/opt/ros/humble/share/rosidl_generator_cpp/cmake)
[1.755s] -- Using all available rosidl_typesupport_c: rosidl_typesupport_fastrtps_c;rosidl_typesupport_introspection_c
[1.771s] -- Using all available rosidl_typesupport_cpp: rosidl_typesupport_fastrtps_cpp;rosidl_typesupport_introspection_cpp
[1.807s] -- Found nav_msgs: 4.2.4 (/opt/ros/humble/share/nav_msgs/cmake)
[1.823s] -- Found rclcpp: 16.0.11 (/opt/ros/humble/share/rclcpp/cmake)
[1.857s] -- Found rmw_implementation_cmake: 6.1.2 (/opt/ros/humble/share/rmw_implementation_cmake/cmake)
[1.859s] -- Found rmw_fastrtps_cpp: 6.2.7 (/opt/ros/humble/share/rmw_fastrtps_cpp/cmake)
[1.924s] -- Found OpenSSL: /usr/lib/x86_64-linux-gnu/libcrypto.so (found version "3.0.2")  
[1.945s] -- Found FastRTPS: /opt/ros/humble/include  
[1.983s] -- Using RMW implementation 'rmw_fastrtps_cpp' as default
[1.991s] -- Found Threads: TRUE  
[2.026s] -- Found sensor_msgs: 4.2.4 (/opt/ros/humble/share/sensor_msgs/cmake)
[2.042s] -- Found tf2: 0.25.12 (/opt/ros/humble/share/tf2/cmake)
[2.115s] -- Configuring done
[2.140s] -- Generating done
[2.147s] -- Build files have been written to: /home/ubuntu/Desktop/RS2/src/build/turtlebot3_gazebo
