[0.044s] Invoking command in '/home/ubuntu/Desktop/RS2/build/turtlebot3_node': AMENT_PREFIX_PATH=/home/ubuntu/Desktop/RS2/install/turtlebot3_msgs:/home/ubuntu/Desktop/RS2/install/dynamixel_sdk:${AMENT_PREFIX_PATH} CMAKE_PREFIX_PATH=/home/ubuntu/Desktop/RS2/install/turtlebot3_msgs:/home/ubuntu/Desktop/RS2/install/dynamixel_sdk:/opt/ros/humble LD_LIBRARY_PATH=/home/ubuntu/Desktop/RS2/install/turtlebot3_msgs/lib:/home/ubuntu/Desktop/RS2/install/dynamixel_sdk/lib:${LD_LIBRARY_PATH} PYTHONPATH=/home/ubuntu/Desktop/RS2/install/turtlebot3_msgs/local/lib/python3.10/dist-packages:${PYTHONPATH} /usr/bin/cmake --build /home/ubuntu/Desktop/RS2/build/turtlebot3_node -- -j2 -l2
[0.262s] [ 85%] Built target turtlebot3_node_lib
[0.352s] [100%] Built target turtlebot3_ros
[0.403s] Invoked command in '/home/ubuntu/Desktop/RS2/build/turtlebot3_node' returned '0': AMENT_PREFIX_PATH=/home/ubuntu/Desktop/RS2/install/turtlebot3_msgs:/home/ubuntu/Desktop/RS2/install/dynamixel_sdk:${AMENT_PREFIX_PATH} CMAKE_PREFIX_PATH=/home/ubuntu/Desktop/RS2/install/turtlebot3_msgs:/home/ubuntu/Desktop/RS2/install/dynamixel_sdk:/opt/ros/humble LD_LIBRARY_PATH=/home/ubuntu/Desktop/RS2/install/turtlebot3_msgs/lib:/home/ubuntu/Desktop/RS2/install/dynamixel_sdk/lib:${LD_LIBRARY_PATH} PYTHONPATH=/home/ubuntu/Desktop/RS2/install/turtlebot3_msgs/local/lib/python3.10/dist-packages:${PYTHONPATH} /usr/bin/cmake --build /home/ubuntu/Desktop/RS2/build/turtlebot3_node -- -j2 -l2
[0.403s] Invoking command in '/home/ubuntu/Desktop/RS2/build/turtlebot3_node': AMENT_PREFIX_PATH=/home/ubuntu/Desktop/RS2/install/turtlebot3_msgs:/home/ubuntu/Desktop/RS2/install/dynamixel_sdk:${AMENT_PREFIX_PATH} CMAKE_PREFIX_PATH=/home/ubuntu/Desktop/RS2/install/turtlebot3_msgs:/home/ubuntu/Desktop/RS2/install/dynamixel_sdk:/opt/ros/humble LD_LIBRARY_PATH=/home/ubuntu/Desktop/RS2/install/turtlebot3_msgs/lib:/home/ubuntu/Desktop/RS2/install/dynamixel_sdk/lib:${LD_LIBRARY_PATH} PYTHONPATH=/home/ubuntu/Desktop/RS2/install/turtlebot3_msgs/local/lib/python3.10/dist-packages:${PYTHONPATH} /usr/bin/cmake --install /home/ubuntu/Desktop/RS2/build/turtlebot3_node
[0.433s] -- Install configuration: ""
[0.434s] -- Execute custom install script
[0.434s] -- Up-to-date symlink: /home/ubuntu/Desktop/RS2/install/turtlebot3_node/share/turtlebot3_node/param/burger.yaml
[0.440s] -- Up-to-date symlink: /home/ubuntu/Desktop/RS2/install/turtlebot3_node/share/turtlebot3_node/param/waffle.yaml
[0.440s] -- Up-to-date symlink: /home/ubuntu/Desktop/RS2/install/turtlebot3_node/share/turtlebot3_node/param/waffle_pi.yaml
[0.440s] -- Up-to-date symlink: /home/ubuntu/Desktop/RS2/install/turtlebot3_node/lib/turtlebot3_node/turtlebot3_ros
[0.440s] -- Up-to-date symlink: /home/ubuntu/Desktop/RS2/install/turtlebot3_node/share/ament_index/resource_index/package_run_dependencies/turtlebot3_node
[0.440s] -- Up-to-date symlink: /home/ubuntu/Desktop/RS2/install/turtlebot3_node/share/ament_index/resource_index/parent_prefix_path/turtlebot3_node
[0.446s] -- Up-to-date symlink: /home/ubuntu/Desktop/RS2/install/turtlebot3_node/share/turtlebot3_node/environment/ament_prefix_path.sh
[0.446s] -- Up-to-date symlink: /home/ubuntu/Desktop/RS2/install/turtlebot3_node/share/turtlebot3_node/environment/ament_prefix_path.dsv
[0.446s] -- Up-to-date symlink: /home/ubuntu/Desktop/RS2/install/turtlebot3_node/share/turtlebot3_node/environment/path.sh
[0.446s] -- Up-to-date symlink: /home/ubuntu/Desktop/RS2/install/turtlebot3_node/share/turtlebot3_node/environment/path.dsv
[0.446s] -- Up-to-date symlink: /home/ubuntu/Desktop/RS2/install/turtlebot3_node/share/turtlebot3_node/local_setup.bash
[0.446s] -- Up-to-date symlink: /home/ubuntu/Desktop/RS2/install/turtlebot3_node/share/turtlebot3_node/local_setup.sh
[0.446s] -- Up-to-date symlink: /home/ubuntu/Desktop/RS2/install/turtlebot3_node/share/turtlebot3_node/local_setup.zsh
[0.446s] -- Up-to-date symlink: /home/ubuntu/Desktop/RS2/install/turtlebot3_node/share/turtlebot3_node/local_setup.dsv
[0.447s] -- Symlinking: /home/ubuntu/Desktop/RS2/install/turtlebot3_node/share/turtlebot3_node/package.dsv
[0.474s] -- Up-to-date symlink: /home/ubuntu/Desktop/RS2/install/turtlebot3_node/share/ament_index/resource_index/packages/turtlebot3_node
[0.474s] -- Up-to-date symlink: /home/ubuntu/Desktop/RS2/install/turtlebot3_node/share/turtlebot3_node/cmake/ament_cmake_export_include_directories-extras.cmake
[0.474s] -- Up-to-date symlink: /home/ubuntu/Desktop/RS2/install/turtlebot3_node/share/turtlebot3_node/cmake/turtlebot3_nodeConfig.cmake
[0.475s] -- Up-to-date symlink: /home/ubuntu/Desktop/RS2/install/turtlebot3_node/share/turtlebot3_node/cmake/turtlebot3_nodeConfig-version.cmake
[0.475s] -- Up-to-date symlink: /home/ubuntu/Desktop/RS2/install/turtlebot3_node/share/turtlebot3_node/package.xml
[0.492s] Invoked command in '/home/ubuntu/Desktop/RS2/build/turtlebot3_node' returned '0': AMENT_PREFIX_PATH=/home/ubuntu/Desktop/RS2/install/turtlebot3_msgs:/home/ubuntu/Desktop/RS2/install/dynamixel_sdk:${AMENT_PREFIX_PATH} CMAKE_PREFIX_PATH=/home/ubuntu/Desktop/RS2/install/turtlebot3_msgs:/home/ubuntu/Desktop/RS2/install/dynamixel_sdk:/opt/ros/humble LD_LIBRARY_PATH=/home/ubuntu/Desktop/RS2/install/turtlebot3_msgs/lib:/home/ubuntu/Desktop/RS2/install/dynamixel_sdk/lib:${LD_LIBRARY_PATH} PYTHONPATH=/home/ubuntu/Desktop/RS2/install/turtlebot3_msgs/local/lib/python3.10/dist-packages:${PYTHONPATH} /usr/bin/cmake --install /home/ubuntu/Desktop/RS2/build/turtlebot3_node
