[1.454s] Invoking command in '/home/katie/turtlebot3_ws/src/move_pepper': PYTHONPATH=/home/katie/turtlebot3_ws/build/move_pepper/prefix_override:/usr/lib/python3/dist-packages/colcon_core/task/python/colcon_distutils_commands:/home/katie/turtlebot3_ws/install/move_pepper/lib/python3.10/site-packages:${PYTHONPATH} /usr/bin/python3 -W ignore:setup.py install is deprecated -W ignore:easy_install command is deprecated setup.py egg_info --egg-base ../../build/move_pepper build --build-base /home/katie/turtlebot3_ws/build/move_pepper/build install --record /home/katie/turtlebot3_ws/build/move_pepper/install.log --single-version-externally-managed install_data
[1.826s] running egg_info
[1.851s] writing ../../build/move_pepper/move_pepper.egg-info/PKG-INFO
[1.852s] writing dependency_links to ../../build/move_pepper/move_pepper.egg-info/dependency_links.txt
[1.852s] writing entry points to ../../build/move_pepper/move_pepper.egg-info/entry_points.txt
[1.853s] writing requirements to ../../build/move_pepper/move_pepper.egg-info/requires.txt
[1.853s] writing top-level names to ../../build/move_pepper/move_pepper.egg-info/top_level.txt
[1.906s] reading manifest file '../../build/move_pepper/move_pepper.egg-info/SOURCES.txt'
[1.909s] writing manifest file '../../build/move_pepper/move_pepper.egg-info/SOURCES.txt'
[1.909s] running build
[1.909s] running build_py
[1.909s] copying move_pepper/__init__.py -> /home/katie/turtlebot3_ws/build/move_pepper/build/lib/move_pepper
[1.910s] copying move_pepper/set_init_amcl_pose.py -> /home/katie/turtlebot3_ws/build/move_pepper/build/lib/move_pepper
[1.911s] running install
[1.919s] running install_lib
[1.948s] running install_data
[1.948s] copying resource/move_pepper -> /home/katie/turtlebot3_ws/install/move_pepper/share/ament_index/resource_index/packages
[1.949s] copying package.xml -> /home/katie/turtlebot3_ws/install/move_pepper/share/move_pepper
[1.950s] copying launch/library4.launch.py -> /home/katie/turtlebot3_ws/install/move_pepper/share/move_pepper
[1.951s] copying launch/nav2.launch.py -> /home/katie/turtlebot3_ws/install/move_pepper/share/move_pepper
[1.951s] copying maps/map.yaml -> /home/katie/turtlebot3_ws/install/move_pepper/share/move_pepper/maps
[1.952s] copying maps/map.pgm -> /home/katie/turtlebot3_ws/install/move_pepper/share/move_pepper/maps
[1.953s] copying maps/OLDmap.pgm -> /home/katie/turtlebot3_ws/install/move_pepper/share/move_pepper/maps
[1.954s] copying maps/OLDmap.yaml -> /home/katie/turtlebot3_ws/install/move_pepper/share/move_pepper/maps
[1.954s] running install_egg_info
[1.985s] removing '/home/katie/turtlebot3_ws/install/move_pepper/lib/python3.10/site-packages/move_pepper-0.0.0-py3.10.egg-info' (and everything under it)
[1.986s] Copying ../../build/move_pepper/move_pepper.egg-info to /home/katie/turtlebot3_ws/install/move_pepper/lib/python3.10/site-packages/move_pepper-0.0.0-py3.10.egg-info
[1.988s] running install_scripts
[2.214s] Installing amcl_init_pose_publisher script to /home/katie/turtlebot3_ws/install/move_pepper/lib/move_pepper
[2.215s] writing list of installed files to '/home/katie/turtlebot3_ws/build/move_pepper/install.log'
[2.278s] Invoked command in '/home/katie/turtlebot3_ws/src/move_pepper' returned '0': PYTHONPATH=/home/katie/turtlebot3_ws/build/move_pepper/prefix_override:/usr/lib/python3/dist-packages/colcon_core/task/python/colcon_distutils_commands:/home/katie/turtlebot3_ws/install/move_pepper/lib/python3.10/site-packages:${PYTHONPATH} /usr/bin/python3 -W ignore:setup.py install is deprecated -W ignore:easy_install command is deprecated setup.py egg_info --egg-base ../../build/move_pepper build --build-base /home/katie/turtlebot3_ws/build/move_pepper/build install --record /home/katie/turtlebot3_ws/build/move_pepper/install.log --single-version-externally-managed install_data
