[0.012s] Invoking command in '/home/ubuntu/Desktop/RS2/build/turtlebot3_fake_node': AMENT_PREFIX_PATH=/home/ubuntu/Desktop/RS2/install/turtlebot3_msgs:${AMENT_PREFIX_PATH} CMAKE_PREFIX_PATH=/home/ubuntu/Desktop/RS2/install/turtlebot3_msgs:/opt/ros/humble LD_LIBRARY_PATH=/home/ubuntu/Desktop/RS2/install/turtlebot3_msgs/lib:/usr/lib/x86_64-linux-gnu/gazebo-11/plugins:/opt/ros/humble/opt/rviz_ogre_vendor/lib:/opt/ros/humble/lib/x86_64-linux-gnu:/opt/ros/humble/lib:/usr/lib/x86_64-linux-gnu/gazebo-11/plugins PYTHONPATH=/home/ubuntu/Desktop/RS2/install/turtlebot3_msgs/local/lib/python3.10/dist-packages:${PYTHONPATH} /usr/bin/cmake --build /home/ubuntu/Desktop/RS2/build/turtlebot3_fake_node -- -j2 -l2
[0.083s] [100%] Built target turtlebot3_fake_node
[0.102s] Invoked command in '/home/ubuntu/Desktop/RS2/build/turtlebot3_fake_node' returned '0': AMENT_PREFIX_PATH=/home/ubuntu/Desktop/RS2/install/turtlebot3_msgs:${AMENT_PREFIX_PATH} CMAKE_PREFIX_PATH=/home/ubuntu/Desktop/RS2/install/turtlebot3_msgs:/opt/ros/humble LD_LIBRARY_PATH=/home/ubuntu/Desktop/RS2/install/turtlebot3_msgs/lib:/usr/lib/x86_64-linux-gnu/gazebo-11/plugins:/opt/ros/humble/opt/rviz_ogre_vendor/lib:/opt/ros/humble/lib/x86_64-linux-gnu:/opt/ros/humble/lib:/usr/lib/x86_64-linux-gnu/gazebo-11/plugins PYTHONPATH=/home/ubuntu/Desktop/RS2/install/turtlebot3_msgs/local/lib/python3.10/dist-packages:${PYTHONPATH} /usr/bin/cmake --build /home/ubuntu/Desktop/RS2/build/turtlebot3_fake_node -- -j2 -l2
[0.109s] Invoking command in '/home/ubuntu/Desktop/RS2/build/turtlebot3_fake_node': AMENT_PREFIX_PATH=/home/ubuntu/Desktop/RS2/install/turtlebot3_msgs:${AMENT_PREFIX_PATH} CMAKE_PREFIX_PATH=/home/ubuntu/Desktop/RS2/install/turtlebot3_msgs:/opt/ros/humble LD_LIBRARY_PATH=/home/ubuntu/Desktop/RS2/install/turtlebot3_msgs/lib:/usr/lib/x86_64-linux-gnu/gazebo-11/plugins:/opt/ros/humble/opt/rviz_ogre_vendor/lib:/opt/ros/humble/lib/x86_64-linux-gnu:/opt/ros/humble/lib:/usr/lib/x86_64-linux-gnu/gazebo-11/plugins PYTHONPATH=/home/ubuntu/Desktop/RS2/install/turtlebot3_msgs/local/lib/python3.10/dist-packages:${PYTHONPATH} /usr/bin/cmake --install /home/ubuntu/Desktop/RS2/build/turtlebot3_fake_node
[0.128s] -- Install configuration: ""
[0.131s] -- Execute custom install script
[0.135s] -- Up-to-date symlink: /home/ubuntu/Desktop/RS2/install/turtlebot3_fake_node/lib/turtlebot3_fake_node/turtlebot3_fake_node
[0.135s] -- Up-to-date symlink: /home/ubuntu/Desktop/RS2/install/turtlebot3_fake_node/share/turtlebot3_fake_node/launch/rviz2.launch.py
[0.135s] -- Up-to-date symlink: /home/ubuntu/Desktop/RS2/install/turtlebot3_fake_node/share/turtlebot3_fake_node/launch/turtlebot3_fake_node.launch.py
[0.135s] -- Up-to-date symlink: /home/ubuntu/Desktop/RS2/install/turtlebot3_fake_node/share/turtlebot3_fake_node/param/burger.yaml
[0.135s] -- Up-to-date symlink: /home/ubuntu/Desktop/RS2/install/turtlebot3_fake_node/share/turtlebot3_fake_node/param/waffle.yaml
[0.135s] -- Up-to-date symlink: /home/ubuntu/Desktop/RS2/install/turtlebot3_fake_node/share/turtlebot3_fake_node/param/waffle_pi.yaml
[0.135s] -- Up-to-date symlink: /home/ubuntu/Desktop/RS2/install/turtlebot3_fake_node/include//turtlebot3_fake_node/turtlebot3_fake_node.hpp
[0.135s] -- Up-to-date symlink: /home/ubuntu/Desktop/RS2/install/turtlebot3_fake_node/share/ament_index/resource_index/package_run_dependencies/turtlebot3_fake_node
[0.136s] -- Up-to-date symlink: /home/ubuntu/Desktop/RS2/install/turtlebot3_fake_node/share/ament_index/resource_index/parent_prefix_path/turtlebot3_fake_node
[0.138s] -- Up-to-date symlink: /home/ubuntu/Desktop/RS2/install/turtlebot3_fake_node/share/turtlebot3_fake_node/environment/ament_prefix_path.sh
[0.139s] -- Up-to-date symlink: /home/ubuntu/Desktop/RS2/install/turtlebot3_fake_node/share/turtlebot3_fake_node/environment/ament_prefix_path.dsv
[0.139s] -- Up-to-date symlink: /home/ubuntu/Desktop/RS2/install/turtlebot3_fake_node/share/turtlebot3_fake_node/environment/path.sh
[0.139s] -- Up-to-date symlink: /home/ubuntu/Desktop/RS2/install/turtlebot3_fake_node/share/turtlebot3_fake_node/environment/path.dsv
[0.139s] -- Up-to-date symlink: /home/ubuntu/Desktop/RS2/install/turtlebot3_fake_node/share/turtlebot3_fake_node/local_setup.bash
[0.139s] -- Up-to-date symlink: /home/ubuntu/Desktop/RS2/install/turtlebot3_fake_node/share/turtlebot3_fake_node/local_setup.sh
[0.139s] -- Up-to-date symlink: /home/ubuntu/Desktop/RS2/install/turtlebot3_fake_node/share/turtlebot3_fake_node/local_setup.zsh
[0.144s] -- Up-to-date symlink: /home/ubuntu/Desktop/RS2/install/turtlebot3_fake_node/share/turtlebot3_fake_node/local_setup.dsv
[0.144s] -- Symlinking: /home/ubuntu/Desktop/RS2/install/turtlebot3_fake_node/share/turtlebot3_fake_node/package.dsv
[0.163s] -- Up-to-date symlink: /home/ubuntu/Desktop/RS2/install/turtlebot3_fake_node/share/ament_index/resource_index/packages/turtlebot3_fake_node
[0.163s] -- Up-to-date symlink: /home/ubuntu/Desktop/RS2/install/turtlebot3_fake_node/share/turtlebot3_fake_node/cmake/ament_cmake_export_include_directories-extras.cmake
[0.163s] -- Up-to-date symlink: /home/ubuntu/Desktop/RS2/install/turtlebot3_fake_node/share/turtlebot3_fake_node/cmake/ament_cmake_export_dependencies-extras.cmake
[0.163s] -- Up-to-date symlink: /home/ubuntu/Desktop/RS2/install/turtlebot3_fake_node/share/turtlebot3_fake_node/cmake/turtlebot3_fake_nodeConfig.cmake
[0.163s] -- Up-to-date symlink: /home/ubuntu/Desktop/RS2/install/turtlebot3_fake_node/share/turtlebot3_fake_node/cmake/turtlebot3_fake_nodeConfig-version.cmake
[0.163s] -- Up-to-date symlink: /home/ubuntu/Desktop/RS2/install/turtlebot3_fake_node/share/turtlebot3_fake_node/package.xml
[0.163s] Invoked command in '/home/ubuntu/Desktop/RS2/build/turtlebot3_fake_node' returned '0': AMENT_PREFIX_PATH=/home/ubuntu/Desktop/RS2/install/turtlebot3_msgs:${AMENT_PREFIX_PATH} CMAKE_PREFIX_PATH=/home/ubuntu/Desktop/RS2/install/turtlebot3_msgs:/opt/ros/humble LD_LIBRARY_PATH=/home/ubuntu/Desktop/RS2/install/turtlebot3_msgs/lib:/usr/lib/x86_64-linux-gnu/gazebo-11/plugins:/opt/ros/humble/opt/rviz_ogre_vendor/lib:/opt/ros/humble/lib/x86_64-linux-gnu:/opt/ros/humble/lib:/usr/lib/x86_64-linux-gnu/gazebo-11/plugins PYTHONPATH=/home/ubuntu/Desktop/RS2/install/turtlebot3_msgs/local/lib/python3.10/dist-packages:${PYTHONPATH} /usr/bin/cmake --install /home/ubuntu/Desktop/RS2/build/turtlebot3_fake_node
