[0.022s] Invoking command in '/home/ubuntu/Desktop/RS2/build/turtlebot3_gazebo': CMAKE_PREFIX_PATH=/opt/ros/humble /usr/bin/cmake /home/ubuntu/Desktop/RS2/src/turtlebot3_simulations/turtlebot3_gazebo -DAMENT_CMAKE_SYMLINK_INSTALL=1 -DCMAKE_INSTALL_PREFIX=/home/ubuntu/Desktop/RS2/install/turtlebot3_gazebo
[0.136s] -- The C compiler identification is GNU 11.4.0
[0.176s] -- The CXX compiler identification is GNU 11.4.0
[0.178s] -- Detecting C compiler ABI info
[0.240s] -- Detecting C compiler ABI info - done
[0.247s] -- Check for working C compiler: /usr/bin/cc - skipped
[0.247s] -- Detecting C compile features
[0.248s] -- Detecting C compile features - done
[0.250s] -- Detecting CXX compiler ABI info
[0.332s] -- Detecting CXX compiler ABI info - done
[0.338s] -- Check for working CXX compiler: /usr/bin/c++ - skipped
[0.340s] -- Detecting CXX compile features
[0.340s] -- Detecting CXX compile features - done
[0.345s] -- Found ament_cmake: 1.3.11 (/opt/ros/humble/share/ament_cmake/cmake)
[0.520s] -- Found Python3: /usr/bin/python3 (found version "3.10.12") found components: Interpreter 
[0.581s] -- Override CMake install command with custom implementation using symlinks instead of copying resources
[0.610s] [33mCMake Warning (dev) at /usr/share/cmake-3.22/Modules/FindPackageHandleStandardArgs.cmake:438 (message):
[0.610s]   The package name passed to `find_package_handle_standard_args` (PkgConfig)
[0.610s]   does not match the name of the calling package (gazebo).  This can lead to
[0.611s]   problems in calling code that expects `find_package` result variables
[0.611s]   (e.g., `_FOUND`) to follow a certain pattern.
[0.611s] Call Stack (most recent call first):
[0.611s]   /usr/share/cmake-3.22/Modules/FindPkgConfig.cmake:99 (find_package_handle_standard_args)
[0.611s]   /usr/lib/x86_64-linux-gnu/cmake/gazebo/gazebo-config.cmake:72 (include)
[0.611s]   CMakeLists.txt:23 (find_package)
[0.611s] This warning is for project developers.  Use -Wno-dev to suppress it.
[0.611s] [0m
[0.614s] -- Found PkgConfig: /usr/bin/pkg-config (found version "0.29.2") 
[0.615s] -- Checking for module 'bullet>=2.82'
[0.625s] --   Found bullet, version 3.05
[0.710s] -- Found fcl: /usr/include (found suitable version "0.7.0", minimum required is "0.5.0") 
[0.737s] -- Found assimp: /usr/include (found version "5.2.0") 
[0.767s] -- Found DART: /usr/include (Required is at least version "6.6") found components: dart 
[0.938s] -- Found Boost: /usr/lib/x86_64-linux-gnu/cmake/Boost-1.74.0/BoostConfig.cmake (found suitable version "1.74.0", minimum required is "1.40.0") found components: thread system filesystem program_options regex iostreams date_time 
[0.953s] -- Found Protobuf: /usr/lib/x86_64-linux-gnu/libprotobuf.so (found version "3.12.4") 
[0.959s] -- Looking for ignition-math6 -- found version 6.15.1
[0.964s] -- Searching for dependencies of ignition-math6
[0.966s] -- Looking for OGRE...
[0.966s] -- OGRE_PREFIX_WATCH changed.
[0.970s] -- Checking for module 'OGRE'
[0.977s] --   Found OGRE, version 1.9.0
[0.999s] -- Found Ogre Ghadamon (1.9.0)
[1.010s] -- Found OGRE: optimized;/usr/lib/x86_64-linux-gnu/libOgreMain.so;debug;/usr/lib/x86_64-linux-gnu/libOgreMain.so
[1.020s] -- Looking for OGRE_Paging...
[1.025s] -- Found OGRE_Paging: optimized;/usr/lib/x86_64-linux-gnu/libOgrePaging.so;debug;/usr/lib/x86_64-linux-gnu/libOgrePaging.so
[1.025s] -- Looking for OGRE_Terrain...
[1.030s] -- Found OGRE_Terrain: optimized;/usr/lib/x86_64-linux-gnu/libOgreTerrain.so;debug;/usr/lib/x86_64-linux-gnu/libOgreTerrain.so
[1.030s] -- Looking for OGRE_Property...
[1.035s] -- Found OGRE_Property: optimized;/usr/lib/x86_64-linux-gnu/libOgreProperty.so;debug;/usr/lib/x86_64-linux-gnu/libOgreProperty.so
[1.035s] -- Looking for OGRE_RTShaderSystem...
[1.039s] -- Found OGRE_RTShaderSystem: optimized;/usr/lib/x86_64-linux-gnu/libOgreRTShaderSystem.so;debug;/usr/lib/x86_64-linux-gnu/libOgreRTShaderSystem.so
[1.039s] -- Looking for OGRE_Volume...
[1.044s] -- Found OGRE_Volume: optimized;/usr/lib/x86_64-linux-gnu/libOgreVolume.so;debug;/usr/lib/x86_64-linux-gnu/libOgreVolume.so
[1.044s] -- Looking for OGRE_Overlay...
[1.048s] -- Found OGRE_Overlay: optimized;/usr/lib/x86_64-linux-gnu/libOgreOverlay.so;debug;/usr/lib/x86_64-linux-gnu/libOgreOverlay.so
[1.152s] -- Looking for ignition-math6 -- found version 6.15.1
[1.152s] -- Looking for ignition-transport8 -- found version 8.2.1
[1.152s] -- Searching for dependencies of ignition-transport8
[1.167s] -- Found Protobuf: /usr/lib/x86_64-linux-gnu/libprotobuf.so (found suitable version "3.12.4", minimum required is "3") 
[1.178s] -- Config-file not installed for ZeroMQ -- checking for pkg-config
[1.188s] -- Checking for module 'libzmq >= 4'
[1.195s] --   Found libzmq , version 4.3.4
[1.215s] -- Found ZeroMQ: TRUE (Required is at least version "4") 
[1.220s] -- Checking for module 'uuid'
[1.226s] --   Found uuid, version 2.37.2
[1.243s] -- Found UUID: TRUE  
[1.244s] -- Looking for ignition-msgs5 -- found version 5.8.1
[1.245s] -- Searching for dependencies of ignition-msgs5
[1.262s] -- Looking for ignition-math6 -- found version 6.15.1
[1.264s] -- Checking for module 'tinyxml2'
[1.271s] --   Found tinyxml2, version 9.0.0
[1.293s] -- Looking for ignition-msgs5 -- found version 5.8.1
[1.295s] -- Looking for ignition-common3 -- found version 3.14.0
[1.296s] -- Searching for dependencies of ignition-common3
[1.296s] -- Looking for dlfcn.h - found
[1.297s] -- Looking for libdl - found
[1.299s] -- Found DL: TRUE  
[1.308s] -- Found tinyobjloader: /usr/lib/x86_64-linux-gnu/cmake/tinyobjloader/tinyobjloader-config.cmake (found version "2.0.0") 
[1.309s] -- Searching for <ignition-common3> component [graphics]
[1.310s] -- Looking for ignition-common3-graphics -- found version 3.14.0
[1.311s] -- Searching for dependencies of ignition-common3-graphics
[1.311s] -- Looking for ignition-math6 -- found version 6.15.1
[1.314s] -- Looking for ignition-fuel_tools4 -- found version 4.4.0
[1.314s] -- Searching for dependencies of ignition-fuel_tools4
[1.365s] -- Found CURL: /usr/lib/x86_64-linux-gnu/libcurl.so (found version "7.81.0")  
[1.374s] -- Checking for module 'jsoncpp'
[1.380s] --   Found jsoncpp, version 1.9.5
[1.403s] -- Found JSONCPP: TRUE  
[1.408s] -- Checking for module 'libzip'
[1.415s] --   Found libzip, version 1.7.3
[1.437s] -- Found ZIP: TRUE  
[1.438s] -- Looking for ignition-common3 -- found version 3.14.0
[1.438s] -- Looking for ignition-math6 -- found version 6.15.1
[1.438s] -- Looking for ignition-msgs5 -- found version 5.8.1
[1.443s] -- Found gazebo_ros_pkgs: 3.9.0 (/opt/ros/humble/share/gazebo_ros_pkgs/cmake)
[1.446s] -- Found geometry_msgs: 4.2.4 (/opt/ros/humble/share/geometry_msgs/cmake)
[1.472s] -- Found rosidl_generator_c: 3.1.6 (/opt/ros/humble/share/rosidl_generator_c/cmake)
[1.476s] -- Found rosidl_adapter: 3.1.6 (/opt/ros/humble/share/rosidl_adapter/cmake)
[1.485s] -- Found rosidl_generator_cpp: 3.1.6 (/opt/ros/humble/share/rosidl_generator_cpp/cmake)
[1.497s] -- Using all available rosidl_typesupport_c: rosidl_typesupport_fastrtps_c;rosidl_typesupport_introspection_c
[1.519s] -- Using all available rosidl_typesupport_cpp: rosidl_typesupport_fastrtps_cpp;rosidl_typesupport_introspection_cpp
[1.562s] -- Found nav_msgs: 4.2.4 (/opt/ros/humble/share/nav_msgs/cmake)
[1.589s] -- Found rclcpp: 16.0.11 (/opt/ros/humble/share/rclcpp/cmake)
[1.626s] -- Found rmw_implementation_cmake: 6.1.2 (/opt/ros/humble/share/rmw_implementation_cmake/cmake)
[1.629s] -- Found rmw_fastrtps_cpp: 6.2.7 (/opt/ros/humble/share/rmw_fastrtps_cpp/cmake)
[1.710s] -- Found OpenSSL: /usr/lib/x86_64-linux-gnu/libcrypto.so (found version "3.0.2")  
[1.732s] -- Found FastRTPS: /opt/ros/humble/include  
[1.771s] -- Using RMW implementation 'rmw_fastrtps_cpp' as default
[1.780s] -- Found Threads: TRUE  
[1.836s] -- Found sensor_msgs: 4.2.4 (/opt/ros/humble/share/sensor_msgs/cmake)
[1.861s] -- Found tf2: 0.25.12 (/opt/ros/humble/share/tf2/cmake)
[1.954s] -- Configuring done
[2.017s] -- Generating done
[2.034s] -- Build files have been written to: /home/ubuntu/Desktop/RS2/build/turtlebot3_gazebo
[2.083s] Invoked command in '/home/ubuntu/Desktop/RS2/build/turtlebot3_gazebo' returned '0': CMAKE_PREFIX_PATH=/opt/ros/humble /usr/bin/cmake /home/ubuntu/Desktop/RS2/src/turtlebot3_simulations/turtlebot3_gazebo -DAMENT_CMAKE_SYMLINK_INSTALL=1 -DCMAKE_INSTALL_PREFIX=/home/ubuntu/Desktop/RS2/install/turtlebot3_gazebo
[2.085s] Invoking command in '/home/ubuntu/Desktop/RS2/build/turtlebot3_gazebo': CMAKE_PREFIX_PATH=/opt/ros/humble /usr/bin/cmake --build /home/ubuntu/Desktop/RS2/build/turtlebot3_gazebo -- -j2 -l2
[2.191s] [ 12%] [32mBuilding CXX object CMakeFiles/turtlebot3_drive.dir/src/turtlebot3_drive.cpp.o[0m
[2.218s] [ 25%] [32mBuilding CXX object CMakeFiles/obstacle1.dir/models/turtlebot3_dqn_world/obstacle_plugin/obstacle1.cc.o[0m
[21.531s] [ 37%] [32m[1mLinking CXX executable turtlebot3_drive[0m
[22.071s] [ 50%] [32m[1mLinking CXX shared library libobstacle1.so[0m
[22.538s] [ 50%] Built target obstacle1
[22.551s] [ 50%] Built target turtlebot3_drive
[22.575s] [ 62%] [32mBuilding CXX object CMakeFiles/obstacle2.dir/models/turtlebot3_dqn_world/obstacle_plugin/obstacle2.cc.o[0m
[35.703s] [ 75%] [32m[1mLinking CXX shared library libobstacle2.so[0m
[35.898s] [ 75%] Built target obstacle2
[35.916s] [ 87%] [32mBuilding CXX object CMakeFiles/obstacles.dir/models/turtlebot3_dqn_world/obstacle_plugin/obstacles.cc.o[0m
[46.919s] [100%] [32m[1mLinking CXX shared library libobstacles.so[0m
[47.127s] [100%] Built target obstacles
[47.139s] Invoked command in '/home/ubuntu/Desktop/RS2/build/turtlebot3_gazebo' returned '0': CMAKE_PREFIX_PATH=/opt/ros/humble /usr/bin/cmake --build /home/ubuntu/Desktop/RS2/build/turtlebot3_gazebo -- -j2 -l2
[47.140s] Invoking command in '/home/ubuntu/Desktop/RS2/build/turtlebot3_gazebo': CMAKE_PREFIX_PATH=/opt/ros/humble /usr/bin/cmake --install /home/ubuntu/Desktop/RS2/build/turtlebot3_gazebo
[47.151s] -- Install configuration: ""
[47.151s] -- Execute custom install script
[47.151s] -- Symlinking: /home/ubuntu/Desktop/RS2/install/turtlebot3_gazebo/lib/turtlebot3_gazebo/turtlebot3_drive
[47.155s] -- Symlinking: /home/ubuntu/Desktop/RS2/install/turtlebot3_gazebo/share/turtlebot3_gazebo//launch/empty_world.launch.py
[47.160s] -- Symlinking: /home/ubuntu/Desktop/RS2/install/turtlebot3_gazebo/share/turtlebot3_gazebo//launch/robot_state_publisher.launch.py
[47.167s] -- Symlinking: /home/ubuntu/Desktop/RS2/install/turtlebot3_gazebo/share/turtlebot3_gazebo//launch/spawn_turtlebot3.launch.py
[47.172s] -- Symlinking: /home/ubuntu/Desktop/RS2/install/turtlebot3_gazebo/share/turtlebot3_gazebo//launch/turtlebot3_dqn_stage1.launch.py
[47.178s] -- Symlinking: /home/ubuntu/Desktop/RS2/install/turtlebot3_gazebo/share/turtlebot3_gazebo//launch/turtlebot3_dqn_stage2.launch.py
[47.184s] -- Symlinking: /home/ubuntu/Desktop/RS2/install/turtlebot3_gazebo/share/turtlebot3_gazebo//launch/turtlebot3_dqn_stage3.launch.py
[47.190s] -- Symlinking: /home/ubuntu/Desktop/RS2/install/turtlebot3_gazebo/share/turtlebot3_gazebo//launch/turtlebot3_dqn_stage4.launch.py
[47.196s] -- Symlinking: /home/ubuntu/Desktop/RS2/install/turtlebot3_gazebo/share/turtlebot3_gazebo//launch/turtlebot3_house.launch.py
[47.202s] -- Symlinking: /home/ubuntu/Desktop/RS2/install/turtlebot3_gazebo/share/turtlebot3_gazebo//launch/turtlebot3_world.launch.py
[47.222s] -- Symlinking: /home/ubuntu/Desktop/RS2/install/turtlebot3_gazebo/share/turtlebot3_gazebo//models/turtlebot3_burger/model-1_4.sdf
[47.235s] -- Symlinking: /home/ubuntu/Desktop/RS2/install/turtlebot3_gazebo/share/turtlebot3_gazebo//models/turtlebot3_burger/model.config
[47.241s] -- Symlinking: /home/ubuntu/Desktop/RS2/install/turtlebot3_gazebo/share/turtlebot3_gazebo//models/turtlebot3_burger/model.sdf
[47.247s] -- Symlinking: /home/ubuntu/Desktop/RS2/install/turtlebot3_gazebo/share/turtlebot3_gazebo//models/turtlebot3_common/meshes/burger_base.dae
[47.252s] -- Symlinking: /home/ubuntu/Desktop/RS2/install/turtlebot3_gazebo/share/turtlebot3_gazebo//models/turtlebot3_common/meshes/lds.dae
[47.258s] -- Symlinking: /home/ubuntu/Desktop/RS2/install/turtlebot3_gazebo/share/turtlebot3_gazebo//models/turtlebot3_common/meshes/r200.dae
[47.264s] -- Symlinking: /home/ubuntu/Desktop/RS2/install/turtlebot3_gazebo/share/turtlebot3_gazebo//models/turtlebot3_common/meshes/tire.dae
[47.269s] -- Symlinking: /home/ubuntu/Desktop/RS2/install/turtlebot3_gazebo/share/turtlebot3_gazebo//models/turtlebot3_common/meshes/waffle_base.dae
[47.274s] -- Symlinking: /home/ubuntu/Desktop/RS2/install/turtlebot3_gazebo/share/turtlebot3_gazebo//models/turtlebot3_common/meshes/waffle_pi_base.dae
[47.280s] -- Symlinking: /home/ubuntu/Desktop/RS2/install/turtlebot3_gazebo/share/turtlebot3_gazebo//models/turtlebot3_common/model.config
[47.291s] -- Symlinking: /home/ubuntu/Desktop/RS2/install/turtlebot3_gazebo/share/turtlebot3_gazebo//models/turtlebot3_dqn_world/goal_box/model.config
[47.301s] -- Symlinking: /home/ubuntu/Desktop/RS2/install/turtlebot3_gazebo/share/turtlebot3_gazebo//models/turtlebot3_dqn_world/goal_box/model.sdf
[47.308s] -- Symlinking: /home/ubuntu/Desktop/RS2/install/turtlebot3_gazebo/share/turtlebot3_gazebo//models/turtlebot3_dqn_world/inner_walls/model.config
[47.314s] -- Symlinking: /home/ubuntu/Desktop/RS2/install/turtlebot3_gazebo/share/turtlebot3_gazebo//models/turtlebot3_dqn_world/inner_walls/model.sdf
[47.326s] -- Symlinking: /home/ubuntu/Desktop/RS2/install/turtlebot3_gazebo/share/turtlebot3_gazebo//models/turtlebot3_dqn_world/model.config
[47.334s] -- Symlinking: /home/ubuntu/Desktop/RS2/install/turtlebot3_gazebo/share/turtlebot3_gazebo//models/turtlebot3_dqn_world/model.sdf
[47.340s] -- Symlinking: /home/ubuntu/Desktop/RS2/install/turtlebot3_gazebo/share/turtlebot3_gazebo//models/turtlebot3_dqn_world/obstacle1/model.config
[47.346s] -- Symlinking: /home/ubuntu/Desktop/RS2/install/turtlebot3_gazebo/share/turtlebot3_gazebo//models/turtlebot3_dqn_world/obstacle1/model.sdf
[47.352s] -- Symlinking: /home/ubuntu/Desktop/RS2/install/turtlebot3_gazebo/share/turtlebot3_gazebo//models/turtlebot3_dqn_world/obstacle2/model.config
[47.358s] -- Symlinking: /home/ubuntu/Desktop/RS2/install/turtlebot3_gazebo/share/turtlebot3_gazebo//models/turtlebot3_dqn_world/obstacle2/model.sdf
[47.364s] -- Symlinking: /home/ubuntu/Desktop/RS2/install/turtlebot3_gazebo/share/turtlebot3_gazebo//models/turtlebot3_dqn_world/obstacle_plugin/CMakeLists.txt
[47.371s] -- Symlinking: /home/ubuntu/Desktop/RS2/install/turtlebot3_gazebo/share/turtlebot3_gazebo//models/turtlebot3_dqn_world/obstacle_plugin/obstacle1.cc
[47.377s] -- Symlinking: /home/ubuntu/Desktop/RS2/install/turtlebot3_gazebo/share/turtlebot3_gazebo//models/turtlebot3_dqn_world/obstacle_plugin/obstacle2.cc
[47.384s] -- Symlinking: /home/ubuntu/Desktop/RS2/install/turtlebot3_gazebo/share/turtlebot3_gazebo//models/turtlebot3_dqn_world/obstacle_plugin/obstacles.cc
[47.391s] -- Symlinking: /home/ubuntu/Desktop/RS2/install/turtlebot3_gazebo/share/turtlebot3_gazebo//models/turtlebot3_dqn_world/obstacles/model.config
[47.405s] -- Symlinking: /home/ubuntu/Desktop/RS2/install/turtlebot3_gazebo/share/turtlebot3_gazebo//models/turtlebot3_dqn_world/obstacles/model.sdf
[47.414s] -- Symlinking: /home/ubuntu/Desktop/RS2/install/turtlebot3_gazebo/share/turtlebot3_gazebo//models/turtlebot3_house/model.config
[47.428s] -- Symlinking: /home/ubuntu/Desktop/RS2/install/turtlebot3_gazebo/share/turtlebot3_gazebo//models/turtlebot3_house/model.sdf
[47.443s] -- Symlinking: /home/ubuntu/Desktop/RS2/install/turtlebot3_gazebo/share/turtlebot3_gazebo//models/turtlebot3_waffle/model-1_4.sdf
[47.456s] -- Symlinking: /home/ubuntu/Desktop/RS2/install/turtlebot3_gazebo/share/turtlebot3_gazebo//models/turtlebot3_waffle/model.config
[47.469s] -- Symlinking: /home/ubuntu/Desktop/RS2/install/turtlebot3_gazebo/share/turtlebot3_gazebo//models/turtlebot3_waffle/model.sdf
[47.477s] -- Symlinking: /home/ubuntu/Desktop/RS2/install/turtlebot3_gazebo/share/turtlebot3_gazebo//models/turtlebot3_waffle_pi/model-1_4_.sdf
[47.495s] -- Symlinking: /home/ubuntu/Desktop/RS2/install/turtlebot3_gazebo/share/turtlebot3_gazebo//models/turtlebot3_waffle_pi/model.config
[47.503s] -- Symlinking: /home/ubuntu/Desktop/RS2/install/turtlebot3_gazebo/share/turtlebot3_gazebo//models/turtlebot3_waffle_pi/model.sdf
[47.511s] -- Symlinking: /home/ubuntu/Desktop/RS2/install/turtlebot3_gazebo/share/turtlebot3_gazebo//models/turtlebot3_world/meshes/hexagon.dae
[47.526s] -- Symlinking: /home/ubuntu/Desktop/RS2/install/turtlebot3_gazebo/share/turtlebot3_gazebo//models/turtlebot3_world/meshes/wall.dae
[47.535s] -- Symlinking: /home/ubuntu/Desktop/RS2/install/turtlebot3_gazebo/share/turtlebot3_gazebo//models/turtlebot3_world/model-1_4.sdf
[47.543s] -- Symlinking: /home/ubuntu/Desktop/RS2/install/turtlebot3_gazebo/share/turtlebot3_gazebo//models/turtlebot3_world/model.config
[47.550s] -- Symlinking: /home/ubuntu/Desktop/RS2/install/turtlebot3_gazebo/share/turtlebot3_gazebo//models/turtlebot3_world/model.sdf
[47.557s] -- Symlinking: /home/ubuntu/Desktop/RS2/install/turtlebot3_gazebo/share/turtlebot3_gazebo//rviz/tb3_gazebo.rviz
[47.566s] -- Symlinking: /home/ubuntu/Desktop/RS2/install/turtlebot3_gazebo/share/turtlebot3_gazebo//urdf/common_properties.urdf
[47.581s] -- Symlinking: /home/ubuntu/Desktop/RS2/install/turtlebot3_gazebo/share/turtlebot3_gazebo//urdf/turtlebot3_burger.urdf
[47.594s] -- Symlinking: /home/ubuntu/Desktop/RS2/install/turtlebot3_gazebo/share/turtlebot3_gazebo//urdf/turtlebot3_waffle.urdf
[47.601s] -- Symlinking: /home/ubuntu/Desktop/RS2/install/turtlebot3_gazebo/share/turtlebot3_gazebo//urdf/turtlebot3_waffle_pi.urdf
[47.619s] -- Symlinking: /home/ubuntu/Desktop/RS2/install/turtlebot3_gazebo/share/turtlebot3_gazebo//worlds/empty_world.world
[47.647s] -- Symlinking: /home/ubuntu/Desktop/RS2/install/turtlebot3_gazebo/share/turtlebot3_gazebo//worlds/turtlebot3_dqn_stage1.world
[47.662s] -- Symlinking: /home/ubuntu/Desktop/RS2/install/turtlebot3_gazebo/share/turtlebot3_gazebo//worlds/turtlebot3_dqn_stage2.world
[47.677s] -- Symlinking: /home/ubuntu/Desktop/RS2/install/turtlebot3_gazebo/share/turtlebot3_gazebo//worlds/turtlebot3_dqn_stage3.world
[47.684s] -- Symlinking: /home/ubuntu/Desktop/RS2/install/turtlebot3_gazebo/share/turtlebot3_gazebo//worlds/turtlebot3_dqn_stage4.world
[47.689s] -- Symlinking: /home/ubuntu/Desktop/RS2/install/turtlebot3_gazebo/share/turtlebot3_gazebo//worlds/turtlebot3_house.world
[47.695s] -- Symlinking: /home/ubuntu/Desktop/RS2/install/turtlebot3_gazebo/share/turtlebot3_gazebo//worlds/turtlebot3_world.world
[47.701s] -- Symlinking: /home/ubuntu/Desktop/RS2/install/turtlebot3_gazebo/include//turtlebot3_gazebo/turtlebot3_drive.hpp
[47.714s] -- Symlinking: /home/ubuntu/Desktop/RS2/install/turtlebot3_gazebo/share/ament_index/resource_index/package_run_dependencies/turtlebot3_gazebo
[47.714s] -- Symlinking: /home/ubuntu/Desktop/RS2/install/turtlebot3_gazebo/share/ament_index/resource_index/parent_prefix_path/turtlebot3_gazebo
[47.733s] -- Symlinking: /home/ubuntu/Desktop/RS2/install/turtlebot3_gazebo/share/turtlebot3_gazebo/environment/ament_prefix_path.sh
[47.745s] -- Symlinking: /home/ubuntu/Desktop/RS2/install/turtlebot3_gazebo/share/turtlebot3_gazebo/environment/ament_prefix_path.dsv
[47.751s] -- Symlinking: /home/ubuntu/Desktop/RS2/install/turtlebot3_gazebo/share/turtlebot3_gazebo/environment/path.sh
[47.757s] -- Symlinking: /home/ubuntu/Desktop/RS2/install/turtlebot3_gazebo/share/turtlebot3_gazebo/environment/path.dsv
[47.764s] -- Symlinking: /home/ubuntu/Desktop/RS2/install/turtlebot3_gazebo/share/turtlebot3_gazebo/local_setup.bash
[47.771s] -- Symlinking: /home/ubuntu/Desktop/RS2/install/turtlebot3_gazebo/share/turtlebot3_gazebo/local_setup.sh
[47.777s] -- Symlinking: /home/ubuntu/Desktop/RS2/install/turtlebot3_gazebo/share/turtlebot3_gazebo/local_setup.zsh
[47.787s] -- Symlinking: /home/ubuntu/Desktop/RS2/install/turtlebot3_gazebo/share/turtlebot3_gazebo/local_setup.dsv
[47.797s] -- Symlinking: /home/ubuntu/Desktop/RS2/install/turtlebot3_gazebo/share/turtlebot3_gazebo/package.dsv
[47.805s] -- Symlinking: /home/ubuntu/Desktop/RS2/install/turtlebot3_gazebo/share/ament_index/resource_index/packages/turtlebot3_gazebo
[47.828s] -- Symlinking: /home/ubuntu/Desktop/RS2/install/turtlebot3_gazebo/share/turtlebot3_gazebo/cmake/ament_cmake_export_include_directories-extras.cmake
[47.845s] -- Symlinking: /home/ubuntu/Desktop/RS2/install/turtlebot3_gazebo/share/turtlebot3_gazebo/cmake/ament_cmake_export_dependencies-extras.cmake
[47.856s] -- Symlinking: /home/ubuntu/Desktop/RS2/install/turtlebot3_gazebo/share/turtlebot3_gazebo/cmake/turtlebot3_gazeboConfig.cmake
[47.867s] -- Symlinking: /home/ubuntu/Desktop/RS2/install/turtlebot3_gazebo/share/turtlebot3_gazebo/cmake/turtlebot3_gazeboConfig-version.cmake
[47.875s] -- Symlinking: /home/ubuntu/Desktop/RS2/install/turtlebot3_gazebo/share/turtlebot3_gazebo/package.xml
[47.885s] Invoked command in '/home/ubuntu/Desktop/RS2/build/turtlebot3_gazebo' returned '0': CMAKE_PREFIX_PATH=/opt/ros/humble /usr/bin/cmake --install /home/ubuntu/Desktop/RS2/build/turtlebot3_gazebo
