[0.032s] Invoking command in '/home/ubuntu/Desktop/RS2/build/turtlebot3_simulations': AMENT_PREFIX_PATH=/home/ubuntu/Desktop/RS2/install/turtlebot3_fake_node:/home/ubuntu/Desktop/RS2/install/turtlebot3_msgs:/home/ubuntu/Desktop/RS2/install/turtlebot3_gazebo:${AMENT_PREFIX_PATH} CMAKE_PREFIX_PATH=/home/ubuntu/Desktop/RS2/install/turtlebot3_fake_node:/home/ubuntu/Desktop/RS2/install/turtlebot3_msgs:/home/ubuntu/Desktop/RS2/install/turtlebot3_gazebo:/opt/ros/humble LD_LIBRARY_PATH=/home/ubuntu/Desktop/RS2/install/turtlebot3_msgs/lib:/usr/lib/x86_64-linux-gnu/gazebo-11/plugins:/opt/ros/humble/opt/rviz_ogre_vendor/lib:/opt/ros/humble/lib/x86_64-linux-gnu:/opt/ros/humble/lib:/usr/lib/x86_64-linux-gnu/gazebo-11/plugins PYTHONPATH=/home/ubuntu/Desktop/RS2/install/turtlebot3_msgs/local/lib/python3.10/dist-packages:${PYTHONPATH} /usr/bin/cmake --build /home/ubuntu/Desktop/RS2/build/turtlebot3_simulations -- -j2 -l2
[0.127s] Invoked command in '/home/ubuntu/Desktop/RS2/build/turtlebot3_simulations' returned '0': AMENT_PREFIX_PATH=/home/ubuntu/Desktop/RS2/install/turtlebot3_fake_node:/home/ubuntu/Desktop/RS2/install/turtlebot3_msgs:/home/ubuntu/Desktop/RS2/install/turtlebot3_gazebo:${AMENT_PREFIX_PATH} CMAKE_PREFIX_PATH=/home/ubuntu/Desktop/RS2/install/turtlebot3_fake_node:/home/ubuntu/Desktop/RS2/install/turtlebot3_msgs:/home/ubuntu/Desktop/RS2/install/turtlebot3_gazebo:/opt/ros/humble LD_LIBRARY_PATH=/home/ubuntu/Desktop/RS2/install/turtlebot3_msgs/lib:/usr/lib/x86_64-linux-gnu/gazebo-11/plugins:/opt/ros/humble/opt/rviz_ogre_vendor/lib:/opt/ros/humble/lib/x86_64-linux-gnu:/opt/ros/humble/lib:/usr/lib/x86_64-linux-gnu/gazebo-11/plugins PYTHONPATH=/home/ubuntu/Desktop/RS2/install/turtlebot3_msgs/local/lib/python3.10/dist-packages:${PYTHONPATH} /usr/bin/cmake --build /home/ubuntu/Desktop/RS2/build/turtlebot3_simulations -- -j2 -l2
[0.131s] Invoking command in '/home/ubuntu/Desktop/RS2/build/turtlebot3_simulations': AMENT_PREFIX_PATH=/home/ubuntu/Desktop/RS2/install/turtlebot3_fake_node:/home/ubuntu/Desktop/RS2/install/turtlebot3_msgs:/home/ubuntu/Desktop/RS2/install/turtlebot3_gazebo:${AMENT_PREFIX_PATH} CMAKE_PREFIX_PATH=/home/ubuntu/Desktop/RS2/install/turtlebot3_fake_node:/home/ubuntu/Desktop/RS2/install/turtlebot3_msgs:/home/ubuntu/Desktop/RS2/install/turtlebot3_gazebo:/opt/ros/humble LD_LIBRARY_PATH=/home/ubuntu/Desktop/RS2/install/turtlebot3_msgs/lib:/usr/lib/x86_64-linux-gnu/gazebo-11/plugins:/opt/ros/humble/opt/rviz_ogre_vendor/lib:/opt/ros/humble/lib/x86_64-linux-gnu:/opt/ros/humble/lib:/usr/lib/x86_64-linux-gnu/gazebo-11/plugins PYTHONPATH=/home/ubuntu/Desktop/RS2/install/turtlebot3_msgs/local/lib/python3.10/dist-packages:${PYTHONPATH} /usr/bin/cmake --install /home/ubuntu/Desktop/RS2/build/turtlebot3_simulations
[0.142s] -- Install configuration: ""
[0.145s] -- Execute custom install script
[0.145s] -- Up-to-date symlink: /home/ubuntu/Desktop/RS2/install/turtlebot3_simulations/share/ament_index/resource_index/package_run_dependencies/turtlebot3_simulations
[0.145s] -- Up-to-date symlink: /home/ubuntu/Desktop/RS2/install/turtlebot3_simulations/share/ament_index/resource_index/parent_prefix_path/turtlebot3_simulations
[0.145s] -- Up-to-date symlink: /home/ubuntu/Desktop/RS2/install/turtlebot3_simulations/share/turtlebot3_simulations/environment/ament_prefix_path.sh
[0.145s] -- Up-to-date symlink: /home/ubuntu/Desktop/RS2/install/turtlebot3_simulations/share/turtlebot3_simulations/environment/ament_prefix_path.dsv
[0.145s] -- Up-to-date symlink: /home/ubuntu/Desktop/RS2/install/turtlebot3_simulations/share/turtlebot3_simulations/environment/path.sh
[0.145s] -- Up-to-date symlink: /home/ubuntu/Desktop/RS2/install/turtlebot3_simulations/share/turtlebot3_simulations/environment/path.dsv
[0.146s] -- Up-to-date symlink: /home/ubuntu/Desktop/RS2/install/turtlebot3_simulations/share/turtlebot3_simulations/local_setup.bash
[0.147s] -- Up-to-date symlink: /home/ubuntu/Desktop/RS2/install/turtlebot3_simulations/share/turtlebot3_simulations/local_setup.sh
[0.147s] -- Up-to-date symlink: /home/ubuntu/Desktop/RS2/install/turtlebot3_simulations/share/turtlebot3_simulations/local_setup.zsh
[0.147s] -- Up-to-date symlink: /home/ubuntu/Desktop/RS2/install/turtlebot3_simulations/share/turtlebot3_simulations/local_setup.dsv
[0.148s] -- Symlinking: /home/ubuntu/Desktop/RS2/install/turtlebot3_simulations/share/turtlebot3_simulations/package.dsv
[0.174s] -- Up-to-date symlink: /home/ubuntu/Desktop/RS2/install/turtlebot3_simulations/share/ament_index/resource_index/packages/turtlebot3_simulations
[0.174s] -- Up-to-date symlink: /home/ubuntu/Desktop/RS2/install/turtlebot3_simulations/share/turtlebot3_simulations/cmake/turtlebot3_simulationsConfig.cmake
[0.174s] -- Up-to-date symlink: /home/ubuntu/Desktop/RS2/install/turtlebot3_simulations/share/turtlebot3_simulations/cmake/turtlebot3_simulationsConfig-version.cmake
[0.174s] -- Up-to-date symlink: /home/ubuntu/Desktop/RS2/install/turtlebot3_simulations/share/turtlebot3_simulations/package.xml
[0.174s] Invoked command in '/home/ubuntu/Desktop/RS2/build/turtlebot3_simulations' returned '0': AMENT_PREFIX_PATH=/home/ubuntu/Desktop/RS2/install/turtlebot3_fake_node:/home/ubuntu/Desktop/RS2/install/turtlebot3_msgs:/home/ubuntu/Desktop/RS2/install/turtlebot3_gazebo:${AMENT_PREFIX_PATH} CMAKE_PREFIX_PATH=/home/ubuntu/Desktop/RS2/install/turtlebot3_fake_node:/home/ubuntu/Desktop/RS2/install/turtlebot3_msgs:/home/ubuntu/Desktop/RS2/install/turtlebot3_gazebo:/opt/ros/humble LD_LIBRARY_PATH=/home/ubuntu/Desktop/RS2/install/turtlebot3_msgs/lib:/usr/lib/x86_64-linux-gnu/gazebo-11/plugins:/opt/ros/humble/opt/rviz_ogre_vendor/lib:/opt/ros/humble/lib/x86_64-linux-gnu:/opt/ros/humble/lib:/usr/lib/x86_64-linux-gnu/gazebo-11/plugins PYTHONPATH=/home/ubuntu/Desktop/RS2/install/turtlebot3_msgs/local/lib/python3.10/dist-packages:${PYTHONPATH} /usr/bin/cmake --install /home/ubuntu/Desktop/RS2/build/turtlebot3_simulations
