[0.030s] Invoking command in '/home/ubuntu/Desktop/RS2/build/turtlebot3_node': AMENT_PREFIX_PATH=/home/ubuntu/Desktop/RS2/install/turtlebot3_msgs:/home/ubuntu/Desktop/RS2/install/dynamixel_sdk:${AMENT_PREFIX_PATH} CMAKE_PREFIX_PATH=/home/ubuntu/Desktop/RS2/install/turtlebot3_msgs:/home/ubuntu/Desktop/RS2/install/dynamixel_sdk:/opt/ros/humble LD_LIBRARY_PATH=/home/ubuntu/Desktop/RS2/install/turtlebot3_msgs/lib:/home/ubuntu/Desktop/RS2/install/dynamixel_sdk/lib:${LD_LIBRARY_PATH} PYTHONPATH=/home/ubuntu/Desktop/RS2/install/turtlebot3_msgs/local/lib/python3.10/dist-packages:${PYTHONPATH} /usr/bin/cmake /home/ubuntu/Desktop/RS2/turtlebot3/turtlebot3_node -DCMAKE_INSTALL_PREFIX=/home/ubuntu/Desktop/RS2/install/turtlebot3_node
[0.065s] -- Found ament_cmake: 1.3.11 (/opt/ros/humble/share/ament_cmake/cmake)
[0.269s] -- Override CMake install command with custom implementation using symlinks instead of copying resources
[0.280s] -- Found dynamixel_sdk: 3.7.60 (/home/ubuntu/Desktop/RS2/install/dynamixel_sdk/share/dynamixel_sdk/cmake)
[0.286s] -- Found geometry_msgs: 4.2.4 (/opt/ros/humble/share/geometry_msgs/cmake)
[0.312s] -- Found rosidl_generator_c: 3.1.6 (/opt/ros/humble/share/rosidl_generator_c/cmake)
[0.315s] -- Found rosidl_adapter: 3.1.6 (/opt/ros/humble/share/rosidl_adapter/cmake)
[0.320s] -- Found rosidl_generator_cpp: 3.1.6 (/opt/ros/humble/share/rosidl_generator_cpp/cmake)
[0.329s] -- Using all available rosidl_typesupport_c: rosidl_typesupport_fastrtps_c;rosidl_typesupport_introspection_c
[0.344s] -- Using all available rosidl_typesupport_cpp: rosidl_typesupport_fastrtps_cpp;rosidl_typesupport_introspection_cpp
[0.404s] -- Found message_filters: 4.3.5 (/opt/ros/humble/share/message_filters/cmake)
[0.509s] -- Found rmw_implementation_cmake: 6.1.2 (/opt/ros/humble/share/rmw_implementation_cmake/cmake)
[0.513s] -- Found rmw_fastrtps_cpp: 6.2.7 (/opt/ros/humble/share/rmw_fastrtps_cpp/cmake)
[0.797s] -- Using RMW implementation 'rmw_fastrtps_cpp' as default
[0.940s] -- Found nav_msgs: 4.2.4 (/opt/ros/humble/share/nav_msgs/cmake)
[0.997s] -- Found sensor_msgs: 4.2.4 (/opt/ros/humble/share/sensor_msgs/cmake)
[1.035s] -- Found std_srvs: 4.2.4 (/opt/ros/humble/share/std_srvs/cmake)
[1.066s] -- Found tf2: 0.25.12 (/opt/ros/humble/share/tf2/cmake)
[1.066s] -- Found tf2_ros: 0.25.12 (/opt/ros/humble/share/tf2_ros/cmake)
[1.236s] -- Found turtlebot3_msgs: 2.2.3 (/home/ubuntu/Desktop/RS2/install/turtlebot3_msgs/share/turtlebot3_msgs/cmake)
[1.407s] -- Configuring done
[1.454s] -- Generating done
[1.460s] -- Build files have been written to: /home/ubuntu/Desktop/RS2/build/turtlebot3_node
[1.492s] Invoked command in '/home/ubuntu/Desktop/RS2/build/turtlebot3_node' returned '0': AMENT_PREFIX_PATH=/home/ubuntu/Desktop/RS2/install/turtlebot3_msgs:/home/ubuntu/Desktop/RS2/install/dynamixel_sdk:${AMENT_PREFIX_PATH} CMAKE_PREFIX_PATH=/home/ubuntu/Desktop/RS2/install/turtlebot3_msgs:/home/ubuntu/Desktop/RS2/install/dynamixel_sdk:/opt/ros/humble LD_LIBRARY_PATH=/home/ubuntu/Desktop/RS2/install/turtlebot3_msgs/lib:/home/ubuntu/Desktop/RS2/install/dynamixel_sdk/lib:${LD_LIBRARY_PATH} PYTHONPATH=/home/ubuntu/Desktop/RS2/install/turtlebot3_msgs/local/lib/python3.10/dist-packages:${PYTHONPATH} /usr/bin/cmake /home/ubuntu/Desktop/RS2/turtlebot3/turtlebot3_node -DCMAKE_INSTALL_PREFIX=/home/ubuntu/Desktop/RS2/install/turtlebot3_node
[1.493s] Invoking command in '/home/ubuntu/Desktop/RS2/build/turtlebot3_node': AMENT_PREFIX_PATH=/home/ubuntu/Desktop/RS2/install/turtlebot3_msgs:/home/ubuntu/Desktop/RS2/install/dynamixel_sdk:${AMENT_PREFIX_PATH} CMAKE_PREFIX_PATH=/home/ubuntu/Desktop/RS2/install/turtlebot3_msgs:/home/ubuntu/Desktop/RS2/install/dynamixel_sdk:/opt/ros/humble LD_LIBRARY_PATH=/home/ubuntu/Desktop/RS2/install/turtlebot3_msgs/lib:/home/ubuntu/Desktop/RS2/install/dynamixel_sdk/lib:${LD_LIBRARY_PATH} PYTHONPATH=/home/ubuntu/Desktop/RS2/install/turtlebot3_msgs/local/lib/python3.10/dist-packages:${PYTHONPATH} /usr/bin/cmake --build /home/ubuntu/Desktop/RS2/build/turtlebot3_node -- -j2 -l2
[1.537s] [35m[1mConsolidate compiler generated dependencies of target turtlebot3_node_lib[0m
[1.603s] [ 85%] Built target turtlebot3_node_lib
[1.625s] [35m[1mConsolidate compiler generated dependencies of target turtlebot3_ros[0m
[1.642s] [100%] Built target turtlebot3_ros
[1.652s] Invoked command in '/home/ubuntu/Desktop/RS2/build/turtlebot3_node' returned '0': AMENT_PREFIX_PATH=/home/ubuntu/Desktop/RS2/install/turtlebot3_msgs:/home/ubuntu/Desktop/RS2/install/dynamixel_sdk:${AMENT_PREFIX_PATH} CMAKE_PREFIX_PATH=/home/ubuntu/Desktop/RS2/install/turtlebot3_msgs:/home/ubuntu/Desktop/RS2/install/dynamixel_sdk:/opt/ros/humble LD_LIBRARY_PATH=/home/ubuntu/Desktop/RS2/install/turtlebot3_msgs/lib:/home/ubuntu/Desktop/RS2/install/dynamixel_sdk/lib:${LD_LIBRARY_PATH} PYTHONPATH=/home/ubuntu/Desktop/RS2/install/turtlebot3_msgs/local/lib/python3.10/dist-packages:${PYTHONPATH} /usr/bin/cmake --build /home/ubuntu/Desktop/RS2/build/turtlebot3_node -- -j2 -l2
[1.654s] Invoking command in '/home/ubuntu/Desktop/RS2/build/turtlebot3_node': AMENT_PREFIX_PATH=/home/ubuntu/Desktop/RS2/install/turtlebot3_msgs:/home/ubuntu/Desktop/RS2/install/dynamixel_sdk:${AMENT_PREFIX_PATH} CMAKE_PREFIX_PATH=/home/ubuntu/Desktop/RS2/install/turtlebot3_msgs:/home/ubuntu/Desktop/RS2/install/dynamixel_sdk:/opt/ros/humble LD_LIBRARY_PATH=/home/ubuntu/Desktop/RS2/install/turtlebot3_msgs/lib:/home/ubuntu/Desktop/RS2/install/dynamixel_sdk/lib:${LD_LIBRARY_PATH} PYTHONPATH=/home/ubuntu/Desktop/RS2/install/turtlebot3_msgs/local/lib/python3.10/dist-packages:${PYTHONPATH} /usr/bin/cmake --install /home/ubuntu/Desktop/RS2/build/turtlebot3_node
[1.667s] -- Install configuration: ""
[1.668s] -- Execute custom install script
[1.681s] -- Up-to-date symlink: /home/ubuntu/Desktop/RS2/install/turtlebot3_node/share/turtlebot3_node/param/burger.yaml
[1.681s] -- Up-to-date symlink: /home/ubuntu/Desktop/RS2/install/turtlebot3_node/share/turtlebot3_node/param/waffle.yaml
[1.682s] -- Up-to-date symlink: /home/ubuntu/Desktop/RS2/install/turtlebot3_node/share/turtlebot3_node/param/waffle_pi.yaml
[1.682s] -- Up-to-date symlink: /home/ubuntu/Desktop/RS2/install/turtlebot3_node/lib/turtlebot3_node/turtlebot3_ros
[1.682s] -- Up-to-date symlink: /home/ubuntu/Desktop/RS2/install/turtlebot3_node/share/ament_index/resource_index/package_run_dependencies/turtlebot3_node
[1.684s] -- Up-to-date symlink: /home/ubuntu/Desktop/RS2/install/turtlebot3_node/share/ament_index/resource_index/parent_prefix_path/turtlebot3_node
[1.684s] -- Up-to-date symlink: /home/ubuntu/Desktop/RS2/install/turtlebot3_node/share/turtlebot3_node/environment/ament_prefix_path.sh
[1.684s] -- Up-to-date symlink: /home/ubuntu/Desktop/RS2/install/turtlebot3_node/share/turtlebot3_node/environment/ament_prefix_path.dsv
[1.684s] -- Up-to-date symlink: /home/ubuntu/Desktop/RS2/install/turtlebot3_node/share/turtlebot3_node/environment/path.sh
[1.684s] -- Up-to-date symlink: /home/ubuntu/Desktop/RS2/install/turtlebot3_node/share/turtlebot3_node/environment/path.dsv
[1.684s] -- Up-to-date symlink: /home/ubuntu/Desktop/RS2/install/turtlebot3_node/share/turtlebot3_node/local_setup.bash
[1.684s] -- Up-to-date symlink: /home/ubuntu/Desktop/RS2/install/turtlebot3_node/share/turtlebot3_node/local_setup.sh
[1.684s] -- Up-to-date symlink: /home/ubuntu/Desktop/RS2/install/turtlebot3_node/share/turtlebot3_node/local_setup.zsh
[1.684s] -- Up-to-date symlink: /home/ubuntu/Desktop/RS2/install/turtlebot3_node/share/turtlebot3_node/local_setup.dsv
[1.684s] -- Symlinking: /home/ubuntu/Desktop/RS2/install/turtlebot3_node/share/turtlebot3_node/package.dsv
[1.684s] -- Up-to-date symlink: /home/ubuntu/Desktop/RS2/install/turtlebot3_node/share/ament_index/resource_index/packages/turtlebot3_node
[1.685s] -- Up-to-date symlink: /home/ubuntu/Desktop/RS2/install/turtlebot3_node/share/turtlebot3_node/cmake/ament_cmake_export_include_directories-extras.cmake
[1.685s] -- Up-to-date symlink: /home/ubuntu/Desktop/RS2/install/turtlebot3_node/share/turtlebot3_node/cmake/turtlebot3_nodeConfig.cmake
[1.685s] -- Up-to-date symlink: /home/ubuntu/Desktop/RS2/install/turtlebot3_node/share/turtlebot3_node/cmake/turtlebot3_nodeConfig-version.cmake
[1.685s] -- Up-to-date symlink: /home/ubuntu/Desktop/RS2/install/turtlebot3_node/share/turtlebot3_node/package.xml
[1.689s] Invoked command in '/home/ubuntu/Desktop/RS2/build/turtlebot3_node' returned '0': AMENT_PREFIX_PATH=/home/ubuntu/Desktop/RS2/install/turtlebot3_msgs:/home/ubuntu/Desktop/RS2/install/dynamixel_sdk:${AMENT_PREFIX_PATH} CMAKE_PREFIX_PATH=/home/ubuntu/Desktop/RS2/install/turtlebot3_msgs:/home/ubuntu/Desktop/RS2/install/dynamixel_sdk:/opt/ros/humble LD_LIBRARY_PATH=/home/ubuntu/Desktop/RS2/install/turtlebot3_msgs/lib:/home/ubuntu/Desktop/RS2/install/dynamixel_sdk/lib:${LD_LIBRARY_PATH} PYTHONPATH=/home/ubuntu/Desktop/RS2/install/turtlebot3_msgs/local/lib/python3.10/dist-packages:${PYTHONPATH} /usr/bin/cmake --install /home/ubuntu/Desktop/RS2/build/turtlebot3_node
