[0.038s] Invoking command in '/home/ubuntu/Desktop/RS2/build/turtlebot3_bringup': AMENT_PREFIX_PATH=/home/ubuntu/Desktop/RS2/install/turtlebot3_node:/home/ubuntu/Desktop/RS2/install/turtlebot3_msgs:/home/ubuntu/Desktop/RS2/install/turtlebot3_description:/home/ubuntu/Desktop/RS2/install/dynamixel_sdk:${AMENT_PREFIX_PATH} CMAKE_PREFIX_PATH=/home/ubuntu/Desktop/RS2/install/turtlebot3_node:/home/ubuntu/Desktop/RS2/install/turtlebot3_msgs:/home/ubuntu/Desktop/RS2/install/turtlebot3_description:/home/ubuntu/Desktop/RS2/install/dynamixel_sdk:/opt/ros/humble LD_LIBRARY_PATH=/home/ubuntu/Desktop/RS2/install/turtlebot3_msgs/lib:/home/ubuntu/Desktop/RS2/install/dynamixel_sdk/lib:${LD_LIBRARY_PATH} PYTHONPATH=/home/ubuntu/Desktop/RS2/install/turtlebot3_msgs/local/lib/python3.10/dist-packages:${PYTHONPATH} /usr/bin/cmake --build /home/ubuntu/Desktop/RS2/build/turtlebot3_bringup -- -j2 -l2
[0.122s] Invoked command in '/home/ubuntu/Desktop/RS2/build/turtlebot3_bringup' returned '0': AMENT_PREFIX_PATH=/home/ubuntu/Desktop/RS2/install/turtlebot3_node:/home/ubuntu/Desktop/RS2/install/turtlebot3_msgs:/home/ubuntu/Desktop/RS2/install/turtlebot3_description:/home/ubuntu/Desktop/RS2/install/dynamixel_sdk:${AMENT_PREFIX_PATH} CMAKE_PREFIX_PATH=/home/ubuntu/Desktop/RS2/install/turtlebot3_node:/home/ubuntu/Desktop/RS2/install/turtlebot3_msgs:/home/ubuntu/Desktop/RS2/install/turtlebot3_description:/home/ubuntu/Desktop/RS2/install/dynamixel_sdk:/opt/ros/humble LD_LIBRARY_PATH=/home/ubuntu/Desktop/RS2/install/turtlebot3_msgs/lib:/home/ubuntu/Desktop/RS2/install/dynamixel_sdk/lib:${LD_LIBRARY_PATH} PYTHONPATH=/home/ubuntu/Desktop/RS2/install/turtlebot3_msgs/local/lib/python3.10/dist-packages:${PYTHONPATH} /usr/bin/cmake --build /home/ubuntu/Desktop/RS2/build/turtlebot3_bringup -- -j2 -l2
[0.122s] Invoking command in '/home/ubuntu/Desktop/RS2/build/turtlebot3_bringup': AMENT_PREFIX_PATH=/home/ubuntu/Desktop/RS2/install/turtlebot3_node:/home/ubuntu/Desktop/RS2/install/turtlebot3_msgs:/home/ubuntu/Desktop/RS2/install/turtlebot3_description:/home/ubuntu/Desktop/RS2/install/dynamixel_sdk:${AMENT_PREFIX_PATH} CMAKE_PREFIX_PATH=/home/ubuntu/Desktop/RS2/install/turtlebot3_node:/home/ubuntu/Desktop/RS2/install/turtlebot3_msgs:/home/ubuntu/Desktop/RS2/install/turtlebot3_description:/home/ubuntu/Desktop/RS2/install/dynamixel_sdk:/opt/ros/humble LD_LIBRARY_PATH=/home/ubuntu/Desktop/RS2/install/turtlebot3_msgs/lib:/home/ubuntu/Desktop/RS2/install/dynamixel_sdk/lib:${LD_LIBRARY_PATH} PYTHONPATH=/home/ubuntu/Desktop/RS2/install/turtlebot3_msgs/local/lib/python3.10/dist-packages:${PYTHONPATH} /usr/bin/cmake --install /home/ubuntu/Desktop/RS2/build/turtlebot3_bringup
[0.123s] -- Install configuration: ""
[0.124s] -- Execute custom install script
[0.136s] -- Up-to-date symlink: /home/ubuntu/Desktop/RS2/install/turtlebot3_bringup/share/turtlebot3_bringup/launch/robot.launch.py
[0.136s] -- Up-to-date symlink: /home/ubuntu/Desktop/RS2/install/turtlebot3_bringup/share/turtlebot3_bringup/launch/rviz2.launch.py
[0.138s] -- Up-to-date symlink: /home/ubuntu/Desktop/RS2/install/turtlebot3_bringup/share/turtlebot3_bringup/launch/turtlebot3_state_publisher.launch.py
[0.140s] -- Up-to-date symlink: /home/ubuntu/Desktop/RS2/install/turtlebot3_bringup/share/turtlebot3_bringup/param/burger.yaml
[0.141s] -- Up-to-date symlink: /home/ubuntu/Desktop/RS2/install/turtlebot3_bringup/share/turtlebot3_bringup/param/waffle.yaml
[0.141s] -- Up-to-date symlink: /home/ubuntu/Desktop/RS2/install/turtlebot3_bringup/share/turtlebot3_bringup/param/waffle_pi.yaml
[0.147s] -- Up-to-date symlink: /home/ubuntu/Desktop/RS2/install/turtlebot3_bringup/share/turtlebot3_bringup/script/99-turtlebot3-cdc.rules
[0.152s] -- Up-to-date symlink: /home/ubuntu/Desktop/RS2/install/turtlebot3_bringup/share/turtlebot3_bringup/script/create_udev_rules
[0.153s] -- Up-to-date symlink: /home/ubuntu/Desktop/RS2/install/turtlebot3_bringup/share/ament_index/resource_index/package_run_dependencies/turtlebot3_bringup
[0.155s] -- Up-to-date symlink: /home/ubuntu/Desktop/RS2/install/turtlebot3_bringup/share/ament_index/resource_index/parent_prefix_path/turtlebot3_bringup
[0.156s] -- Up-to-date symlink: /home/ubuntu/Desktop/RS2/install/turtlebot3_bringup/share/turtlebot3_bringup/environment/ament_prefix_path.sh
[0.156s] -- Up-to-date symlink: /home/ubuntu/Desktop/RS2/install/turtlebot3_bringup/share/turtlebot3_bringup/environment/ament_prefix_path.dsv
[0.156s] -- Up-to-date symlink: /home/ubuntu/Desktop/RS2/install/turtlebot3_bringup/share/turtlebot3_bringup/environment/path.sh
[0.159s] -- Up-to-date symlink: /home/ubuntu/Desktop/RS2/install/turtlebot3_bringup/share/turtlebot3_bringup/environment/path.dsv
[0.160s] -- Up-to-date symlink: /home/ubuntu/Desktop/RS2/install/turtlebot3_bringup/share/turtlebot3_bringup/local_setup.bash
[0.160s] -- Up-to-date symlink: /home/ubuntu/Desktop/RS2/install/turtlebot3_bringup/share/turtlebot3_bringup/local_setup.sh
[0.160s] -- Up-to-date symlink: /home/ubuntu/Desktop/RS2/install/turtlebot3_bringup/share/turtlebot3_bringup/local_setup.zsh
[0.162s] -- Up-to-date symlink: /home/ubuntu/Desktop/RS2/install/turtlebot3_bringup/share/turtlebot3_bringup/local_setup.dsv
[0.162s] -- Symlinking: /home/ubuntu/Desktop/RS2/install/turtlebot3_bringup/share/turtlebot3_bringup/package.dsv
[0.172s] -- Up-to-date symlink: /home/ubuntu/Desktop/RS2/install/turtlebot3_bringup/share/ament_index/resource_index/packages/turtlebot3_bringup
[0.178s] -- Up-to-date symlink: /home/ubuntu/Desktop/RS2/install/turtlebot3_bringup/share/turtlebot3_bringup/cmake/turtlebot3_bringupConfig.cmake
[0.179s] -- Up-to-date symlink: /home/ubuntu/Desktop/RS2/install/turtlebot3_bringup/share/turtlebot3_bringup/cmake/turtlebot3_bringupConfig-version.cmake
[0.182s] -- Up-to-date symlink: /home/ubuntu/Desktop/RS2/install/turtlebot3_bringup/share/turtlebot3_bringup/package.xml
[0.186s] Invoked command in '/home/ubuntu/Desktop/RS2/build/turtlebot3_bringup' returned '0': AMENT_PREFIX_PATH=/home/ubuntu/Desktop/RS2/install/turtlebot3_node:/home/ubuntu/Desktop/RS2/install/turtlebot3_msgs:/home/ubuntu/Desktop/RS2/install/turtlebot3_description:/home/ubuntu/Desktop/RS2/install/dynamixel_sdk:${AMENT_PREFIX_PATH} CMAKE_PREFIX_PATH=/home/ubuntu/Desktop/RS2/install/turtlebot3_node:/home/ubuntu/Desktop/RS2/install/turtlebot3_msgs:/home/ubuntu/Desktop/RS2/install/turtlebot3_description:/home/ubuntu/Desktop/RS2/install/dynamixel_sdk:/opt/ros/humble LD_LIBRARY_PATH=/home/ubuntu/Desktop/RS2/install/turtlebot3_msgs/lib:/home/ubuntu/Desktop/RS2/install/dynamixel_sdk/lib:${LD_LIBRARY_PATH} PYTHONPATH=/home/ubuntu/Desktop/RS2/install/turtlebot3_msgs/local/lib/python3.10/dist-packages:${PYTHONPATH} /usr/bin/cmake --install /home/ubuntu/Desktop/RS2/build/turtlebot3_bringup
