[0.033s] Invoking command in '/home/katie/turtlebot3_ws/build/gallery_database': CMAKE_PREFIX_PATH=/opt/ros/humble /usr/bin/cmake --build /home/katie/turtlebot3_ws/build/gallery_database -- -j8 -l8
[0.387s] [100%] Built target gallery_database
[0.448s] Invoked command in '/home/katie/turtlebot3_ws/build/gallery_database' returned '0': CMAKE_PREFIX_PATH=/opt/ros/humble /usr/bin/cmake --build /home/katie/turtlebot3_ws/build/gallery_database -- -j8 -l8
[0.450s] Invoking command in '/home/katie/turtlebot3_ws/build/gallery_database': CMAKE_PREFIX_PATH=/opt/ros/humble /usr/bin/cmake --install /home/katie/turtlebot3_ws/build/gallery_database
[0.460s] -- Install configuration: ""
[0.461s] -- Up-to-date: /home/katie/turtlebot3_ws/install/gallery_database/lib/gallery_database/gallery_database
[0.461s] -- Up-to-date: /home/katie/turtlebot3_ws/install/gallery_database/share/ament_index/resource_index/package_run_dependencies/gallery_database
[0.461s] -- Up-to-date: /home/katie/turtlebot3_ws/install/gallery_database/share/ament_index/resource_index/parent_prefix_path/gallery_database
[0.461s] -- Up-to-date: /home/katie/turtlebot3_ws/install/gallery_database/share/gallery_database/environment/ament_prefix_path.sh
[0.462s] -- Up-to-date: /home/katie/turtlebot3_ws/install/gallery_database/share/gallery_database/environment/ament_prefix_path.dsv
[0.462s] -- Up-to-date: /home/katie/turtlebot3_ws/install/gallery_database/share/gallery_database/environment/path.sh
[0.462s] -- Up-to-date: /home/katie/turtlebot3_ws/install/gallery_database/share/gallery_database/environment/path.dsv
[0.462s] -- Up-to-date: /home/katie/turtlebot3_ws/install/gallery_database/share/gallery_database/local_setup.bash
[0.462s] -- Up-to-date: /home/katie/turtlebot3_ws/install/gallery_database/share/gallery_database/local_setup.sh
[0.463s] -- Up-to-date: /home/katie/turtlebot3_ws/install/gallery_database/share/gallery_database/local_setup.zsh
[0.463s] -- Up-to-date: /home/katie/turtlebot3_ws/install/gallery_database/share/gallery_database/local_setup.dsv
[0.463s] -- Installing: /home/katie/turtlebot3_ws/install/gallery_database/share/gallery_database/package.dsv
[0.465s] -- Up-to-date: /home/katie/turtlebot3_ws/install/gallery_database/share/ament_index/resource_index/packages/gallery_database
[0.465s] -- Up-to-date: /home/katie/turtlebot3_ws/install/gallery_database/share/gallery_database/cmake/gallery_databaseConfig.cmake
[0.465s] -- Up-to-date: /home/katie/turtlebot3_ws/install/gallery_database/share/gallery_database/cmake/gallery_databaseConfig-version.cmake
[0.465s] -- Up-to-date: /home/katie/turtlebot3_ws/install/gallery_database/share/gallery_database/package.xml
[0.506s] Invoked command in '/home/katie/turtlebot3_ws/build/gallery_database' returned '0': CMAKE_PREFIX_PATH=/opt/ros/humble /usr/bin/cmake --install /home/katie/turtlebot3_ws/build/gallery_database
