[0.014s] Invoking command in '/home/ubuntu/Desktop/RS2/build/turtlebot3_cartographer': CMAKE_PREFIX_PATH=/opt/ros/humble /usr/bin/cmake --build /home/ubuntu/Desktop/RS2/build/turtlebot3_cartographer -- -j2 -l2
[0.108s] Invoked command in '/home/ubuntu/Desktop/RS2/build/turtlebot3_cartographer' returned '0': CMAKE_PREFIX_PATH=/opt/ros/humble /usr/bin/cmake --build /home/ubuntu/Desktop/RS2/build/turtlebot3_cartographer -- -j2 -l2
[0.119s] Invoking command in '/home/ubuntu/Desktop/RS2/build/turtlebot3_cartographer': CMAKE_PREFIX_PATH=/opt/ros/humble /usr/bin/cmake --install /home/ubuntu/Desktop/RS2/build/turtlebot3_cartographer
[0.128s] -- Install configuration: ""
[0.129s] -- Execute custom install script
[0.132s] -- Up-to-date symlink: /home/ubuntu/Desktop/RS2/install/turtlebot3_cartographer/share/turtlebot3_cartographer/config/turtlebot3_lds_2d.lua
[0.134s] -- Up-to-date symlink: /home/ubuntu/Desktop/RS2/install/turtlebot3_cartographer/share/turtlebot3_cartographer/launch/cartographer.launch.py
[0.134s] -- Up-to-date symlink: /home/ubuntu/Desktop/RS2/install/turtlebot3_cartographer/share/turtlebot3_cartographer/launch/occupancy_grid.launch.py
[0.136s] -- Up-to-date symlink: /home/ubuntu/Desktop/RS2/install/turtlebot3_cartographer/share/turtlebot3_cartographer/rviz/tb3_cartographer.rviz
[0.139s] -- Up-to-date symlink: /home/ubuntu/Desktop/RS2/install/turtlebot3_cartographer/share/ament_index/resource_index/package_run_dependencies/turtlebot3_cartographer
[0.140s] -- Up-to-date symlink: /home/ubuntu/Desktop/RS2/install/turtlebot3_cartographer/share/ament_index/resource_index/parent_prefix_path/turtlebot3_cartographer
[0.141s] -- Up-to-date symlink: /home/ubuntu/Desktop/RS2/install/turtlebot3_cartographer/share/turtlebot3_cartographer/environment/ament_prefix_path.sh
[0.142s] -- Up-to-date symlink: /home/ubuntu/Desktop/RS2/install/turtlebot3_cartographer/share/turtlebot3_cartographer/environment/ament_prefix_path.dsv
[0.143s] -- Up-to-date symlink: /home/ubuntu/Desktop/RS2/install/turtlebot3_cartographer/share/turtlebot3_cartographer/environment/path.sh
[0.144s] -- Up-to-date symlink: /home/ubuntu/Desktop/RS2/install/turtlebot3_cartographer/share/turtlebot3_cartographer/environment/path.dsv
[0.144s] -- Up-to-date symlink: /home/ubuntu/Desktop/RS2/install/turtlebot3_cartographer/share/turtlebot3_cartographer/local_setup.bash
[0.148s] -- Up-to-date symlink: /home/ubuntu/Desktop/RS2/install/turtlebot3_cartographer/share/turtlebot3_cartographer/local_setup.sh
[0.148s] -- Up-to-date symlink: /home/ubuntu/Desktop/RS2/install/turtlebot3_cartographer/share/turtlebot3_cartographer/local_setup.zsh
[0.149s] -- Up-to-date symlink: /home/ubuntu/Desktop/RS2/install/turtlebot3_cartographer/share/turtlebot3_cartographer/local_setup.dsv
[0.149s] -- Symlinking: /home/ubuntu/Desktop/RS2/install/turtlebot3_cartographer/share/turtlebot3_cartographer/package.dsv
[0.159s] -- Up-to-date symlink: /home/ubuntu/Desktop/RS2/install/turtlebot3_cartographer/share/ament_index/resource_index/packages/turtlebot3_cartographer
[0.159s] -- Up-to-date symlink: /home/ubuntu/Desktop/RS2/install/turtlebot3_cartographer/share/turtlebot3_cartographer/cmake/turtlebot3_cartographerConfig.cmake
[0.159s] -- Up-to-date symlink: /home/ubuntu/Desktop/RS2/install/turtlebot3_cartographer/share/turtlebot3_cartographer/cmake/turtlebot3_cartographerConfig-version.cmake
[0.165s] -- Up-to-date symlink: /home/ubuntu/Desktop/RS2/install/turtlebot3_cartographer/share/turtlebot3_cartographer/package.xml
[0.166s] Invoked command in '/home/ubuntu/Desktop/RS2/build/turtlebot3_cartographer' returned '0': CMAKE_PREFIX_PATH=/opt/ros/humble /usr/bin/cmake --install /home/ubuntu/Desktop/RS2/build/turtlebot3_cartographer
