[0.014s] Invoking command in '/home/ubuntu/Desktop/RS2/build/turtlebot3_navigation2': CMAKE_PREFIX_PATH=/opt/ros/humble /usr/bin/cmake --build /home/ubuntu/Desktop/RS2/build/turtlebot3_navigation2 -- -j2 -l2
[0.111s] Invoked command in '/home/ubuntu/Desktop/RS2/build/turtlebot3_navigation2' returned '0': CMAKE_PREFIX_PATH=/opt/ros/humble /usr/bin/cmake --build /home/ubuntu/Desktop/RS2/build/turtlebot3_navigation2 -- -j2 -l2
[0.126s] Invoking command in '/home/ubuntu/Desktop/RS2/build/turtlebot3_navigation2': CMAKE_PREFIX_PATH=/opt/ros/humble /usr/bin/cmake --install /home/ubuntu/Desktop/RS2/build/turtlebot3_navigation2
[0.152s] -- Install configuration: ""
[0.160s] -- Execute custom install script
[0.160s] -- Up-to-date symlink: /home/ubuntu/Desktop/RS2/install/turtlebot3_navigation2/share/turtlebot3_navigation2/launch/navigation2.launch.py
[0.160s] -- Up-to-date symlink: /home/ubuntu/Desktop/RS2/install/turtlebot3_navigation2/share/turtlebot3_navigation2/map/map.pgm
[0.160s] -- Up-to-date symlink: /home/ubuntu/Desktop/RS2/install/turtlebot3_navigation2/share/turtlebot3_navigation2/map/map.yaml
[0.160s] -- Up-to-date symlink: /home/ubuntu/Desktop/RS2/install/turtlebot3_navigation2/share/turtlebot3_navigation2/param/burger.yaml
[0.160s] -- Up-to-date symlink: /home/ubuntu/Desktop/RS2/install/turtlebot3_navigation2/share/turtlebot3_navigation2/param/waffle.yaml
[0.160s] -- Up-to-date symlink: /home/ubuntu/Desktop/RS2/install/turtlebot3_navigation2/share/turtlebot3_navigation2/param/waffle_pi.yaml
[0.163s] -- Up-to-date symlink: /home/ubuntu/Desktop/RS2/install/turtlebot3_navigation2/share/turtlebot3_navigation2/rviz/tb3_navigation2.rviz
[0.163s] -- Up-to-date symlink: /home/ubuntu/Desktop/RS2/install/turtlebot3_navigation2/share/ament_index/resource_index/package_run_dependencies/turtlebot3_navigation2
[0.163s] -- Up-to-date symlink: /home/ubuntu/Desktop/RS2/install/turtlebot3_navigation2/share/ament_index/resource_index/parent_prefix_path/turtlebot3_navigation2
[0.164s] -- Up-to-date symlink: /home/ubuntu/Desktop/RS2/install/turtlebot3_navigation2/share/turtlebot3_navigation2/environment/ament_prefix_path.sh
[0.167s] -- Up-to-date symlink: /home/ubuntu/Desktop/RS2/install/turtlebot3_navigation2/share/turtlebot3_navigation2/environment/ament_prefix_path.dsv
[0.167s] -- Up-to-date symlink: /home/ubuntu/Desktop/RS2/install/turtlebot3_navigation2/share/turtlebot3_navigation2/environment/path.sh
[0.167s] -- Up-to-date symlink: /home/ubuntu/Desktop/RS2/install/turtlebot3_navigation2/share/turtlebot3_navigation2/environment/path.dsv
[0.167s] -- Up-to-date symlink: /home/ubuntu/Desktop/RS2/install/turtlebot3_navigation2/share/turtlebot3_navigation2/local_setup.bash
[0.179s] -- Up-to-date symlink: /home/ubuntu/Desktop/RS2/install/turtlebot3_navigation2/share/turtlebot3_navigation2/local_setup.sh
[0.179s] -- Up-to-date symlink: /home/ubuntu/Desktop/RS2/install/turtlebot3_navigation2/share/turtlebot3_navigation2/local_setup.zsh
[0.179s] -- Up-to-date symlink: /home/ubuntu/Desktop/RS2/install/turtlebot3_navigation2/share/turtlebot3_navigation2/local_setup.dsv
[0.179s] -- Symlinking: /home/ubuntu/Desktop/RS2/install/turtlebot3_navigation2/share/turtlebot3_navigation2/package.dsv
[0.182s] -- Up-to-date symlink: /home/ubuntu/Desktop/RS2/install/turtlebot3_navigation2/share/ament_index/resource_index/packages/turtlebot3_navigation2
[0.182s] -- Up-to-date symlink: /home/ubuntu/Desktop/RS2/install/turtlebot3_navigation2/share/turtlebot3_navigation2/cmake/turtlebot3_navigation2Config.cmake
[0.182s] -- Up-to-date symlink: /home/ubuntu/Desktop/RS2/install/turtlebot3_navigation2/share/turtlebot3_navigation2/cmake/turtlebot3_navigation2Config-version.cmake
[0.182s] -- Up-to-date symlink: /home/ubuntu/Desktop/RS2/install/turtlebot3_navigation2/share/turtlebot3_navigation2/package.xml
[0.192s] Invoked command in '/home/ubuntu/Desktop/RS2/build/turtlebot3_navigation2' returned '0': CMAKE_PREFIX_PATH=/opt/ros/humble /usr/bin/cmake --install /home/ubuntu/Desktop/RS2/build/turtlebot3_navigation2
