[0.464s] DEBUG:colcon:Command line arguments: ['/usr/bin/colcon', 'build']
[0.464s] DEBUG:colcon:Parsed command line arguments: Namespace(log_base=None, log_level=None, verb_name='build', build_base='build', install_base='install', merge_install=False, symlink_install=False, test_result_base=None, continue_on_error=False, executor='parallel', parallel_workers=8, event_handlers=None, ignore_user_meta=False, metas=['./colcon.meta'], base_paths=['.'], packages_ignore=None, packages_ignore_regex=None, paths=None, packages_up_to=None, packages_up_to_regex=None, packages_above=None, packages_above_and_dependencies=None, packages_above_depth=None, packages_select_by_dep=None, packages_skip_by_dep=None, packages_skip_up_to=None, packages_select_build_failed=False, packages_skip_build_finished=False, packages_select_test_failures=False, packages_skip_test_passed=False, packages_select=None, packages_skip=None, packages_select_regex=None, packages_skip_regex=None, packages_start=None, packages_end=None, allow_overriding=[], cmake_args=None, cmake_target=None, cmake_target_skip_unavailable=False, cmake_clean_cache=False, cmake_clean_first=False, cmake_force_configure=False, ament_cmake_args=None, catkin_cmake_args=None, catkin_skip_building_tests=False, mixin_files=None, mixin=None, verb_parser=<colcon_mixin.mixin.mixin_argument.MixinArgumentDecorator object at 0x7f10d8b1e7d0>, verb_extension=<colcon_core.verb.build.BuildVerb object at 0x7f10d8b1e260>, main=<bound method BuildVerb.main of <colcon_core.verb.build.BuildVerb object at 0x7f10d8b1e260>>, mixin_verb=('build',))
[1.368s] Level 1:colcon.colcon_core.package_discovery:discover_packages(colcon_meta) check parameters
[1.369s] Level 1:colcon.colcon_core.package_discovery:discover_packages(recursive) check parameters
[1.369s] Level 1:colcon.colcon_core.package_discovery:discover_packages(ignore) check parameters
[1.369s] Level 1:colcon.colcon_core.package_discovery:discover_packages(path) check parameters
[1.369s] Level 1:colcon.colcon_core.package_discovery:discover_packages(colcon_meta) discover
[1.369s] Level 1:colcon.colcon_core.package_discovery:discover_packages(recursive) discover
[1.369s] INFO:colcon.colcon_core.package_discovery:Crawling recursively for packages in '/home/katie/turtlebot3_ws'
[1.370s] Level 1:colcon.colcon_core.package_identification:_identify(.) by extensions ['ignore', 'ignore_ament_install']
[1.370s] Level 1:colcon.colcon_core.package_identification:_identify(.) by extension 'ignore'
[1.370s] Level 1:colcon.colcon_core.package_identification:_identify(.) by extension 'ignore_ament_install'
[1.370s] Level 1:colcon.colcon_core.package_identification:_identify(.) by extensions ['colcon_pkg']
[1.371s] Level 1:colcon.colcon_core.package_identification:_identify(.) by extension 'colcon_pkg'
[1.371s] Level 1:colcon.colcon_core.package_identification:_identify(.) by extensions ['colcon_meta']
[1.371s] Level 1:colcon.colcon_core.package_identification:_identify(.) by extension 'colcon_meta'
[1.371s] Level 1:colcon.colcon_core.package_identification:_identify(.) by extensions ['ros']
[1.371s] Level 1:colcon.colcon_core.package_identification:_identify(.) by extension 'ros'
[1.409s] Level 1:colcon.colcon_core.package_identification:_identify(.) by extensions ['cmake', 'python']
[1.409s] Level 1:colcon.colcon_core.package_identification:_identify(.) by extension 'cmake'
[1.409s] Level 1:colcon.colcon_core.package_identification:_identify(.) by extension 'python'
[1.410s] Level 1:colcon.colcon_core.package_identification:_identify(.) by extensions ['python_setup_py']
[1.410s] Level 1:colcon.colcon_core.package_identification:_identify(.) by extension 'python_setup_py'
[1.410s] Level 1:colcon.colcon_core.package_identification:_identify(book_database) by extensions ['ignore', 'ignore_ament_install']
[1.410s] Level 1:colcon.colcon_core.package_identification:_identify(book_database) by extension 'ignore'
[1.411s] Level 1:colcon.colcon_core.package_identification:_identify(book_database) by extension 'ignore_ament_install'
[1.411s] Level 1:colcon.colcon_core.package_identification:_identify(book_database) by extensions ['colcon_pkg']
[1.411s] Level 1:colcon.colcon_core.package_identification:_identify(book_database) by extension 'colcon_pkg'
[1.411s] Level 1:colcon.colcon_core.package_identification:_identify(book_database) by extensions ['colcon_meta']
[1.411s] Level 1:colcon.colcon_core.package_identification:_identify(book_database) by extension 'colcon_meta'
[1.411s] Level 1:colcon.colcon_core.package_identification:_identify(book_database) by extensions ['ros']
[1.412s] Level 1:colcon.colcon_core.package_identification:_identify(book_database) by extension 'ros'
[1.420s] DEBUG:colcon.colcon_core.package_identification:Package 'book_database' with type 'ros.ament_cmake' and name 'book_database'
[1.421s] Level 1:colcon.colcon_core.package_identification:_identify(build) by extensions ['ignore', 'ignore_ament_install']
[1.421s] Level 1:colcon.colcon_core.package_identification:_identify(build) by extension 'ignore'
[1.421s] Level 1:colcon.colcon_core.package_identification:_identify(build) ignored
[1.422s] Level 1:colcon.colcon_core.package_identification:_identify(install) by extensions ['ignore', 'ignore_ament_install']
[1.422s] Level 1:colcon.colcon_core.package_identification:_identify(install) by extension 'ignore'
[1.422s] Level 1:colcon.colcon_core.package_identification:_identify(install) ignored
[1.422s] Level 1:colcon.colcon_core.package_identification:_identify(kane_gui) by extensions ['ignore', 'ignore_ament_install']
[1.422s] Level 1:colcon.colcon_core.package_identification:_identify(kane_gui) by extension 'ignore'
[1.422s] Level 1:colcon.colcon_core.package_identification:_identify(kane_gui) by extension 'ignore_ament_install'
[1.423s] Level 1:colcon.colcon_core.package_identification:_identify(kane_gui) by extensions ['colcon_pkg']
[1.423s] Level 1:colcon.colcon_core.package_identification:_identify(kane_gui) by extension 'colcon_pkg'
[1.423s] Level 1:colcon.colcon_core.package_identification:_identify(kane_gui) by extensions ['colcon_meta']
[1.423s] Level 1:colcon.colcon_core.package_identification:_identify(kane_gui) by extension 'colcon_meta'
[1.423s] Level 1:colcon.colcon_core.package_identification:_identify(kane_gui) by extensions ['ros']
[1.423s] Level 1:colcon.colcon_core.package_identification:_identify(kane_gui) by extension 'ros'
[1.425s] DEBUG:colcon.colcon_core.package_identification:Package 'kane_gui' with type 'ros.ament_cmake' and name 'gallery_database'
[1.426s] Level 1:colcon.colcon_core.package_identification:_identify(log) by extensions ['ignore', 'ignore_ament_install']
[1.426s] Level 1:colcon.colcon_core.package_identification:_identify(log) by extension 'ignore'
[1.426s] Level 1:colcon.colcon_core.package_identification:_identify(log) ignored
[1.427s] Level 1:colcon.colcon_core.package_identification:_identify(src) by extensions ['ignore', 'ignore_ament_install']
[1.427s] Level 1:colcon.colcon_core.package_identification:_identify(src) by extension 'ignore'
[1.427s] Level 1:colcon.colcon_core.package_identification:_identify(src) by extension 'ignore_ament_install'
[1.427s] Level 1:colcon.colcon_core.package_identification:_identify(src) by extensions ['colcon_pkg']
[1.427s] Level 1:colcon.colcon_core.package_identification:_identify(src) by extension 'colcon_pkg'
[1.427s] Level 1:colcon.colcon_core.package_identification:_identify(src) by extensions ['colcon_meta']
[1.427s] Level 1:colcon.colcon_core.package_identification:_identify(src) by extension 'colcon_meta'
[1.428s] Level 1:colcon.colcon_core.package_identification:_identify(src) by extensions ['ros']
[1.428s] Level 1:colcon.colcon_core.package_identification:_identify(src) by extension 'ros'
[1.428s] Level 1:colcon.colcon_core.package_identification:_identify(src) by extensions ['cmake', 'python']
[1.428s] Level 1:colcon.colcon_core.package_identification:_identify(src) by extension 'cmake'
[1.428s] Level 1:colcon.colcon_core.package_identification:_identify(src) by extension 'python'
[1.428s] Level 1:colcon.colcon_core.package_identification:_identify(src) by extensions ['python_setup_py']
[1.428s] Level 1:colcon.colcon_core.package_identification:_identify(src) by extension 'python_setup_py'
[1.429s] Level 1:colcon.colcon_core.package_identification:_identify(src/install) by extensions ['ignore', 'ignore_ament_install']
[1.429s] Level 1:colcon.colcon_core.package_identification:_identify(src/install) by extension 'ignore'
[1.429s] Level 1:colcon.colcon_core.package_identification:_identify(src/install) by extension 'ignore_ament_install'
[1.429s] Level 1:colcon.colcon_core.package_identification:_identify(src/install) by extensions ['colcon_pkg']
[1.429s] Level 1:colcon.colcon_core.package_identification:_identify(src/install) by extension 'colcon_pkg'
[1.430s] Level 1:colcon.colcon_core.package_identification:_identify(src/install) by extensions ['colcon_meta']
[1.430s] Level 1:colcon.colcon_core.package_identification:_identify(src/install) by extension 'colcon_meta'
[1.430s] Level 1:colcon.colcon_core.package_identification:_identify(src/install) by extensions ['ros']
[1.430s] Level 1:colcon.colcon_core.package_identification:_identify(src/install) by extension 'ros'
[1.430s] Level 1:colcon.colcon_core.package_identification:_identify(src/install) by extensions ['cmake', 'python']
[1.430s] Level 1:colcon.colcon_core.package_identification:_identify(src/install) by extension 'cmake'
[1.430s] Level 1:colcon.colcon_core.package_identification:_identify(src/install) by extension 'python'
[1.431s] Level 1:colcon.colcon_core.package_identification:_identify(src/install) by extensions ['python_setup_py']
[1.431s] Level 1:colcon.colcon_core.package_identification:_identify(src/install) by extension 'python_setup_py'
[1.431s] Level 1:colcon.colcon_core.package_identification:_identify(src/install/move_pepper) by extensions ['ignore', 'ignore_ament_install']
[1.431s] Level 1:colcon.colcon_core.package_identification:_identify(src/install/move_pepper) by extension 'ignore'
[1.432s] Level 1:colcon.colcon_core.package_identification:_identify(src/install/move_pepper) by extension 'ignore_ament_install'
[1.432s] Level 1:colcon.colcon_core.package_identification:_identify(src/install/move_pepper) by extensions ['colcon_pkg']
[1.432s] Level 1:colcon.colcon_core.package_identification:_identify(src/install/move_pepper) by extension 'colcon_pkg'
[1.432s] Level 1:colcon.colcon_core.package_identification:_identify(src/install/move_pepper) by extensions ['colcon_meta']
[1.432s] Level 1:colcon.colcon_core.package_identification:_identify(src/install/move_pepper) by extension 'colcon_meta'
[1.432s] Level 1:colcon.colcon_core.package_identification:_identify(src/install/move_pepper) by extensions ['ros']
[1.432s] Level 1:colcon.colcon_core.package_identification:_identify(src/install/move_pepper) by extension 'ros'
[1.433s] Level 1:colcon.colcon_core.package_identification:_identify(src/install/move_pepper) by extensions ['cmake', 'python']
[1.433s] Level 1:colcon.colcon_core.package_identification:_identify(src/install/move_pepper) by extension 'cmake'
[1.433s] Level 1:colcon.colcon_core.package_identification:_identify(src/install/move_pepper) by extension 'python'
[1.433s] Level 1:colcon.colcon_core.package_identification:_identify(src/install/move_pepper) by extensions ['python_setup_py']
[1.433s] Level 1:colcon.colcon_core.package_identification:_identify(src/install/move_pepper) by extension 'python_setup_py'
[1.434s] Level 1:colcon.colcon_core.package_identification:_identify(src/install/move_pepper/share) by extensions ['ignore', 'ignore_ament_install']
[1.434s] Level 1:colcon.colcon_core.package_identification:_identify(src/install/move_pepper/share) by extension 'ignore'
[1.434s] Level 1:colcon.colcon_core.package_identification:_identify(src/install/move_pepper/share) by extension 'ignore_ament_install'
[1.434s] Level 1:colcon.colcon_core.package_identification:_identify(src/install/move_pepper/share) by extensions ['colcon_pkg']
[1.434s] Level 1:colcon.colcon_core.package_identification:_identify(src/install/move_pepper/share) by extension 'colcon_pkg'
[1.434s] Level 1:colcon.colcon_core.package_identification:_identify(src/install/move_pepper/share) by extensions ['colcon_meta']
[1.434s] Level 1:colcon.colcon_core.package_identification:_identify(src/install/move_pepper/share) by extension 'colcon_meta'
[1.435s] Level 1:colcon.colcon_core.package_identification:_identify(src/install/move_pepper/share) by extensions ['ros']
[1.435s] Level 1:colcon.colcon_core.package_identification:_identify(src/install/move_pepper/share) by extension 'ros'
[1.435s] Level 1:colcon.colcon_core.package_identification:_identify(src/install/move_pepper/share) by extensions ['cmake', 'python']
[1.435s] Level 1:colcon.colcon_core.package_identification:_identify(src/install/move_pepper/share) by extension 'cmake'
[1.435s] Level 1:colcon.colcon_core.package_identification:_identify(src/install/move_pepper/share) by extension 'python'
[1.435s] Level 1:colcon.colcon_core.package_identification:_identify(src/install/move_pepper/share) by extensions ['python_setup_py']
[1.435s] Level 1:colcon.colcon_core.package_identification:_identify(src/install/move_pepper/share) by extension 'python_setup_py'
[1.436s] Level 1:colcon.colcon_core.package_identification:_identify(src/install/move_pepper/share/move_pepper) by extensions ['ignore', 'ignore_ament_install']
[1.436s] Level 1:colcon.colcon_core.package_identification:_identify(src/install/move_pepper/share/move_pepper) by extension 'ignore'
[1.436s] Level 1:colcon.colcon_core.package_identification:_identify(src/install/move_pepper/share/move_pepper) by extension 'ignore_ament_install'
[1.437s] Level 1:colcon.colcon_core.package_identification:_identify(src/install/move_pepper/share/move_pepper) by extensions ['colcon_pkg']
[1.437s] Level 1:colcon.colcon_core.package_identification:_identify(src/install/move_pepper/share/move_pepper) by extension 'colcon_pkg'
[1.437s] Level 1:colcon.colcon_core.package_identification:_identify(src/install/move_pepper/share/move_pepper) by extensions ['colcon_meta']
[1.437s] Level 1:colcon.colcon_core.package_identification:_identify(src/install/move_pepper/share/move_pepper) by extension 'colcon_meta'
[1.437s] Level 1:colcon.colcon_core.package_identification:_identify(src/install/move_pepper/share/move_pepper) by extensions ['ros']
[1.437s] Level 1:colcon.colcon_core.package_identification:_identify(src/install/move_pepper/share/move_pepper) by extension 'ros'
[1.438s] Level 1:colcon.colcon_core.package_identification:_identify(src/install/move_pepper/share/move_pepper) by extensions ['cmake', 'python']
[1.438s] Level 1:colcon.colcon_core.package_identification:_identify(src/install/move_pepper/share/move_pepper) by extension 'cmake'
[1.438s] Level 1:colcon.colcon_core.package_identification:_identify(src/install/move_pepper/share/move_pepper) by extension 'python'
[1.438s] Level 1:colcon.colcon_core.package_identification:_identify(src/install/move_pepper/share/move_pepper) by extensions ['python_setup_py']
[1.438s] Level 1:colcon.colcon_core.package_identification:_identify(src/install/move_pepper/share/move_pepper) by extension 'python_setup_py'
[1.439s] Level 1:colcon.colcon_core.package_identification:_identify(src/install/move_pepper/share/move_pepper/__pycache__) by extensions ['ignore', 'ignore_ament_install']
[1.439s] Level 1:colcon.colcon_core.package_identification:_identify(src/install/move_pepper/share/move_pepper/__pycache__) by extension 'ignore'
[1.439s] Level 1:colcon.colcon_core.package_identification:_identify(src/install/move_pepper/share/move_pepper/__pycache__) by extension 'ignore_ament_install'
[1.439s] Level 1:colcon.colcon_core.package_identification:_identify(src/install/move_pepper/share/move_pepper/__pycache__) by extensions ['colcon_pkg']
[1.439s] Level 1:colcon.colcon_core.package_identification:_identify(src/install/move_pepper/share/move_pepper/__pycache__) by extension 'colcon_pkg'
[1.439s] Level 1:colcon.colcon_core.package_identification:_identify(src/install/move_pepper/share/move_pepper/__pycache__) by extensions ['colcon_meta']
[1.440s] Level 1:colcon.colcon_core.package_identification:_identify(src/install/move_pepper/share/move_pepper/__pycache__) by extension 'colcon_meta'
[1.440s] Level 1:colcon.colcon_core.package_identification:_identify(src/install/move_pepper/share/move_pepper/__pycache__) by extensions ['ros']
[1.440s] Level 1:colcon.colcon_core.package_identification:_identify(src/install/move_pepper/share/move_pepper/__pycache__) by extension 'ros'
[1.440s] Level 1:colcon.colcon_core.package_identification:_identify(src/install/move_pepper/share/move_pepper/__pycache__) by extensions ['cmake', 'python']
[1.440s] Level 1:colcon.colcon_core.package_identification:_identify(src/install/move_pepper/share/move_pepper/__pycache__) by extension 'cmake'
[1.441s] Level 1:colcon.colcon_core.package_identification:_identify(src/install/move_pepper/share/move_pepper/__pycache__) by extension 'python'
[1.441s] Level 1:colcon.colcon_core.package_identification:_identify(src/install/move_pepper/share/move_pepper/__pycache__) by extensions ['python_setup_py']
[1.441s] Level 1:colcon.colcon_core.package_identification:_identify(src/install/move_pepper/share/move_pepper/__pycache__) by extension 'python_setup_py'
[1.441s] Level 1:colcon.colcon_core.package_identification:_identify(src/install/turtlebot3_gazebo) by extensions ['ignore', 'ignore_ament_install']
[1.442s] Level 1:colcon.colcon_core.package_identification:_identify(src/install/turtlebot3_gazebo) by extension 'ignore'
[1.442s] Level 1:colcon.colcon_core.package_identification:_identify(src/install/turtlebot3_gazebo) by extension 'ignore_ament_install'
[1.442s] Level 1:colcon.colcon_core.package_identification:_identify(src/install/turtlebot3_gazebo) by extensions ['colcon_pkg']
[1.442s] Level 1:colcon.colcon_core.package_identification:_identify(src/install/turtlebot3_gazebo) by extension 'colcon_pkg'
[1.442s] Level 1:colcon.colcon_core.package_identification:_identify(src/install/turtlebot3_gazebo) by extensions ['colcon_meta']
[1.442s] Level 1:colcon.colcon_core.package_identification:_identify(src/install/turtlebot3_gazebo) by extension 'colcon_meta'
[1.443s] Level 1:colcon.colcon_core.package_identification:_identify(src/install/turtlebot3_gazebo) by extensions ['ros']
[1.443s] Level 1:colcon.colcon_core.package_identification:_identify(src/install/turtlebot3_gazebo) by extension 'ros'
[1.443s] Level 1:colcon.colcon_core.package_identification:_identify(src/install/turtlebot3_gazebo) by extensions ['cmake', 'python']
[1.443s] Level 1:colcon.colcon_core.package_identification:_identify(src/install/turtlebot3_gazebo) by extension 'cmake'
[1.443s] Level 1:colcon.colcon_core.package_identification:_identify(src/install/turtlebot3_gazebo) by extension 'python'
[1.443s] Level 1:colcon.colcon_core.package_identification:_identify(src/install/turtlebot3_gazebo) by extensions ['python_setup_py']
[1.444s] Level 1:colcon.colcon_core.package_identification:_identify(src/install/turtlebot3_gazebo) by extension 'python_setup_py'
[1.444s] Level 1:colcon.colcon_core.package_identification:_identify(src/install/turtlebot3_gazebo/share) by extensions ['ignore', 'ignore_ament_install']
[1.444s] Level 1:colcon.colcon_core.package_identification:_identify(src/install/turtlebot3_gazebo/share) by extension 'ignore'
[1.445s] Level 1:colcon.colcon_core.package_identification:_identify(src/install/turtlebot3_gazebo/share) by extension 'ignore_ament_install'
[1.445s] Level 1:colcon.colcon_core.package_identification:_identify(src/install/turtlebot3_gazebo/share) by extensions ['colcon_pkg']
[1.445s] Level 1:colcon.colcon_core.package_identification:_identify(src/install/turtlebot3_gazebo/share) by extension 'colcon_pkg'
[1.445s] Level 1:colcon.colcon_core.package_identification:_identify(src/install/turtlebot3_gazebo/share) by extensions ['colcon_meta']
[1.445s] Level 1:colcon.colcon_core.package_identification:_identify(src/install/turtlebot3_gazebo/share) by extension 'colcon_meta'
[1.445s] Level 1:colcon.colcon_core.package_identification:_identify(src/install/turtlebot3_gazebo/share) by extensions ['ros']
[1.445s] Level 1:colcon.colcon_core.package_identification:_identify(src/install/turtlebot3_gazebo/share) by extension 'ros'
[1.446s] Level 1:colcon.colcon_core.package_identification:_identify(src/install/turtlebot3_gazebo/share) by extensions ['cmake', 'python']
[1.446s] Level 1:colcon.colcon_core.package_identification:_identify(src/install/turtlebot3_gazebo/share) by extension 'cmake'
[1.446s] Level 1:colcon.colcon_core.package_identification:_identify(src/install/turtlebot3_gazebo/share) by extension 'python'
[1.446s] Level 1:colcon.colcon_core.package_identification:_identify(src/install/turtlebot3_gazebo/share) by extensions ['python_setup_py']
[1.446s] Level 1:colcon.colcon_core.package_identification:_identify(src/install/turtlebot3_gazebo/share) by extension 'python_setup_py'
[1.447s] Level 1:colcon.colcon_core.package_identification:_identify(src/install/turtlebot3_gazebo/share/turtlebot3_gazebo) by extensions ['ignore', 'ignore_ament_install']
[1.447s] Level 1:colcon.colcon_core.package_identification:_identify(src/install/turtlebot3_gazebo/share/turtlebot3_gazebo) by extension 'ignore'
[1.447s] Level 1:colcon.colcon_core.package_identification:_identify(src/install/turtlebot3_gazebo/share/turtlebot3_gazebo) by extension 'ignore_ament_install'
[1.447s] Level 1:colcon.colcon_core.package_identification:_identify(src/install/turtlebot3_gazebo/share/turtlebot3_gazebo) by extensions ['colcon_pkg']
[1.447s] Level 1:colcon.colcon_core.package_identification:_identify(src/install/turtlebot3_gazebo/share/turtlebot3_gazebo) by extension 'colcon_pkg'
[1.447s] Level 1:colcon.colcon_core.package_identification:_identify(src/install/turtlebot3_gazebo/share/turtlebot3_gazebo) by extensions ['colcon_meta']
[1.447s] Level 1:colcon.colcon_core.package_identification:_identify(src/install/turtlebot3_gazebo/share/turtlebot3_gazebo) by extension 'colcon_meta'
[1.448s] Level 1:colcon.colcon_core.package_identification:_identify(src/install/turtlebot3_gazebo/share/turtlebot3_gazebo) by extensions ['ros']
[1.448s] Level 1:colcon.colcon_core.package_identification:_identify(src/install/turtlebot3_gazebo/share/turtlebot3_gazebo) by extension 'ros'
[1.448s] Level 1:colcon.colcon_core.package_identification:_identify(src/install/turtlebot3_gazebo/share/turtlebot3_gazebo) by extensions ['cmake', 'python']
[1.448s] Level 1:colcon.colcon_core.package_identification:_identify(src/install/turtlebot3_gazebo/share/turtlebot3_gazebo) by extension 'cmake'
[1.448s] Level 1:colcon.colcon_core.package_identification:_identify(src/install/turtlebot3_gazebo/share/turtlebot3_gazebo) by extension 'python'
[1.448s] Level 1:colcon.colcon_core.package_identification:_identify(src/install/turtlebot3_gazebo/share/turtlebot3_gazebo) by extensions ['python_setup_py']
[1.448s] Level 1:colcon.colcon_core.package_identification:_identify(src/install/turtlebot3_gazebo/share/turtlebot3_gazebo) by extension 'python_setup_py'
[1.449s] Level 1:colcon.colcon_core.package_identification:_identify(src/install/turtlebot3_gazebo/share/turtlebot3_gazebo/launch) by extensions ['ignore', 'ignore_ament_install']
[1.449s] Level 1:colcon.colcon_core.package_identification:_identify(src/install/turtlebot3_gazebo/share/turtlebot3_gazebo/launch) by extension 'ignore'
[1.449s] Level 1:colcon.colcon_core.package_identification:_identify(src/install/turtlebot3_gazebo/share/turtlebot3_gazebo/launch) by extension 'ignore_ament_install'
[1.450s] Level 1:colcon.colcon_core.package_identification:_identify(src/install/turtlebot3_gazebo/share/turtlebot3_gazebo/launch) by extensions ['colcon_pkg']
[1.450s] Level 1:colcon.colcon_core.package_identification:_identify(src/install/turtlebot3_gazebo/share/turtlebot3_gazebo/launch) by extension 'colcon_pkg'
[1.450s] Level 1:colcon.colcon_core.package_identification:_identify(src/install/turtlebot3_gazebo/share/turtlebot3_gazebo/launch) by extensions ['colcon_meta']
[1.450s] Level 1:colcon.colcon_core.package_identification:_identify(src/install/turtlebot3_gazebo/share/turtlebot3_gazebo/launch) by extension 'colcon_meta'
[1.450s] Level 1:colcon.colcon_core.package_identification:_identify(src/install/turtlebot3_gazebo/share/turtlebot3_gazebo/launch) by extensions ['ros']
[1.450s] Level 1:colcon.colcon_core.package_identification:_identify(src/install/turtlebot3_gazebo/share/turtlebot3_gazebo/launch) by extension 'ros'
[1.451s] Level 1:colcon.colcon_core.package_identification:_identify(src/install/turtlebot3_gazebo/share/turtlebot3_gazebo/launch) by extensions ['cmake', 'python']
[1.451s] Level 1:colcon.colcon_core.package_identification:_identify(src/install/turtlebot3_gazebo/share/turtlebot3_gazebo/launch) by extension 'cmake'
[1.451s] Level 1:colcon.colcon_core.package_identification:_identify(src/install/turtlebot3_gazebo/share/turtlebot3_gazebo/launch) by extension 'python'
[1.451s] Level 1:colcon.colcon_core.package_identification:_identify(src/install/turtlebot3_gazebo/share/turtlebot3_gazebo/launch) by extensions ['python_setup_py']
[1.451s] Level 1:colcon.colcon_core.package_identification:_identify(src/install/turtlebot3_gazebo/share/turtlebot3_gazebo/launch) by extension 'python_setup_py'
[1.452s] Level 1:colcon.colcon_core.package_identification:_identify(src/install/turtlebot3_gazebo/share/turtlebot3_gazebo/launch/__pycache__) by extensions ['ignore', 'ignore_ament_install']
[1.452s] Level 1:colcon.colcon_core.package_identification:_identify(src/install/turtlebot3_gazebo/share/turtlebot3_gazebo/launch/__pycache__) by extension 'ignore'
[1.452s] Level 1:colcon.colcon_core.package_identification:_identify(src/install/turtlebot3_gazebo/share/turtlebot3_gazebo/launch/__pycache__) by extension 'ignore_ament_install'
[1.452s] Level 1:colcon.colcon_core.package_identification:_identify(src/install/turtlebot3_gazebo/share/turtlebot3_gazebo/launch/__pycache__) by extensions ['colcon_pkg']
[1.452s] Level 1:colcon.colcon_core.package_identification:_identify(src/install/turtlebot3_gazebo/share/turtlebot3_gazebo/launch/__pycache__) by extension 'colcon_pkg'
[1.452s] Level 1:colcon.colcon_core.package_identification:_identify(src/install/turtlebot3_gazebo/share/turtlebot3_gazebo/launch/__pycache__) by extensions ['colcon_meta']
[1.452s] Level 1:colcon.colcon_core.package_identification:_identify(src/install/turtlebot3_gazebo/share/turtlebot3_gazebo/launch/__pycache__) by extension 'colcon_meta'
[1.453s] Level 1:colcon.colcon_core.package_identification:_identify(src/install/turtlebot3_gazebo/share/turtlebot3_gazebo/launch/__pycache__) by extensions ['ros']
[1.453s] Level 1:colcon.colcon_core.package_identification:_identify(src/install/turtlebot3_gazebo/share/turtlebot3_gazebo/launch/__pycache__) by extension 'ros'
[1.453s] Level 1:colcon.colcon_core.package_identification:_identify(src/install/turtlebot3_gazebo/share/turtlebot3_gazebo/launch/__pycache__) by extensions ['cmake', 'python']
[1.453s] Level 1:colcon.colcon_core.package_identification:_identify(src/install/turtlebot3_gazebo/share/turtlebot3_gazebo/launch/__pycache__) by extension 'cmake'
[1.453s] Level 1:colcon.colcon_core.package_identification:_identify(src/install/turtlebot3_gazebo/share/turtlebot3_gazebo/launch/__pycache__) by extension 'python'
[1.453s] Level 1:colcon.colcon_core.package_identification:_identify(src/install/turtlebot3_gazebo/share/turtlebot3_gazebo/launch/__pycache__) by extensions ['python_setup_py']
[1.453s] Level 1:colcon.colcon_core.package_identification:_identify(src/install/turtlebot3_gazebo/share/turtlebot3_gazebo/launch/__pycache__) by extension 'python_setup_py'
[1.454s] Level 1:colcon.colcon_core.package_identification:_identify(src/install/turtlebot3_gazebo/share/turtlebot3_gazebo/worlds) by extensions ['ignore', 'ignore_ament_install']
[1.454s] Level 1:colcon.colcon_core.package_identification:_identify(src/install/turtlebot3_gazebo/share/turtlebot3_gazebo/worlds) by extension 'ignore'
[1.455s] Level 1:colcon.colcon_core.package_identification:_identify(src/install/turtlebot3_gazebo/share/turtlebot3_gazebo/worlds) by extension 'ignore_ament_install'
[1.455s] Level 1:colcon.colcon_core.package_identification:_identify(src/install/turtlebot3_gazebo/share/turtlebot3_gazebo/worlds) by extensions ['colcon_pkg']
[1.455s] Level 1:colcon.colcon_core.package_identification:_identify(src/install/turtlebot3_gazebo/share/turtlebot3_gazebo/worlds) by extension 'colcon_pkg'
[1.455s] Level 1:colcon.colcon_core.package_identification:_identify(src/install/turtlebot3_gazebo/share/turtlebot3_gazebo/worlds) by extensions ['colcon_meta']
[1.455s] Level 1:colcon.colcon_core.package_identification:_identify(src/install/turtlebot3_gazebo/share/turtlebot3_gazebo/worlds) by extension 'colcon_meta'
[1.455s] Level 1:colcon.colcon_core.package_identification:_identify(src/install/turtlebot3_gazebo/share/turtlebot3_gazebo/worlds) by extensions ['ros']
[1.456s] Level 1:colcon.colcon_core.package_identification:_identify(src/install/turtlebot3_gazebo/share/turtlebot3_gazebo/worlds) by extension 'ros'
[1.456s] Level 1:colcon.colcon_core.package_identification:_identify(src/install/turtlebot3_gazebo/share/turtlebot3_gazebo/worlds) by extensions ['cmake', 'python']
[1.456s] Level 1:colcon.colcon_core.package_identification:_identify(src/install/turtlebot3_gazebo/share/turtlebot3_gazebo/worlds) by extension 'cmake'
[1.456s] Level 1:colcon.colcon_core.package_identification:_identify(src/install/turtlebot3_gazebo/share/turtlebot3_gazebo/worlds) by extension 'python'
[1.456s] Level 1:colcon.colcon_core.package_identification:_identify(src/install/turtlebot3_gazebo/share/turtlebot3_gazebo/worlds) by extensions ['python_setup_py']
[1.456s] Level 1:colcon.colcon_core.package_identification:_identify(src/install/turtlebot3_gazebo/share/turtlebot3_gazebo/worlds) by extension 'python_setup_py'
[1.457s] Level 1:colcon.colcon_core.package_identification:_identify(src/move_pepper) by extensions ['ignore', 'ignore_ament_install']
[1.457s] Level 1:colcon.colcon_core.package_identification:_identify(src/move_pepper) by extension 'ignore'
[1.457s] Level 1:colcon.colcon_core.package_identification:_identify(src/move_pepper) by extension 'ignore_ament_install'
[1.457s] Level 1:colcon.colcon_core.package_identification:_identify(src/move_pepper) by extensions ['colcon_pkg']
[1.457s] Level 1:colcon.colcon_core.package_identification:_identify(src/move_pepper) by extension 'colcon_pkg'
[1.457s] Level 1:colcon.colcon_core.package_identification:_identify(src/move_pepper) by extensions ['colcon_meta']
[1.457s] Level 1:colcon.colcon_core.package_identification:_identify(src/move_pepper) by extension 'colcon_meta'
[1.458s] Level 1:colcon.colcon_core.package_identification:_identify(src/move_pepper) by extensions ['ros']
[1.458s] Level 1:colcon.colcon_core.package_identification:_identify(src/move_pepper) by extension 'ros'
[1.460s] DEBUG:colcon.colcon_core.package_identification:Package 'src/move_pepper' with type 'ros.ament_python' and name 'move_pepper'
[1.460s] Level 1:colcon.colcon_core.package_identification:_identify(src/pepper_autonomy) by extensions ['ignore', 'ignore_ament_install']
[1.460s] Level 1:colcon.colcon_core.package_identification:_identify(src/pepper_autonomy) by extension 'ignore'
[1.461s] Level 1:colcon.colcon_core.package_identification:_identify(src/pepper_autonomy) by extension 'ignore_ament_install'
[1.461s] Level 1:colcon.colcon_core.package_identification:_identify(src/pepper_autonomy) by extensions ['colcon_pkg']
[1.461s] Level 1:colcon.colcon_core.package_identification:_identify(src/pepper_autonomy) by extension 'colcon_pkg'
[1.461s] Level 1:colcon.colcon_core.package_identification:_identify(src/pepper_autonomy) by extensions ['colcon_meta']
[1.461s] Level 1:colcon.colcon_core.package_identification:_identify(src/pepper_autonomy) by extension 'colcon_meta'
[1.461s] Level 1:colcon.colcon_core.package_identification:_identify(src/pepper_autonomy) by extensions ['ros']
[1.461s] Level 1:colcon.colcon_core.package_identification:_identify(src/pepper_autonomy) by extension 'ros'
[1.464s] DEBUG:colcon.colcon_core.package_identification:Package 'src/pepper_autonomy' with type 'ros.ament_cmake' and name 'pepper_autonomy'
[1.465s] Level 1:colcon.colcon_core.package_identification:_identify(src/turtlebot3) by extensions ['ignore', 'ignore_ament_install']
[1.465s] Level 1:colcon.colcon_core.package_identification:_identify(src/turtlebot3) by extension 'ignore'
[1.465s] Level 1:colcon.colcon_core.package_identification:_identify(src/turtlebot3) by extension 'ignore_ament_install'
[1.465s] Level 1:colcon.colcon_core.package_identification:_identify(src/turtlebot3) by extensions ['colcon_pkg']
[1.466s] Level 1:colcon.colcon_core.package_identification:_identify(src/turtlebot3) by extension 'colcon_pkg'
[1.466s] Level 1:colcon.colcon_core.package_identification:_identify(src/turtlebot3) by extensions ['colcon_meta']
[1.466s] Level 1:colcon.colcon_core.package_identification:_identify(src/turtlebot3) by extension 'colcon_meta'
[1.466s] Level 1:colcon.colcon_core.package_identification:_identify(src/turtlebot3) by extensions ['ros']
[1.466s] Level 1:colcon.colcon_core.package_identification:_identify(src/turtlebot3) by extension 'ros'
[1.467s] Level 1:colcon.colcon_core.package_identification:_identify(src/turtlebot3) by extensions ['cmake', 'python']
[1.467s] Level 1:colcon.colcon_core.package_identification:_identify(src/turtlebot3) by extension 'cmake'
[1.467s] Level 1:colcon.colcon_core.package_identification:_identify(src/turtlebot3) by extension 'python'
[1.467s] Level 1:colcon.colcon_core.package_identification:_identify(src/turtlebot3) by extensions ['python_setup_py']
[1.467s] Level 1:colcon.colcon_core.package_identification:_identify(src/turtlebot3) by extension 'python_setup_py'
[1.468s] Level 1:colcon.colcon_core.package_identification:_identify(src/turtlebot3/turtlebot3) by extensions ['ignore', 'ignore_ament_install']
[1.468s] Level 1:colcon.colcon_core.package_identification:_identify(src/turtlebot3/turtlebot3) by extension 'ignore'
[1.468s] Level 1:colcon.colcon_core.package_identification:_identify(src/turtlebot3/turtlebot3) by extension 'ignore_ament_install'
[1.468s] Level 1:colcon.colcon_core.package_identification:_identify(src/turtlebot3/turtlebot3) by extensions ['colcon_pkg']
[1.468s] Level 1:colcon.colcon_core.package_identification:_identify(src/turtlebot3/turtlebot3) by extension 'colcon_pkg'
[1.468s] Level 1:colcon.colcon_core.package_identification:_identify(src/turtlebot3/turtlebot3) by extensions ['colcon_meta']
[1.469s] Level 1:colcon.colcon_core.package_identification:_identify(src/turtlebot3/turtlebot3) by extension 'colcon_meta'
[1.469s] Level 1:colcon.colcon_core.package_identification:_identify(src/turtlebot3/turtlebot3) by extensions ['ros']
[1.469s] Level 1:colcon.colcon_core.package_identification:_identify(src/turtlebot3/turtlebot3) by extension 'ros'
[1.469s] Level 1:colcon.colcon_core.package_identification:_identify(src/turtlebot3/turtlebot3) by extensions ['cmake', 'python']
[1.469s] Level 1:colcon.colcon_core.package_identification:_identify(src/turtlebot3/turtlebot3) by extension 'cmake'
[1.469s] Level 1:colcon.colcon_core.package_identification:_identify(src/turtlebot3/turtlebot3) by extension 'python'
[1.469s] Level 1:colcon.colcon_core.package_identification:_identify(src/turtlebot3/turtlebot3) by extensions ['python_setup_py']
[1.470s] Level 1:colcon.colcon_core.package_identification:_identify(src/turtlebot3/turtlebot3) by extension 'python_setup_py'
[1.470s] Level 1:colcon.colcon_core.package_identification:_identify(src/turtlebot3/turtlebot3_msgs) by extensions ['ignore', 'ignore_ament_install']
[1.470s] Level 1:colcon.colcon_core.package_identification:_identify(src/turtlebot3/turtlebot3_msgs) by extension 'ignore'
[1.470s] Level 1:colcon.colcon_core.package_identification:_identify(src/turtlebot3/turtlebot3_msgs) by extension 'ignore_ament_install'
[1.471s] Level 1:colcon.colcon_core.package_identification:_identify(src/turtlebot3/turtlebot3_msgs) by extensions ['colcon_pkg']
[1.471s] Level 1:colcon.colcon_core.package_identification:_identify(src/turtlebot3/turtlebot3_msgs) by extension 'colcon_pkg'
[1.471s] Level 1:colcon.colcon_core.package_identification:_identify(src/turtlebot3/turtlebot3_msgs) by extensions ['colcon_meta']
[1.471s] Level 1:colcon.colcon_core.package_identification:_identify(src/turtlebot3/turtlebot3_msgs) by extension 'colcon_meta'
[1.471s] Level 1:colcon.colcon_core.package_identification:_identify(src/turtlebot3/turtlebot3_msgs) by extensions ['ros']
[1.471s] Level 1:colcon.colcon_core.package_identification:_identify(src/turtlebot3/turtlebot3_msgs) by extension 'ros'
[1.472s] Level 1:colcon.colcon_core.package_identification:_identify(src/turtlebot3/turtlebot3_msgs) by extensions ['cmake', 'python']
[1.472s] Level 1:colcon.colcon_core.package_identification:_identify(src/turtlebot3/turtlebot3_msgs) by extension 'cmake'
[1.472s] Level 1:colcon.colcon_core.package_identification:_identify(src/turtlebot3/turtlebot3_msgs) by extension 'python'
[1.472s] Level 1:colcon.colcon_core.package_identification:_identify(src/turtlebot3/turtlebot3_msgs) by extensions ['python_setup_py']
[1.472s] Level 1:colcon.colcon_core.package_identification:_identify(src/turtlebot3/turtlebot3_msgs) by extension 'python_setup_py'
[1.473s] Level 1:colcon.colcon_core.package_identification:_identify(src/turtlebot3/turtlebot3_simulations) by extensions ['ignore', 'ignore_ament_install']
[1.473s] Level 1:colcon.colcon_core.package_identification:_identify(src/turtlebot3/turtlebot3_simulations) by extension 'ignore'
[1.473s] Level 1:colcon.colcon_core.package_identification:_identify(src/turtlebot3/turtlebot3_simulations) by extension 'ignore_ament_install'
[1.473s] Level 1:colcon.colcon_core.package_identification:_identify(src/turtlebot3/turtlebot3_simulations) by extensions ['colcon_pkg']
[1.473s] Level 1:colcon.colcon_core.package_identification:_identify(src/turtlebot3/turtlebot3_simulations) by extension 'colcon_pkg'
[1.473s] Level 1:colcon.colcon_core.package_identification:_identify(src/turtlebot3/turtlebot3_simulations) by extensions ['colcon_meta']
[1.474s] Level 1:colcon.colcon_core.package_identification:_identify(src/turtlebot3/turtlebot3_simulations) by extension 'colcon_meta'
[1.474s] Level 1:colcon.colcon_core.package_identification:_identify(src/turtlebot3/turtlebot3_simulations) by extensions ['ros']
[1.474s] Level 1:colcon.colcon_core.package_identification:_identify(src/turtlebot3/turtlebot3_simulations) by extension 'ros'
[1.474s] Level 1:colcon.colcon_core.package_identification:_identify(src/turtlebot3/turtlebot3_simulations) by extensions ['cmake', 'python']
[1.474s] Level 1:colcon.colcon_core.package_identification:_identify(src/turtlebot3/turtlebot3_simulations) by extension 'cmake'
[1.474s] Level 1:colcon.colcon_core.package_identification:_identify(src/turtlebot3/turtlebot3_simulations) by extension 'python'
[1.474s] Level 1:colcon.colcon_core.package_identification:_identify(src/turtlebot3/turtlebot3_simulations) by extensions ['python_setup_py']
[1.475s] Level 1:colcon.colcon_core.package_identification:_identify(src/turtlebot3/turtlebot3_simulations) by extension 'python_setup_py'
[1.475s] Level 1:colcon.colcon_core.package_identification:_identify(src/utils) by extensions ['ignore', 'ignore_ament_install']
[1.475s] Level 1:colcon.colcon_core.package_identification:_identify(src/utils) by extension 'ignore'
[1.475s] Level 1:colcon.colcon_core.package_identification:_identify(src/utils) by extension 'ignore_ament_install'
[1.476s] Level 1:colcon.colcon_core.package_identification:_identify(src/utils) by extensions ['colcon_pkg']
[1.476s] Level 1:colcon.colcon_core.package_identification:_identify(src/utils) by extension 'colcon_pkg'
[1.476s] Level 1:colcon.colcon_core.package_identification:_identify(src/utils) by extensions ['colcon_meta']
[1.476s] Level 1:colcon.colcon_core.package_identification:_identify(src/utils) by extension 'colcon_meta'
[1.476s] Level 1:colcon.colcon_core.package_identification:_identify(src/utils) by extensions ['ros']
[1.476s] Level 1:colcon.colcon_core.package_identification:_identify(src/utils) by extension 'ros'
[1.476s] Level 1:colcon.colcon_core.package_identification:_identify(src/utils) by extensions ['cmake', 'python']
[1.477s] Level 1:colcon.colcon_core.package_identification:_identify(src/utils) by extension 'cmake'
[1.477s] Level 1:colcon.colcon_core.package_identification:_identify(src/utils) by extension 'python'
[1.477s] Level 1:colcon.colcon_core.package_identification:_identify(src/utils) by extensions ['python_setup_py']
[1.477s] Level 1:colcon.colcon_core.package_identification:_identify(src/utils) by extension 'python_setup_py'
[1.478s] Level 1:colcon.colcon_core.package_identification:_identify(src/utils/DynamixelSDK) by extensions ['ignore', 'ignore_ament_install']
[1.478s] Level 1:colcon.colcon_core.package_identification:_identify(src/utils/DynamixelSDK) by extension 'ignore'
[1.478s] Level 1:colcon.colcon_core.package_identification:_identify(src/utils/DynamixelSDK) by extension 'ignore_ament_install'
[1.478s] Level 1:colcon.colcon_core.package_identification:_identify(src/utils/DynamixelSDK) by extensions ['colcon_pkg']
[1.478s] Level 1:colcon.colcon_core.package_identification:_identify(src/utils/DynamixelSDK) by extension 'colcon_pkg'
[1.479s] Level 1:colcon.colcon_core.package_identification:_identify(src/utils/DynamixelSDK) by extensions ['colcon_meta']
[1.479s] Level 1:colcon.colcon_core.package_identification:_identify(src/utils/DynamixelSDK) by extension 'colcon_meta'
[1.479s] Level 1:colcon.colcon_core.package_identification:_identify(src/utils/DynamixelSDK) by extensions ['ros']
[1.479s] Level 1:colcon.colcon_core.package_identification:_identify(src/utils/DynamixelSDK) by extension 'ros'
[1.479s] Level 1:colcon.colcon_core.package_identification:_identify(src/utils/DynamixelSDK) by extensions ['cmake', 'python']
[1.479s] Level 1:colcon.colcon_core.package_identification:_identify(src/utils/DynamixelSDK) by extension 'cmake'
[1.479s] Level 1:colcon.colcon_core.package_identification:_identify(src/utils/DynamixelSDK) by extension 'python'
[1.480s] Level 1:colcon.colcon_core.package_identification:_identify(src/utils/DynamixelSDK) by extensions ['python_setup_py']
[1.480s] Level 1:colcon.colcon_core.package_identification:_identify(src/utils/DynamixelSDK) by extension 'python_setup_py'
[1.480s] Level 1:colcon.colcon_core.package_identification:_identify(src/utils/hls_lfcd_lds_driver) by extensions ['ignore', 'ignore_ament_install']
[1.480s] Level 1:colcon.colcon_core.package_identification:_identify(src/utils/hls_lfcd_lds_driver) by extension 'ignore'
[1.481s] Level 1:colcon.colcon_core.package_identification:_identify(src/utils/hls_lfcd_lds_driver) by extension 'ignore_ament_install'
[1.481s] Level 1:colcon.colcon_core.package_identification:_identify(src/utils/hls_lfcd_lds_driver) by extensions ['colcon_pkg']
[1.481s] Level 1:colcon.colcon_core.package_identification:_identify(src/utils/hls_lfcd_lds_driver) by extension 'colcon_pkg'
[1.481s] Level 1:colcon.colcon_core.package_identification:_identify(src/utils/hls_lfcd_lds_driver) by extensions ['colcon_meta']
[1.481s] Level 1:colcon.colcon_core.package_identification:_identify(src/utils/hls_lfcd_lds_driver) by extension 'colcon_meta'
[1.481s] Level 1:colcon.colcon_core.package_identification:_identify(src/utils/hls_lfcd_lds_driver) by extensions ['ros']
[1.481s] Level 1:colcon.colcon_core.package_identification:_identify(src/utils/hls_lfcd_lds_driver) by extension 'ros'
[1.482s] Level 1:colcon.colcon_core.package_identification:_identify(src/utils/hls_lfcd_lds_driver) by extensions ['cmake', 'python']
[1.482s] Level 1:colcon.colcon_core.package_identification:_identify(src/utils/hls_lfcd_lds_driver) by extension 'cmake'
[1.482s] Level 1:colcon.colcon_core.package_identification:_identify(src/utils/hls_lfcd_lds_driver) by extension 'python'
[1.482s] Level 1:colcon.colcon_core.package_identification:_identify(src/utils/hls_lfcd_lds_driver) by extensions ['python_setup_py']
[1.482s] Level 1:colcon.colcon_core.package_identification:_identify(src/utils/hls_lfcd_lds_driver) by extension 'python_setup_py'
[1.482s] Level 1:colcon.colcon_core.package_discovery:discover_packages(recursive) using defaults
[1.482s] Level 1:colcon.colcon_core.package_discovery:discover_packages(ignore) discover
[1.483s] Level 1:colcon.colcon_core.package_discovery:discover_packages(ignore) using defaults
[1.483s] Level 1:colcon.colcon_core.package_discovery:discover_packages(path) discover
[1.483s] Level 1:colcon.colcon_core.package_discovery:discover_packages(path) using defaults
[1.562s] Level 1:colcon.colcon_core.package_discovery:discover_packages(prefix_path) check parameters
[1.562s] Level 1:colcon.colcon_core.package_discovery:discover_packages(prefix_path) discover
[1.571s] DEBUG:colcon.colcon_installed_package_information.package_discovery:Found 3 installed packages in /home/katie/turtlebot3_ws/install
[1.578s] DEBUG:colcon.colcon_installed_package_information.package_discovery:Found 416 installed packages in /opt/ros/humble
[1.584s] Level 1:colcon.colcon_core.package_discovery:discover_packages(prefix_path) using defaults
[1.754s] Level 5:colcon.colcon_core.verb:set package 'book_database' build argument 'cmake_args' from command line to 'None'
[1.754s] Level 5:colcon.colcon_core.verb:set package 'book_database' build argument 'cmake_target' from command line to 'None'
[1.754s] Level 5:colcon.colcon_core.verb:set package 'book_database' build argument 'cmake_target_skip_unavailable' from command line to 'False'
[1.754s] Level 5:colcon.colcon_core.verb:set package 'book_database' build argument 'cmake_clean_cache' from command line to 'False'
[1.754s] Level 5:colcon.colcon_core.verb:set package 'book_database' build argument 'cmake_clean_first' from command line to 'False'
[1.754s] Level 5:colcon.colcon_core.verb:set package 'book_database' build argument 'cmake_force_configure' from command line to 'False'
[1.754s] Level 5:colcon.colcon_core.verb:set package 'book_database' build argument 'ament_cmake_args' from command line to 'None'
[1.754s] Level 5:colcon.colcon_core.verb:set package 'book_database' build argument 'catkin_cmake_args' from command line to 'None'
[1.754s] Level 5:colcon.colcon_core.verb:set package 'book_database' build argument 'catkin_skip_building_tests' from command line to 'False'
[1.754s] DEBUG:colcon.colcon_core.verb:Building package 'book_database' with the following arguments: {'ament_cmake_args': None, 'build_base': '/home/katie/turtlebot3_ws/build/book_database', 'catkin_cmake_args': None, 'catkin_skip_building_tests': False, 'cmake_args': None, 'cmake_clean_cache': False, 'cmake_clean_first': False, 'cmake_force_configure': False, 'cmake_target': None, 'cmake_target_skip_unavailable': False, 'install_base': '/home/katie/turtlebot3_ws/install/book_database', 'merge_install': False, 'path': '/home/katie/turtlebot3_ws/book_database', 'symlink_install': False, 'test_result_base': None}
[1.755s] Level 5:colcon.colcon_core.verb:set package 'gallery_database' build argument 'cmake_args' from command line to 'None'
[1.755s] Level 5:colcon.colcon_core.verb:set package 'gallery_database' build argument 'cmake_target' from command line to 'None'
[1.756s] Level 5:colcon.colcon_core.verb:set package 'gallery_database' build argument 'cmake_target_skip_unavailable' from command line to 'False'
[1.756s] Level 5:colcon.colcon_core.verb:set package 'gallery_database' build argument 'cmake_clean_cache' from command line to 'False'
[1.756s] Level 5:colcon.colcon_core.verb:set package 'gallery_database' build argument 'cmake_clean_first' from command line to 'False'
[1.756s] Level 5:colcon.colcon_core.verb:set package 'gallery_database' build argument 'cmake_force_configure' from command line to 'False'
[1.756s] Level 5:colcon.colcon_core.verb:set package 'gallery_database' build argument 'ament_cmake_args' from command line to 'None'
[1.756s] Level 5:colcon.colcon_core.verb:set package 'gallery_database' build argument 'catkin_cmake_args' from command line to 'None'
[1.756s] Level 5:colcon.colcon_core.verb:set package 'gallery_database' build argument 'catkin_skip_building_tests' from command line to 'False'
[1.756s] DEBUG:colcon.colcon_core.verb:Building package 'gallery_database' with the following arguments: {'ament_cmake_args': None, 'build_base': '/home/katie/turtlebot3_ws/build/gallery_database', 'catkin_cmake_args': None, 'catkin_skip_building_tests': False, 'cmake_args': None, 'cmake_clean_cache': False, 'cmake_clean_first': False, 'cmake_force_configure': False, 'cmake_target': None, 'cmake_target_skip_unavailable': False, 'install_base': '/home/katie/turtlebot3_ws/install/gallery_database', 'merge_install': False, 'path': '/home/katie/turtlebot3_ws/kane_gui', 'symlink_install': False, 'test_result_base': None}
[1.757s] Level 5:colcon.colcon_core.verb:set package 'move_pepper' build argument 'cmake_args' from command line to 'None'
[1.758s] Level 5:colcon.colcon_core.verb:set package 'move_pepper' build argument 'cmake_target' from command line to 'None'
[1.758s] Level 5:colcon.colcon_core.verb:set package 'move_pepper' build argument 'cmake_target_skip_unavailable' from command line to 'False'
[1.758s] Level 5:colcon.colcon_core.verb:set package 'move_pepper' build argument 'cmake_clean_cache' from command line to 'False'
[1.758s] Level 5:colcon.colcon_core.verb:set package 'move_pepper' build argument 'cmake_clean_first' from command line to 'False'
[1.758s] Level 5:colcon.colcon_core.verb:set package 'move_pepper' build argument 'cmake_force_configure' from command line to 'False'
[1.758s] Level 5:colcon.colcon_core.verb:set package 'move_pepper' build argument 'ament_cmake_args' from command line to 'None'
[1.758s] Level 5:colcon.colcon_core.verb:set package 'move_pepper' build argument 'catkin_cmake_args' from command line to 'None'
[1.758s] Level 5:colcon.colcon_core.verb:set package 'move_pepper' build argument 'catkin_skip_building_tests' from command line to 'False'
[1.758s] DEBUG:colcon.colcon_core.verb:Building package 'move_pepper' with the following arguments: {'ament_cmake_args': None, 'build_base': '/home/katie/turtlebot3_ws/build/move_pepper', 'catkin_cmake_args': None, 'catkin_skip_building_tests': False, 'cmake_args': None, 'cmake_clean_cache': False, 'cmake_clean_first': False, 'cmake_force_configure': False, 'cmake_target': None, 'cmake_target_skip_unavailable': False, 'install_base': '/home/katie/turtlebot3_ws/install/move_pepper', 'merge_install': False, 'path': '/home/katie/turtlebot3_ws/src/move_pepper', 'symlink_install': False, 'test_result_base': None}
[1.759s] Level 5:colcon.colcon_core.verb:set package 'pepper_autonomy' build argument 'cmake_args' from command line to 'None'
[1.760s] Level 5:colcon.colcon_core.verb:set package 'pepper_autonomy' build argument 'cmake_target' from command line to 'None'
[1.760s] Level 5:colcon.colcon_core.verb:set package 'pepper_autonomy' build argument 'cmake_target_skip_unavailable' from command line to 'False'
[1.760s] Level 5:colcon.colcon_core.verb:set package 'pepper_autonomy' build argument 'cmake_clean_cache' from command line to 'False'
[1.760s] Level 5:colcon.colcon_core.verb:set package 'pepper_autonomy' build argument 'cmake_clean_first' from command line to 'False'
[1.760s] Level 5:colcon.colcon_core.verb:set package 'pepper_autonomy' build argument 'cmake_force_configure' from command line to 'False'
[1.760s] Level 5:colcon.colcon_core.verb:set package 'pepper_autonomy' build argument 'ament_cmake_args' from command line to 'None'
[1.760s] Level 5:colcon.colcon_core.verb:set package 'pepper_autonomy' build argument 'catkin_cmake_args' from command line to 'None'
[1.760s] Level 5:colcon.colcon_core.verb:set package 'pepper_autonomy' build argument 'catkin_skip_building_tests' from command line to 'False'
[1.760s] DEBUG:colcon.colcon_core.verb:Building package 'pepper_autonomy' with the following arguments: {'ament_cmake_args': None, 'build_base': '/home/katie/turtlebot3_ws/build/pepper_autonomy', 'catkin_cmake_args': None, 'catkin_skip_building_tests': False, 'cmake_args': None, 'cmake_clean_cache': False, 'cmake_clean_first': False, 'cmake_force_configure': False, 'cmake_target': None, 'cmake_target_skip_unavailable': False, 'install_base': '/home/katie/turtlebot3_ws/install/pepper_autonomy', 'merge_install': False, 'path': '/home/katie/turtlebot3_ws/src/pepper_autonomy', 'symlink_install': False, 'test_result_base': None}
[1.761s] INFO:colcon.colcon_core.executor:Executing jobs using 'parallel' executor
[1.764s] DEBUG:colcon.colcon_parallel_executor.executor.parallel:run_until_complete
[1.764s] INFO:colcon.colcon_ros.task.ament_cmake.build:Building ROS package in '/home/katie/turtlebot3_ws/book_database' with build type 'ament_cmake'
[1.765s] INFO:colcon.colcon_cmake.task.cmake.build:Building CMake package in '/home/katie/turtlebot3_ws/book_database'
[1.774s] INFO:colcon.colcon_core.plugin_system:Skipping extension 'colcon_core.shell.bat': Not used on non-Windows systems
[1.775s] INFO:colcon.colcon_core.shell:Skip shell extension 'powershell' for command environment: Not usable outside of PowerShell
[1.775s] DEBUG:colcon.colcon_core.shell:Skip shell extension 'dsv' for command environment
[1.787s] INFO:colcon.colcon_ros.task.ament_cmake.build:Building ROS package in '/home/katie/turtlebot3_ws/kane_gui' with build type 'ament_cmake'
[1.787s] INFO:colcon.colcon_cmake.task.cmake.build:Building CMake package in '/home/katie/turtlebot3_ws/kane_gui'
[1.788s] INFO:colcon.colcon_core.shell:Skip shell extension 'powershell' for command environment: Not usable outside of PowerShell
[1.788s] DEBUG:colcon.colcon_core.shell:Skip shell extension 'dsv' for command environment
[1.801s] INFO:colcon.colcon_ros.task.ament_python.build:Building ROS package in '/home/katie/turtlebot3_ws/src/move_pepper' with build type 'ament_python'
[1.801s] Level 1:colcon.colcon_core.shell:create_environment_hook('move_pepper', 'ament_prefix_path')
[1.802s] INFO:colcon.colcon_core.shell:Creating environment hook '/home/katie/turtlebot3_ws/install/move_pepper/share/move_pepper/hook/ament_prefix_path.ps1'
[1.803s] INFO:colcon.colcon_core.shell:Creating environment descriptor '/home/katie/turtlebot3_ws/install/move_pepper/share/move_pepper/hook/ament_prefix_path.dsv'
[1.805s] INFO:colcon.colcon_core.shell:Creating environment hook '/home/katie/turtlebot3_ws/install/move_pepper/share/move_pepper/hook/ament_prefix_path.sh'
[1.810s] INFO:colcon.colcon_core.shell:Skip shell extension 'powershell' for command environment: Not usable outside of PowerShell
[1.810s] DEBUG:colcon.colcon_core.shell:Skip shell extension 'dsv' for command environment
[1.822s] INFO:colcon.colcon_ros.task.ament_cmake.build:Building ROS package in '/home/katie/turtlebot3_ws/src/pepper_autonomy' with build type 'ament_cmake'
[1.826s] INFO:colcon.colcon_cmake.task.cmake.build:Building CMake package in '/home/katie/turtlebot3_ws/src/pepper_autonomy'
[1.827s] INFO:colcon.colcon_core.shell:Skip shell extension 'powershell' for command environment: Not usable outside of PowerShell
[1.828s] DEBUG:colcon.colcon_core.shell:Skip shell extension 'dsv' for command environment
[1.853s] DEBUG:colcon.colcon_core.event_handler.log_command:Invoking command in '/home/katie/turtlebot3_ws/build/book_database': CMAKE_PREFIX_PATH=${CMAKE_PREFIX_PATH}:/home/katie/turtlebot3_ws/install/move_pepper:/opt/ros/humble /usr/bin/cmake --build /home/katie/turtlebot3_ws/build/book_database -- -j8 -l8
[1.862s] DEBUG:colcon.colcon_core.event_handler.log_command:Invoking command in '/home/katie/turtlebot3_ws/build/gallery_database': CMAKE_PREFIX_PATH=${CMAKE_PREFIX_PATH}:/home/katie/turtlebot3_ws/install/move_pepper:/opt/ros/humble /usr/bin/cmake /home/katie/turtlebot3_ws/kane_gui -DCMAKE_INSTALL_PREFIX=/home/katie/turtlebot3_ws/install/gallery_database
[2.875s] INFO:colcon.colcon_core.task.python.build:Building Python package in '/home/katie/turtlebot3_ws/src/move_pepper'
[2.876s] INFO:colcon.colcon_core.shell:Skip shell extension 'powershell' for command environment: Not usable outside of PowerShell
[2.876s] DEBUG:colcon.colcon_core.shell:Skip shell extension 'dsv' for command environment
[2.924s] DEBUG:colcon.colcon_core.event_handler.log_command:Invoking command in '/home/katie/turtlebot3_ws/build/pepper_autonomy': CMAKE_PREFIX_PATH=${CMAKE_PREFIX_PATH}:/home/katie/turtlebot3_ws/install/move_pepper:/opt/ros/humble /usr/bin/cmake --build /home/katie/turtlebot3_ws/build/pepper_autonomy -- -j8 -l8
[2.924s] DEBUG:colcon.colcon_core.event_handler.log_command:Invoked command in '/home/katie/turtlebot3_ws/build/book_database' returned '0': CMAKE_PREFIX_PATH=${CMAKE_PREFIX_PATH}:/home/katie/turtlebot3_ws/install/move_pepper:/opt/ros/humble /usr/bin/cmake --build /home/katie/turtlebot3_ws/build/book_database -- -j8 -l8
[2.959s] DEBUG:colcon.colcon_core.event_handler.log_command:Invoking command in '/home/katie/turtlebot3_ws/build/book_database': CMAKE_PREFIX_PATH=${CMAKE_PREFIX_PATH}:/home/katie/turtlebot3_ws/install/move_pepper:/opt/ros/humble /usr/bin/cmake --install /home/katie/turtlebot3_ws/build/book_database
[3.007s] Level 1:colcon.colcon_core.environment:create_environment_scripts_only(book_database)
[3.009s] DEBUG:colcon.colcon_core.event_handler.log_command:Invoked command in '/home/katie/turtlebot3_ws/build/book_database' returned '0': CMAKE_PREFIX_PATH=${CMAKE_PREFIX_PATH}:/home/katie/turtlebot3_ws/install/move_pepper:/opt/ros/humble /usr/bin/cmake --install /home/katie/turtlebot3_ws/build/book_database
[3.028s] Level 1:colcon.colcon_core.environment:checking '/home/katie/turtlebot3_ws/install/book_database' for CMake module files
[3.030s] Level 1:colcon.colcon_core.environment:checking '/home/katie/turtlebot3_ws/install/book_database' for CMake config files
[3.030s] Level 1:colcon.colcon_core.shell:create_environment_hook('book_database', 'cmake_prefix_path')
[3.031s] INFO:colcon.colcon_core.shell:Creating environment hook '/home/katie/turtlebot3_ws/install/book_database/share/book_database/hook/cmake_prefix_path.ps1'
[3.032s] INFO:colcon.colcon_core.shell:Creating environment descriptor '/home/katie/turtlebot3_ws/install/book_database/share/book_database/hook/cmake_prefix_path.dsv'
[3.033s] INFO:colcon.colcon_core.shell:Creating environment hook '/home/katie/turtlebot3_ws/install/book_database/share/book_database/hook/cmake_prefix_path.sh'
[3.036s] Level 1:colcon.colcon_core.environment:checking '/home/katie/turtlebot3_ws/install/book_database/lib'
[3.037s] Level 1:colcon.colcon_core.environment:checking '/home/katie/turtlebot3_ws/install/book_database/bin'
[3.038s] Level 1:colcon.colcon_core.environment:checking '/home/katie/turtlebot3_ws/install/book_database/lib/pkgconfig/book_database.pc'
[3.038s] Level 1:colcon.colcon_core.environment:checking '/home/katie/turtlebot3_ws/install/book_database/lib/python3.10/site-packages'
[3.038s] Level 1:colcon.colcon_core.environment:checking '/home/katie/turtlebot3_ws/install/book_database/bin'
[3.039s] INFO:colcon.colcon_core.shell:Creating package script '/home/katie/turtlebot3_ws/install/book_database/share/book_database/package.ps1'
[3.042s] INFO:colcon.colcon_core.shell:Creating package descriptor '/home/katie/turtlebot3_ws/install/book_database/share/book_database/package.dsv'
[3.045s] INFO:colcon.colcon_core.shell:Creating package script '/home/katie/turtlebot3_ws/install/book_database/share/book_database/package.sh'
[3.047s] INFO:colcon.colcon_core.shell:Creating package script '/home/katie/turtlebot3_ws/install/book_database/share/book_database/package.bash'
[3.050s] INFO:colcon.colcon_core.shell:Creating package script '/home/katie/turtlebot3_ws/install/book_database/share/book_database/package.zsh'
[3.052s] Level 1:colcon.colcon_core.environment:create_file_with_runtime_dependencies(/home/katie/turtlebot3_ws/install/book_database/share/colcon-core/packages/book_database)
[3.054s] Level 1:colcon.colcon_core.environment:create_environment_scripts_only(book_database)
[3.055s] Level 1:colcon.colcon_core.environment:checking '/home/katie/turtlebot3_ws/install/book_database' for CMake module files
[3.056s] Level 1:colcon.colcon_core.environment:checking '/home/katie/turtlebot3_ws/install/book_database' for CMake config files
[3.057s] Level 1:colcon.colcon_core.shell:create_environment_hook('book_database', 'cmake_prefix_path')
[3.057s] INFO:colcon.colcon_core.shell:Creating environment hook '/home/katie/turtlebot3_ws/install/book_database/share/book_database/hook/cmake_prefix_path.ps1'
[3.059s] INFO:colcon.colcon_core.shell:Creating environment descriptor '/home/katie/turtlebot3_ws/install/book_database/share/book_database/hook/cmake_prefix_path.dsv'
[3.060s] INFO:colcon.colcon_core.shell:Creating environment hook '/home/katie/turtlebot3_ws/install/book_database/share/book_database/hook/cmake_prefix_path.sh'
[3.062s] Level 1:colcon.colcon_core.environment:checking '/home/katie/turtlebot3_ws/install/book_database/lib'
[3.063s] Level 1:colcon.colcon_core.environment:checking '/home/katie/turtlebot3_ws/install/book_database/bin'
[3.063s] Level 1:colcon.colcon_core.environment:checking '/home/katie/turtlebot3_ws/install/book_database/lib/pkgconfig/book_database.pc'
[3.064s] Level 1:colcon.colcon_core.environment:checking '/home/katie/turtlebot3_ws/install/book_database/lib/python3.10/site-packages'
[3.064s] Level 1:colcon.colcon_core.environment:checking '/home/katie/turtlebot3_ws/install/book_database/bin'
[3.066s] INFO:colcon.colcon_core.shell:Creating package script '/home/katie/turtlebot3_ws/install/book_database/share/book_database/package.ps1'
[3.067s] INFO:colcon.colcon_core.shell:Creating package descriptor '/home/katie/turtlebot3_ws/install/book_database/share/book_database/package.dsv'
[3.070s] INFO:colcon.colcon_core.shell:Creating package script '/home/katie/turtlebot3_ws/install/book_database/share/book_database/package.sh'
[3.073s] INFO:colcon.colcon_core.shell:Creating package script '/home/katie/turtlebot3_ws/install/book_database/share/book_database/package.bash'
[3.076s] INFO:colcon.colcon_core.shell:Creating package script '/home/katie/turtlebot3_ws/install/book_database/share/book_database/package.zsh'
[3.078s] Level 1:colcon.colcon_core.environment:create_file_with_runtime_dependencies(/home/katie/turtlebot3_ws/install/book_database/share/colcon-core/packages/book_database)
[3.220s] DEBUG:colcon.colcon_core.event_handler.log_command:Invoked command in '/home/katie/turtlebot3_ws/build/pepper_autonomy' returned '0': CMAKE_PREFIX_PATH=${CMAKE_PREFIX_PATH}:/home/katie/turtlebot3_ws/install/move_pepper:/opt/ros/humble /usr/bin/cmake --build /home/katie/turtlebot3_ws/build/pepper_autonomy -- -j8 -l8
[3.227s] DEBUG:colcon.colcon_core.event_handler.log_command:Invoking command in '/home/katie/turtlebot3_ws/build/pepper_autonomy': CMAKE_PREFIX_PATH=${CMAKE_PREFIX_PATH}:/home/katie/turtlebot3_ws/install/move_pepper:/opt/ros/humble /usr/bin/cmake --install /home/katie/turtlebot3_ws/build/pepper_autonomy
[3.269s] Level 1:colcon.colcon_core.environment:create_environment_scripts_only(pepper_autonomy)
[3.270s] Level 1:colcon.colcon_core.environment:checking '/home/katie/turtlebot3_ws/install/pepper_autonomy' for CMake module files
[3.273s] DEBUG:colcon.colcon_core.event_handler.log_command:Invoked command in '/home/katie/turtlebot3_ws/build/pepper_autonomy' returned '0': CMAKE_PREFIX_PATH=${CMAKE_PREFIX_PATH}:/home/katie/turtlebot3_ws/install/move_pepper:/opt/ros/humble /usr/bin/cmake --install /home/katie/turtlebot3_ws/build/pepper_autonomy
[3.274s] Level 1:colcon.colcon_core.environment:checking '/home/katie/turtlebot3_ws/install/pepper_autonomy' for CMake config files
[3.279s] Level 1:colcon.colcon_core.shell:create_environment_hook('pepper_autonomy', 'cmake_prefix_path')
[3.280s] INFO:colcon.colcon_core.shell:Creating environment hook '/home/katie/turtlebot3_ws/install/pepper_autonomy/share/pepper_autonomy/hook/cmake_prefix_path.ps1'
[3.283s] INFO:colcon.colcon_core.shell:Creating environment descriptor '/home/katie/turtlebot3_ws/install/pepper_autonomy/share/pepper_autonomy/hook/cmake_prefix_path.dsv'
[3.285s] INFO:colcon.colcon_core.shell:Creating environment hook '/home/katie/turtlebot3_ws/install/pepper_autonomy/share/pepper_autonomy/hook/cmake_prefix_path.sh'
[3.286s] Level 1:colcon.colcon_core.environment:checking '/home/katie/turtlebot3_ws/install/pepper_autonomy/lib'
[3.286s] Level 1:colcon.colcon_core.environment:checking '/home/katie/turtlebot3_ws/install/pepper_autonomy/bin'
[3.287s] Level 1:colcon.colcon_core.environment:checking '/home/katie/turtlebot3_ws/install/pepper_autonomy/lib/pkgconfig/pepper_autonomy.pc'
[3.287s] Level 1:colcon.colcon_core.environment:checking '/home/katie/turtlebot3_ws/install/pepper_autonomy/lib/python3.10/site-packages'
[3.288s] Level 1:colcon.colcon_core.environment:checking '/home/katie/turtlebot3_ws/install/pepper_autonomy/bin'
[3.289s] INFO:colcon.colcon_core.shell:Creating package script '/home/katie/turtlebot3_ws/install/pepper_autonomy/share/pepper_autonomy/package.ps1'
[3.290s] INFO:colcon.colcon_core.shell:Creating package descriptor '/home/katie/turtlebot3_ws/install/pepper_autonomy/share/pepper_autonomy/package.dsv'
[3.292s] INFO:colcon.colcon_core.shell:Creating package script '/home/katie/turtlebot3_ws/install/pepper_autonomy/share/pepper_autonomy/package.sh'
[3.294s] INFO:colcon.colcon_core.shell:Creating package script '/home/katie/turtlebot3_ws/install/pepper_autonomy/share/pepper_autonomy/package.bash'
[3.298s] INFO:colcon.colcon_core.shell:Creating package script '/home/katie/turtlebot3_ws/install/pepper_autonomy/share/pepper_autonomy/package.zsh'
[3.299s] Level 1:colcon.colcon_core.environment:create_file_with_runtime_dependencies(/home/katie/turtlebot3_ws/install/pepper_autonomy/share/colcon-core/packages/pepper_autonomy)
[3.302s] Level 1:colcon.colcon_core.environment:create_environment_scripts_only(pepper_autonomy)
[3.304s] Level 1:colcon.colcon_core.environment:checking '/home/katie/turtlebot3_ws/install/pepper_autonomy' for CMake module files
[3.314s] Level 1:colcon.colcon_core.environment:checking '/home/katie/turtlebot3_ws/install/pepper_autonomy' for CMake config files
[3.315s] Level 1:colcon.colcon_core.shell:create_environment_hook('pepper_autonomy', 'cmake_prefix_path')
[3.317s] INFO:colcon.colcon_core.shell:Creating environment hook '/home/katie/turtlebot3_ws/install/pepper_autonomy/share/pepper_autonomy/hook/cmake_prefix_path.ps1'
[3.320s] INFO:colcon.colcon_core.shell:Creating environment descriptor '/home/katie/turtlebot3_ws/install/pepper_autonomy/share/pepper_autonomy/hook/cmake_prefix_path.dsv'
[3.324s] INFO:colcon.colcon_core.shell:Creating environment hook '/home/katie/turtlebot3_ws/install/pepper_autonomy/share/pepper_autonomy/hook/cmake_prefix_path.sh'
[3.328s] Level 1:colcon.colcon_core.environment:checking '/home/katie/turtlebot3_ws/install/pepper_autonomy/lib'
[3.330s] Level 1:colcon.colcon_core.environment:checking '/home/katie/turtlebot3_ws/install/pepper_autonomy/bin'
[3.330s] Level 1:colcon.colcon_core.environment:checking '/home/katie/turtlebot3_ws/install/pepper_autonomy/lib/pkgconfig/pepper_autonomy.pc'
[3.332s] Level 1:colcon.colcon_core.environment:checking '/home/katie/turtlebot3_ws/install/pepper_autonomy/lib/python3.10/site-packages'
[3.333s] Level 1:colcon.colcon_core.environment:checking '/home/katie/turtlebot3_ws/install/pepper_autonomy/bin'
[3.334s] INFO:colcon.colcon_core.shell:Creating package script '/home/katie/turtlebot3_ws/install/pepper_autonomy/share/pepper_autonomy/package.ps1'
[3.338s] INFO:colcon.colcon_core.shell:Creating package descriptor '/home/katie/turtlebot3_ws/install/pepper_autonomy/share/pepper_autonomy/package.dsv'
[3.340s] INFO:colcon.colcon_core.shell:Creating package script '/home/katie/turtlebot3_ws/install/pepper_autonomy/share/pepper_autonomy/package.sh'
[3.341s] INFO:colcon.colcon_core.shell:Creating package script '/home/katie/turtlebot3_ws/install/pepper_autonomy/share/pepper_autonomy/package.bash'
[3.343s] INFO:colcon.colcon_core.shell:Creating package script '/home/katie/turtlebot3_ws/install/pepper_autonomy/share/pepper_autonomy/package.zsh'
[3.344s] Level 1:colcon.colcon_core.environment:create_file_with_runtime_dependencies(/home/katie/turtlebot3_ws/install/pepper_autonomy/share/colcon-core/packages/pepper_autonomy)
[4.378s] DEBUG:colcon.colcon_core.event_handler.log_command:Invoking command in '/home/katie/turtlebot3_ws/src/move_pepper': PYTHONPATH=/home/katie/turtlebot3_ws/build/move_pepper/prefix_override:/usr/lib/python3/dist-packages/colcon_core/task/python/colcon_distutils_commands:/home/katie/turtlebot3_ws/install/move_pepper/lib/python3.10/site-packages:${PYTHONPATH} /usr/bin/python3 -W ignore:setup.py install is deprecated -W ignore:easy_install command is deprecated setup.py egg_info --egg-base ../../build/move_pepper build --build-base /home/katie/turtlebot3_ws/build/move_pepper/build install --record /home/katie/turtlebot3_ws/build/move_pepper/install.log --single-version-externally-managed install_data
[5.394s] Level 1:colcon.colcon_core.environment:checking '/home/katie/turtlebot3_ws/install/move_pepper' for CMake module files
[5.395s] DEBUG:colcon.colcon_core.event_handler.log_command:Invoked command in '/home/katie/turtlebot3_ws/src/move_pepper' returned '0': PYTHONPATH=/home/katie/turtlebot3_ws/build/move_pepper/prefix_override:/usr/lib/python3/dist-packages/colcon_core/task/python/colcon_distutils_commands:/home/katie/turtlebot3_ws/install/move_pepper/lib/python3.10/site-packages:${PYTHONPATH} /usr/bin/python3 -W ignore:setup.py install is deprecated -W ignore:easy_install command is deprecated setup.py egg_info --egg-base ../../build/move_pepper build --build-base /home/katie/turtlebot3_ws/build/move_pepper/build install --record /home/katie/turtlebot3_ws/build/move_pepper/install.log --single-version-externally-managed install_data
[5.396s] Level 1:colcon.colcon_core.environment:checking '/home/katie/turtlebot3_ws/install/move_pepper' for CMake config files
[5.399s] Level 1:colcon.colcon_core.environment:checking '/home/katie/turtlebot3_ws/install/move_pepper/lib'
[5.399s] Level 1:colcon.colcon_core.environment:checking '/home/katie/turtlebot3_ws/install/move_pepper/bin'
[5.399s] Level 1:colcon.colcon_core.environment:checking '/home/katie/turtlebot3_ws/install/move_pepper/lib/pkgconfig/move_pepper.pc'
[5.400s] Level 1:colcon.colcon_core.environment:checking '/home/katie/turtlebot3_ws/install/move_pepper/lib/python3.10/site-packages'
[5.400s] Level 1:colcon.colcon_core.shell:create_environment_hook('move_pepper', 'pythonpath')
[5.401s] INFO:colcon.colcon_core.shell:Creating environment hook '/home/katie/turtlebot3_ws/install/move_pepper/share/move_pepper/hook/pythonpath.ps1'
[5.402s] INFO:colcon.colcon_core.shell:Creating environment descriptor '/home/katie/turtlebot3_ws/install/move_pepper/share/move_pepper/hook/pythonpath.dsv'
[5.404s] INFO:colcon.colcon_core.shell:Creating environment hook '/home/katie/turtlebot3_ws/install/move_pepper/share/move_pepper/hook/pythonpath.sh'
[5.406s] Level 1:colcon.colcon_core.environment:checking '/home/katie/turtlebot3_ws/install/move_pepper/bin'
[5.406s] Level 1:colcon.colcon_core.environment:create_environment_scripts_only(move_pepper)
[5.407s] INFO:colcon.colcon_core.shell:Creating package script '/home/katie/turtlebot3_ws/install/move_pepper/share/move_pepper/package.ps1'
[5.409s] INFO:colcon.colcon_core.shell:Creating package descriptor '/home/katie/turtlebot3_ws/install/move_pepper/share/move_pepper/package.dsv'
[5.410s] INFO:colcon.colcon_core.shell:Creating package script '/home/katie/turtlebot3_ws/install/move_pepper/share/move_pepper/package.sh'
[5.411s] INFO:colcon.colcon_core.shell:Creating package script '/home/katie/turtlebot3_ws/install/move_pepper/share/move_pepper/package.bash'
[5.412s] INFO:colcon.colcon_core.shell:Creating package script '/home/katie/turtlebot3_ws/install/move_pepper/share/move_pepper/package.zsh'
[5.413s] Level 1:colcon.colcon_core.environment:create_file_with_runtime_dependencies(/home/katie/turtlebot3_ws/install/move_pepper/share/colcon-core/packages/move_pepper)
[5.993s] DEBUG:colcon.colcon_core.event_handler.log_command:Invoked command in '/home/katie/turtlebot3_ws/build/gallery_database' returned '0': CMAKE_PREFIX_PATH=${CMAKE_PREFIX_PATH}:/home/katie/turtlebot3_ws/install/move_pepper:/opt/ros/humble /usr/bin/cmake /home/katie/turtlebot3_ws/kane_gui -DCMAKE_INSTALL_PREFIX=/home/katie/turtlebot3_ws/install/gallery_database
[5.998s] DEBUG:colcon.colcon_core.event_handler.log_command:Invoking command in '/home/katie/turtlebot3_ws/build/gallery_database': CMAKE_PREFIX_PATH=${CMAKE_PREFIX_PATH}:/home/katie/turtlebot3_ws/install/move_pepper:/opt/ros/humble /usr/bin/cmake --build /home/katie/turtlebot3_ws/build/gallery_database -- -j8 -l8
[20.466s] DEBUG:colcon.colcon_core.event_handler.log_command:Invoked command in '/home/katie/turtlebot3_ws/build/gallery_database' returned '0': CMAKE_PREFIX_PATH=${CMAKE_PREFIX_PATH}:/home/katie/turtlebot3_ws/install/move_pepper:/opt/ros/humble /usr/bin/cmake --build /home/katie/turtlebot3_ws/build/gallery_database -- -j8 -l8
[20.468s] DEBUG:colcon.colcon_core.event_handler.log_command:Invoking command in '/home/katie/turtlebot3_ws/build/gallery_database': CMAKE_PREFIX_PATH=${CMAKE_PREFIX_PATH}:/home/katie/turtlebot3_ws/install/move_pepper:/opt/ros/humble /usr/bin/cmake --install /home/katie/turtlebot3_ws/build/gallery_database
[20.504s] Level 1:colcon.colcon_core.environment:create_environment_scripts_only(gallery_database)
[20.505s] Level 1:colcon.colcon_core.environment:checking '/home/katie/turtlebot3_ws/install/gallery_database' for CMake module files
[20.506s] DEBUG:colcon.colcon_core.event_handler.log_command:Invoked command in '/home/katie/turtlebot3_ws/build/gallery_database' returned '0': CMAKE_PREFIX_PATH=${CMAKE_PREFIX_PATH}:/home/katie/turtlebot3_ws/install/move_pepper:/opt/ros/humble /usr/bin/cmake --install /home/katie/turtlebot3_ws/build/gallery_database
[20.507s] Level 1:colcon.colcon_core.environment:checking '/home/katie/turtlebot3_ws/install/gallery_database' for CMake config files
[20.508s] Level 1:colcon.colcon_core.shell:create_environment_hook('gallery_database', 'cmake_prefix_path')
[20.508s] INFO:colcon.colcon_core.shell:Creating environment hook '/home/katie/turtlebot3_ws/install/gallery_database/share/gallery_database/hook/cmake_prefix_path.ps1'
[20.510s] INFO:colcon.colcon_core.shell:Creating environment descriptor '/home/katie/turtlebot3_ws/install/gallery_database/share/gallery_database/hook/cmake_prefix_path.dsv'
[20.512s] INFO:colcon.colcon_core.shell:Creating environment hook '/home/katie/turtlebot3_ws/install/gallery_database/share/gallery_database/hook/cmake_prefix_path.sh'
[20.513s] Level 1:colcon.colcon_core.environment:checking '/home/katie/turtlebot3_ws/install/gallery_database/lib'
[20.514s] Level 1:colcon.colcon_core.environment:checking '/home/katie/turtlebot3_ws/install/gallery_database/bin'
[20.514s] Level 1:colcon.colcon_core.environment:checking '/home/katie/turtlebot3_ws/install/gallery_database/lib/pkgconfig/gallery_database.pc'
[20.515s] Level 1:colcon.colcon_core.environment:checking '/home/katie/turtlebot3_ws/install/gallery_database/lib/python3.10/site-packages'
[20.515s] Level 1:colcon.colcon_core.environment:checking '/home/katie/turtlebot3_ws/install/gallery_database/bin'
[20.516s] INFO:colcon.colcon_core.shell:Creating package script '/home/katie/turtlebot3_ws/install/gallery_database/share/gallery_database/package.ps1'
[20.517s] INFO:colcon.colcon_core.shell:Creating package descriptor '/home/katie/turtlebot3_ws/install/gallery_database/share/gallery_database/package.dsv'
[20.519s] INFO:colcon.colcon_core.shell:Creating package script '/home/katie/turtlebot3_ws/install/gallery_database/share/gallery_database/package.sh'
[20.520s] INFO:colcon.colcon_core.shell:Creating package script '/home/katie/turtlebot3_ws/install/gallery_database/share/gallery_database/package.bash'
[20.521s] INFO:colcon.colcon_core.shell:Creating package script '/home/katie/turtlebot3_ws/install/gallery_database/share/gallery_database/package.zsh'
[20.522s] Level 1:colcon.colcon_core.environment:create_file_with_runtime_dependencies(/home/katie/turtlebot3_ws/install/gallery_database/share/colcon-core/packages/gallery_database)
[20.524s] Level 1:colcon.colcon_core.environment:create_environment_scripts_only(gallery_database)
[20.525s] Level 1:colcon.colcon_core.environment:checking '/home/katie/turtlebot3_ws/install/gallery_database' for CMake module files
[20.526s] Level 1:colcon.colcon_core.environment:checking '/home/katie/turtlebot3_ws/install/gallery_database' for CMake config files
[20.527s] Level 1:colcon.colcon_core.shell:create_environment_hook('gallery_database', 'cmake_prefix_path')
[20.528s] INFO:colcon.colcon_core.shell:Creating environment hook '/home/katie/turtlebot3_ws/install/gallery_database/share/gallery_database/hook/cmake_prefix_path.ps1'
[20.529s] INFO:colcon.colcon_core.shell:Creating environment descriptor '/home/katie/turtlebot3_ws/install/gallery_database/share/gallery_database/hook/cmake_prefix_path.dsv'
[20.530s] INFO:colcon.colcon_core.shell:Creating environment hook '/home/katie/turtlebot3_ws/install/gallery_database/share/gallery_database/hook/cmake_prefix_path.sh'
[20.532s] Level 1:colcon.colcon_core.environment:checking '/home/katie/turtlebot3_ws/install/gallery_database/lib'
[20.532s] Level 1:colcon.colcon_core.environment:checking '/home/katie/turtlebot3_ws/install/gallery_database/bin'
[20.532s] Level 1:colcon.colcon_core.environment:checking '/home/katie/turtlebot3_ws/install/gallery_database/lib/pkgconfig/gallery_database.pc'
[20.533s] Level 1:colcon.colcon_core.environment:checking '/home/katie/turtlebot3_ws/install/gallery_database/lib/python3.10/site-packages'
[20.533s] Level 1:colcon.colcon_core.environment:checking '/home/katie/turtlebot3_ws/install/gallery_database/bin'
[20.535s] INFO:colcon.colcon_core.shell:Creating package script '/home/katie/turtlebot3_ws/install/gallery_database/share/gallery_database/package.ps1'
[20.536s] INFO:colcon.colcon_core.shell:Creating package descriptor '/home/katie/turtlebot3_ws/install/gallery_database/share/gallery_database/package.dsv'
[20.537s] INFO:colcon.colcon_core.shell:Creating package script '/home/katie/turtlebot3_ws/install/gallery_database/share/gallery_database/package.sh'
[20.540s] INFO:colcon.colcon_core.shell:Creating package script '/home/katie/turtlebot3_ws/install/gallery_database/share/gallery_database/package.bash'
[20.541s] INFO:colcon.colcon_core.shell:Creating package script '/home/katie/turtlebot3_ws/install/gallery_database/share/gallery_database/package.zsh'
[20.543s] Level 1:colcon.colcon_core.environment:create_file_with_runtime_dependencies(/home/katie/turtlebot3_ws/install/gallery_database/share/colcon-core/packages/gallery_database)
[20.545s] DEBUG:colcon.colcon_parallel_executor.executor.parallel:closing loop
[20.546s] DEBUG:colcon.colcon_parallel_executor.executor.parallel:loop closed
[20.546s] DEBUG:colcon.colcon_parallel_executor.executor.parallel:run_until_complete finished with '0'
[20.546s] DEBUG:colcon.colcon_core.event_reactor:joining thread
[20.560s] INFO:colcon.colcon_core.plugin_system:Skipping extension 'colcon_notification.desktop_notification.terminal_notifier': Not used on non-Darwin systems
[20.560s] INFO:colcon.colcon_core.plugin_system:Skipping extension 'colcon_notification.desktop_notification.win32': Not used on non-Windows systems
[20.560s] INFO:colcon.colcon_notification.desktop_notification:Sending desktop notification using 'notify2'
[20.593s] DEBUG:colcon.colcon_core.event_reactor:joined thread
[20.594s] INFO:colcon.colcon_core.shell:Creating prefix script '/home/katie/turtlebot3_ws/install/local_setup.ps1'
[20.597s] INFO:colcon.colcon_core.shell:Creating prefix util module '/home/katie/turtlebot3_ws/install/_local_setup_util_ps1.py'
[20.603s] INFO:colcon.colcon_core.shell:Creating prefix chain script '/home/katie/turtlebot3_ws/install/setup.ps1'
[20.609s] INFO:colcon.colcon_core.shell:Creating prefix script '/home/katie/turtlebot3_ws/install/local_setup.sh'
[20.613s] INFO:colcon.colcon_core.shell:Creating prefix util module '/home/katie/turtlebot3_ws/install/_local_setup_util_sh.py'
[20.614s] INFO:colcon.colcon_core.shell:Creating prefix chain script '/home/katie/turtlebot3_ws/install/setup.sh'
[20.617s] INFO:colcon.colcon_core.shell:Creating prefix script '/home/katie/turtlebot3_ws/install/local_setup.bash'
[20.619s] INFO:colcon.colcon_core.shell:Creating prefix chain script '/home/katie/turtlebot3_ws/install/setup.bash'
[20.623s] INFO:colcon.colcon_core.shell:Creating prefix script '/home/katie/turtlebot3_ws/install/local_setup.zsh'
[20.626s] INFO:colcon.colcon_core.shell:Creating prefix chain script '/home/katie/turtlebot3_ws/install/setup.zsh'
