[0.045s] Invoking command in '/home/katie/turtlebot3_ws/build/gallery_database': CMAKE_PREFIX_PATH=/opt/ros/humble /usr/bin/cmake --build /home/katie/turtlebot3_ws/build/gallery_database -- -j8 -l8
[0.467s] [100%] Built target gallery_database
[0.523s] Invoked command in '/home/katie/turtlebot3_ws/build/gallery_database' returned '0': CMAKE_PREFIX_PATH=/opt/ros/humble /usr/bin/cmake --build /home/katie/turtlebot3_ws/build/gallery_database -- -j8 -l8
[0.527s] Invoking command in '/home/katie/turtlebot3_ws/build/gallery_database': CMAKE_PREFIX_PATH=/opt/ros/humble /usr/bin/cmake --install /home/katie/turtlebot3_ws/build/gallery_database
[0.541s] -- Install configuration: ""
[0.542s] -- Up-to-date: /home/katie/turtlebot3_ws/install/gallery_database/lib/gallery_database/gallery_database
[0.542s] -- Up-to-date: /home/katie/turtlebot3_ws/install/gallery_database/share/ament_index/resource_index/package_run_dependencies/gallery_database
[0.542s] -- Up-to-date: /home/katie/turtlebot3_ws/install/gallery_database/share/ament_index/resource_index/parent_prefix_path/gallery_database
[0.543s] -- Up-to-date: /home/katie/turtlebot3_ws/install/gallery_database/share/gallery_database/environment/ament_prefix_path.sh
[0.543s] -- Up-to-date: /home/katie/turtlebot3_ws/install/gallery_database/share/gallery_database/environment/ament_prefix_path.dsv
[0.544s] -- Up-to-date: /home/katie/turtlebot3_ws/install/gallery_database/share/gallery_database/environment/path.sh
[0.544s] -- Up-to-date: /home/katie/turtlebot3_ws/install/gallery_database/share/gallery_database/environment/path.dsv
[0.544s] -- Up-to-date: /home/katie/turtlebot3_ws/install/gallery_database/share/gallery_database/local_setup.bash
[0.545s] -- Up-to-date: /home/katie/turtlebot3_ws/install/gallery_database/share/gallery_database/local_setup.sh
[0.545s] -- Up-to-date: /home/katie/turtlebot3_ws/install/gallery_database/share/gallery_database/local_setup.zsh
[0.545s] -- Up-to-date: /home/katie/turtlebot3_ws/install/gallery_database/share/gallery_database/local_setup.dsv
[0.545s] -- Installing: /home/katie/turtlebot3_ws/install/gallery_database/share/gallery_database/package.dsv
[0.546s] -- Up-to-date: /home/katie/turtlebot3_ws/install/gallery_database/share/ament_index/resource_index/packages/gallery_database
[0.547s] -- Up-to-date: /home/katie/turtlebot3_ws/install/gallery_database/share/gallery_database/cmake/gallery_databaseConfig.cmake
[0.547s] -- Up-to-date: /home/katie/turtlebot3_ws/install/gallery_database/share/gallery_database/cmake/gallery_databaseConfig-version.cmake
[0.547s] -- Up-to-date: /home/katie/turtlebot3_ws/install/gallery_database/share/gallery_database/package.xml
[0.583s] Invoked command in '/home/katie/turtlebot3_ws/build/gallery_database' returned '0': CMAKE_PREFIX_PATH=/opt/ros/humble /usr/bin/cmake --install /home/katie/turtlebot3_ws/build/gallery_database
