[1.211s] Invoking command in '/home/ubuntu/Desktop/RS2/turtlebot3/turtlebot3_example': AMENT_PREFIX_PATH=/home/ubuntu/Desktop/RS2/install/turtlebot3_msgs:${AMENT_PREFIX_PATH} CMAKE_PREFIX_PATH=/home/ubuntu/Desktop/RS2/install/turtlebot3_msgs LD_LIBRARY_PATH=/home/ubuntu/Desktop/RS2/install/turtlebot3_msgs/lib:${LD_LIBRARY_PATH} PYTHONPATH=/home/ubuntu/Desktop/RS2/build/turtlebot3_example/prefix_override:/usr/lib/python3/dist-packages/colcon_core/task/python/colcon_distutils_commands:/home/ubuntu/Desktop/RS2/install/turtlebot3_example/lib/python3.10/site-packages:/home/ubuntu/Desktop/RS2/install/turtlebot3_msgs/local/lib/python3.10/dist-packages:${PYTHONPATH} /usr/bin/python3 -W ignore:setup.py install is deprecated -W ignore:easy_install command is deprecated setup.py egg_info --egg-base ../../build/turtlebot3_example build --build-base /home/ubuntu/Desktop/RS2/build/turtlebot3_example/build install --record /home/ubuntu/Desktop/RS2/build/turtlebot3_example/install.log --single-version-externally-managed install_data
[1.570s] running egg_info
[1.571s] writing ../../build/turtlebot3_example/turtlebot3_example.egg-info/PKG-INFO
[1.572s] writing dependency_links to ../../build/turtlebot3_example/turtlebot3_example.egg-info/dependency_links.txt
[1.572s] writing entry points to ../../build/turtlebot3_example/turtlebot3_example.egg-info/entry_points.txt
[1.572s] writing requirements to ../../build/turtlebot3_example/turtlebot3_example.egg-info/requires.txt
[1.572s] writing top-level names to ../../build/turtlebot3_example/turtlebot3_example.egg-info/top_level.txt
[1.576s] reading manifest file '../../build/turtlebot3_example/turtlebot3_example.egg-info/SOURCES.txt'
[1.583s] writing manifest file '../../build/turtlebot3_example/turtlebot3_example.egg-info/SOURCES.txt'
[1.583s] running build
[1.583s] running build_py
[1.584s] running install
[1.584s] running install_lib
[1.586s] running install_data
[1.586s] running install_egg_info
[1.588s] removing '/home/ubuntu/Desktop/RS2/install/turtlebot3_example/lib/python3.10/site-packages/turtlebot3_example-2.1.5-py3.10.egg-info' (and everything under it)
[1.588s] Copying ../../build/turtlebot3_example/turtlebot3_example.egg-info to /home/ubuntu/Desktop/RS2/install/turtlebot3_example/lib/python3.10/site-packages/turtlebot3_example-2.1.5-py3.10.egg-info
[1.589s] running install_scripts
[1.606s] Installing turtlebot3_obstacle_detection script to /home/ubuntu/Desktop/RS2/install/turtlebot3_example/lib/turtlebot3_example
[1.606s] Installing turtlebot3_patrol_client script to /home/ubuntu/Desktop/RS2/install/turtlebot3_example/lib/turtlebot3_example
[1.607s] Installing turtlebot3_patrol_server script to /home/ubuntu/Desktop/RS2/install/turtlebot3_example/lib/turtlebot3_example
[1.607s] Installing turtlebot3_position_control script to /home/ubuntu/Desktop/RS2/install/turtlebot3_example/lib/turtlebot3_example
[1.607s] writing list of installed files to '/home/ubuntu/Desktop/RS2/build/turtlebot3_example/install.log'
[1.625s] Invoked command in '/home/ubuntu/Desktop/RS2/turtlebot3/turtlebot3_example' returned '0': AMENT_PREFIX_PATH=/home/ubuntu/Desktop/RS2/install/turtlebot3_msgs:${AMENT_PREFIX_PATH} CMAKE_PREFIX_PATH=/home/ubuntu/Desktop/RS2/install/turtlebot3_msgs LD_LIBRARY_PATH=/home/ubuntu/Desktop/RS2/install/turtlebot3_msgs/lib:${LD_LIBRARY_PATH} PYTHONPATH=/home/ubuntu/Desktop/RS2/build/turtlebot3_example/prefix_override:/usr/lib/python3/dist-packages/colcon_core/task/python/colcon_distutils_commands:/home/ubuntu/Desktop/RS2/install/turtlebot3_example/lib/python3.10/site-packages:/home/ubuntu/Desktop/RS2/install/turtlebot3_msgs/local/lib/python3.10/dist-packages:${PYTHONPATH} /usr/bin/python3 -W ignore:setup.py install is deprecated -W ignore:easy_install command is deprecated setup.py egg_info --egg-base ../../build/turtlebot3_example build --build-base /home/ubuntu/Desktop/RS2/build/turtlebot3_example/build install --record /home/ubuntu/Desktop/RS2/build/turtlebot3_example/install.log --single-version-externally-managed install_data
