[0.021s] Invoking command in '/home/ubuntu/Desktop/RS2/build/turtlebot3_navigation2': CMAKE_PREFIX_PATH=/opt/ros/humble /usr/bin/cmake /home/ubuntu/Desktop/RS2/turtlebot3/turtlebot3_navigation2 -DAMENT_CMAKE_SYMLINK_INSTALL=1 -DCMAKE_INSTALL_PREFIX=/home/ubuntu/Desktop/RS2/install/turtlebot3_navigation2
[0.204s] -- The C compiler identification is GNU 11.4.0
[0.251s] -- The CXX compiler identification is GNU 11.4.0
[0.273s] -- Detecting C compiler ABI info
[0.358s] -- Detecting C compiler ABI info - done
[0.362s] -- Check for working C compiler: /usr/bin/cc - skipped
[0.363s] -- Detecting C compile features
[0.364s] -- Detecting C compile features - done
[0.368s] -- Detecting CXX compiler ABI info
[0.448s] -- Detecting CXX compiler ABI info - done
[0.459s] -- Check for working CXX compiler: /usr/bin/c++ - skipped
[0.460s] -- Detecting CXX compile features
[0.460s] -- Detecting CXX compile features - done
[0.477s] -- Found ament_cmake: 1.3.11 (/opt/ros/humble/share/ament_cmake/cmake)
[0.627s] -- Found Python3: /usr/bin/python3 (found version "3.10.12") found components: Interpreter 
[0.714s] -- Override CMake install command with custom implementation using symlinks instead of copying resources
[0.859s] -- Configuring done
[0.863s] -- Generating done
[0.867s] -- Build files have been written to: /home/ubuntu/Desktop/RS2/build/turtlebot3_navigation2
[0.890s] Invoked command in '/home/ubuntu/Desktop/RS2/build/turtlebot3_navigation2' returned '0': CMAKE_PREFIX_PATH=/opt/ros/humble /usr/bin/cmake /home/ubuntu/Desktop/RS2/turtlebot3/turtlebot3_navigation2 -DAMENT_CMAKE_SYMLINK_INSTALL=1 -DCMAKE_INSTALL_PREFIX=/home/ubuntu/Desktop/RS2/install/turtlebot3_navigation2
[0.891s] Invoking command in '/home/ubuntu/Desktop/RS2/build/turtlebot3_navigation2': CMAKE_PREFIX_PATH=/opt/ros/humble /usr/bin/cmake --build /home/ubuntu/Desktop/RS2/build/turtlebot3_navigation2 -- -j2 -l2
[0.963s] Invoked command in '/home/ubuntu/Desktop/RS2/build/turtlebot3_navigation2' returned '0': CMAKE_PREFIX_PATH=/opt/ros/humble /usr/bin/cmake --build /home/ubuntu/Desktop/RS2/build/turtlebot3_navigation2 -- -j2 -l2
[0.963s] Invoking command in '/home/ubuntu/Desktop/RS2/build/turtlebot3_navigation2': CMAKE_PREFIX_PATH=/opt/ros/humble /usr/bin/cmake --install /home/ubuntu/Desktop/RS2/build/turtlebot3_navigation2
[0.981s] -- Install configuration: ""
[0.983s] -- Execute custom install script
[0.985s] -- Symlinking: /home/ubuntu/Desktop/RS2/install/turtlebot3_navigation2/share/turtlebot3_navigation2/launch/navigation2.launch.py
[1.014s] -- Symlinking: /home/ubuntu/Desktop/RS2/install/turtlebot3_navigation2/share/turtlebot3_navigation2/map/map.pgm
[1.026s] -- Symlinking: /home/ubuntu/Desktop/RS2/install/turtlebot3_navigation2/share/turtlebot3_navigation2/map/map.yaml
[1.039s] -- Symlinking: /home/ubuntu/Desktop/RS2/install/turtlebot3_navigation2/share/turtlebot3_navigation2/param/burger.yaml
[1.039s] -- Symlinking: /home/ubuntu/Desktop/RS2/install/turtlebot3_navigation2/share/turtlebot3_navigation2/param/waffle.yaml
[1.052s] -- Symlinking: /home/ubuntu/Desktop/RS2/install/turtlebot3_navigation2/share/turtlebot3_navigation2/param/waffle_pi.yaml
[1.052s] -- Symlinking: /home/ubuntu/Desktop/RS2/install/turtlebot3_navigation2/share/turtlebot3_navigation2/rviz/tb3_navigation2.rviz
[1.057s] -- Symlinking: /home/ubuntu/Desktop/RS2/install/turtlebot3_navigation2/share/ament_index/resource_index/package_run_dependencies/turtlebot3_navigation2
[1.064s] -- Symlinking: /home/ubuntu/Desktop/RS2/install/turtlebot3_navigation2/share/ament_index/resource_index/parent_prefix_path/turtlebot3_navigation2
[1.071s] -- Symlinking: /home/ubuntu/Desktop/RS2/install/turtlebot3_navigation2/share/turtlebot3_navigation2/environment/ament_prefix_path.sh
[1.076s] -- Symlinking: /home/ubuntu/Desktop/RS2/install/turtlebot3_navigation2/share/turtlebot3_navigation2/environment/ament_prefix_path.dsv
[1.082s] -- Symlinking: /home/ubuntu/Desktop/RS2/install/turtlebot3_navigation2/share/turtlebot3_navigation2/environment/path.sh
[1.093s] -- Symlinking: /home/ubuntu/Desktop/RS2/install/turtlebot3_navigation2/share/turtlebot3_navigation2/environment/path.dsv
[1.108s] -- Symlinking: /home/ubuntu/Desktop/RS2/install/turtlebot3_navigation2/share/turtlebot3_navigation2/local_setup.bash
[1.118s] -- Symlinking: /home/ubuntu/Desktop/RS2/install/turtlebot3_navigation2/share/turtlebot3_navigation2/local_setup.sh
[1.124s] -- Symlinking: /home/ubuntu/Desktop/RS2/install/turtlebot3_navigation2/share/turtlebot3_navigation2/local_setup.zsh
[1.134s] -- Symlinking: /home/ubuntu/Desktop/RS2/install/turtlebot3_navigation2/share/turtlebot3_navigation2/local_setup.dsv
[1.144s] -- Symlinking: /home/ubuntu/Desktop/RS2/install/turtlebot3_navigation2/share/turtlebot3_navigation2/package.dsv
[1.154s] -- Symlinking: /home/ubuntu/Desktop/RS2/install/turtlebot3_navigation2/share/ament_index/resource_index/packages/turtlebot3_navigation2
[1.163s] -- Symlinking: /home/ubuntu/Desktop/RS2/install/turtlebot3_navigation2/share/turtlebot3_navigation2/cmake/turtlebot3_navigation2Config.cmake
[1.172s] -- Symlinking: /home/ubuntu/Desktop/RS2/install/turtlebot3_navigation2/share/turtlebot3_navigation2/cmake/turtlebot3_navigation2Config-version.cmake
[1.175s] -- Symlinking: /home/ubuntu/Desktop/RS2/install/turtlebot3_navigation2/share/turtlebot3_navigation2/package.xml
[1.183s] Invoked command in '/home/ubuntu/Desktop/RS2/build/turtlebot3_navigation2' returned '0': CMAKE_PREFIX_PATH=/opt/ros/humble /usr/bin/cmake --install /home/ubuntu/Desktop/RS2/build/turtlebot3_navigation2
