[1.029s] Invoking command in '/home/katie/turtlebot3_ws/src/move_pepper': PYTHONPATH=/home/katie/turtlebot3_ws/build/move_pepper/prefix_override:/usr/lib/python3/dist-packages/colcon_core/task/python/colcon_distutils_commands:/home/katie/turtlebot3_ws/install/move_pepper/lib/python3.10/site-packages:${PYTHONPATH} /usr/bin/python3 -W ignore:setup.py install is deprecated -W ignore:easy_install command is deprecated setup.py egg_info --egg-base ../../build/move_pepper build --build-base /home/katie/turtlebot3_ws/build/move_pepper/build install --record /home/katie/turtlebot3_ws/build/move_pepper/install.log --single-version-externally-managed install_data
[1.349s] running egg_info
[1.349s] creating ../../build/move_pepper/move_pepper.egg-info
[1.349s] writing ../../build/move_pepper/move_pepper.egg-info/PKG-INFO
[1.350s] writing dependency_links to ../../build/move_pepper/move_pepper.egg-info/dependency_links.txt
[1.350s] writing entry points to ../../build/move_pepper/move_pepper.egg-info/entry_points.txt
[1.350s] writing requirements to ../../build/move_pepper/move_pepper.egg-info/requires.txt
[1.350s] writing top-level names to ../../build/move_pepper/move_pepper.egg-info/top_level.txt
[1.350s] writing manifest file '../../build/move_pepper/move_pepper.egg-info/SOURCES.txt'
[1.353s] reading manifest file '../../build/move_pepper/move_pepper.egg-info/SOURCES.txt'
[1.353s] writing manifest file '../../build/move_pepper/move_pepper.egg-info/SOURCES.txt'
[1.354s] running build
[1.354s] running build_py
[1.354s] creating /home/katie/turtlebot3_ws/build/move_pepper/build
[1.354s] creating /home/katie/turtlebot3_ws/build/move_pepper/build/lib
[1.354s] creating /home/katie/turtlebot3_ws/build/move_pepper/build/lib/move_pepper
[1.354s] copying move_pepper/__init__.py -> /home/katie/turtlebot3_ws/build/move_pepper/build/lib/move_pepper
[1.355s] copying move_pepper/set_init_amcl_pose.py -> /home/katie/turtlebot3_ws/build/move_pepper/build/lib/move_pepper
[1.355s] running install
[1.355s] running install_lib
[1.356s] creating /home/katie/turtlebot3_ws/install/move_pepper/lib/python3.10/site-packages/move_pepper
[1.357s] copying /home/katie/turtlebot3_ws/build/move_pepper/build/lib/move_pepper/__init__.py -> /home/katie/turtlebot3_ws/install/move_pepper/lib/python3.10/site-packages/move_pepper
[1.357s] copying /home/katie/turtlebot3_ws/build/move_pepper/build/lib/move_pepper/set_init_amcl_pose.py -> /home/katie/turtlebot3_ws/install/move_pepper/lib/python3.10/site-packages/move_pepper
[1.357s] byte-compiling /home/katie/turtlebot3_ws/install/move_pepper/lib/python3.10/site-packages/move_pepper/__init__.py to __init__.cpython-310.pyc
[1.358s] byte-compiling /home/katie/turtlebot3_ws/install/move_pepper/lib/python3.10/site-packages/move_pepper/set_init_amcl_pose.py to set_init_amcl_pose.cpython-310.pyc
[1.359s] running install_data
[1.359s] creating /home/katie/turtlebot3_ws/install/move_pepper/share/ament_index
[1.359s] creating /home/katie/turtlebot3_ws/install/move_pepper/share/ament_index/resource_index
[1.359s] creating /home/katie/turtlebot3_ws/install/move_pepper/share/ament_index/resource_index/packages
[1.359s] copying resource/move_pepper -> /home/katie/turtlebot3_ws/install/move_pepper/share/ament_index/resource_index/packages
[1.359s] copying package.xml -> /home/katie/turtlebot3_ws/install/move_pepper/share/move_pepper
[1.359s] copying launch/library4.launch.py -> /home/katie/turtlebot3_ws/install/move_pepper/share/move_pepper
[1.360s] copying launch/nav2.launch.py -> /home/katie/turtlebot3_ws/install/move_pepper/share/move_pepper
[1.360s] creating /home/katie/turtlebot3_ws/install/move_pepper/share/move_pepper/config
[1.360s] creating /home/katie/turtlebot3_ws/install/move_pepper/share/move_pepper/maps
[1.360s] copying maps/map.yaml -> /home/katie/turtlebot3_ws/install/move_pepper/share/move_pepper/maps/
[1.360s] copying maps/map.pgm -> /home/katie/turtlebot3_ws/install/move_pepper/share/move_pepper/maps/
[1.361s] running install_egg_info
[1.365s] Copying ../../build/move_pepper/move_pepper.egg-info to /home/katie/turtlebot3_ws/install/move_pepper/lib/python3.10/site-packages/move_pepper-0.0.0-py3.10.egg-info
[1.366s] running install_scripts
[1.388s] Installing amcl_init_pose_publisher script to /home/katie/turtlebot3_ws/install/move_pepper/lib/move_pepper
[1.388s] writing list of installed files to '/home/katie/turtlebot3_ws/build/move_pepper/install.log'
[1.430s] Invoked command in '/home/katie/turtlebot3_ws/src/move_pepper' returned '0': PYTHONPATH=/home/katie/turtlebot3_ws/build/move_pepper/prefix_override:/usr/lib/python3/dist-packages/colcon_core/task/python/colcon_distutils_commands:/home/katie/turtlebot3_ws/install/move_pepper/lib/python3.10/site-packages:${PYTHONPATH} /usr/bin/python3 -W ignore:setup.py install is deprecated -W ignore:easy_install command is deprecated setup.py egg_info --egg-base ../../build/move_pepper build --build-base /home/katie/turtlebot3_ws/build/move_pepper/build install --record /home/katie/turtlebot3_ws/build/move_pepper/install.log --single-version-externally-managed install_data
