running egg_info
writing ../../build/move_pepper/move_pepper.egg-info/PKG-INFO
writing dependency_links to ../../build/move_pepper/move_pepper.egg-info/dependency_links.txt
writing entry points to ../../build/move_pepper/move_pepper.egg-info/entry_points.txt
writing requirements to ../../build/move_pepper/move_pepper.egg-info/requires.txt
writing top-level names to ../../build/move_pepper/move_pepper.egg-info/top_level.txt
reading manifest file '../../build/move_pepper/move_pepper.egg-info/SOURCES.txt'
writing manifest file '../../build/move_pepper/move_pepper.egg-info/SOURCES.txt'
running build
running build_py
copying move_pepper/__init__.py -> /home/katie/turtlebot3_ws/build/move_pepper/build/lib/move_pepper
copying move_pepper/set_init_amcl_pose.py -> /home/katie/turtlebot3_ws/build/move_pepper/build/lib/move_pepper
running install
running install_lib
running install_data
copying resource/move_pepper -> /home/katie/turtlebot3_ws/install/move_pepper/share/ament_index/resource_index/packages
copying package.xml -> /home/katie/turtlebot3_ws/install/move_pepper/share/move_pepper
copying launch/library4.launch.py -> /home/katie/turtlebot3_ws/install/move_pepper/share/move_pepper
copying launch/nav2.launch.py -> /home/katie/turtlebot3_ws/install/move_pepper/share/move_pepper
copying launch/realRobotMap.launch.py -> /home/katie/turtlebot3_ws/install/move_pepper/share/move_pepper
copying maps/map.yaml -> /home/katie/turtlebot3_ws/install/move_pepper/share/move_pepper/maps
copying maps/map.pgm -> /home/katie/turtlebot3_ws/install/move_pepper/share/move_pepper/maps
running install_egg_info
removing '/home/katie/turtlebot3_ws/install/move_pepper/lib/python3.10/site-packages/move_pepper-0.0.0-py3.10.egg-info' (and everything under it)
Copying ../../build/move_pepper/move_pepper.egg-info to /home/katie/turtlebot3_ws/install/move_pepper/lib/python3.10/site-packages/move_pepper-0.0.0-py3.10.egg-info
running install_scripts
Installing amcl_init_pose_publisher script to /home/katie/turtlebot3_ws/install/move_pepper/lib/move_pepper
writing list of installed files to '/home/katie/turtlebot3_ws/build/move_pepper/install.log'
